{'baseline_xy': '/root/disk/scratch/model-tmnmt/baseline_fren.npz',
 'baseline_yx': '/root/disk/scratch/model-tmnmt/baseline_enfr.bs64.npz',
 'batch_size': 16,
 'beamsize': 5,
 'build_gate': True,
 'clip_c': 1.0,
 'd_maxlen': 200,
 'datasets': ['/root/workspace/TMNMT/.dataset/tm.fren/train.fr.top5.random5.shuf.tok',
              '/root/workspace/TMNMT/.dataset/tm.fren/train.en.top5.random5.shuf.tok',
              '/root/workspace/TMNMT/.dataset/tm.fren/train.fr.top5.random5.matched.shuf.tok',
              '/root/workspace/TMNMT/.dataset/tm.fren/train.en.top5.random5.matched.shuf.tok'],
 'decay_c': 0.0,
 'decoder': 'gru_cond',
 'dictionaries': ['/root/workspace/TMNMT/.dataset/tm.fren/train.fr.top5.random5.shuf.tok.pkl',
                  '/root/workspace/TMNMT/.dataset/tm.fren/train.en.top5.random5.shuf.tok.pkl',
                  '/root/workspace/TMNMT/.dataset/tm.fren/train.fr.top5.random5.shuf.tok.pkl',
                  '/root/workspace/TMNMT/.dataset/tm.fren/train.en.top5.random5.shuf.tok.pkl'],
 'dim': 1024,
 'dim_word': 512,
 'dispFreq': 10,
 'encoder': 'gru',
 'gate_lambda': 0.1,
 'gate_loss': True,
 'lrate': 2e-06,
 'maxlen': 50,
 'normalize': False,
 'optimizer': 'adam',
 'overwrite': True,
 'patience': 1000,
 'reload_': True,
 'sampleFreq': 20,
 'saveFreq': 500,
 'saveto': '/root/disk/scratch/model-tmnmt/new.L-gate.v1_fren.ff.16-50.npz',
 'stochastic': True,
 'trans_from': '/root/workspace/TMNMT/.dataset/fren/devset.fr.tok',
 'trans_ref': '/root/workspace/TMNMT/.dataset/fren/devset.en.tok',
 'trans_to': '/root/workspace/TMNMT/.translate/tmv3_',
 'use_dropout': False,
 'use_pretrain': True,
 'validFreq': 100,
 'valid_batch_size': 32,
 'valid_datasets': ['/root/workspace/TMNMT/.dataset/tm.fren/devset.fr.tok',
                    '/root/workspace/TMNMT/.dataset/tm.fren/devset.en.tok',
                    '/root/workspace/TMNMT/.dataset/tm.fren/devset.fr.matched.tok',
                    '/root/workspace/TMNMT/.dataset/tm.fren/devset.en.matched.tok'],
 'voc_sizes': [20000, 20000, 20000, 20000]}
Reloading model options
