{'baseline_xy': '/root/disk/scratch/model-tmnmt/baseline_fren.npz',
 'baseline_yx': '/root/disk/scratch/model-tmnmt/baseline_enfr.bs64.npz',
 'batch_size': 16,
 'beamsize': 5,
 'build_gate': True,
 'clip_c': 1.0,
 'd_maxlen': 200,
 'datasets': ['/root/workspace/TMNMT/.dataset/tm.fren/train.fr.top5.random5.shuf.tok',
              '/root/workspace/TMNMT/.dataset/tm.fren/train.en.top5.random5.shuf.tok',
              '/root/workspace/TMNMT/.dataset/tm.fren/train.fr.top5.random5.matched.shuf.tok',
              '/root/workspace/TMNMT/.dataset/tm.fren/train.en.top5.random5.matched.shuf.tok'],
 'decay_c': 0.0,
 'decoder': 'gru_cond',
 'dictionaries': ['/root/workspace/TMNMT/.dataset/tm.fren/train.fr.top5.random5.shuf.tok.pkl',
                  '/root/workspace/TMNMT/.dataset/tm.fren/train.en.top5.random5.shuf.tok.pkl',
                  '/root/workspace/TMNMT/.dataset/tm.fren/train.fr.top5.random5.shuf.tok.pkl',
                  '/root/workspace/TMNMT/.dataset/tm.fren/train.en.top5.random5.shuf.tok.pkl'],
 'dim': 1024,
 'dim_word': 512,
 'dispFreq': 10,
 'encoder': 'gru',
 'gate_lambda': 0.1,
 'gate_loss': True,
 'lrate': 2e-06,
 'maxlen': 50,
 'normalize': False,
 'optimizer': 'adam',
 'overwrite': True,
 'patience': 1000,
 'reload_': True,
 'sampleFreq': 20,
 'saveFreq': 500,
 'saveto': '/root/disk/scratch/model-tmnmt/new.L-gate.v1_fren.ff.16-50.npz',
 'stochastic': True,
 'trans_from': '/root/workspace/TMNMT/.dataset/fren/devset.fr.tok',
 'trans_ref': '/root/workspace/TMNMT/.dataset/fren/devset.en.tok',
 'trans_to': '/root/workspace/TMNMT/.translate/tmv3_',
 'use_dropout': False,
 'use_pretrain': True,
 'validFreq': 100,
 'valid_batch_size': 32,
 'valid_datasets': ['/root/workspace/TMNMT/.dataset/tm.fren/devset.fr.tok',
                    '/root/workspace/TMNMT/.dataset/tm.fren/devset.en.tok',
                    '/root/workspace/TMNMT/.dataset/tm.fren/devset.fr.matched.tok',
                    '/root/workspace/TMNMT/.dataset/tm.fren/devset.en.matched.tok'],
 'voc_sizes': [20000, 20000, 20000, 20000]}
Building model: X -> Y & Y -> X model
Done.
load the pretrained NMT-models... load ... xy_Wemb
load ... xy_Wemb_dec
load ... xy_encoder_W
load ... xy_encoder_b
load ... xy_encoder_U
load ... xy_encoder_Wx
load ... xy_encoder_bx
load ... xy_encoder_Ux
load ... xy_encoder_r_W
load ... xy_encoder_r_b
load ... xy_encoder_r_U
load ... xy_encoder_r_Wx
load ... xy_encoder_r_bx
load ... xy_encoder_r_Ux
load ... xy_ff_state_W
load ... xy_ff_state_b
load ... xy_decoder_W
load ... xy_decoder_b
load ... xy_decoder_U
load ... xy_decoder_Wx
load ... xy_decoder_Ux
load ... xy_decoder_bx
load ... xy_decoder_U_nl
load ... xy_decoder_b_nl
load ... xy_decoder_Ux_nl
load ... xy_decoder_bx_nl
load ... xy_decoder_Wc
load ... xy_decoder_Wcx
load ... xy_decoder_W_comb_att
load ... xy_decoder_Wc_att
load ... xy_decoder_b_att
load ... xy_decoder_U_att
load ... xy_decoder_c_tt
load ... xy_ff_logit_lstm_W
load ... xy_ff_logit_lstm_b
load ... xy_ff_logit_prev_W
load ... xy_ff_logit_prev_b
load ... xy_ff_logit_ctx_W
load ... xy_ff_logit_ctx_b
load ... xy_ff_logit_W
load ... xy_ff_logit_b
load ... yx_Wemb
load ... yx_Wemb_dec
load ... yx_encoder_W
load ... yx_encoder_b
load ... yx_encoder_U
load ... yx_encoder_Wx
load ... yx_encoder_bx
load ... yx_encoder_Ux
load ... yx_encoder_r_W
load ... yx_encoder_r_b
load ... yx_encoder_r_U
load ... yx_encoder_r_Wx
load ... yx_encoder_r_bx
load ... yx_encoder_r_Ux
load ... yx_ff_state_W
load ... yx_ff_state_b
load ... yx_decoder_W
load ... yx_decoder_b
load ... yx_decoder_U
load ... yx_decoder_Wx
load ... yx_decoder_Ux
load ... yx_decoder_bx
load ... yx_decoder_U_nl
load ... yx_decoder_b_nl
load ... yx_decoder_Ux_nl
load ... yx_decoder_bx_nl
load ... yx_decoder_Wc
load ... yx_decoder_Wcx
load ... yx_decoder_W_comb_att
load ... yx_decoder_Wc_att
load ... yx_decoder_b_att
load ... yx_decoder_U_att
load ... yx_decoder_c_tt
load ... yx_ff_logit_lstm_W
load ... yx_ff_logit_lstm_b
load ... yx_ff_logit_prev_W
load ... yx_ff_logit_prev_b
load ... yx_ff_logit_ctx_W
load ... yx_ff_logit_ctx_b
load ... yx_ff_logit_W
load ... yx_ff_logit_b
Done.
Reloading model parameters
build forward-attention models (4 models simultaneously)...
Build f_critic... Done
Build f_critic... Done
build cross-attention models
build attentions (forward, cross-propagation)
build gates!
Building Gate functions, ... Done.
build loss function (w/o gate)
build sampler (one-step)
Building f_init... Done
Building f_next... Done
Building f_init... Done
Building f_next... Done
build old sampler
Building f_init... Done
Building f_next... Done
Building f_init... Done
Building f_next... Done
build attender (one-step)
Build f_attend... Done.
Build f_attend... Done.
build Cost Function... build Gradient (backward)... Done
Building Optimizers... Done
Build Networks... done!
build_networks: elapsed 924.7220 secs.

Loading data
[33m-------------------------------------------- Main-Loop -------------------------------------------------[0m
Epoch  0 Update  59001 Cost  488.350128174 G 125.636795044
execute: elapsed 6.8270 secs.

Epoch  0 Update  59002 Cost  304.937042236 G 104.612533569
execute: elapsed 6.2400 secs.

Epoch  0 Update  59003 Cost  312.236083984 G 89.9870223999
execute: elapsed 5.7651 secs.

Epoch  0 Update  59004 Cost  319.572723389 G 83.962272644
execute: elapsed 4.7805 secs.

Epoch  0 Update  59005 Cost  344.527435303 G 81.9386444092
execute: elapsed 5.4791 secs.

Epoch  0 Update  59006 Cost  283.190246582 G 70.5614471436
execute: elapsed 5.7633 secs.

Epoch  0 Update  59007 Cost  249.261627197 G 67.3626403809
execute: elapsed 5.4108 secs.

Epoch  0 Update  59008 Cost  224.942169189 G 59.9628829956
execute: elapsed 4.9409 secs.

Epoch  0 Update  59009 Cost  128.405914307 G 46.7894172668
execute: elapsed 3.9966 secs.

Epoch  0 Update  59010 Cost  126.995986938 G 39.1897773743
execute: elapsed 3.1475 secs.

Epoch  0 Update  59011 Cost  151.865142822 G 39.9870567322
execute: elapsed 4.0075 secs.

Epoch  0 Update  59012 Cost  209.434677124 G 44.0018959045
execute: elapsed 3.6189 secs.

Epoch  0 Update  59013 Cost  125.400695801 G 30.7181892395
execute: elapsed 3.6782 secs.

Epoch  0 Update  59014 Cost  189.874481201 G 48.7600669861
execute: elapsed 7.0197 secs.

Epoch  0 Update  59015 Cost  524.548828125 G 116.822036743
execute: elapsed 6.4684 secs.

Epoch  0 Update  59016 Cost  412.310272217 G 106.398002625
execute: elapsed 6.0812 secs.

Epoch  0 Update  59017 Cost  470.854919434 G 102.013198853
execute: elapsed 5.8275 secs.

Epoch  0 Update  59018 Cost  342.891906738 G 80.5249252319
execute: elapsed 3.4443 secs.

Epoch  0 Update  59019 Cost  343.951782227 G 73.6830749512
execute: elapsed 3.9886 secs.

Epoch  0 Update  59020 Cost  249.698287964 G 66.5328674316
execute: elapsed 4.8666 secs.

32
0
32
1
32
2
32
3
32
4
32
5
32
6
32
7
32
8
32
9
32
10
32
11
32
12
32
13
32
14
32
15
32
16
32
17
32
18
32
19
32
20
32
21
32
22
32
23
32
24
32
25
32
26
32
27
32
28
32
29
32
30
32
31
32
32
32
33
32
34
32
35
32
36
32
37
=============================
Target-TM 0: The European Commission hereby presents to the budgetary authority the amending letter No 3 to the preliminary draft budget for 2006 for the reasons set out in the explanatory memorandum .
Source-TM 0: La Commission européenne présente ci-après à l &apos; autorité budgétaire la lettre rectificative n ° 3 à l &apos; avant-projet de budget 2006 pour les raisons reprises dans l &apos; exposé des motifs .
Source-CR 0: 1 . Chaque État membre établit un réseau rural national qui regroupe les organisations et les administrations travaillant dans le domaine du développement rural .
Target-CR 0: 1 . Each Member State shall establish a national rural network , which groups the organisations and administrations involved in rural development .
-----------------------------
NMT Model 0: 1 . upon Member State shall establish a national rural Italy Italy which provides the the features η and features features maintained in rural development .
Copy Prob 0: [34m1[0m [34m.[0m [34mEach[0m [34mMember[0m [33mhereby[0m [34mshall[0m [34mestablish[0m [33mto[0m [33mthe[0m [33mauthority[0m [33mbudgetary[0m [34mItaly[0m [34mwhich[0m [33mamending[0m [34mthe[0m [33mauthority[0m [34mand[0m [33mpreliminary[0m [33mfor[0m [33mfor[0m [33mreasons[0m [32mfor[0m [33mreasons[0m [33mreasons[0m [36mfor[0m [33mreasons[0m [33mset[0m [34mup[0m [32min[0m [32mthe[0m [34mareas[0m [34mof[0m [33mpreliminary[0m [33mfor[0m [34mrural[0m [34mdevelopment[0m [34m.[0m
Copy Gate 0: [34m1[0m [34m.[0m [34mEach[0m [36mMember[0m [33mhereby[0m [32mshall[0m [32mestablish[0m [33mto[0m [33mthe[0m [33mauthority[0m [33mbudgetary[0m [34mItaly[0m [36mwhich[0m [33mamending[0m [32mthe[0m [33mauthority[0m [32mand[0m [33mpreliminary[0m [32mfor[0m [32mfor[0m [32mreasons[0m [32mfor[0m [33mreasons[0m [33mreasons[0m [32mfor[0m [33mreasons[0m [33mset[0m [32mup[0m [33min[0m [33mthe[0m [36mareas[0m [36mof[0m [33mpreliminary[0m [33mfor[0m [32mrural[0m [32mdevelopment[0m [32m.[0m

32
0
32
1
32
2
32
3
32
4
32
5
32
6
32
7
32
8
32
9
32
10
32
11
32
12
32
13
32
14
32
15
32
16
32
17
32
18
32
19
32
20
32
21
32
22
32
23
32
24
32
25
=============================
Target-TM 1: 3 2 &#124; PROGRAMMES FOR [32mSERBIA[0m &#124; [32m147000000[0m &#124; [32m205400000[0m &#124; [32m220000000[0m , - &#124;
Source-TM 1: 3 2 &#124; PROGRAMMES POUR LA [32mSERBIE[0m &#124; [32m147000000[0m &#124; [32m205400000[0m &#124; [32m220000000[0m , - &#124;
Source-CR 1: 3 . À titre de mesures d &apos; intervention , la participation communautaire aux actions prévues au paragraphe 1 se fait :
Target-CR 1: 3 . As part of the intervention measures , the Community participation in the measures provided for in paragraph 1 shall be :
-----------------------------
NMT Model 1: 3 . The a , the contribution to the under paragraph 1 shall be : to :
Copy Prob 1: [32m3[0m [34m.[0m [33mPROGRAMMES[0m [33mFOR[0m [34mTHE[0m [31mSERBIA[0m [34mOF[0m [31mSERBIA[0m [34m,[0m [34mTHE[0m [31mSERBIA[0m [33m&#124;[0m [31m147000000[0m [33m&#124;[0m [31m147000000[0m [33m,[0m [34mTHE[0m [33mPROGRAMMES[0m [34mOF[0m [34mTHE[0m [34mEUROPEAN[0m [33m,[0m [34mMEMBER[0m [34mSTATES[0m [33m&#124;[0m
Copy Gate 1: [32m3[0m [34m.[0m [33mPROGRAMMES[0m [32mFOR[0m [36mTHE[0m [33mSERBIA[0m [36mOF[0m [36mSERBIA[0m [34m,[0m [36mTHE[0m [33mSERBIA[0m [36m&#124;[0m [32m147000000[0m [36m&#124;[0m [36m147000000[0m [36m,[0m [34mTHE[0m [32mPROGRAMMES[0m [32mOF[0m [32mTHE[0m [36mEUROPEAN[0m [32m,[0m [36mMEMBER[0m [34mSTATES[0m [36m&#124;[0m

32
0
32
1
32
2
32
3
32
4
32
5
32
6
32
7
32
8
32
9
32
10
32
11
32
12
32
13
32
14
32
15
32
16
=============================
Target-TM 2: ( B ) point 41 is deleted .
Source-TM 2: B ) le point 41 est supprimé .
Source-CR 2: ( 8 ) Il y a lieu de modifier la définition des végétaux faisant l &apos; objet de zones protégées contre Citrus tristeza virus .
Target-CR 2: ( 8 ) The definition of the plants for which protected zones were recognised as regards Citrus tristeza virus should be modified .
-----------------------------
NMT Model 2: ( 8 ) The parts of the deadlines should be amended to clear young with
Copy Prob 2: [36m([0m [34m8[0m [36m)[0m [33mpoint[0m [33m41[0m [33mis[0m [34mnecessary[0m [34mto[0m [34mchange[0m [34mthe[0m [33mpoint[0m [33m41[0m [33m41[0m [33mis[0m [33mdeleted[0m [33m.[0m
Copy Gate 2: [36m([0m [36m8[0m [36m)[0m [36mpoint[0m [33m41[0m [36mis[0m [34mnecessary[0m [36mto[0m [36mchange[0m [36mthe[0m [33mpoint[0m [33m41[0m [33m41[0m [33mis[0m [33mdeleted[0m [33m.[0m

32
0
32
1
32
2
32
3
32
4
32
5
32
6
32
7
32
8
32
9
32
10
32
11
32
12
32
13
32
14
32
15
32
16
32
17
32
18
32
19
32
20
32
21
32
22
32
23
=============================
Target-TM 3: % quot % 3.4 . Alternative methods
Source-TM 3: % quot % 3.4 . Autres méthodes
Source-CR 3: G ) % quot % stock % quot % , les ressources aquatiques vivantes présentes dans une zone de gestion donnée ;
Target-CR 3: ( G ) % quot % stock % quot % means a living aquatic resource that occurs in a given management area ;
-----------------------------
NMT Model 3: ( A ) % quot % treatment % quot % means a with cultural or or cultural cultural services in a given management area ;
Copy Prob 3: [33m%[0m [36mquot[0m [36m%[0m [33m3.4[0m [34m%[0m [34mquot[0m [36m%[0m [34mmeans[0m [34mthe[0m [33mmethods[0m [34mof[0m [33mmethods[0m [34mof[0m [33mmethods[0m [34mof[0m [34mprofessional[0m [34mworkers[0m [34min[0m [34ma[0m [34mgiven[0m [34mmanagement[0m [34marea[0m [34m;[0m
Copy Gate 3: [33m%[0m [36mquot[0m [36m%[0m [33m3.4[0m [32m%[0m [32mquot[0m [32m%[0m [34mmeans[0m [34mthe[0m [33mmethods[0m [36mof[0m [33mmethods[0m [33mof[0m [33mmethods[0m [33mof[0m [33mprofessional[0m [33mworkers[0m [36min[0m [32ma[0m [32mgiven[0m [32mmanagement[0m [32marea[0m [32m;[0m

32
0
32
1
32
2
32
3
32
4
32
5
32
6
32
7
32
8
32
9
32
10
32
11
32
12
32
13
32
14
32
15
32
16
=============================
Target-TM 4: - [32mHerstructurering[0m van de [32mactiviteit[0m &quot; IFB Logistics &quot;
Source-TM 4: - [32mHerstructurering[0m van de [32mactiviteit[0m &quot; IFB Logistics &quot;
Source-CR 4: - Le secteur d &apos; activité &quot; IFB Logistics &quot; , qui commercialise les activités d &apos; expédition d &apos; IFB et ;
Target-CR 4: - Le secteur d &apos; activité &quot; IFB Logistics &quot; , qui [32mcommercialise[0m les activités d &apos; [32mexpédition[0m d &apos; IFB et ;
-----------------------------
NMT Model 4: - The &quot; UNK &quot; 79 of , UNK the uniform and and drugs and the
Copy Prob 4: [36m-[0m [31mHerstructurering[0m [33mvan[0m [33mde[0m [31mactiviteit[0m [33mIFB[0m [33m&quot;[0m [33mLogistics[0m [33mLogistics[0m [34mof[0m [34mthe[0m [34mactivities[0m [34mof[0m [34mdrugs[0m [34mand[0m [34m;[0m
Copy Gate 4: [36m-[0m [33mHerstructurering[0m [32mvan[0m [36mde[0m [36mactiviteit[0m [32mIFB[0m [33m&quot;[0m [33mLogistics[0m [33mLogistics[0m [32mof[0m [32mthe[0m [36mactivities[0m [33mof[0m [36mdrugs[0m [36mand[0m [36m;[0m

Epoch  0 Update  59021 Cost  247.559356689 G 63.4301376343
execute: elapsed 5.4462 secs.

Epoch  0 Update  59022 Cost  234.302825928 G 59.0986022949
execute: elapsed 5.2410 secs.

Epoch  0 Update  59023 Cost  155.993743896 G 43.7510986328
execute: elapsed 4.7678 secs.

Epoch  0 Update  59024 Cost  155.033569336 G 42.5563316345
execute: elapsed 4.2489 secs.

Epoch  0 Update  59025 Cost  121.695884705 G 37.4338912964
execute: elapsed 3.5922 secs.

Epoch  0 Update  59026 Cost  108.012557983 G 31.736989975
execute: elapsed 3.4306 secs.

Epoch  0 Update  59027 Cost  138.953155518 G 35.0858001709
execute: elapsed 3.3174 secs.

Epoch  0 Update  59028 Cost  110.346450806 G 22.715511322
execute: elapsed 2.7811 secs.

Epoch  0 Update  59029 Cost  320.000274658 G 65.0760040283
execute: elapsed 6.3868 secs.

Epoch  0 Update  59030 Cost  407.424957275 G 101.120185852
execute: elapsed 6.1241 secs.

Epoch  0 Update  59031 Cost  365.853942871 G 100.443435669
execute: elapsed 6.1496 secs.

Epoch  0 Update  59032 Cost  347.32232666 G 79.9900970459
execute: elapsed 5.5741 secs.

Epoch  0 Update  59033 Cost  308.895202637 G 80.8093948364
execute: elapsed 5.3348 secs.

Epoch  0 Update  59034 Cost  220.102920532 G 68.0554428101
execute: elapsed 4.9472 secs.

Epoch  0 Update  59035 Cost  234.292251587 G 62.500579834
execute: elapsed 4.1221 secs.

Epoch  0 Update  59036 Cost  213.502593994 G 53.7323951721
execute: elapsed 4.7767 secs.

Epoch  0 Update  59037 Cost  167.939590454 G 46.2192001343
execute: elapsed 4.6377 secs.

Epoch  0 Update  59038 Cost  142.723922729 G 43.2157173157
execute: elapsed 4.5276 secs.

Epoch  0 Update  59039 Cost  162.962280273 G 39.2759895325
execute: elapsed 4.3498 secs.

Epoch  0 Update  59040 Cost  114.281982422 G 28.8392448425
execute: elapsed 2.9947 secs.

13
0
13
1
13
2
13
3
13
4
13
5
13
6
13
7
13
8
13
9
13
10
13
11
13
12
13
13
13
14
13
15
13
16
13
17
13
18
13
19
13
20
13
21
13
22
13
23
13
24
13
25
13
26
13
27
13
28
13
29
13
30
13
31
13
32
13
33
13
34
13
35
13
36
13
37
13
38
13
39
13
40
13
41
13
42
13
43
13
44
13
45
13
46
13
47
13
48
13
49
13
50
13
51
13
52
13
53
13
54
13
55
13
56
13
57
13
58
13
59
=============================
Target-TM 0: [32mOrganise[0m a Conference on HIV / AIDS and human rights &#124; Spring 2007 &#124; Council Presidency Commission Member States [32mNeighbouring[0m countries Partners &#124;
Source-TM 0: [32mOrganise[0m a [32mConference[0m on HIV / AIDS and [32mhuman[0m [32mrights[0m &#124; [32mSpring[0m 2007 &#124; Council [32mPresidency[0m Commission Member States [32mNeighbouring[0m countries Partners &#124;
Source-CR 0: Portant nomination du président de l &apos; Office communautaire des variétés végétales
Target-CR 0: Appointing the President of the Community Plant Variety Office
-----------------------------
NMT Model 0: durum the of the Community Plant garlic scope
Copy Prob 0: [34mdurum[0m [33mon[0m [33mon[0m [33mHIV[0m [34mof[0m [34mthe[0m [33mAIDS[0m [33mand[0m [33mand[0m [33mand[0m [33mand[0m [33mand[0m [33mand[0m [33mand[0m [33mand[0m [33mand[0m [33mand[0m [33mand[0m [33mand[0m [33mand[0m [33mand[0m [33mand[0m [33mand[0m [33mand[0m [33mand[0m [33mand[0m [33mand[0m [33mand[0m [33mand[0m [33mand[0m [33mand[0m [33mand[0m [33mand[0m [33mand[0m [33mand[0m [33mand[0m [33mand[0m [33mand[0m [33mand[0m [33mand[0m [33mand[0m [33mand[0m [33mand[0m [33mand[0m [33mand[0m [33mand[0m [33mand[0m [33mand[0m [33mand[0m [33mand[0m [33mand[0m [33mand[0m [33mand[0m [33mand[0m [33mand[0m [33mand[0m [34mthe[0m [33mMember[0m [34mState[0m
Copy Gate 0: [36mdurum[0m [33mon[0m [33mon[0m [32mHIV[0m [36mof[0m [36mthe[0m [32mAIDS[0m [36mand[0m [36mand[0m [36mand[0m [36mand[0m [36mand[0m [36mand[0m [36mand[0m [32mand[0m [36mand[0m [36mand[0m [36mand[0m [36mand[0m [36mand[0m [36mand[0m [36mand[0m [36mand[0m [36mand[0m [36mand[0m [36mand[0m [36mand[0m [36mand[0m [36mand[0m [36mand[0m [36mand[0m [36mand[0m [36mand[0m [36mand[0m [36mand[0m [36mand[0m [36mand[0m [36mand[0m [36mand[0m [36mand[0m [36mand[0m [36mand[0m [36mand[0m [36mand[0m [36mand[0m [36mand[0m [36mand[0m [36mand[0m [36mand[0m [36mand[0m [36mand[0m [36mand[0m [36mand[0m [36mand[0m [36mand[0m [36mand[0m [36mthe[0m [36mMember[0m [36mState[0m

13
0
13
1
13
2
13
3
13
4
13
5
13
6
13
7
13
8
13
9
13
10
13
11
=============================
Target-TM 1: Article 2 OF REGULATION ( EEC ) NO 616 / 72 IS HEREBY AMENDED TO [32mREAD[0m AS FOLLOWS :
Source-TM 1: Le texte de l &apos; article 2 du règlement ( CEE ) nº 616 / 72 est remplacé par le texte suivant :
Source-CR 1: A &#124; Antenne de [32mRadom[0m &#124; [32m444010[0m &#124;
Target-CR 1: A &#124; Customs department in [32mRadom[0m &#124; [32m444010[0m &#124;
-----------------------------
NMT Model 1: A &#124; UNK of UNK &#124; UNK &#124;
Copy Prob 1: [34mA[0m [34m&#124;[0m [33mArticle[0m [34mof[0m [33mEEC[0m [33m/[0m [33m72[0m [34m&#124;[0m [33mIS[0m [34m&#124;[0m [33mIS[0m
Copy Gate 1: [34mA[0m [32m&#124;[0m [36mArticle[0m [36mof[0m [34mEEC[0m [36m/[0m [36m72[0m [34m&#124;[0m [34mIS[0m [34m&#124;[0m [36mIS[0m

13
0
13
1
13
2
13
3
13
4
13
5
13
6
13
7
13
8
13
9
=============================
Target-TM 2: CENELEC &#124; EN [32m60519-8[0m : 2005 &#124; &#124; &#124;
Source-TM 2: CENELEC &#124; EN [32m60519-8[0m : 2005 &#124; &#124; &#124;
Source-CR 2: CENELEC &#124; EN [32m60598-2-11[0m : 2005 &#124; &#124; &#124;
Target-CR 2: CENELEC &#124; EN [32m60598-2-11[0m : 2005 &#124; &#124; &#124;
-----------------------------
NMT Model 2: variety &#124; EN UNK : 2005 &#124; &#124; &#124;
Copy Prob 2: [34mvariety[0m [36m&#124;[0m [36mEN[0m [31m60519-8[0m [36m:[0m [36m2005[0m [36m&#124;[0m [36m&#124;[0m [36m&#124;[0m
Copy Gate 2: [32mvariety[0m [32m&#124;[0m [36mEN[0m [36m60519-8[0m [36m:[0m [36m2005[0m 