{'baseline_xy': '/root/disk/scratch/model-tmnmt/baseline_fren.npz',
 'baseline_yx': '/root/disk/scratch/model-tmnmt/baseline_enfr.bs64.npz',
 'batch_size': 16,
 'beamsize': 5,
 'build_gate': True,
 'clip_c': 1.0,
 'd_maxlen': 200,
 'datasets': ['/root/workspace/TMNMT/.dataset/tm.fren/train.fr.top5.random5.shuf.tok',
              '/root/workspace/TMNMT/.dataset/tm.fren/train.en.top5.random5.shuf.tok',
              '/root/workspace/TMNMT/.dataset/tm.fren/train.fr.top5.random5.matched.shuf.tok',
              '/root/workspace/TMNMT/.dataset/tm.fren/train.en.top5.random5.matched.shuf.tok'],
 'decay_c': 0.0,
 'decoder': 'gru_cond',
 'dictionaries': ['/root/workspace/TMNMT/.dataset/tm.fren/train.fr.top5.random5.shuf.tok.pkl',
                  '/root/workspace/TMNMT/.dataset/tm.fren/train.en.top5.random5.shuf.tok.pkl',
                  '/root/workspace/TMNMT/.dataset/tm.fren/train.fr.top5.random5.shuf.tok.pkl',
                  '/root/workspace/TMNMT/.dataset/tm.fren/train.en.top5.random5.shuf.tok.pkl'],
 'dim': 1024,
 'dim_word': 512,
 'dispFreq': 10,
 'encoder': 'gru',
 'gate_lambda': 0.1,
 'gate_loss': True,
 'lrate': 2e-06,
 'maxlen': 50,
 'normalize': False,
 'optimizer': 'adam',
 'overwrite': True,
 'patience': 1000,
 'reload_': True,
 'sampleFreq': 20,
 'saveFreq': 500,
 'saveto': '/root/disk/scratch/model-tmnmt/new.L-gate.v1_fren.ff.16-50.npz',
 'stochastic': False,
 'trans_from': '/root/workspace/TMNMT/.dataset/fren/devset.fr.tok',
 'trans_ref': '/root/workspace/TMNMT/.dataset/fren/devset.en.tok',
 'trans_to': '/root/workspace/TMNMT/.translate/tmv3_',
 'use_dropout': False,
 'use_pretrain': True,
 'validFreq': 100,
 'valid_batch_size': 32,
 'valid_datasets': ['/root/workspace/TMNMT/.dataset/tm.fren/devset.fr.tok',
                    '/root/workspace/TMNMT/.dataset/tm.fren/devset.en.tok',
                    '/root/workspace/TMNMT/.dataset/tm.fren/devset.fr.matched.tok',
                    '/root/workspace/TMNMT/.dataset/tm.fren/devset.en.matched.tok'],
 'voc_sizes': [20000, 20000, 20000, 20000]}
Building model: X -> Y & Y -> X model
Done.
load the pretrained NMT-models... load ... xy_Wemb
load ... xy_Wemb_dec
load ... xy_encoder_W
load ... xy_encoder_b
load ... xy_encoder_U
load ... xy_encoder_Wx
load ... xy_encoder_bx
load ... xy_encoder_Ux
load ... xy_encoder_r_W
load ... xy_encoder_r_b
load ... xy_encoder_r_U
load ... xy_encoder_r_Wx
load ... xy_encoder_r_bx
load ... xy_encoder_r_Ux
load ... xy_ff_state_W
load ... xy_ff_state_b
load ... xy_decoder_W
load ... xy_decoder_b
load ... xy_decoder_U
load ... xy_decoder_Wx
load ... xy_decoder_Ux
load ... xy_decoder_bx
load ... xy_decoder_U_nl
load ... xy_decoder_b_nl
load ... xy_decoder_Ux_nl
load ... xy_decoder_bx_nl
load ... xy_decoder_Wc
load ... xy_decoder_Wcx
load ... xy_decoder_W_comb_att
load ... xy_decoder_Wc_att
load ... xy_decoder_b_att
load ... xy_decoder_U_att
load ... xy_decoder_c_tt
load ... xy_ff_logit_lstm_W
load ... xy_ff_logit_lstm_b
load ... xy_ff_logit_prev_W
load ... xy_ff_logit_prev_b
load ... xy_ff_logit_ctx_W
load ... xy_ff_logit_ctx_b
load ... xy_ff_logit_W
load ... xy_ff_logit_b
load ... yx_Wemb
load ... yx_Wemb_dec
load ... yx_encoder_W
load ... yx_encoder_b
load ... yx_encoder_U
load ... yx_encoder_Wx
load ... yx_encoder_bx
load ... yx_encoder_Ux
load ... yx_encoder_r_W
load ... yx_encoder_r_b
load ... yx_encoder_r_U
load ... yx_encoder_r_Wx
load ... yx_encoder_r_bx
load ... yx_encoder_r_Ux
load ... yx_ff_state_W
load ... yx_ff_state_b
load ... yx_decoder_W
load ... yx_decoder_b
load ... yx_decoder_U
load ... yx_decoder_Wx
load ... yx_decoder_Ux
load ... yx_decoder_bx
load ... yx_decoder_U_nl
load ... yx_decoder_b_nl
load ... yx_decoder_Ux_nl
load ... yx_decoder_bx_nl
load ... yx_decoder_Wc
load ... yx_decoder_Wcx
load ... yx_decoder_W_comb_att
load ... yx_decoder_Wc_att
load ... yx_decoder_b_att
load ... yx_decoder_U_att
load ... yx_decoder_c_tt
load ... yx_ff_logit_lstm_W
load ... yx_ff_logit_lstm_b
load ... yx_ff_logit_prev_W
load ... yx_ff_logit_prev_b
load ... yx_ff_logit_ctx_W
load ... yx_ff_logit_ctx_b
load ... yx_ff_logit_W
load ... yx_ff_logit_b
Done.
Reloading model parameters
build forward-attention models (4 models simultaneously)...
Build f_critic... Done
Build f_critic... Done
build cross-attention models
build attentions (forward, cross-propagation)
build gates!
Building Gate functions, ... Done.
build loss function (w/o gate)
build sampler (one-step)
Building f_init... Done
Building f_next... Done
Building f_init... Done
Building f_next... Done
build old sampler
Building f_init... Done
Building f_next... Done
Building f_init... Done
Building f_next... Done
build attender (one-step)
Build f_attend... Done.
Build f_attend... Done.
build Cost Function... build Gradient (backward)... Done
Building Optimizers... Done
Build Networks... done!
build_networks: elapsed 893.9212 secs.

Loading data
[33m-------------------------------------------- Main-Loop -------------------------------------------------[0m
Epoch  0 Update  59001 Cost  486.557403564 G 123.907752991
execute: elapsed 6.7615 secs.

Epoch  0 Update  59002 Cost  309.863464355 G 110.049468994
execute: elapsed 6.9864 secs.

Epoch  0 Update  59003 Cost  313.437225342 G 89.8010635376
execute: elapsed 6.0857 secs.

Epoch  0 Update  59004 Cost  320.568786621 G 84.3784713745
execute: elapsed 5.2258 secs.

Epoch  0 Update  59005 Cost  342.704406738 G 78.2078094482
execute: elapsed 5.4841 secs.

Epoch  0 Update  59006 Cost  286.951019287 G 72.000579834
execute: elapsed 4.9333 secs.

Epoch  0 Update  59007 Cost  250.391876221 G 69.4794616699
execute: elapsed 4.6811 secs.

Epoch  0 Update  59008 Cost  223.849563599 G 56.6846809387
execute: elapsed 5.0599 secs.

Epoch  0 Update  59009 Cost  129.208023071 G 47.382850647
execute: elapsed 4.0536 secs.

Epoch  0 Update  59010 Cost  127.838981628 G 39.0855140686
execute: elapsed 3.2950 secs.

Epoch  0 Update  59011 Cost  150.135742188 G 38.5154800415
execute: elapsed 4.3741 secs.

Epoch  0 Update  59012 Cost  210.580810547 G 46.1459922791
execute: elapsed 4.5725 secs.

Epoch  0 Update  59013 Cost  126.757766724 G 32.1662445068
execute: elapsed 3.6099 secs.

Epoch  0 Update  59014 Cost  190.288116455 G 47.5826339722
execute: elapsed 6.4672 secs.

Epoch  0 Update  59015 Cost  521.478027344 G 112.699829102
execute: elapsed 6.3017 secs.

Epoch  0 Update  59016 Cost  414.42288208 G 104.765731812
execute: elapsed 6.5748 secs.

Epoch  0 Update  59017 Cost  472.904571533 G 102.916992188
execute: elapsed 6.3639 secs.

Epoch  0 Update  59018 Cost  346.024719238 G 83.9193191528
execute: elapsed 5.2300 secs.

Epoch  0 Update  59019 Cost  346.819519043 G 74.6103973389
execute: elapsed 4.5452 secs.

Epoch  0 Update  59020 Cost  251.355010986 G 67.4956207275
execute: elapsed 4.5865 secs.

