{'baseline_xy': '/root/disk/scratch/model-tmnmt/baseline_fren.npz',
 'baseline_yx': '/root/disk/scratch/model-tmnmt/baseline_enfr.bs64.npz',
 'batch_size': 16,
 'beamsize': 5,
 'build_gate': True,
 'clip_c': 1.0,
 'd_maxlen': 200,
 'datasets': ['/root/workspace/TMNMT/.dataset/tm.fren/train.fr.top5.random5.shuf.tok',
              '/root/workspace/TMNMT/.dataset/tm.fren/train.en.top5.random5.shuf.tok',
              '/root/workspace/TMNMT/.dataset/tm.fren/train.fr.top5.random5.matched.shuf.tok',
              '/root/workspace/TMNMT/.dataset/tm.fren/train.en.top5.random5.matched.shuf.tok'],
 'decay_c': 0.0,
 'decoder': 'gru_cond',
 'dictionaries': ['/root/workspace/TMNMT/.dataset/tm.fren/train.fr.top5.random5.shuf.tok.pkl',
                  '/root/workspace/TMNMT/.dataset/tm.fren/train.en.top5.random5.shuf.tok.pkl',
                  '/root/workspace/TMNMT/.dataset/tm.fren/train.fr.top5.random5.shuf.tok.pkl',
                  '/root/workspace/TMNMT/.dataset/tm.fren/train.en.top5.random5.shuf.tok.pkl'],
 'dim': 1024,
 'dim_word': 512,
 'dispFreq': 10,
 'encoder': 'gru',
 'gate_lambda': 0.1,
 'gate_loss': True,
 'lrate': 2e-06,
 'maxlen': 50,
 'normalize': False,
 'optimizer': 'adam',
 'overwrite': True,
 'patience': 1000,
 'reload_': True,
 'sampleFreq': 20,
 'saveFreq': 500,
 'saveto': '/root/disk/scratch/model-tmnmt/new.L-gate.v1_fren.ff.16-50.npz',
 'stochastic': False,
 'trans_from': '/root/workspace/TMNMT/.dataset/fren/devset.fr.tok',
 'trans_ref': '/root/workspace/TMNMT/.dataset/fren/devset.en.tok',
 'trans_to': '/root/workspace/TMNMT/.translate/tmv3_',
 'use_dropout': False,
 'use_pretrain': True,
 'validFreq': 100,
 'valid_batch_size': 32,
 'valid_datasets': ['/root/workspace/TMNMT/.dataset/tm.fren/devset.fr.tok',
                    '/root/workspace/TMNMT/.dataset/tm.fren/devset.en.tok',
                    '/root/workspace/TMNMT/.dataset/tm.fren/devset.fr.matched.tok',
                    '/root/workspace/TMNMT/.dataset/tm.fren/devset.en.matched.tok'],
 'voc_sizes': [20000, 20000, 20000, 20000]}
Building model: X -> Y & Y -> X model
Done.
load the pretrained NMT-models... load ... xy_Wemb
load ... xy_Wemb_dec
load ... xy_encoder_W
load ... xy_encoder_b
load ... xy_encoder_U
load ... xy_encoder_Wx
load ... xy_encoder_bx
load ... xy_encoder_Ux
load ... xy_encoder_r_W
load ... xy_encoder_r_b
load ... xy_encoder_r_U
load ... xy_encoder_r_Wx
load ... xy_encoder_r_bx
load ... xy_encoder_r_Ux
load ... xy_ff_state_W
load ... xy_ff_state_b
load ... xy_decoder_W
load ... xy_decoder_b
load ... xy_decoder_U
load ... xy_decoder_Wx
load ... xy_decoder_Ux
load ... xy_decoder_bx
load ... xy_decoder_U_nl
load ... xy_decoder_b_nl
load ... xy_decoder_Ux_nl
load ... xy_decoder_bx_nl
load ... xy_decoder_Wc
load ... xy_decoder_Wcx
load ... xy_decoder_W_comb_att
load ... xy_decoder_Wc_att
load ... xy_decoder_b_att
load ... xy_decoder_U_att
load ... xy_decoder_c_tt
load ... xy_ff_logit_lstm_W
load ... xy_ff_logit_lstm_b
load ... xy_ff_logit_prev_W
load ... xy_ff_logit_prev_b
load ... xy_ff_logit_ctx_W
load ... xy_ff_logit_ctx_b
load ... xy_ff_logit_W
load ... xy_ff_logit_b
load ... yx_Wemb
load ... yx_Wemb_dec
load ... yx_encoder_W
load ... yx_encoder_b
load ... yx_encoder_U
load ... yx_encoder_Wx
load ... yx_encoder_bx
load ... yx_encoder_Ux
load ... yx_encoder_r_W
load ... yx_encoder_r_b
load ... yx_encoder_r_U
load ... yx_encoder_r_Wx
load ... yx_encoder_r_bx
load ... yx_encoder_r_Ux
load ... yx_ff_state_W
load ... yx_ff_state_b
load ... yx_decoder_W
load ... yx_decoder_b
load ... yx_decoder_U
load ... yx_decoder_Wx
load ... yx_decoder_Ux
load ... yx_decoder_bx
load ... yx_decoder_U_nl
load ... yx_decoder_b_nl
load ... yx_decoder_Ux_nl
load ... yx_decoder_bx_nl
load ... yx_decoder_Wc
load ... yx_decoder_Wcx
load ... yx_decoder_W_comb_att
load ... yx_decoder_Wc_att
load ... yx_decoder_b_att
load ... yx_decoder_U_att
load ... yx_decoder_c_tt
load ... yx_ff_logit_lstm_W
load ... yx_ff_logit_lstm_b
load ... yx_ff_logit_prev_W
load ... yx_ff_logit_prev_b
load ... yx_ff_logit_ctx_W
load ... yx_ff_logit_ctx_b
load ... yx_ff_logit_W
load ... yx_ff_logit_b
Done.
Reloading model parameters
build forward-attention models (4 models simultaneously)...
Build f_critic... Done
Build f_critic... Done
build cross-attention models
build attentions (forward, cross-propagation)
build gates!
Building Gate functions, ... Done.
build loss function (w/o gate)
build sampler (one-step)
Building f_init... Done
Building f_next... Done
Building f_init... Done
Building f_next... Done
build old sampler
Building f_init... Done
Building f_next... Done
Building f_init... Done
Building f_next... Done
build attender (one-step)
Build f_attend... Done.
Build f_attend... Done.
build Cost Function... build Gradient (backward)... Done
Building Optimizers... Done
Build Networks... done!
build_networks: elapsed 883.5016 secs.

Loading data
[33m-------------------------------------------- Main-Loop -------------------------------------------------[0m
Epoch  0 Update  59001 Cost  487.382141113 G 124.829330444
execute: elapsed 6.6871 secs.

Epoch  0 Update  59002 Cost  307.68572998 G 106.301673889
execute: elapsed 5.9226 secs.

Epoch  0 Update  59003 Cost  311.598480225 G 86.7327270508
execute: elapsed 6.2154 secs.

Epoch  0 Update  59004 Cost  320.50869751 G 83.5701141357
execute: elapsed 5.3545 secs.

Epoch  0 Update  59005 Cost  342.481750488 G 77.8494720459
execute: elapsed 5.4029 secs.

Epoch  0 Update  59006 Cost  287.800262451 G 72.4583053589
execute: elapsed 5.0371 secs.

Epoch  0 Update  59007 Cost  246.463088989 G 66.1764221191
execute: elapsed 4.4660 secs.

Epoch  0 Update  59008 Cost  224.911499023 G 58.2460098267
execute: elapsed 4.0641 secs.

Epoch  0 Update  59009 Cost  128.129898071 G 44.7901420593
execute: elapsed 2.9577 secs.

Epoch  0 Update  59010 Cost  126.887123108 G 38.8829841614
execute: elapsed 3.0342 secs.

Epoch  0 Update  59011 Cost  150.294647217 G 38.6854019165
execute: elapsed 4.1484 secs.

Epoch  0 Update  59012 Cost  206.702209473 G 42.3788452148
execute: elapsed 4.4719 secs.

Epoch  0 Update  59013 Cost  122.752075195 G 27.6869926453
execute: elapsed 3.6241 secs.

Epoch  0 Update  59014 Cost  189.055130005 G 47.3364906311
execute: elapsed 6.8276 secs.

Epoch  0 Update  59015 Cost  519.487915039 G 112.109565735
execute: elapsed 6.2481 secs.

Epoch  0 Update  59016 Cost  412.614685059 G 106.173919678
execute: elapsed 6.1013 secs.

Epoch  0 Update  59017 Cost  469.624328613 G 102.416656494
execute: elapsed 5.3957 secs.

Epoch  0 Update  59018 Cost  344.665802002 G 83.7990264893
execute: elapsed 3.3965 secs.

Epoch  0 Update  59019 Cost  340.025909424 G 69.9026794434
execute: elapsed 4.7251 secs.

Epoch  0 Update  59020 Cost  250.714950562 G 66.843536377
execute: elapsed 4.6828 secs.

=============================
Target-TM 0: The European Commission hereby presents to the budgetary authority the amending letter No 3 to the preliminary draft budget for 2006 for the reasons set out in the explanatory memorandum .
Source-TM 0: La Commission européenne présente ci-après à l &apos; autorité budgétaire la lettre rectificative n ° 3 à l &apos; avant-projet de budget 2006 pour les raisons reprises dans l &apos; exposé des motifs .
Source-CR 0: 1 . Chaque État membre établit un réseau rural national qui regroupe les organisations et les administrations travaillant dans le domaine du développement rural .
Target-CR 0: 1 . Each Member State shall establish a national rural network , which groups the organisations and administrations involved in rural development .
-----------------------------
NMT Model 0: 1 . Each European Member hereby presents to the budgetary authority the letter and administrative preliminary for reasons for rural development for reasons .
