{'baseline_xy': '/root/disk/scratch/model-tmnmt/baseline_fren.npz',
 'baseline_yx': '/root/disk/scratch/model-tmnmt/baseline_enfr.bs64.npz',
 'batch_size': 16,
 'beamsize': 5,
 'build_gate': True,
 'clip_c': 1.0,
 'd_maxlen': 200,
 'datasets': ['/root/workspace/TMNMT/.dataset/tm.fren/train.fr.top5.random5.shuf.tok',
              '/root/workspace/TMNMT/.dataset/tm.fren/train.en.top5.random5.shuf.tok',
              '/root/workspace/TMNMT/.dataset/tm.fren/train.fr.top5.random5.matched.shuf.tok',
              '/root/workspace/TMNMT/.dataset/tm.fren/train.en.top5.random5.matched.shuf.tok'],
 'decay_c': 0.0,
 'decoder': 'gru_cond',
 'dictionaries': ['/root/workspace/TMNMT/.dataset/tm.fren/train.fr.top5.random5.shuf.tok.pkl',
                  '/root/workspace/TMNMT/.dataset/tm.fren/train.en.top5.random5.shuf.tok.pkl',
                  '/root/workspace/TMNMT/.dataset/tm.fren/train.fr.top5.random5.shuf.tok.pkl',
                  '/root/workspace/TMNMT/.dataset/tm.fren/train.en.top5.random5.shuf.tok.pkl'],
 'dim': 1024,
 'dim_word': 512,
 'dispFreq': 10,
 'encoder': 'gru',
 'gate_lambda': 0.1,
 'gate_loss': True,
 'lrate': 2e-06,
 'maxlen': 50,
 'normalize': False,
 'optimizer': 'adam',
 'overwrite': True,
 'patience': 1000,
 'reload_': True,
 'sampleFreq': 20,
 'saveFreq': 500,
 'saveto': '/root/disk/scratch/model-tmnmt/new.L-gate.v1_fren.ff.16-50.npz',
 'stochastic': False,
 'trans_from': '/root/workspace/TMNMT/.dataset/fren/devset.fr.tok',
 'trans_ref': '/root/workspace/TMNMT/.dataset/fren/devset.en.tok',
 'trans_to': '/root/workspace/TMNMT/.translate/tmv3_',
 'use_dropout': False,
 'use_pretrain': True,
 'validFreq': 100,
 'valid_batch_size': 32,
 'valid_datasets': ['/root/workspace/TMNMT/.dataset/tm.fren/devset.fr.tok',
                    '/root/workspace/TMNMT/.dataset/tm.fren/devset.en.tok',
                    '/root/workspace/TMNMT/.dataset/tm.fren/devset.fr.matched.tok',
                    '/root/workspace/TMNMT/.dataset/tm.fren/devset.en.matched.tok'],
 'voc_sizes': [20000, 20000, 20000, 20000]}
Building model: X -> Y & Y -> X model
Done.
load the pretrained NMT-models... load ... xy_Wemb
load ... xy_Wemb_dec
load ... xy_encoder_W
load ... xy_encoder_b
load ... xy_encoder_U
load ... xy_encoder_Wx
load ... xy_encoder_bx
load ... xy_encoder_Ux
load ... xy_encoder_r_W
load ... xy_encoder_r_b
load ... xy_encoder_r_U
load ... xy_encoder_r_Wx
load ... xy_encoder_r_bx
load ... xy_encoder_r_Ux
load ... xy_ff_state_W
load ... xy_ff_state_b
load ... xy_decoder_W
load ... xy_decoder_b
load ... xy_decoder_U
load ... xy_decoder_Wx
load ... xy_decoder_Ux
load ... xy_decoder_bx
load ... xy_decoder_U_nl
load ... xy_decoder_b_nl
load ... xy_decoder_Ux_nl
load ... xy_decoder_bx_nl
load ... xy_decoder_Wc
load ... xy_decoder_Wcx
load ... xy_decoder_W_comb_att
load ... xy_decoder_Wc_att
load ... xy_decoder_b_att
load ... xy_decoder_U_att
load ... xy_decoder_c_tt
load ... xy_ff_logit_lstm_W
load ... xy_ff_logit_lstm_b
load ... xy_ff_logit_prev_W
load ... xy_ff_logit_prev_b
load ... xy_ff_logit_ctx_W
load ... xy_ff_logit_ctx_b
load ... xy_ff_logit_W
load ... xy_ff_logit_b
load ... yx_Wemb
load ... yx_Wemb_dec
load ... yx_encoder_W
load ... yx_encoder_b
load ... yx_encoder_U
load ... yx_encoder_Wx
load ... yx_encoder_bx
load ... yx_encoder_Ux
load ... yx_encoder_r_W
load ... yx_encoder_r_b
load ... yx_encoder_r_U
load ... yx_encoder_r_Wx
load ... yx_encoder_r_bx
load ... yx_encoder_r_Ux
load ... yx_ff_state_W
load ... yx_ff_state_b
load ... yx_decoder_W
load ... yx_decoder_b
load ... yx_decoder_U
load ... yx_decoder_Wx
load ... yx_decoder_Ux
load ... yx_decoder_bx
load ... yx_decoder_U_nl
load ... yx_decoder_b_nl
load ... yx_decoder_Ux_nl
load ... yx_decoder_bx_nl
load ... yx_decoder_Wc
load ... yx_decoder_Wcx
load ... yx_decoder_W_comb_att
load ... yx_decoder_Wc_att
load ... yx_decoder_b_att
load ... yx_decoder_U_att
load ... yx_decoder_c_tt
load ... yx_ff_logit_lstm_W
load ... yx_ff_logit_lstm_b
load ... yx_ff_logit_prev_W
load ... yx_ff_logit_prev_b
load ... yx_ff_logit_ctx_W
load ... yx_ff_logit_ctx_b
load ... yx_ff_logit_W
load ... yx_ff_logit_b
Done.
Reloading model parameters
build forward-attention models (4 models simultaneously)...
Build f_critic... Done
Build f_critic... Done
build cross-attention models
build attentions (forward, cross-propagation)
build gates!
Building Gate functions, ... Done.
build loss function (w/o gate)
build sampler (one-step)
Building f_init... Done
Building f_next... Done
Building f_init... Done
Building f_next... Done
build old sampler
Building f_init... Done
Building f_next... Done
Building f_init... Done
Building f_next... Done
build attender (one-step)
Build f_attend... Done.
Build f_attend... Done.
build Cost Function... build Gradient (backward)... Done
Building Optimizers... Done
Build Networks... done!
build_networks: elapsed 915.3736 secs.

Loading data
[33m-------------------------------------------- Main-Loop -------------------------------------------------[0m
Epoch  0 Update  59001 Cost  489.39642334 G 123.036445618
execute: elapsed 6.6246 secs.

Epoch  0 Update  59002 Cost  308.336975098 G 105.507629395
execute: elapsed 6.2623 secs.

Epoch  0 Update  59003 Cost  310.107757568 G 85.2893676758
execute: elapsed 5.3656 secs.

Epoch  0 Update  59004 Cost  320.801879883 G 81.7435913086
execute: elapsed 4.7173 secs.

Epoch  0 Update  59005 Cost  340.913085938 G 76.9999694824
execute: elapsed 5.7747 secs.

Epoch  0 Update  59006 Cost  284.660400391 G 69.0053024292
execute: elapsed 5.4828 secs.

Epoch  0 Update  59007 Cost  243.86038208 G 62.4555511475
execute: elapsed 5.0462 secs.

Epoch  0 Update  59008 Cost  225.627380371 G 57.8373527527
execute: elapsed 4.7955 secs.

Epoch  0 Update  59009 Cost  128.595794678 G 45.4180679321
execute: elapsed 3.7314 secs.

Epoch  0 Update  59010 Cost  126.693313599 G 38.8177871704
execute: elapsed 2.9120 secs.

Epoch  0 Update  59011 Cost  149.667633057 G 37.6829223633
execute: elapsed 3.8926 secs.

Epoch  0 Update  59012 Cost  210.655197144 G 45.2002868652
execute: elapsed 4.2331 secs.

Epoch  0 Update  59013 Cost  126.248596191 G 31.8075294495
execute: elapsed 3.8094 secs.

Epoch  0 Update  59014 Cost  187.967163086 G 46.1569442749
execute: elapsed 7.2037 secs.

Epoch  0 Update  59015 Cost  519.090698242 G 108.465065002
execute: elapsed 6.6128 secs.

Epoch  0 Update  59016 Cost  409.956298828 G 98.7605895996
execute: elapsed 6.3124 secs.

Epoch  0 Update  59017 Cost  469.821990967 G 97.4733810425
execute: elapsed 6.0260 secs.

Epoch  0 Update  59018 Cost  342.610717773 G 78.0918731689
execute: elapsed 5.3966 secs.

Epoch  0 Update  59019 Cost  341.967132568 G 68.8050994873
execute: elapsed 5.2669 secs.

Epoch  0 Update  59020 Cost  249.755065918 G 64.3544921875
execute: elapsed 5.2340 secs.

=============================
Target-TM 0: The European Commission hereby presents to the budgetary authority the amending letter No 3 to the preliminary draft budget for 2006 for the reasons set out in the explanatory memorandum .
Source-TM 0: La Commission européenne présente ci-après à l &apos; autorité budgétaire la lettre rectificative n ° 3 à l &apos; avant-projet de budget 2006 pour les raisons reprises dans l &apos; exposé des motifs .
Source-CR 0: 1 . Chaque État membre établit un réseau rural national qui regroupe les organisations et les administrations travaillant dans le domaine du développement rural .
Target-CR 0: 1 . Each Member State shall establish a national rural network , which groups the organisations and administrations involved in rural development .
-----------------------------
NMT Model 0: The Member State shall establish a authority budgetary Italy that letter the letter and preliminary organisations for reasons for reasons rural development .
[21, 34, 68, 16, 622, 14, 158, 954, 988, 30, 1191, 2, 1191, 10, 1556, 525, 11, 2, 1507, 219, 490, 6, 0]
[1.0, 1.0, 1.0, 1.0, 1.0]
