{'baseline_xy': '/root/disk/scratch/model-tmnmt/baseline_fren.npz',
 'baseline_yx': '/root/disk/scratch/model-tmnmt/baseline_enfr.bs64.npz',
 'batch_size': 16,
 'beamsize': 5,
 'build_gate': True,
 'clip_c': 1.0,
 'd_maxlen': 200,
 'datasets': ['/root/workspace/TMNMT/.dataset/tm.fren/train.fr.top5.random5.shuf.tok',
              '/root/workspace/TMNMT/.dataset/tm.fren/train.en.top5.random5.shuf.tok',
              '/root/workspace/TMNMT/.dataset/tm.fren/train.fr.top5.random5.matched.shuf.tok',
              '/root/workspace/TMNMT/.dataset/tm.fren/train.en.top5.random5.matched.shuf.tok'],
 'decay_c': 0.0,
 'decoder': 'gru_cond',
 'dictionaries': ['/root/workspace/TMNMT/.dataset/tm.fren/train.fr.top5.random5.shuf.tok.pkl',
                  '/root/workspace/TMNMT/.dataset/tm.fren/train.en.top5.random5.shuf.tok.pkl',
                  '/root/workspace/TMNMT/.dataset/tm.fren/train.fr.top5.random5.shuf.tok.pkl',
                  '/root/workspace/TMNMT/.dataset/tm.fren/train.en.top5.random5.shuf.tok.pkl'],
 'dim': 1024,
 'dim_word': 512,
 'dispFreq': 10,
 'encoder': 'gru',
 'gate_lambda': 0.1,
 'gate_loss': True,
 'lrate': 2e-06,
 'maxlen': 50,
 'normalize': False,
 'optimizer': 'adam',
 'overwrite': True,
 'patience': 1000,
 'reload_': True,
 'sampleFreq': 20,
 'saveFreq': 500,
 'saveto': '/root/disk/scratch/model-tmnmt/new.L-gate.v1_fren.ff.16-50.npz',
 'stochastic': False,
 'trans_from': '/root/workspace/TMNMT/.dataset/fren/devset.fr.tok',
 'trans_ref': '/root/workspace/TMNMT/.dataset/fren/devset.en.tok',
 'trans_to': '/root/workspace/TMNMT/.translate/tmv3_',
 'use_dropout': False,
 'use_pretrain': True,
 'validFreq': 100,
 'valid_batch_size': 32,
 'valid_datasets': ['/root/workspace/TMNMT/.dataset/tm.fren/devset.fr.tok',
                    '/root/workspace/TMNMT/.dataset/tm.fren/devset.en.tok',
                    '/root/workspace/TMNMT/.dataset/tm.fren/devset.fr.matched.tok',
                    '/root/workspace/TMNMT/.dataset/tm.fren/devset.en.matched.tok'],
 'voc_sizes': [20000, 20000, 20000, 20000]}
Building model: X -> Y & Y -> X model
Done.
load the pretrained NMT-models... load ... xy_Wemb
load ... xy_Wemb_dec
load ... xy_encoder_W
load ... xy_encoder_b
load ... xy_encoder_U
load ... xy_encoder_Wx
load ... xy_encoder_bx
load ... xy_encoder_Ux
load ... xy_encoder_r_W
load ... xy_encoder_r_b
load ... xy_encoder_r_U
load ... xy_encoder_r_Wx
load ... xy_encoder_r_bx
load ... xy_encoder_r_Ux
load ... xy_ff_state_W
load ... xy_ff_state_b
load ... xy_decoder_W
load ... xy_decoder_b
load ... xy_decoder_U
load ... xy_decoder_Wx
load ... xy_decoder_Ux
load ... xy_decoder_bx
load ... xy_decoder_U_nl
load ... xy_decoder_b_nl
load ... xy_decoder_Ux_nl
load ... xy_decoder_bx_nl
load ... xy_decoder_Wc
load ... xy_decoder_Wcx
load ... xy_decoder_W_comb_att
load ... xy_decoder_Wc_att
load ... xy_decoder_b_att
load ... xy_decoder_U_att
load ... xy_decoder_c_tt
load ... xy_ff_logit_lstm_W
load ... xy_ff_logit_lstm_b
load ... xy_ff_logit_prev_W
load ... xy_ff_logit_prev_b
load ... xy_ff_logit_ctx_W
load ... xy_ff_logit_ctx_b
load ... xy_ff_logit_W
load ... xy_ff_logit_b
load ... yx_Wemb
load ... yx_Wemb_dec
load ... yx_encoder_W
load ... yx_encoder_b
load ... yx_encoder_U
load ... yx_encoder_Wx
load ... yx_encoder_bx
load ... yx_encoder_Ux
load ... yx_encoder_r_W
load ... yx_encoder_r_b
load ... yx_encoder_r_U
load ... yx_encoder_r_Wx
load ... yx_encoder_r_bx
load ... yx_encoder_r_Ux
load ... yx_ff_state_W
load ... yx_ff_state_b
load ... yx_decoder_W
load ... yx_decoder_b
load ... yx_decoder_U
load ... yx_decoder_Wx
load ... yx_decoder_Ux
load ... yx_decoder_bx
load ... yx_decoder_U_nl
load ... yx_decoder_b_nl
load ... yx_decoder_Ux_nl
load ... yx_decoder_bx_nl
load ... yx_decoder_Wc
load ... yx_decoder_Wcx
load ... yx_decoder_W_comb_att
load ... yx_decoder_Wc_att
load ... yx_decoder_b_att
load ... yx_decoder_U_att
load ... yx_decoder_c_tt
load ... yx_ff_logit_lstm_W
load ... yx_ff_logit_lstm_b
load ... yx_ff_logit_prev_W
load ... yx_ff_logit_prev_b
load ... yx_ff_logit_ctx_W
load ... yx_ff_logit_ctx_b
load ... yx_ff_logit_W
load ... yx_ff_logit_b
Done.
Reloading model parameters
build forward-attention models (4 models simultaneously)...
Build f_critic... Done
Build f_critic... Done
build cross-attention models
build attentions (forward, cross-propagation)
build gates!
Building Gate functions, ... Done.
build loss function (w/o gate)
build sampler (one-step)
Building f_init... Done
Building f_next... Done
Building f_init... Done
Building f_next... Done
build old sampler
Building f_init... Done
Building f_next... Done
Building f_init... Done
Building f_next... Done
build attender (one-step)
Build f_attend... Done.
Build f_attend... Done.
build Cost Function... build Gradient (backward)... Done
Building Optimizers... Done
Build Networks... done!
build_networks: elapsed 883.7644 secs.

Loading data
[33m-------------------------------------------- Main-Loop -------------------------------------------------[0m
Epoch  0 Update  59001 Cost  490.478210449 G 124.078964233
execute: elapsed 7.1025 secs.

Epoch  0 Update  59002 Cost  308.872283936 G 108.698165894
execute: elapsed 6.3478 secs.

Epoch  0 Update  59003 Cost  314.623077393 G 90.9701385498
execute: elapsed 5.5398 secs.

Epoch  0 Update  59004 Cost  323.144226074 G 85.043258667
execute: elapsed 4.9076 secs.

Epoch  0 Update  59005 Cost  343.491088867 G 80.7791976929
execute: elapsed 5.9082 secs.

Epoch  0 Update  59006 Cost  285.31628418 G 70.7094573975
execute: elapsed 5.5382 secs.

Epoch  0 Update  59007 Cost  248.828872681 G 66.7836227417
execute: elapsed 5.2093 secs.

Epoch  0 Update  59008 Cost  226.732055664 G 61.25938797
execute: elapsed 4.8830 secs.

Epoch  0 Update  59009 Cost  128.539230347 G 46.451965332
execute: elapsed 3.9414 secs.

Epoch  0 Update  59010 Cost  129.640625 G 41.1167602539
execute: elapsed 3.0057 secs.

Epoch  0 Update  59011 Cost  152.298904419 G 40.4699935913
execute: elapsed 3.9282 secs.

Epoch  0 Update  59012 Cost  211.808151245 G 47.1405982971
execute: elapsed 4.0514 secs.

Epoch  0 Update  59013 Cost  124.512710571 G 30.3014888763
execute: elapsed 3.9682 secs.

Epoch  0 Update  59014 Cost  189.743896484 G 48.8669242859
execute: elapsed 7.1241 secs.

Epoch  0 Update  59015 Cost  518.87878418 G 109.856315613
execute: elapsed 6.5244 secs.

Epoch  0 Update  59016 Cost  413.711334229 G 105.095092773
execute: elapsed 5.4735 secs.

Epoch  0 Update  59017 Cost  471.445739746 G 100.904548645
execute: elapsed 4.5354 secs.

Epoch  0 Update  59018 Cost  344.61605835 G 81.3345413208
execute: elapsed 5.3851 secs.

Epoch  0 Update  59019 Cost  343.759552002 G 71.6535873413
execute: elapsed 4.7385 secs.

Epoch  0 Update  59020 Cost  252.083190918 G 66.52684021
execute: elapsed 4.6579 secs.

=============================
Target-TM 0: The European Commission hereby presents to the budgetary authority the amending letter No 3 to the preliminary draft budget for 2006 for the reasons set out in the explanatory memorandum .
Source-TM 0: La Commission européenne présente ci-après à l &apos; autorité budgétaire la lettre rectificative n ° 3 à l &apos; avant-projet de budget 2006 pour les raisons reprises dans l &apos; exposé des motifs .
Source-CR 0: 1 . Chaque État membre établit un réseau rural national qui regroupe les organisations et les administrations travaillant dans le domaine du développement rural .
Target-CR 0: 1 . Each Member State shall establish a national rural network , which groups the organisations and administrations involved in rural development .
-----------------------------
NMT Model 0: 1 . Each European Member State to establish a national rural Italy which amending the letter and preliminary organisations in the for rural development .
