{'baseline_xy': '/root/disk/scratch/model-tmnmt/baseline_fren.npz',
 'baseline_yx': '/root/disk/scratch/model-tmnmt/baseline_enfr.bs64.npz',
 'batch_size': 32,
 'beamsize': 5,
 'build_gate': True,
 'clip_c': 1.0,
 'd_maxlen': 200,
 'datasets': ['/root/workspace/TMNMT/.dataset/tm2.fren/train.fr.top5.shuf.tok',
              '/root/workspace/TMNMT/.dataset/tm2.fren/train.en.top5.shuf.tok',
              '/root/workspace/TMNMT/.dataset/tm2.fren/train.fr.top5.matched.shuf.tok',
              '/root/workspace/TMNMT/.dataset/tm2.fren/train.en.top5.matched.shuf.tok'],
 'decay_c': 0.0,
 'decoder': 'gru_cond',
 'dictionaries': ['/root/workspace/TMNMT/.dataset/tm2.fren/train.fr.top5.shuf.tok.pkl',
                  '/root/workspace/TMNMT/.dataset/tm2.fren/train.en.top5.shuf.tok.pkl',
                  '/root/workspace/TMNMT/.dataset/tm2.fren/train.fr.top5.shuf.tok.pkl',
                  '/root/workspace/TMNMT/.dataset/tm2.fren/train.en.top5.shuf.tok.pkl'],
 'dim': 1024,
 'dim_word': 512,
 'dispFreq': 10,
 'encoder': 'gru',
 'gate_lambda': 0.1,
 'gate_loss': True,
 'lrate': 0.0001,
 'maxlen': 50,
 'normalize': True,
 'only_train_g': True,
 'optimizer': 'adam',
 'overwrite': True,
 'patience': 1000,
 'reload_': True,
 'sampleFreq': 20,
 'saveFreq': 500,
 'saveto': '/root/disk/scratch/model-tmnmt/TM2.v4_fren.ff.32-50.npz',
 'stochastic': False,
 'tm_source': '/root/workspace/TMNMT/.dataset/tm2.fren/devset.fr.matched.tok',
 'tm_target': '/root/workspace/TMNMT/.dataset/tm2.fren/devset.en.matched.tok',
 'trans_from': '/root/workspace/TMNMT/.dataset/tm2.fren/devset.fr.tok',
 'trans_ref': '/root/workspace/TMNMT/.dataset/tm2.fren/devset.en.tok',
 'trans_to': '/root/workspace/TMNMT/.translate/TM2.v1.translate',
 'use_coverage': True,
 'use_dropout': False,
 'use_pretrain': True,
 'validFreq': 100,
 'valid_batch_size': 32,
 'valid_datasets': ['/root/workspace/TMNMT/.dataset/tm2.fren/devset.fr.tok',
                    '/root/workspace/TMNMT/.dataset/tm2.fren/devset.en.tok',
                    '/root/workspace/TMNMT/.dataset/tm2.fren/devset.fr.matched.tok',
                    '/root/workspace/TMNMT/.dataset/tm2.fren/devset.en.matched.tok'],
 'voc_sizes': [20000, 20000, 20000, 20000]}
Building model: X -> Y & Y -> X model
Done.
load the pretrained NMT-models... load ... xy_Wemb
load ... xy_Wemb_dec
load ... xy_encoder_W
load ... xy_encoder_b
load ... xy_encoder_U
load ... xy_encoder_Wx
load ... xy_encoder_bx
load ... xy_encoder_Ux
load ... xy_encoder_r_W
load ... xy_encoder_r_b
load ... xy_encoder_r_U
load ... xy_encoder_r_Wx
load ... xy_encoder_r_bx
load ... xy_encoder_r_Ux
load ... xy_ff_state_W
load ... xy_ff_state_b
load ... xy_decoder_W
load ... xy_decoder_b
load ... xy_decoder_U
load ... xy_decoder_Wx
load ... xy_decoder_Ux
load ... xy_decoder_bx
load ... xy_decoder_U_nl
load ... xy_decoder_b_nl
load ... xy_decoder_Ux_nl
load ... xy_decoder_bx_nl
load ... xy_decoder_Wc
load ... xy_decoder_Wcx
load ... xy_decoder_W_comb_att
load ... xy_decoder_Wc_att
load ... xy_decoder_b_att
load ... xy_decoder_U_att
load ... xy_decoder_c_tt
load ... xy_ff_logit_lstm_W
load ... xy_ff_logit_lstm_b
load ... xy_ff_logit_prev_W
load ... xy_ff_logit_prev_b
load ... xy_ff_logit_ctx_W
load ... xy_ff_logit_ctx_b
load ... xy_ff_logit_W
load ... xy_ff_logit_b
Done.
build forward-attention models (2 models simultaneously)...
Build f_critic... Done
build mapping (bi-linear model)!
Building Mapping functions, ... Done.
build loss function (w/o gate)
build sampler (one-step)
Building f_init... Done
Building f_next... Done
build old sampler
Building f_init... Done
Building f_next... Done
build Cost Function... build Gradient (backward)... Done
Building Optimizers... Done
Build Networks... done!
build_networks: elapsed 258.2312 secs.
Loading data
[33m-------------------------------------------- Main-Loop -------------------------------------------------[0m
Epoch  0 Update  1 Cost  174.500259399 G 30.5286464691 execute: elapsed 1.2371 secs.
Epoch  0 Update  2 Cost  157.418426514 G 27.0028839111 execute: elapsed 1.0897 secs.
Epoch  0 Update  3 Cost  143.01852417 G 25.282409668 execute: elapsed 1.0980 secs.
Epoch  0 Update  4 Cost  136.99458313 G 22.7013244629 execute: elapsed 1.0323 secs.
Epoch  0 Update  5 Cost  106.121948242 G 20.2866439819 execute: elapsed 0.8538 secs.
Epoch  0 Update  6 Cost  99.9178771973 G 17.493139267 execute: elapsed 0.8436 secs.
Epoch  0 Update  7 Cost  80.6503219604 G 15.4180183411 execute: elapsed 0.7579 secs.
Epoch  0 Update  8 Cost  58.7838745117 G 13.1370239258 execute: elapsed 0.7278 secs.
Epoch  0 Update  9 Cost  60.5233535767 G 11.1438732147 execute: elapsed 0.6622 secs.
Epoch  0 Update  10 Cost  48.1328430176 G 10.1064558029 execute: elapsed 0.5383 secs.
Epoch  0 Update  11 Cost  38.6494026184 G 8.9206867218 execute: elapsed 0.5336 secs.
Epoch  0 Update  12 Cost  24.799621582 G 7.07832336426 execute: elapsed 0.4917 secs.
Epoch  0 Update  13 Cost  23.4115219116 G 6.12490606308 execute: elapsed 0.4142 secs.
Epoch  0 Update  14 Cost  20.0665092468 G 5.09289693832 execute: elapsed 0.4507 secs.
Epoch  0 Update  15 Cost  20.1311016083 G 4.35036468506 execute: elapsed 0.3636 secs.
Epoch  0 Update  16 Cost  65.0885009766 G 13.7489995956 execute: elapsed 1.3511 secs.
Epoch  0 Update  17 Cost  137.985671997 G 26.5413093567 execute: elapsed 1.2568 secs.
Epoch  0 Update  18 Cost  127.617797852 G 24.4808158875 execute: elapsed 1.0961 secs.
Epoch  0 Update  19 Cost  140.319824219 G 23.6086826324 execute: elapsed 1.0244 secs.
Epoch  0 Update  20 Cost  112.818382263 G 21.6091384888 execute: elapsed 0.9173 secs.
