{'baseline_xy': '/root/disk/scratch/model-tmnmt/baseline_fren.npz',
 'baseline_yx': '/root/disk/scratch/model-tmnmt/baseline_enfr.bs64.npz',
 'batch_size': 32,
 'beamsize': 5,
 'build_gate': True,
 'clip_c': 1.0,
 'd_maxlen': 200,
 'datasets': ['/root/workspace/TMNMT/.dataset/tm2.fren/train.fr.top5.shuf.tok',
              '/root/workspace/TMNMT/.dataset/tm2.fren/train.en.top5.shuf.tok',
              '/root/workspace/TMNMT/.dataset/tm2.fren/train.fr.top5.matched.shuf.tok',
              '/root/workspace/TMNMT/.dataset/tm2.fren/train.en.top5.matched.shuf.tok'],
 'decay_c': 0.0,
 'decoder': 'gru_cond',
 'dictionaries': ['/root/workspace/TMNMT/.dataset/tm2.fren/train.fr.top5.shuf.tok.pkl',
                  '/root/workspace/TMNMT/.dataset/tm2.fren/train.en.top5.shuf.tok.pkl',
                  '/root/workspace/TMNMT/.dataset/tm2.fren/train.fr.top5.shuf.tok.pkl',
                  '/root/workspace/TMNMT/.dataset/tm2.fren/train.en.top5.shuf.tok.pkl'],
 'dim': 1024,
 'dim_word': 512,
 'dispFreq': 10,
 'encoder': 'gru',
 'gate_lambda': 0.1,
 'gate_loss': True,
 'lrate': 0.0001,
 'maxlen': 50,
 'normalize': True,
 'only_train_g': True,
 'optimizer': 'adam',
 'overwrite': True,
 'patience': 1000,
 'reload_': True,
 'sampleFreq': 20,
 'saveFreq': 500,
 'saveto': '/root/disk/scratch/model-tmnmt/TM2.v5_fren.ff.32-50.npz',
 'stochastic': False,
 'tm_source': '/root/workspace/TMNMT/.dataset/tm2.fren/devset.fr.matched.tok',
 'tm_target': '/root/workspace/TMNMT/.dataset/tm2.fren/devset.en.matched.tok',
 'trans_from': '/root/workspace/TMNMT/.dataset/tm2.fren/devset.fr.tok',
 'trans_ref': '/root/workspace/TMNMT/.dataset/tm2.fren/devset.en.tok',
 'trans_to': '/root/workspace/TMNMT/.translate/TM2.v1.translate',
 'use_coverage': False,
 'use_dropout': False,
 'use_pretrain': True,
 'validFreq': 100,
 'valid_batch_size': 32,
 'valid_datasets': ['/root/workspace/TMNMT/.dataset/tm2.fren/devset.fr.tok',
                    '/root/workspace/TMNMT/.dataset/tm2.fren/devset.en.tok',
                    '/root/workspace/TMNMT/.dataset/tm2.fren/devset.fr.matched.tok',
                    '/root/workspace/TMNMT/.dataset/tm2.fren/devset.en.matched.tok'],
 'voc_sizes': [20000, 20000, 20000, 20000]}
Building model: X -> Y & Y -> X model
Done.
load the pretrained NMT-models... load ... xy_Wemb
load ... xy_Wemb_dec
load ... xy_encoder_W
load ... xy_encoder_b
load ... xy_encoder_U
load ... xy_encoder_Wx
load ... xy_encoder_bx
load ... xy_encoder_Ux
load ... xy_encoder_r_W
load ... xy_encoder_r_b
load ... xy_encoder_r_U
load ... xy_encoder_r_Wx
load ... xy_encoder_r_bx
load ... xy_encoder_r_Ux
load ... xy_ff_state_W
load ... xy_ff_state_b
load ... xy_decoder_W
load ... xy_decoder_b
load ... xy_decoder_U
load ... xy_decoder_Wx
load ... xy_decoder_Ux
load ... xy_decoder_bx
load ... xy_decoder_U_nl
load ... xy_decoder_b_nl
load ... xy_decoder_Ux_nl
load ... xy_decoder_bx_nl
load ... xy_decoder_Wc
load ... xy_decoder_Wcx
load ... xy_decoder_W_comb_att
load ... xy_decoder_Wc_att
load ... xy_decoder_b_att
load ... xy_decoder_U_att
load ... xy_decoder_c_tt
load ... xy_ff_logit_lstm_W
load ... xy_ff_logit_lstm_b
load ... xy_ff_logit_prev_W
load ... xy_ff_logit_prev_b
load ... xy_ff_logit_ctx_W
load ... xy_ff_logit_ctx_b
load ... xy_ff_logit_W
load ... xy_ff_logit_b
Done.
build forward-attention models (2 models simultaneously)...
Build f_critic... Done
build mapping (bi-linear model)!
Building Mapping functions, ... Done.
build loss function (w/o gate)
build sampler (one-step)
Building f_init... Done
Building f_next... Done
build old sampler
Building f_init... Done
Building f_next... Done
build Cost Function... build Gradient (backward)... Done
Building Optimizers... Done
Build Networks... done!
build_networks: elapsed 250.6121 secs.
Loading data
[33m-------------------------------------------- Main-Loop -------------------------------------------------[0m
Epoch  0 Update  1 Cost  169.260070801 G 31.411819458 execute: elapsed 0.6454 secs.
Epoch  0 Update  2 Cost  148.225280762 G 28.1043319702 execute: elapsed 0.6306 secs.
Epoch  0 Update  3 Cost  131.77130127 G 27.3055171967 execute: elapsed 0.5771 secs.
Epoch  0 Update  4 Cost  125.579803467 G 30.6731491089 execute: elapsed 0.4692 secs.
Epoch  0 Update  5 Cost  92.8798370361 G 29.8147697449 execute: elapsed 0.5545 secs.
Epoch  0 Update  6 Cost  89.3671875 G 30.7638168335 execute: elapsed 0.4227 secs.
Epoch  0 Update  7 Cost  70.9625549316 G 32.1630516052 execute: elapsed 0.3979 secs.
Epoch  0 Update  8 Cost  50.692779541 G 30.3472671509 execute: elapsed 0.4932 secs.
Epoch  0 Update  9 Cost  56.0940933228 G 26.9163818359 execute: elapsed 0.3769 secs.
Epoch  0 Update  10 Cost  41.2163314819 G 19.1805419922 execute: elapsed 0.3111 secs.
Epoch  0 Update  11 Cost  32.5853996277 G 16.6184768677 execute: elapsed 0.3894 secs.
Epoch  0 Update  12 Cost  20.9475269318 G 14.335978508 execute: elapsed 0.3085 secs.
Epoch  0 Update  13 Cost  18.9023571014 G 11.9225502014 execute: elapsed 0.2910 secs.
Epoch  0 Update  14 Cost  17.4750576019 G 7.86673355103 execute: elapsed 0.3569 secs.
Epoch  0 Update  15 Cost  18.1542987823 G 4.64203596115 execute: elapsed 0.2973 secs.
Epoch  0 Update  16 Cost  55.1278266907 G 27.3463726044 execute: elapsed 0.6486 secs.
Epoch  0 Update  17 Cost  119.678848267 G 57.0960426331 execute: elapsed 0.6110 secs.
Epoch  0 Update  18 Cost  110.423538208 G 44.1153717041 execute: elapsed 0.5227 secs.
Epoch  0 Update  19 Cost  127.040039062 G 35.230682373 execute: elapsed 0.6054 secs.
Epoch  0 Update  20 Cost  98.5949783325 G 32.657409668 execute: elapsed 0.5572 secs.
=============================
Target-TM 0: ( 163 ) Where necessary for reasons of confidentiality , indices are used to show the evolution of trends .
Source-TM 0: ( 163 ) Lorsque le respect de la confidentialité l &apos; [32mexigeait[0m , l &quot; évolution des tendances a été décrite à l &apos; aide d &apos; indices .
Source-CR 0: - si nécessaire pour des raisons de preuve juridique , que ces soumissions sont confirmées dans les meilleurs délais par écrit ou par l &apos; envoi d &apos; une copie certifiée ,
Target-CR 0: - that , where necessary , for reasons of legal proof , such tenders are confirmed as soon as possible in writing or by dispatch of a certified copy ,
-----------------------------
NMT Model 0: - if necessary for reasons of x establishment , that such proceedings are aspects in the free-at-Community-frontier manner in nationals or by the case of a euro 202 ,
Copy Prob 0: [34m-[0m [34mif[0m [34mnecessary[0m [34mfor[0m [34mreasons[0m [34mof[0m [34mx[0m [34mestablishment[0m [34m,[0m [34mthat[0m [34msuch[0m [34mproceedings[0m [34mare[0m [34maspects[0m [34min[0m [34mthe[0m [34mfree-at-Community-frontier[0m [34mmanner[0m [34min[0m [34mnationals[0m [34mor[0m [34mby[0m [34mthe[0m [34mcase[0m [34mof[0m [34ma[0m [34meuro[0m [34m202[0m [33m,[0m
Copy Gate 0: [34m-[0m [34mif[0m [36mnecessary[0m [34mfor[0m [32mreasons[0m [34mof[0m [32mx[0m [34mestablishment[0m [34m,[0m [34mthat[0m [36msuch[0m [36mproceedings[0m [34mare[0m [32maspects[0m [34min[0m [34mthe[0m [34mfree-at-Community-frontier[0m [36mmanner[0m [34min[0m [36mnationals[0m [34mor[0m [34mby[0m [36mthe[0m [36mcase[0m [34mof[0m [34ma[0m [36meuro[0m [36m202[0m [34m,[0m

=============================
Target-TM 1: This Decision shall be brought into application one year from the date of its publication in the Official Journal of the European Communities .
Source-TM 1: La présente décision est mise en application un an à compter de sa publication au Journal officiel des Communautés européennes .
Source-CR 1: La décision prévue au premier alinéa est portée à la connaissance de tous les intéressés par publication au [32mJounal[0m officiel des Communautés européennes .
Target-CR 1: The decisions referred to in the first subparagraph shall be brought to the notice of all interested parties by their [32mrepublication[0m in the Official Journal of the European Communities .
-----------------------------
NMT Model 1: The decision provided for in the second legal shall be appointed to the harmonised of all accession parties to the Official Journal of the European Communities .
Copy Prob 1: [34mThe[0m [34mdecision[0m [34mprovided[0m [34mfor[0m [34min[0m [34mthe[0m [34msecond[0m [34mlegal[0m [34mshall[0m [34mbe[0m [34mappointed[0m [34mto[0m [34mthe[0m [34mharmonised[0m [34mof[0m [34mall[0m [34maccession[0m [34mparties[0m [34mto[0m [34mthe[0m [33mOfficial[0m [34mJournal[0m [34mof[0m [34mthe[0m [34mEuropean[0m [34mCommunities[0m [34m.[0m
Copy Gate 1: [34mThe[0m [34mdecision[0m [34mprovided[0m [34mfor[0m [34min[0m [34mthe[0m [34msecond[0m [34mlegal[0m [34mshall[0m [34mbe[0m [36mappointed[0m [34mto[0m [34mthe[0m [34mharmonised[0m [34mof[0m [34mall[0m [36maccession[0m [36mparties[0m [34mto[0m [34mthe[0m [34mOfficial[0m [34mJournal[0m [34mof[0m [34mthe[0m [34mEuropean[0m [34mCommunities[0m [34m.[0m

=============================
Target-TM 2: ( B ) &quot; regulated market &quot; means a market as defined in Article 4 ( 1 ) , point 14 , of Directive 2004 / 39 / EC of the European Parliament and of the Council &#91; 12 &#93; ;
Source-TM 2: ( B ) &quot; marché réglementé &quot; : Un marché au sens de l &apos; article 4 , paragraphe 1 , point 14 , de la directive 2004 / 39 / CE du Parlement européen et du Conseil &#91; 12 &#93; ;
Source-CR 2: C ) &quot; marché réglementé &quot; : Un marché au sens de l &apos; article 4 , paragraphe 1 , point 14 ) , de la directive 2004 / 39 / CE ;
Target-CR 2: ( C ) &quot; regulated market &quot; means a market as defined in Article 4 ( 1 ) , point 14 , of Directive 2004 / 39 / EC ;
-----------------------------
NMT Model 2: ( C ) &quot; UNK market &quot; means a market as defined in Article 4 ( 1 ) ( 14 ) of Directive 2004 / sustainable / EC ;
Copy Prob 2: [34m([0m [34mC[0m [34m)[0m [34m&quot;[0m [33mmarket[0m [34m&quot;[0m [34mmeans[0m [34ma[0m [34mmarket[0m [34mas[0m [34mdefined[0m [34min[0m [34mArticle[0m [34m4[0m [34m([0m [34m1[0m [34m)[0m [34m([0m [34m14[0m [34m)[0m [34mof[0m [34mDirective[0m [34m2004[0m [34m/[0m [34msustainable[0m [34m/[0m [34mEC[0m [34m;[0m
Copy Gate 2: [34m([0m [34mC[0m [34m)[0m [36m&quot;[0m [32mmarket[0m [36m&quot;[0m [34mmeans[0m [36ma[0m [32mmarket[0m [36mas[0m [34mdefined[0m [34min[0m [34mArticle[0m [34m4[0m [34m([0m [34m1[0m [34m)[0m [34m([0m [34m14[0m [34m)[0m [34mof[0m [34mDirective[0m [34m2004[0m [34m/[0m [34msustainable[0m [34m/[0m [36mEC[0m [34m;[0m

=============================
Target-TM 3: ( A ) methodological studies and projects aimed at optimising and standardising methods of collecting the data defined in Article 1 of Regulation ( EC ) No 1543 / 2000 ;
Source-TM 3: A ) les études et projets méthodologiques visant à l &apos; optimisation et à la standardisation des procédures de collecte et de gestion des données définies à l &apos; article 1er du règlement ( CE ) n ° 1543 / 2000 ;
Source-CR 3: ( 3 ) Ces quatre méthodes peuvent être reconnues comme méthodes communautaires de référence et doivent être ajoutées à l &apos; annexe du règlement ( CE ) n ° [32m2870[0m / 2000 .
Target-CR 3: ( 3 ) These four methods may be recognised as Community reference methods and must be added to the Annex to Regulation ( EC ) No [32m2870[0m / 2000 .
-----------------------------
NMT Model 3: ( 3 ) These methods can be PROGRAMME as Community reference methods and should be UNK in the Annex to Regulation ( EC ) No UNK / 2000 .
Copy Prob 3: [34m([0m [34m3[0m [34m)[0m [34mThese[0m [34mmethods[0m [34mcan[0m [34mbe[0m [34mPROGRAMME[0m [34mas[0m [34mCommunity[0m [34mreference[0m [34mmethods[0m [34mand[0m [34mshould[0m [34mbe[0m [34mrepealed[0m [32min[0m [34mthe[0m [34mAnnex[0m [34mto[0m [34mRegulation[0m [34m([0m [34mEC[0m [34m)[0m [34mNo[0m [34mtwelve-month[0m [34m/[0m [34m2000[0m [34m.[0m
Copy Gate 3: [34m([0m [34m3[0m [34m)[0m [34mThese[0m [36mmethods[0m [34mcan[0m [36mbe[0m [32mPROGRAMME[0m [34mas[0m [36mCommunity[0m [36mreference[0m [34mmethods[0m [34mand[0m [34mshould[0m [34mbe[0m [36mrepealed[0m [34min[0m [34mthe[0m [34mAnnex[0m [34mto[0m [34mRegulation[0m [34m([0m [34mEC[0m [34m)[0m [34mNo[0m [34mtwelve-month[0m [34m/[0m [34m2000[0m [34m.[0m

=============================
Target-TM 4: In accordance with Article 7 ( 3 ) ( d ) , applications shall identify one or more bodies to inspect the agricultural products or foodstuffs in question .
Source-TM 4: Conformément à l &apos; article 7 , paragraphe 3 , point d ) , la demande d &apos; enregistrement identifie un ou plusieurs organismes qui [32mcontrôleront[0m les produits agricoles ou denrées alimentaires en question .
Source-CR 4: Si la production a lieu dans un pays tiers , la demande d &apos; enregistrement identifie un ou plusieurs organismes , publics ou privés , qui [32mréaliseront[0m les contrôles visés au premier alinéa .
Target-CR 4: If production takes place in a third country , applications shall identify one or more public or private bodies to undertake the controls referred to in the first subparagraph .
-----------------------------
NMT Model 4: Where the production takes place in a third country , the 6. registration application one or more field , public or any body which UNK the day referred to in the second paragraph .
Copy Prob 4: [34mWhere[0m [34mthe[0m [34mproduction[0m [34mtakes[0m [34mplace[0m [33min[0m [34ma[0m [34mthird[0m [34mcountry[0m [33m,[0m [33mthe[0m [34m6.[0m [34mregistration[0m [34mrequest[0m [33mone[0m [33mor[0m [33mmore[0m [34mfield[0m [33m,[0m [34mpublic[0m [33mor[0m [34many[0m [34mfield[0m [34mwhich[0m [34mthe[0m [34mday[0m [34mreferred[0m [32mto[0m [33min[0m [33mthe[0m [34msecond[0m [34mparagraph[0m [34mare[0m [34mconcerned[0m [33m.[0m
Copy Gate 4: [36mWhere[0m [36mthe[0m [32mproduction[0m [34mtakes[0m [36mplace[0m [34min[0m [34ma[0m [36mthird[0m [36mcountry[0m [34m,[0m [36mthe[0m [36m6.[0m [32mregistration[0m [36mrequest[0m [34mone[0m [34mor[0m [34mmore[0m [36mfield[0m [34m,[0m [34mpublic[0m [34mor[0m [34many[0m [36mfield[0m [34mwhich[0m [34mthe[0m [32mday[0m [34mreferred[0m [34mto[0m [34min[0m [34mthe[0m [34msecond[0m [34mparagraph[0m [34mare[0m [34mconcerned[0m [34m.[0m

Epoch  0 Update  21 Cost  87.1159820557 G 30.0671234131 execute: elapsed 0.4869 secs.
Epoch  0 Update  22 Cost  82.720993042 G 29.2816390991 execute: elapsed 0.5085 secs.
Epoch  0 Update  23 Cost  79.4197769165 G 23.1980628967 execute: elapsed 0.4377 secs.
Epoch  0 Update  24 Cost  48.1203689575 G 23.79246521 execute: elapsed 0.4204 secs.
Epoch  0 Update  25 Cost  39.5248641968 G 21.7513046265 execute: elapsed 0.4213 secs.
Epoch  0 Update  26 Cost  32.0524177551 G 20.096950531 execute: elapsed 0.3420 secs.
Epoch  0 Update  27 Cost  26.7594261169 G 15.2032661438 execute: elapsed 0.2917 secs.
Epoch  0 Update  28 Cost  25.8167991638 G 13.0472831726 execute: elapsed 0.3750 secs.
Epoch  0 Update  29 Cost  16.6161346436 G 10.7276659012 execute: elapsed 0.2874 secs.
Epoch  0 Update  30 Cost  18.6520195007 G 5.68727684021 execute: elapsed 0.2811 secs.
Epoch  0 Update  31 Cost  18.6458129883 G 5.40149879456 execute: elapsed 0.5743 secs.
Epoch  0 Update  32 Cost  158.354766846 G 63.9605255127 execute: elapsed 0.6403 secs.
Epoch  0 Update  33 Cost  119.202323914 G 58.1002464294 execute: elapsed 0.5412 secs.
Epoch  0 Update  34 Cost  123.029060364 G 49.069190979 execute: elapsed 0.6125 secs.
Epoch  0 Update  35 Cost  114.283676147 G 37.8208885193 execute: elapsed 0.4923 secs.
Epoch  0 Update  36 Cost  101.250213623 G 35.422039032 execute: elapsed 0.5158 secs.
Epoch  0 Update  37 Cost  78.3844604492 G 27.9193439484 execute: elapsed 0.4956 secs.
Epoch  0 Update  38 Cost  76.0332794189 G 25.3511390686 execute: elapsed 0.4478 secs.
Epoch  0 Update  39 Cost  56.3967666626 G 22.1985549927 execute: elapsed 0.4644 secs.
Epoch  0 Update  40 Cost  48.1629562378 G 21.9261360168 execute: elapsed 0.4002 secs.
=============================
Target-TM 0: Having regard to the Treaty establishing the European Economic Community , and in particular Articles 42 and 43 thereof ,
Source-TM 0: Vu le traité instituant la Communauté européenne , et notamment ses articles 42 et 43 ,
Source-CR 0: Vu le traité instituant la Communauté économique européenne , et notamment ses articles 42 et 43 ,
Target-CR 0: Having regard to the Treaty establishing the European Economic Community and in particular Articles 42 and 43 thereof ,
-----------------------------
NMT Model 0: Having regard to the Treaty establishing the European Chapter Community , and in particular Articles 42 and 43 thereof ,
Copy Prob 0: [34mHaving[0m [34mregard[0m [34mto[0m [34mthe[0m [34mTreaty[0m [34mestablishing[0m [34mthe[0m [34mEuropean[0m [34mChapter[0m [34mCommunity[0m [34m,[0m [34mand[0m [34min[0m [34mparticular[0m [34mArticles[0m [34m42[0m [34mand[0m [34m43[0m [34mthereof[0m [34m,[0m
Copy Gate 0: [36mHaving[0m [36mregard[0m [34mto[0m [34mthe[0m [34mTreaty[0m [34mestablishing[0m [34mthe[0m [36mEuropean[0m [36mChapter[0m [34mCommunity[0m [34m,[0m [34mand[0m [36min[0m [36mparticular[0m [34mArticles[0m [36m42[0m [34mand[0m [34m43[0m [34mthereof[0m [34m,[0m

=============================
Target-TM 1: Private sector &#124; &#124; - &#124; 1,18 &#124; 1,18 &#124;
Source-TM 1: Secteur privé &#124; &#124; - &#124; 1,18 &#124; 1,18 &#124;
Source-CR 1: 4 . Absence de fiche de réception &#124; 606 &#124; 77 &#124; 101 &#124; [32m1399[0m &#124; [32m2183[0m &#124; 1,18 &#124;
Target-CR 1: 4 . No type-approval certificate &#124; 606 &#124; 77 &#124; 101 &#124; [32m1399[0m &#124; [32m2183[0m &#124; 1,18 &#124;
-----------------------------
NMT Model 1: 4 . UNK of 1982 of type-approval &#124; m &#124; 77 &#124; 493 &#124; UNK &#124; UNK &#124; bromide &#124;
Copy Prob 1: [34m4[0m [34m.[0m [33mPrivate[0m [34mfrom[0m [34m1982[0m [34mof[0m [34mtype-approval[0m [33m&#124;[0m [33m&#124;[0m [34mm[0m [33m&#124;[0m [34m77[0m [33m&#124;[0m [34m493[0m [33m&#124;[0m [33mPrivate[0m [33m&#124;[0m [33m1,18[0m [33m&#124;[0m [34mbromide[0m [34m&#124;[0m
Copy Gate 1: [34m4[0m [34m.[0m [32mPrivate[0m [36mfrom[0m [32m1982[0m [36mof[0m [32mtype-approval[0m [34m&#124;[0m [32m&#124;[0m [36mm[0m [34m&#124;[0m [32m77[0m [34m&#124;[0m [36m493[0m [34m&#124;[0m [34mPrivate[0m [34m&#124;[0m [34m1,18[0m [34m&#124;[0m [32mbromide[0m [34m&#124;[0m

=============================
Target-TM 2: Title of aid scheme or name of company receiving individual aid &#124; [32mGlaPilk[0m , [32mA.I.E.[0m &#124;
Source-TM 2: Intitulé du régime d &apos; aides ou nom de l &apos; entreprise bénéficiaire de l &apos; aide individuelle &#124; [32mGLAPILCK[0m , [32mA.I.E.[0m &#124;
Source-CR 2: Intitulé du régime d &apos; aides ou nom de l &apos; entreprise bénéficiaire de l &apos; aide individuelle &#124; [32mElton[0m [32mMoss[0m [32mBridge[0m [32mBoat[0m [32mHire[0m ( Location de bateaux à [32mElton[0m [32mMoss[0m [32mBridge[0m ) &#124;
Target-CR 2: Title of aid scheme or name of company receiving individual aid &#124; [32mElton[0m [32mMoss[0m [32mBridge[0m [32mBoat[0m Hire &#124;
-----------------------------
NMT Model 2: UNK or undertakings of the company 81 appropriate aid &#124; UNK UNK UNK UNK UNK ( UNK to UNK UNK UNK ) &#124;
Copy Prob 2: [33mof[0m [34mthe[0m [32maid[0m [33mscheme[0m [33mor[0m [34mundertakings[0m [33mof[0m [34mthe[0m [34mcompany[0m [34m81[0m [34mappropriate[0m [34maid[0m [33m&#124;[0m [34mconcert[0m [34m&apos;[0m [34ms[0m [34mRepublic[0m [33mof[0m [33mindividual[0m [33maid[0m [34mscheme[0m [33m&#124;[0m
Copy Gate 2: [36mof[0m [36mthe[0m [36maid[0m [36mscheme[0m [34mor[0m [36mundertakings[0m [34mof[0m [36mthe[0m [36mcompany[0m [36m81[0m [36mappropriate[0m [36maid[0m [34m&#124;[0m [34mconcert[0m [34m&apos;[0m [34ms[0m [36mRepublic[0m [34mof[0m [36mindividual[0m [36maid[0m [34mscheme[0m [34m&#124;[0m

=============================
Target-TM 3: ( A ) the necessary implementing measures have been adopted ;
Source-TM 3: A ) les mesures d &apos; application nécessaires ont été adoptées ,
Source-CR 3: - le système existe et est reconnu officiellement au moment de l &apos; adoption de la présente directive ,
Target-CR 3: - the system must be in existence and have been officially recognized when this Directive is adopted ,
-----------------------------
NMT Model 3: - the system is laws and recognised as follows :
Copy Prob 3: [34m-[0m [34mthe[0m [34msystem[0m [34mis[0m [34mlaws[0m [34mand[0m [34mrecognised[0m [34mas[0m [34mfollows[0m [34m:[0m
Copy Gate 3: [34m-[0m [34mthe[0m [34msystem[0m [36mis[0m [36mlaws[0m [34mand[0m [36mrecognised[0m [34mas[0m [34mfollows[0m [34m:[0m

=============================
Target-TM 4: &#91; 73 &#93; OJ No L 387 , 31 . 12 . 1987 , p . 36 .
Source-TM 4: ( 73 ) JO n ° L 387 du 31 . 12 . 1987 , p. 36 .
Source-CR 4: ( 82 ) JO n ° L 387 du 31 . 12 . 1987 , p. 76 .
Target-CR 4: &#91; 82 &#93; OJ No L 387 , 31 . 12 . 1987 , p . 76 .
-----------------------------
NMT Model 4: &#91; 82 &#93; OJ No L 723 , 31 . 12 . 1987 , p . UNK .
Copy Prob 4: [34m&#91;[0m [34m82[0m [34m&#93;[0m [34mOJ[0m [34mNo[0m [34mL[0m [33m387[0m [32m,[0m [34m31[0m [34m.[0m [34m12[0m [34m.[0m [34m1987[0m [34m,[0m [34mp[0m [34m.[0m [33m,[0m
Copy Gate 4: [34m&#91;[0m [34m82[0m [34m&#93;[0m [34mOJ[0m [34mNo[0m [34mL[0m [32m387[0m [36m,[0m [34m31[0m [34m.[0m [34m12[0m [34m.[0m [36m1987[0m [34m,[0m [34mp[0m [36m.[0m [32m,[0m

Epoch  0 Update  41 Cost  44.444568634 G 14.1843414307 execute: elapsed 0.3641 secs.
Epoch  0 Update  42 Cost  29.4221954346 G 16.8141975403 execute: elapsed 0.3558 secs.
Epoch  0 Update  43 Cost  29.655632019 G 10.7875671387 execute: elapsed 0.3372 secs.
Epoch  0 Update  44 Cost  15.1894388199 G 11.4512214661 execute: elapsed 0.3222 secs.
Epoch  0 Update  45 Cost  16.3022994995 G 9.22041320801 execute: elapsed 0.2521 secs.
Epoch  0 Update  46 Cost  21.4437332153 G 5.25758504868 execute: elapsed 0.2623 secs.
Epoch  0 Update  47 Cost  14.223405838 G 2.65805053711 execute: elapsed 0.2572 secs.
Epoch  0 Update  48 Cost  128.590148926 G 53.278503418 execute: elapsed 0.6489 secs.
Epoch  0 Update  49 Cost  120.976593018 G 43.535949707 execute: elapsed 0.5688 secs.
Epoch  0 Update  50 Cost  119.178161621 G 40.8859786987 execute: elapsed 0.5607 secs.
Epoch  0 Update  51 Cost  90.4237670898 G 36.4181900024 execute: elapsed 0.5248 secs.
Epoch  0 Update  52 Cost  88.5185928345 G 32.9398155212 execute: elapsed 0.4698 secs.
Epoch  0 Update  53 Cost  67.0770797729 G 31.5194282532 execute: elapsed 0.4817 secs.
Epoch  0 Update  54 Cost  69.6889648438 G 24.774974823 execute: elapsed 0.4407 secs.
Epoch  0 Update  55 Cost  55.189125061 G 21.3348350525 execute: elapsed 0.3966 secs.
Epoch  0 Update  56 Cost  48.2426681519 G 19.477809906 execute: elapsed 0.3410 secs.
Epoch  0 Update  57 Cost  33.6308097839 G 17.9944915771 execute: elapsed 0.2892 secs.
Epoch  0 Update  58 Cost  33.2743301392 G 15.2118988037 execute: elapsed 0.3230 secs.
Epoch  0 Update  59 Cost  18.621837616 G 15.2454795837 execute: elapsed 0.3164 secs.
Epoch  0 Update  60 Cost  16.6271781921 G 12.8807926178 execute: elapsed 0.2661 secs.
=============================
Target-TM 0: 8 . In Annex VI , part 2 :
Source-TM 0: 8 ) à l &apos; annexe VI deuxième partie :
Source-CR 0: 8 ) À l &apos; annexe VII deuxième partie :
Target-CR 0: 8 . In Annex VII , Part 2 :
-----------------------------
NMT Model 0: 8. in Annex VII , Part 2 :
Copy Prob 0: [34m8[0m [33m.[0m [33mIn[0m [34mAnnex[0m [34mVII[0m [34m,[0m [34mPart[0m [34m2[0m [34m:[0m
Copy Gate 0: [34m8[0m [34m.[0m [34mIn[0m [34mAnnex[0m [34mVII[0m [34m,[0m [34mPart[0m [36m2[0m [34m:[0m

=============================
Target-TM 1: Commission Regulation ( EC ) No 723 / 2006
Source-TM 1: Règlement ( CE ) no 723 / 2006 de la Commission
Source-CR 1: Règlement ( CE ) no 835 / 2006 de la Commission
Target-CR 1: Commission Regulation ( EC ) No 835 / 2006
-----------------------------
NMT Model 1: Commission Regulation ( EC ) No 740 / 2006
Copy Prob 1: [34mCommission[0m [34mRegulation[0m [34m([0m [34mEC[0m [34m)[0m [34mNo[0m [34m740[0m [34m/[0m [34m2006[0m
Copy Gate 1: [34mCommission[0m [36mRegulation[0m [34m([0m [34mEC[0m [34m)[0m [34mNo[0m [34m740[0m [34m/[0m [34m2006[0m

=============================
Target-TM 2: Commission Regulation ( EEC ) No [32m3131[0m / 78
Source-TM 2: Règlement ( CEE ) no [32m3131[0m / 78 de la Commission
Source-CR 2: Règlement ( CEE ) no [32m1193[0m / 78 de la Commission
Target-CR 2: Commission Regulation ( EEC ) No [32m1193[0m / 78
-----------------------------
NMT Model 2: Commission Regulation ( EEC ) No UNK / 86 of the Commission
Copy Prob 2: [34mCommission[0m [34mRegulation[0m [34m([0m [34mEEC[0m [34m)[0m [34mNo[0m [31m3131[0m [33m/[0m [33m78[0m
Copy Gate 2: [34mCommission[0m [36mRegulation[0m [34m([0m [34mEEC[0m [34m)[0m [34mNo[0m [34m3131[0m [34m/[0m [36m78[0m

=============================
Target-TM 3: Commission Regulation ( EC ) No 553 / 2005
Source-TM 3: Règlement ( CE ) no 553 / 2005 de la Commission
Source-CR 3: Règlement ( CE ) no 617 / 2005 de la Commission
Target-CR 3: Commission Regulation ( EC ) No 617 / 2005
-----------------------------
NMT Model 3: Commission Regulation ( EC ) No Efforts / 2005
Copy Prob 3: [34mCommission[0m [34mRegulation[0m [34m([0m [34mEC[0m [34m)[0m [34mNo[0m [33m2005[0m [34m/[0m [34m2005[0m
Copy Gate 3: [34mCommission[0m [36mRegulation[0m [34m([0m [34mEC[0m [34m)[0m [34mNo[0m [32m2005[0m [34m/[0m [34m2005[0m

=============================
Target-TM 4: Commission Regulation ( EC ) No 305 / 2002
Source-TM 4: Règlement ( CE ) no 305 / 2002 de la Commission
Source-CR 4: Règlement ( CE ) no 181 / 2002 de la Commission
Target-CR 4: Commission Regulation ( EC ) No 181 / 2002
-----------------------------
NMT Model 4: Commission Regulation ( EC ) No offences / 2002
Copy Prob 4: [34mCommission[0m [34mRegulation[0m [34m([0m [34mEC[0m [34m)[0m [34mNo[0m [34moffences[0m [34m/[0m [34m2002[0m
Copy Gate 4: [34mCommission[0m [34mRegulation[0m [34m([0m [34mEC[0m [34m)[0m [34mNo[0m [34moffences[0m [34m/[0m [34m2002[0m

Epoch  0 Update  61 Cost  18.2188529968 G 8.7229681015 execute: elapsed 0.2977 secs.
Epoch  0 Update  62 Cost  17.2454414368 G 6.36131858826 execute: elapsed 0.3003 secs.
Epoch  0 Update  63 Cost  28.8970336914 G 6.61277008057 execute: elapsed 0.5647 secs.
Epoch  0 Update  64 Cost  134.6222229 G 40.4374313354 execute: elapsed 0.6286 secs.
Epoch  0 Update  65 Cost  124.834815979 G 37.1718444824 execute: elapsed 0.5376 secs.
Epoch  0 Update  66 Cost  102.52381134 G 34.6300735474 execute: elapsed 0.6084 secs.
Epoch  0 Update  67 Cost  96.2108306885 G 29.5631256104 execute: elapsed 0.5277 secs.
Epoch  0 Update  68 Cost  106.110954285 G 27.2524528503 execute: elapsed 0.4526 secs.
Epoch  0 Update  69 Cost  73.6888275146 G 25.9212932587 execute: elapsed 0.4963 secs.
Epoch  0 Update  70 Cost  69.9525222778 G 26.9098320007 execute: elapsed 0.4156 secs.
Epoch  0 Update  71 Cost  64.8524475098 G 24.0831546783 execute: elapsed 0.3945 secs.
Epoch  0 Update  72 Cost  45.6482467651 G 25.4046077728 execute: elapsed 0.4271 secs.
Epoch  0 Update  73 Cost  30.8577308655 G 20.9236412048 execute: elapsed 0.3393 secs.
Epoch  0 Update  74 Cost  23.1318206787 G 19.2857513428 execute: elapsed 0.3334 secs.
Epoch  0 Update  75 Cost  14.8341140747 G 15.9365520477 execute: elapsed 0.2383 secs.
Epoch  0 Update  76 Cost  15.9575996399 G 11.3939361572 execute: elapsed 0.3418 secs.
Epoch  0 Update  77 Cost  17.0073394775 G 10.005443573 execute: elapsed 0.2979 secs.
Epoch  0 Update  78 Cost  16.9772033691 G 3.61083698273 execute: elapsed 0.2654 secs.
Epoch  0 Update  79 Cost  117.003326416 G 51.2871131897 execute: elapsed 0.6870 secs.
Epoch  0 Update  80 Cost  124.71711731 G 45.894493103 execute: elapsed 0.6023 secs.
=============================
Target-TM 0: &#91; 1 &#93; Council Regulation ( EC ) No 659 / 1999 of 22 March 1999 laying down detailed rules for the application of Article 93 of the EC Treaty ( OJ L 83 , p . 1 ) .
Source-TM 0: &#91; 1 &#93; Règlement ( CE ) no 659 / 1999 du Conseil , du 22 mars 1999 , portant modalités d &apos; application de l &apos; article 93 du traité CE , JO L 83 , du 27 mars 1999 , p. 1 .
Source-CR 0: &#91; 1 &#93; Règlement ( CE ) no 314 / 2002 de la Commission du 20 février 2002 établissant des modalités d &apos; application du régime des quotas dans le secteur du sucre ( JO L 50 , p. 40 )
Target-CR 0: &#91; 1 &#93; Commission Regulation ( EC ) No 314 / 2002 of 20 February 2002 laying down detailed rules for the application of the quota system in the sugar sector ( OJ 2002 L 50 , p . 40 )
-----------------------------
NMT Model 0: &#91; 1 &#93; Commission Regulation ( EC ) No CEPOL / 2002 of 20 February 2002 laying down duties rules for the application of the import system in the sugar sector ( OJ L 50 , p . IE )
Copy Prob 0: [34m&#91;[0m [34m1[0m [34m&#93;[0m [34mCommission[0m [34mRegulation[0m [34m([0m [34mEC[0m [34m)[0m [34mNo[0m [34mCEPOL[0m [34m/[0m [34m2002[0m [34mof[0m [34m20[0m [34mFebruary[0m [34m2002[0m [34mlaying[0m [34mdown[0m [34mduties[0m [34mrules[0m [34mfor[0m [34mthe[0m [34mapplication[0m [34mof[0m [34mthe[0m [34mimport[0m [34msystem[0m [34min[0m [34mthe[0m [34msugar[0m [34msector[0m [34m([0m [34mOJ[0m [34mL[0m [34m50[0m [34m,[0m [34mp[0m [34m.[0m [34mIE[0m [34m)[0m
Copy Gate 0: [34m&#91;[0m [34m1[0m [34m&#93;[0m [34mCommission[0m [34mRegulation[0m [34m([0m [34mEC[0m [34m)[0m [34mNo[0m [36mCEPOL[0m [34m/[0m [34m2002[0m [34mof[0m [34m20[0m [34mFebruary[0m [34m2002[0m [34mlaying[0m [34mdown[0m [34mduties[0m [34mrules[0m [34mfor[0m [34mthe[0m [36mapplication[0m [34mof[0m [34mthe[0m [36mimport[0m [34msystem[0m [34min[0m [34mthe[0m [36msugar[0m [34msector[0m [34m([0m [36mOJ[0m [34mL[0m [34m50[0m [34m,[0m [34mp[0m [34m.[0m [34mIE[0m [34m)[0m

=============================
Target-TM 1: - Improving the quality of agricultural production and products ;
Source-TM 1: - améliorer la qualité de la production et des produits agricoles ;
Source-CR 1: Considérant que les efforts entrepris au niveau communautaire doivent être orientés , notamment vers l &apos; amélioration de la qualité des produits agricoles et les nouvelles utilisations de produits agricoles traditionnels ou nouveaux , en vue de leur donner une plus grande valeur ajoutée ;
Target-CR 1: Whereas work carried out at Community level should be directed , in particular , towards improving the quality of agricultural products and finding new uses for traditional or new agricultural products with a view to increasing their added value ;
-----------------------------
NMT Model 1: Whereas the economic supply at Community level should , in particular , derogation the investment of After and agricultural products and new ports of firm and firm agricultural products with a view to their UNK of trade ;
Copy Prob 1: [34mWhereas[0m [34mthe[0m [34meconomic[0m [34msupply[0m [34mat[0m [34mCommunity[0m [34mlevel[0m [34mshould[0m [34m,[0m [34min[0m [34mparticular[0m [34m,[0m [34mderogation[0m [34mthe[0m [34minvestment[0m [34mof[0m [34mAfter[0m [33mand[0m [34magricultural[0m [34mproducts[0m [34mand[0m [34mnew[0m [34mports[0m [34mof[0m [34mfirm[0m [34mand[0m [34mfirm[0m [34magricultural[0m [34mproducts[0m [34mwith[0m [34ma[0m [34mview[0m [34mto[0m [34mtheir[0m [34mcoverage[0m [33mof[0m [34mtrade[0m [32m;[0m
Copy Gate 1: [34mWhereas[0m [34mthe[0m [34meconomic[0m [36msupply[0m [34mat[0m [34mCommunity[0m [34mlevel[0m [34mshould[0m [34m,[0m [34min[0m [34mparticular[0m [34m,[0m [34mderogation[0m [34mthe[0m [34minvestment[0m [34mof[0m [34mAfter[0m [34mand[0m [34magricultural[0m [34mproducts[0m [34mand[0m [34mnew[0m [34mports[0m [34mof[0m [34mfirm[0m [34mand[0m [34mfirm[0m [34magricultural[0m [34mproducts[0m [34mwith[0m [34ma[0m [34mview[0m [34mto[0m [34mtheir[0m [34mcoverage[0m [34mof[0m [34mtrade[0m [34m;[0m

=============================
Target-TM 2: Whereas in the abovementioned Resolution of 21 December 1989 the Council approved as a guiding principle the adoption of common rules on the use of the CE marking ;
Source-TM 2: Considérant que , par la résolution précitée du 21 décembre 1989 , le Conseil a approuvé comme principe directeur l &apos; adoption d &apos; une réglementation commune en ce qui concerne l &apos; utilisation du marquage &quot; CE &quot; ;
Source-CR 2: Considérant que la Commission , en décembre 1990 , a présenté au Conseil une communication concernant ce réseau de trains à grande vitesse et que le Conseil a accueilli favorablement cette communication dans sa résolution du 17 décembre 1990 ( 5 ) ;
Target-CR 2: Whereas in December 1990 the Commission sent to the Council a communication on the high-speed train network , and whereas the Council gave a favourable reception to that communication in its resolution of 17 December 1990 ( 5 ) ;
-----------------------------
NMT Model 2: Whereas the Commission in December whole quantitative to the Council a communication concerning the UNK of large 1985 and whereas the Council UNK this communication in its own del chain ( 5 ) ;
Copy Prob 2: [34mWhereas[0m [34mthe[0m [34mCommission[0m [34m,[0m [33min[0m [33mDecember[0m [34mwhole[0m [34m,[0m [34ma[0m [34mcommunication[0m [32mof[0m [34mthe[0m [33mCouncil[0m [34m,[0m [33mon[0m [33mthe[0m [33mCouncil[0m [34m,[0m [34mhas[0m [34mto[0m [36mthe[0m [33mCouncil[0m [34ma[0m [34mcommunication[0m [34mconcerning[0m [34mthe[0m [34mnumber[0m [33mof[0m [34mRome[0m [34mand[0m [34mwhereas[0m [34mthe[0m [34mCouncil[0m [34min[0m [34m20[0m [34mDecember[0m [33mof[0m [34m17[0m [33mDecember[0m [33mthe[0m [33mCouncil[0m [34mDecember[0m [34mEXPENDITURE[0m [34m([0m [34m5[0m [34m)[0m [34m;[0m
Copy Gate 2: [34mWhereas[0m [34mthe[0m [34mCommission[0m [34m,[0m [34min[0m [36mDecember[0m [32mwhole[0m [36m,[0m [34ma[0m [36mcommunication[0m [36mof[0m [34mthe[0m [36mCouncil[0m [34m,[0m [34mon[0m [34mthe[0m [36mCouncil[0m [34m,[0m [36mhas[0m [36mto[0m [36mthe[0m [34mCouncil[0m [34ma[0m [36mcommunication[0m [34mconcerning[0m [34mthe[0m [34mnumber[0m [34mof[0m [36mRome[0m [34mand[0m [34mwhereas[0m [34mthe[0m [34mCouncil[0m [36min[0m [36m20[0m [36mDecember[0m [32mof[0m [34m17[0m [36mDecember[0m [36mthe[0m [36mCouncil[0m [36mDecember[0m [36mEXPENDITURE[0m [34m([0m [34m5[0m [34m)[0m [34m;[0m

=============================
Target-TM 3: ( 5 ) By letter dated 4 July 2003 , registered as received by the Commission on the same day ( A / [32m34759[0m ) , Austria commented on the initiation of the procedure .
Source-TM 3: ( 5 ) Par lettre du 4 juillet 2003 , qui a été enregistrée par la Commission le même jour ( A / [32m34759[0m ) , l &apos; Autriche a présenté ses observations sur l &apos; ouverture de la procédure .
Source-CR 3: Les autorités françaises ont transmis ces informations par courriers du 22 mars 2005 , enregistré par la Commission le 11 avril 2005 , et du 17 août 2005 , enregistré par la Commission le 7 septembre 2005 .
Target-CR 3: The French authorities provided the information by letters dated 22 March 2005 , registered as received by the Commission on 11 April 2005 , and 17 August 2005 , registered as received by the Commission on 7 September 2005 .
-----------------------------
NMT Model 3: The authorities allocations in da of these information by way of 22 March 2005 , Board by the Commission on 11 April 2005 , and on 17 partners 2005 , Board by the Commission on 7 September 2005 .
Copy Prob 3: [34mThe[0m [34mauthorities[0m [34mallocations[0m [34mthese[0m [34minformation[0m [34mon[0m [34m22[0m [34mMarch[0m [34m2005[0m [34m,[0m [34mBoard[0m [33mby[0m [33mthe[0m [33mCommission[0m [33mon[0m [34m11[0m [34mOctober[0m [34m2005[0m [34mand[0m [34mon[0m [34m17[0m [34mpartners[0m [34m2005[0m [33m,[0m [34mBoard[0m [34mby[0m [33mthe[0m [34mCommission[0m [34mon[0m [34m7[0m [34mSeptember[0m [34m2005[0m [34m.[0m
Copy Gate 3: [34mThe[0m [34mauthorities[0m [36mallocations[0m [36mthese[0m [36minformation[0m [34mon[0m [34m22[0m [34mMarch[0m [34m2005[0m [36m,[0m [36mBoard[0m [34mby[0m [34mthe[0m [34mCommission[0m [34mon[0m [34m11[0m [34mOctober[0m [34m2005[0m [34mand[0m [34mon[0m [34m17[0m [36mpartners[0m [34m2005[0m [34m,[0m [36mBoard[0m [34mby[0m [34mthe[0m [34mCommission[0m [34mon[0m [34m7[0m [34mSeptember[0m [34m2005[0m [34m.[0m

=============================
Target-TM 4: ( 8 ) Since the common market in seeds is constantly evolving , the Member States and the Commission should keep each other supplied with information relevant to developments in this area .
Source-TM 4: ( 8 ) Le marché commun de semences étant en constante évolution , il convient que les États membres et la Commission se communiquent mutuellement les informations relatives à cette évolution .
Source-CR 4: ( 29 ) considérant que , au fur et à mesure de l &apos; évolution du marché commun du lait et des produits laitiers , les États membres et la Commission devraient se communiquer réciproquement les informations nécessaires à l &apos; application du présent règlement ;
Target-CR 4: ( 29 ) Whereas it is necessary that , as the common market in milk and milk products develops , the Member States and the Commission should keep each other supplied with the information necessary for applying this Regulation ;
-----------------------------
NMT Model 4: ( 29 ) Whereas , on the basis and credit of the evolution of the common market in IEC and products to the Member States , the Member States and the Commission should give special coefficient from the information necessary for the application of this Regulation ;
Copy Prob 4: [34m([0m [34m29[0m [34m)[0m [34mWhereas[0m [34m,[0m [34mon[0m [34mthe[0m [34mbasis[0m [34mand[0m [34mcredit[0m [34mof[0m [33mthe[0m [34mevolution[0m [34mof[0m [33mthe[0m [33mcommon[0m [33mmarket[0m [33min[0m [34mIEC[0m [32mand[0m [34mproducts[0m [34mto[0m [34mthe[0m [33mMember[0m [33mStates[0m [33m,[0m [33mthe[0m [33mMember[0m [33mStates[0m [33mand[0m [33mthe[0m [33mCommission[0m [33mshould[0m [34mgive[0m [34mspecial[0m [34mcoefficient[0m [34mfrom[0m [33mthe[0m [33minformation[0m [34mnecessary[0m [34mfor[0m [36mthe[0m [34mapplication[0m [34mof[0m [32mthis[0m [34mRegulation[0m [34m;[0m
Copy Gate 4: [34m([0m [34m29[0m [34m)[0m [34mWhereas[0m [34m,[0m [34mon[0m [34mthe[0m [36mbasis[0m [34mand[0m [34mcredit[0m [34mof[0m [34mthe[0m [36mevolution[0m [34mof[0m [34mthe[0m [36mcommon[0m [34mmarket[0m [34min[0m [34mIEC[0m [34mand[0m [34mproducts[0m [34mto[0m [34mthe[0m [34mMember[0m [34mStates[0m [34m,[0m [34mthe[0m [34mMember[0m [34mStates[0m [34mand[0m [34mthe[0m [34mCommission[0m [34mshould[0m [34mgive[0m [36mspecial[0m [36mcoefficient[0m [34mfrom[0m [34mthe[0m [34minformation[0m [34mnecessary[0m [34mfor[0m [34mthe[0m [34mapplication[0m [34mof[0m [34mthis[0m [34mRegulation[0m [34m;[0m

Epoch  0 Update  81 Cost  118.738830566 G 36.0279426575 execute: elapsed 0.5109 secs.
Epoch  0 Update  82 Cost  109.697654724 G 32.2202415466 execute: elapsed 0.4652 secs.
Epoch  0 Update  83 Cost  95.6834182739 G 28.8150806427 execute: elapsed 0.4934 secs.
Epoch  0 Update  84 Cost  79.4788360596 G 25.2050895691 execute: elapsed 0.4343 secs.
Epoch  0 Update  85 Cost  61.0311965942 G 25.5181217194 execute: elapsed 0.3899 secs.
Epoch  0 Update  86 Cost  52.1128005981 G 21.5617370605 execute: elapsed 0.5027 secs.
Epoch  0 Update  87 Cost  48.7262268066 G 17.8371181488 execute: elapsed 0.3377 secs.
Epoch  0 Update  88 Cost  34.9303512573 G 17.1625938416 execute: elapsed 0.3836 secs.
Epoch  0 Update  89 Cost  30.0701789856 G 14.6928596497 execute: elapsed 0.4142 secs.
Epoch  0 Update  90 Cost  22.8153400421 G 12.8820571899 execute: elapsed 0.2937 secs.
Epoch  0 Update  91 Cost  9.97145366669 G 13.4639930725 execute: elapsed 0.2497 secs.
Epoch  0 Update  92 Cost  16.0952167511 G 10.4922504425 execute: elapsed 0.3690 secs.
Epoch  0 Update  93 Cost  14.6960859299 G 6.93576335907 execute: elapsed 0.2965 secs.
Epoch  0 Update  94 Cost  22.7934532166 G 5.49072265625 execute: elapsed 0.6024 secs.
Epoch  0 Update  95 Cost  162.096939087 G 46.6725959778 execute: elapsed 0.7343 secs.
Epoch  0 Update  96 Cost  115.621185303 G 46.4276275635 execute: elapsed 0.5730 secs.
Epoch  0 Update  97 Cost  115.928253174 G 39.0690231323 execute: elapsed 0.5564 secs.
Epoch  0 Update  98 Cost  96.8630065918 G 35.9026832581 execute: elapsed 0.5739 secs.
Epoch  0 Update  99 Cost  89.3550796509 G 31.7638626099 execute: elapsed 0.5089 secs.
Epoch  0 Update  100 Cost  79.645904541 G 30.2267990112 execute: elapsed 0.4932 secs.
=============================
Target-TM 0: ( A ) the title shall be replaced by the following :
Source-TM 0: A ) le titre est remplacé par le texte suivant :
Source-CR 0: &quot; Directive du Conseil , du 10 septembre 1984 , en matière de publicité trompeuse et de publicité comparative &quot; .
Target-CR 0: ( 1 ) The title shall be replaced by the following : &apos; Council Directive of 10 September 1984 concerning misleading and comparative advertising &apos; ;
-----------------------------
NMT Model 0: &quot; competitive of the Council of 10 September insofar on regularly dealing and 144 what &quot; .
Copy Prob 0: [34m&quot;[0m [34mcompetitive[0m [34mof[0m [34mthe[0m [34mCouncil[0m [34mof[0m [34m10[0m [34mSeptember[0m [34minsofar[0m [34mon[0m [34mregularly[0m [34mdealing[0m [34mand[0m [34m144[0m [34mwhat[0m [34m&quot;[0m [34m.[0m
Copy Gate 0: [34m&quot;[0m [36mcompetitive[0m [34mof[0m [34mthe[0m [34mCouncil[0m [34mof[0m [34m10[0m [34mSeptember[0m [36minsofar[0m [34mon[0m [36mregularly[0m [32mdealing[0m [34mand[0m [34m144[0m [36mwhat[0m [34m&quot;[0m [34m.[0m

=============================
Target-TM 1: Aid for losses due to adverse climatic events
Source-TM 1: Aides relatives aux pertes dues à des phénomènes météorologiques défavorables
Source-CR 1: Le montant admissible au bénéfice de l &apos; aide peut être augmenté des autres coûts spécifiquement supportés par l &apos; agriculteur du fait que la récolte n &apos; a pas eu lieu en raison du phénomène [32mmétéorologique[0m défavorable .
Target-CR 1: The amount thus eligible for aid may be increased by other costs specifically incurred by the farmer because of [32mnon-harvesting[0m due to the adverse event .
-----------------------------
NMT Model 1: The amount of the aid may be v from other management costs imported by the designated designated , as a result of the UNK of the UNK .
Copy Prob 1: [34mThe[0m [34mdanger[0m [34mamount[0m [34mof[0m [34mthe[0m [34maid[0m [34mmay[0m [34mbe[0m [34mv[0m [34mfrom[0m [34mother[0m [34mmanagement[0m [34mcosts[0m [34mimported[0m [34mby[0m [34mthe[0m [34mdesignated[0m [34mdesignated[0m [34m,[0m [34mas[0m [34ma[0m [34mresult[0m [34mof[0m [34mthe[0m [34mdisclosure[0m [34mof[0m [34mthe[0m [34mdisclosure[0m [34m.[0m
Copy Gate 1: [34mThe[0m [34mdanger[0m [34mamount[0m [34mof[0m [34mthe[0m [34maid[0m [34mmay[0m [34mbe[0m [36mv[0m [34mfrom[0m [34mother[0m [34mmanagement[0m [34mcosts[0m [36mimported[0m [34mby[0m [34mthe[0m [34mdesignated[0m [34mdesignated[0m [34m,[0m [34mas[0m [34ma[0m [34mresult[0m [34mof[0m [34mthe[0m [36mdisclosure[0m [34mof[0m [34mthe[0m [34mdisclosure[0m [34m.[0m

=============================
Target-TM 2: 1 . An aid shall be granted for the supply to the smaller islands of the products referred to in Article 3 ( 1 ) .
Source-TM 2: 1 . Une aide est octroyée pour l &apos; approvisionnement des îles mineures en produits visés à l &apos; article 3 , paragraphe 1 .
Source-CR 2: 3 . L &apos; aide est accordée à l &apos; acheteur qui s &apos; engage à commercialiser les produits des DOM dans le cadre des contrats visés au paragraphe 1 .
Target-CR 2: 3 . The aid shall be granted to purchasers who undertake to market the overseas department products under the contracts referred to in paragraph 1 .
-----------------------------
NMT Model 2: 3 . The aid shall be granted to generation which flights the products of the 1372 UNK under the contracts referred to in paragraph 1 .
Copy Prob 2: [34m3[0m [34m.[0m [34mThe[0m [34maid[0m [34mshall[0m [34mbe[0m [34mgranted[0m [34mto[0m [34mgeneration[0m [34mwhich[0m [34mshow[0m [34mthat[0m [33mthe[0m [34mproducts[0m [34mof[0m [34mthe[0m [34mcarrier[0m [34mcomply[0m [34mwith[0m [34mthe[0m [34mcontracts[0m [34mreferred[0m [34mto[0m [34min[0m [34mparagraph[0m [34m1[0m [34m.[0m
Copy Gate 2: [34m3[0m [34m.[0m [34mThe[0m [34maid[0m [34mshall[0m [34mbe[0m [34mgranted[0m [34mto[0m [36mgeneration[0m [34mwhich[0m [34mshow[0m [34mthat[0m [34mthe[0m [34mproducts[0m [34mof[0m [36mthe[0m [36mcarrier[0m [34mcomply[0m [34mwith[0m [34mthe[0m [34mcontracts[0m [34mreferred[0m [34mto[0m [34min[0m [34mparagraph[0m [34m1[0m [34m.[0m

=============================
Target-TM 3: ( A ) for the customs warehousing procedure :
Source-TM 3: A ) dans le cas du régime de l &apos; entrepôt douanier :
Source-CR 3: C ) d &apos; observer les conditions particulières fixées dans l &apos; autorisation de placement sous le régime de l &apos; entreposage douanier ou d &apos; exploitation d &apos; installations de stockage .
Target-CR 3: ( C ) complying with the particular conditions specified in the authorization for the customs warehousing procedure or for operation of the storage facilities .
-----------------------------
NMT Model 3: ( C ) l &apos; 402 59 conditions UNK UNK dans l &apos; authorization de 28c Armenia Director UNK de UNK UNK lots 97 &apos; UNK de UNK .
Copy Prob 3: [34m([0m [34mC[0m [34m)[0m [34mWhere[0m [33mthe[0m [34mspecial[0m [34mconditions[0m [34mlaid[0m [34mdown[0m [34min[0m [34mthe[0m [34mgranting[0m [34mof[0m [34mthe[0m [34minstitution[0m [34mon[0m [33mthe[0m [34mprocedure[0m [34mfor[0m [34mthe[0m [34mskimmed-milk[0m [34m/[0m [34mor[0m [34minternational[0m [34mcorresponding[0m [34mhave[0m [34mbeen[0m [34madopted[0m [34mby[0m [34mthe[0m [34m402[0m [34m;[0m
Copy Gate 3: [34m([0m [34mC[0m [34m)[0m [34mWhere[0m [34mthe[0m [34mspecial[0m [36mconditions[0m [34mlaid[0m [34mdown[0m [34min[0m [34mthe[0m [34mgranting[0m [34mof[0m [34mthe[0m [34minstitution[0m [34mon[0m [34mthe[0m [34mprocedure[0m [34mfor[0m [34mthe[0m [34mskimmed-milk[0m [34m/[0m [34mor[0m [34minternational[0m [34mcorresponding[0m [34mhave[0m [34mbeen[0m [34madopted[0m [34mby[0m [34mthe[0m [34m402[0m [34m;[0m

=============================
Target-TM 4: ( B ) % quot % periods of availability % quot % shall mean :
Source-TM 4: B ) % quot % temps de disponibilité % quot % :
Source-CR 4: B ) organismes de placement collectif du type autre que fermé : Les fonds communs de placement et les sociétés d &apos; investissement :
Target-CR 4: ( B ) % quot % collective investment undertakings other than the [32mclosed-end[0m type % quot % shall mean unit trusts and investment companies :
-----------------------------
NMT Model 4: ( B ) compound of UNK type other than poz : The common investment 37 and the investment companies :
Copy Prob 4: [34m([0m [34mB[0m [34m)[0m [32m%[0m [33mquot[0m [34m%[0m [34mSerbia[0m [34m%[0m [34mquot[0m [34m%[0m [34moperation[0m [34mfield[0m [34mother[0m [34mthan[0m [34mpoz[0m [33mshall[0m [32mmean[0m [34mthe[0m [34mcommon[0m [34minvestment[0m [34m37[0m [34mand[0m [34mthe[0m [34minvestment[0m [34mcompanies[0m [34m:[0m
Copy Gate 4: [34m([0m [34mB[0m [34m)[0m [34m%[0m [34mquot[0m [34m%[0m [34mSerbia[0m [34m%[0m [34mquot[0m [34m%[0m [34moperation[0m [34mfield[0m [34mother[0m [34mthan[0m [34mpoz[0m [34mshall[0m [34mmean[0m [34mthe[0m [34mcommon[0m [34minvestment[0m [34m37[0m [34mand[0m [34mthe[0m [34minvestment[0m [34mcompanies[0m [34m:[0m

Epoch  0 Update  101 Cost  67.5988693237 G 25.5356750488 execute: elapsed 0.4534 secs.
Epoch  0 Update  102 Cost  49.1362228394 G 26.1193637848 execute: elapsed 0.3973 secs.
Epoch  0 Update  103 Cost  41.8567810059 G 21.7168121338 execute: elapsed 0.3737 secs.
Epoch  0 Update  104 Cost  34.4076080322 G 18.8403015137 execute: elapsed 0.3649 secs.
Epoch  0 Update  105 Cost  23.2946052551 G 17.737443924 execute: elapsed 0.2678 secs.
Epoch  0 Update  106 Cost  20.5424995422 G 14.1420669556 execute: elapsed 0.2827 secs.
Epoch  0 Update  107 Cost  17.575548172 G 12.6814250946 execute: elapsed 0.3166 secs.
Epoch  0 Update  108 Cost  15.3702812195 G 8.84519767761 execute: elapsed 0.2708 secs.
Epoch  0 Update  109 Cost  15.8266706467 G 5.23516130447 execute: elapsed 0.2153 secs.
Epoch  0 Update  110 Cost  73.9804534912 G 29.8172035217 execute: elapsed 0.6133 secs.
Epoch  0 Update  111 Cost  124.149513245 G 51.1956253052 execute: elapsed 0.5928 secs.
Epoch  0 Update  112 Cost  120.280502319 G 41.0457077026 execute: elapsed 0.5276 secs.
Epoch  0 Update  113 Cost  94.856086731 G 36.4975357056 execute: elapsed 0.5185 secs.
Epoch  0 Update  114 Cost  91.0253601074 G 32.8999900818 execute: elapsed 0.5116 secs.
Epoch  0 Update  115 Cost  68.0769424438 G 28.7170410156 execute: elapsed 0.4809 secs.
Epoch  0 Update  116 Cost  61.8266487122 G 24.6415214539 execute: elapsed 0.4425 secs.
Epoch  0 Update  117 Cost  63.7873649597 G 21.3819198608 execute: elapsed 0.3718 secs.
Epoch  0 Update  118 Cost  36.8838577271 G 20.1937179565 execute: elapsed 0.3395 secs.
Epoch  0 Update  119 Cost  25.3717536926 G 18.1822929382 execute: elapsed 0.3152 secs.
Epoch  0 Update  120 Cost  24.5146865845 G 15.2111616135 execute: elapsed 0.3174 secs.
=============================
Target-TM 0: 1 2 &#124; EXPENDITURE RELATED TO [32mRECRUITMENT[0m &#124; - &#124; 200000 &#124; 200000 &#124;
Source-TM 0: 1 2 &#124; FRAIS DE [32mRECRUTEMENT[0m &#124; - &#124; 200000 &#124; 200000 &#124;
Source-CR 0: 1 2 &#124; FRAIS DE [32mRECRUTEMENT[0m &#124; 220000 &#124; &#124; &#124;
Target-CR 0: 1 2 &#124; EXPENDITURE RELATED TO [32mRECRUITMENT[0m &#124; 220000 &#124; &#124; &#124;
-----------------------------
NMT Model 0: 1 2 &#124; UNK UNK &#124; prompt &#124; &#124; &#124; UNK UNK
Copy Prob 0: [34m1[0m [34m2[0m [34m&#124;[0m [33m&#124;[0m [34mprompt[0m [34m&#124;[0m [33m&#124;[0m [34m&#124;[0m
Copy Gate 0: [34m1[0m [34m2[0m [34m&#124;[0m [32m&#124;[0m [32mprompt[0m [34m&#124;[0m [34m&#124;[0m [34m&#124;[0m

=============================
Target-TM 1: The allocation coefficient shall be calculated as follows :
Source-TM 1: Le coefficient d &apos; attribution est calculé comme suit :
Source-CR 1: Le montant de l &apos; astreinte journalière se calcule de 1a façon suivante :
Target-CR 1: The amount of the daily penalty payment is calculated as follows :
-----------------------------
NMT Model 1: The amount of the amounting UNK of the aid scheme concerned :
Copy Prob 1: [34mThe[0m [34mamount[0m [34mof[0m [34mthe[0m [34mamounting[0m [33mcoefficient[0m [34mfrom[0m [34m1997[0m [34m&#124;[0m
Copy Gate 1: [34mThe[0m [34mamount[0m [34mof[0m [34mthe[0m [36mamounting[0m [36mcoefficient[0m [34mfrom[0m [36m1997[0m [36m&#124;[0m

=============================
Target-TM 2: B ) encouraging structured dialogue between [32mpolicymakers[0m and young people ;
Source-TM 2: B ) encourager le dialogue structuré entre les responsables politiques et les jeunes ;
Source-CR 2: B ) encourager le dialogue structuré entre les responsables politiques et les jeunes ;
Target-CR 2: ( B ) encouraging structured dialogue between [32mpolicymakers[0m and young people ;
-----------------------------
NMT Model 2: ( B ) functioning the Impact between political and young requires ;
Copy Prob 2: [34m([0m [34mB[0m [34m)[0m [34mto[0m [34mfunctioning[0m [34mthe[0m [34mImpact[0m [33mbetween[0m [34mpolitical[0m [33mand[0m [33myoung[0m [33mpeople[0m [34mpropagating[0m [33m;[0m
Copy Gate 2: [34m([0m [34mB[0m [36m)[0m [36mto[0m [36mfunctioning[0m [32mthe[0m [32mImpact[0m [36mbetween[0m [36mpolitical[0m [32mand[0m [36myoung[0m [32mpeople[0m [36mpropagating[0m [34m;[0m

=============================
Target-TM 3: Directive 91 / 67 / EEC is hereby amended as follows :
Source-TM 3: La directive 91 / 67 / CEE est modifiée comme suit .
Source-CR 3: La directive 91 / 689 / CEE est modifiée comme suit .
Target-CR 3: Directive 91 / 689 / EEC is hereby amended as follows :
-----------------------------
NMT Model 3: Directive 91 / abroad / EEC is hereby amended as follows :
Copy Prob 3: [34mDirective[0m [34m91[0m [34m/[0m [34mabroad[0m [34m/[0m [34mEEC[0m [34mis[0m [34mhereby[0m [34mamended[0m [34mas[0m [34mfollows[0m [34m:[0m
Copy Gate 3: [34mDirective[0m [34m91[0m [34m/[0m [36mabroad[0m [34m/[0m [34mEEC[0m [34mis[0m [36mhereby[0m [34mamended[0m [34mas[0m [34mfollows[0m [34m:[0m

=============================
Target-TM 4: ( B ) the following paragraph 3a is inserted after paragraph 3 :
Source-TM 4: B ) le paragraphe 3 bis suivant est inséré après le paragraphe 3 :
Source-CR 4: B ) Le paragraphe suivant est inséré après le paragraphe 1 :
Target-CR 4: ( B ) the following paragraph is inserted after paragraph 1 :
-----------------------------
NMT Model 4: ( B ) The following paragraph shall be minimum after paragraph 1 :
Copy Prob 4: [34m([0m [34mB[0m [34m)[0m [34mThe[0m [34mfollowing[0m [34mparagraph[0m [34mshall[0m [34mbe[0m [33minserted[0m [34mafter[0m [34mparagraph[0m [34m1[0m [34m:[0m
Copy Gate 4: [34m([0m [34mB[0m [34m)[0m [34mThe[0m [34mfollowing[0m [34mparagraph[0m [34mshall[0m [36mbe[0m [32minserted[0m [36mafter[0m [34mparagraph[0m [34m1[0m [34m:[0m

Epoch  0 Update  121 Cost  26.3724021912 G 14.5115146637 execute: elapsed 0.4168 secs.
Epoch  0 Update  122 Cost  18.8674888611 G 13.2508468628 execute: elapsed 0.3094 secs.
Epoch  0 Update  123 Cost  14.8130226135 G 9.81346511841 execute: elapsed 0.2970 secs.
Epoch  0 Update  124 Cost  19.5397338867 G 5.54426670074 execute: elapsed 0.3069 secs.
Epoch  0 Update  125 Cost  41.6611404419 G 10.3732881546 execute: elapsed 0.6274 secs.
Epoch  0 Update  126 Cost  128.803344727 G 47.116859436 execute: elapsed 0.5788 secs.
Epoch  0 Update  127 Cost  116.113525391 G 41.9182090759 execute: elapsed 0.6603 secs.
Epoch  0 Update  128 Cost  118.486846924 G 35.9203109741 execute: elapsed 0.4966 secs.
Epoch  0 Update  129 Cost  94.5401611328 G 32.4566993713 execute: elapsed 0.5452 secs.
Epoch  0 Update  130 Cost  85.9971923828 G 26.1441345215 execute: elapsed 0.5119 secs.
Epoch  0 Update  131 Cost  56.9541168213 G 27.7719497681 execute: elapsed 0.4682 secs.
Epoch  0 Update  132 Cost  49.895690918 G 24.2568092346 execute: elapsed 0.4332 secs.
Epoch  0 Update  133 Cost  44.347618103 G 22.7499542236 execute: elapsed 0.3930 secs.
Epoch  0 Update  134 Cost  45.791885376 G 17.0680923462 execute: elapsed 0.3751 secs.
Epoch  0 Update  135 Cost  29.4528961182 G 19.2073688507 execute: elapsed 0.3616 secs.
Epoch  0 Update  136 Cost  29.0406532288 G 14.4203672409 execute: elapsed 0.3873 secs.
Epoch  0 Update  137 Cost  22.4030075073 G 13.3251094818 execute: elapsed 0.3040 secs.
Epoch  0 Update  138 Cost  18.1490077972 G 10.0980052948 execute: elapsed 0.2692 secs.
Epoch  0 Update  139 Cost  19.4913253784 G 7.03988265991 execute: elapsed 0.3537 secs.
Epoch  0 Update  140 Cost  12.6494474411 G 3.99151992798 execute: elapsed 0.2468 secs.
=============================
Target-TM 0: Article 9 Settlement of disputes
Source-TM 0: Article 9 Règlement des différends
Source-CR 0: Interprétation et règlement des différends
Target-CR 0: Interpretation and settlement of disputes
-----------------------------
NMT Model 0: responses UNK and UNK .... UNK
Copy Prob 0: [33mSettlement[0m [34mand[0m [34mRegulation[0m [34m([0m [34ms[0m [34m)[0m
Copy Gate 0: [32mSettlement[0m [34mand[0m [34mRegulation[0m [34m([0m [34ms[0m [34m)[0m

=============================
Target-TM 1: ( EUR ) ) &#124;
Source-TM 1: ( En euros ) &#124;
Source-CR 1: ( En EUR ) &#124;
Target-CR 1: ( In EUR ) &#124;
-----------------------------
NMT Model 1: ( In EUR ) &#124;
Copy Prob 1: [34m([0m [36mEUR[0m [33m)[0m [34m&#124;[0m
Copy Gate 1: [34m([0m [36mEUR[0m [34m)[0m [34m&#124;[0m

=============================
Target-TM 2: Commission &apos; s internal control system
Source-TM 2: Système de contrôle interne de la Commission
Source-CR 2: Système de contrôle de la conditionnalité
Target-CR 2: Control system as regards cross-compliance
-----------------------------
NMT Model 2: UNK control properly
Copy Prob 2: [33msystem[0m [34mfor[0m [33mcontrol[0m [34mof[0m [34mthe[0m [34mCommissioner[0m
Copy Gate 2: [36msystem[0m [36mfor[0m [36mcontrol[0m [34mof[0m [34mthe[0m [36mCommissioner[0m

=============================
Target-TM 3: Date of implementation :
Source-TM 3: Date de mise en œuvre :
Source-CR 3: Date de mise en œuvre : [32m14.12.2001[0m
Target-CR 3: Date of implementation : [32m14.12.2001[0m
-----------------------------
NMT Model 3: Date of implementation : UNK
Copy Prob 3: [36mDate[0m [34mof[0m [36mimplementation[0m [34m:[0m
Copy Gate 3: [32mDate[0m [36mof[0m [36mimplementation[0m [34m:[0m

=============================
Target-TM 4: Member States shall ensure that :
Source-TM 4: Les États membres font en sorte que :
Source-CR 4: Elles veillent à ce que :
Target-CR 4: They shall ensure that :
-----------------------------
NMT Model 4: They shall ensure that :
Copy Prob 4: [34mThey[0m [34mshall[0m [34mensure[0m [34mthat[0m [34m:[0m
Copy Gate 4: [34mThey[0m [34mshall[0m [34mensure[0m [34mthat[0m [34m:[0m

Epoch  0 Update  141 Cost  135.07522583 G 45.898639679 execute: elapsed 0.6603 secs.
Epoch  0 Update  142 Cost  121.537368774 G 43.9646835327 execute: elapsed 0.6438 secs.
Epoch  0 Update  143 Cost  122.235237122 G 35.8210906982 execute: elapsed 0.5534 secs.
Epoch  0 Update  144 Cost  103.145095825 G 34.6989898682 execute: elapsed 0.5361 secs.
Epoch  0 Update  145 Cost  105.227432251 G 28.6129570007 execute: elapsed 0.4850 secs.
Epoch  0 Update  146 Cost  82.9230804443 G 28.4499149323 execute: elapsed 0.4798 secs.
Epoch  0 Update  147 Cost  61.5368690491 G 23.6778240204 execute: elapsed 0.4570 secs.
Epoch  0 Update  148 Cost  60.4114685059 G 24.0449142456 execute: elapsed 0.4030 secs.
Epoch  0 Update  149 Cost  47.9161987305 G 20.8217391968 execute: elapsed 0.3637 secs.
Epoch  0 Update  150 Cost  39.3011779785 G 17.8591384888 execute: elapsed 0.3572 secs.
Epoch  0 Update  151 Cost  32.0930023193 G 15.5070915222 execute: elapsed 0.3380 secs.
Epoch  0 Update  152 Cost  21.4735145569 G 12.6505460739 execute: elapsed 0.3798 secs.
Epoch  0 Update  153 Cost  18.0245018005 G 12.7957191467 execute: elapsed 0.2551 secs.
Epoch  0 Update  154 Cost  15.3390903473 G 9.96391105652 execute: elapsed 0.2663 secs.
Epoch  0 Update  155 Cost  16.6232643127 G 4.0399184227 execute: elapsed 0.3365 secs.
Epoch  0 Update  156 Cost  68.8723449707 G 16.4883613586 execute: elapsed 0.6244 secs.
Epoch  0 Update  157 Cost  129.975662231 G 46.8447647095 execute: elapsed 0.6545 secs.
Epoch  0 Update  158 Cost  120.688735962 G 42.5983734131 execute: elapsed 0.5637 secs.
Epoch  0 Update  159 Cost  109.412513733 G 38.6090354919 execute: elapsed 0.5374 secs.
Epoch  0 Update  160 Cost  104.591758728 G 33.0609893799 execute: elapsed 0.4904 secs.
=============================
Target-TM 0: - Verordening [32mm.b.t.[0m [32minschrijving[0m ( EG ) nr . . . . ( PB nr . L . . . Van . . . ) , [32mindieningstermijn[0m [32maanbiedingen[0m [32meindigend[0m op . . .
Source-TM 0: - Verordening [32mm.b.t.[0m [32minschrijving[0m ( EG ) nr . . . . ( PB nr . L . . . Van . . . ) , [32mindieningstermijn[0m [32maanbiedingen[0m [32meindigend[0m op . . .
Source-CR 0: - [32mFoerordning[0m om [32manbud[0m ( EG ) nr . . . ( [32mEGT[0m nr L . . . , . . . ) [32mtidsfrist[0m [32mfoer[0m [32manbudsinlaemnande[0m [32mutloeper[0m den . . .
Target-CR 0: - [32mFoerordning[0m om [32manbud[0m ( EG ) nr . . . ( [32mEGT[0m nr L . . . , . . . ) [32mtidsfrist[0m [32mfoer[0m [32manbudsinlaemnande[0m [32mutloeper[0m den . . .
-----------------------------
NMT Model 0: - UNK UNK UNK ( trials ) UNK . . . ( UNK levels L . . . , . . . ) UNK UNK UNK UNK UN . . .
Copy Prob 0: [34m-[0m [33mVerordening[0m [33m([0m [34mtrials[0m [34m)[0m [34mlevels[0m [34m.[0m [34m.[0m [34m.[0m [34m.[0m [33m.[0m [33m.[0m [33m.[0m [34m.[0m [34m.[0m [33m.[0m [34m.[0m [34m.[0m [34m.[0m [34m.[0m [34m.[0m [34m.[0m [34m.[0m [34m.[0m [34m.[0m [34m.[0m [34m.[0m [34m.[0m [34m.[0m [34m.[0m [34m.[0m [34m.[0m
Copy Gate 0: [34m-[0m [34mVerordening[0m [36m([0m [36mtrials[0m [34m)[0m [36mlevels[0m [34m.[0m [34m.[0m [34m.[0m [34m.[0m [34m.[0m [34m.[0m [34m.[0m [34m.[0m [34m.[0m [34m.[0m [34m.[0m [34m.[0m [34m.[0m [34m.[0m [34m.[0m [34m.[0m [34m.[0m [34m.[0m [34m.[0m [34m.[0m [34m.[0m [34m.[0m [34m.[0m [34m.[0m [34m.[0m [34m.[0m

=============================
Target-TM 1: For this purpose the form set out in Annex VI shall be used .
Source-TM 1: À cette fin , le formulaire figurant à l &apos; annexe VI doit être utilisé .
Source-CR 1: Toute estimation officielle disponible du nombre d &apos; immigrants [32mclandestins[0m et de leur activité est également fournie .
Target-CR 1: The format for this table is set out in Annex VI . Moreover , any available official estimates of the number of [32mclandestine[0m immigrants and their activity shall be provided .
-----------------------------
NMT Model 1: average UNK UNK from the number of redress and their 79 shall also be involvement .
Copy Prob 1: [34maverage[0m [33mform[0m [34mof[0m [34ma[0m [34mjudgment[0m [34mon[0m [33mthe[0m [34mnumber[0m [34mof[0m [34mredress[0m [34mand[0m [34mits[0m [34m79[0m [34mshall[0m [34malso[0m [34mbe[0m [34minvolvement[0m [34m.[0m
Copy Gate 1: [34maverage[0m [36mform[0m [36mof[0m [36ma[0m [36mjudgment[0m [36mon[0m [34mthe[0m [34mnumber[0m [34mof[0m [36mredress[0m [34mand[0m [34mits[0m [34m79[0m [34mshall[0m [36malso[0m [36mbe[0m [32minvolvement[0m [34m.[0m

=============================
Target-TM 2: The minutes shall , as a general rule , indicate in respect of each item on the agenda :
Source-TM 2: Le procès-verbal comprend en règle générale , pour chaque point de l &apos; ordre du jour :
Source-CR 2: Pour chaque tâche figurant dans le programme d &apos; activité , l &apos; agence doit en outre indiquer l &apos; utilisation prévisible du personnel en journées de travail par personne , ainsi que le calendrier des travaux .
Target-CR 2: The agency shall , moreover , indicate the estimated number of [32mman-days[0m required in respect of each area of activity in the work schedule and a timetable for the work .
-----------------------------
NMT Model 2: sources Section require in the work programme , the agency must , in By , state the Designs use of staff in the working r of work and the timetable in such a way .
Copy Prob 2: [34msources[0m [34mSection[0m [34mrequire[0m [33min[0m [34mthe[0m [34mwork[0m [34mprogramme[0m [34m,[0m [34mthe[0m [34magency[0m [34mmust[0m [34m,[0m [33min[0m [34mBy[0m [34m,[0m [34mstate[0m [34mthe[0m [34mDesigns[0m [34muse[0m [34mof[0m [34mstaff[0m [34min[0m [34mthe[0m [34mworking[0m [34mr[0m [34mof[0m [34mwork[0m [34mand[0m [34mthe[0m [34mtimetable[0m [34min[0m [34msuch[0m [34ma[0m [34mway[0m [34m.[0m
Copy Gate 2: [34msources[0m [36mSection[0m [34mrequire[0m [34min[0m [34mthe[0m [34mwork[0m [34mprogramme[0m [34m,[0m [34mthe[0m [34magency[0m [34mmust[0m [34m,[0m [34min[0m [34mBy[0m [34m,[0m [34mstate[0m [34mthe[0m [36mDesigns[0m [34muse[0m [34mof[0m [34mstaff[0m [34min[0m [34mthe[0m [34mworking[0m [34mr[0m [34mof[0m [34mwork[0m [34mand[0m [34mthe[0m [36mtimetable[0m [34min[0m [34msuch[0m [34ma[0m [34mway[0m [34m.[0m

=============================
Target-TM 3: Licences shall be drawn up in accordance with the model set out in Annex I to Regulation ( EC ) No 1291 / 2000 .
Source-TM 3: Ledit certificat est établi conformément au formulaire figurant à l &apos; annexe I du règlement ( CE ) n ° 1291 / 2000 .
Source-CR 3: 4 . Le document de surveillance doit être conforme au modèle figurant à l &apos; annexe I du règlement ( CE ) no 3285 / 94 .
Target-CR 3: 4 . The surveillance document shall be made out on a form corresponding to the model set out in Annex I to Regulation ( EC ) No 3285 / 94 .
-----------------------------
NMT Model 3: 4 . competitive shall namely to the model in Annex I to Regulation ( EC ) No Comenius / 94 .
Copy Prob 3: [34m4[0m [34m.[0m [34mcompetitive[0m [33mshall[0m [34mnamely[0m [34mto[0m [34mthe[0m [34mmodel[0m [34min[0m [34mAnnex[0m [34mI[0m [34mto[0m [34mRegulation[0m [34m([0m [34mEC[0m [34m)[0m [34mNo[0m [34mComenius[0m [34m/[0m [34m94[0m [34m.[0m
Copy Gate 3: [34m4[0m [34m.[0m [36mcompetitive[0m [34mshall[0m [34mnamely[0m [34mto[0m [34mthe[0m [36mmodel[0m [34min[0m [34mAnnex[0m [34mI[0m [34mto[0m [34mRegulation[0m [34m([0m [34mEC[0m [34m)[0m [34mNo[0m [32mComenius[0m [34m/[0m [34m94[0m [34m.[0m

=============================
Target-TM 4: Title : Assistance in farming areas affected by natural disasters ( [32mfrosts[0m from 10 January to 10 March 2005 in 10 municipalities in the region of Sicily , province of [32mRagusa[0m )
Source-TM 4: Titre : Interventions dans les zones agricoles touchées par des calamités naturelles ( gelées du 10 janvier au 10 mars 2005 dans 10 communes de la région de Sicile , province de [32mRaguse[0m )
Source-CR 4: Titre : Interventions dans les zones agricoles touchées par des calamités naturelles ( gelées du 25 janvier au 9 mars 2005 dans 15 communes de la région de Sicile , province d &apos; [32mAgrigente[0m )
Target-CR 4: Title : Assistance in agricultural areas affected by natural disasters ( [32mfrosts[0m of 25 January to 9 March 2005 in 15 municipalities of the region of Sicily , [32mAgrigento[0m province )
-----------------------------
NMT Model 4: Title : incompatible in fair areas Investments by proper ( UNK from 25 January 2005 to 9 March 2005 in 15 2535 of similarly UNK , UNK UNK )
Copy Prob 4: [34mTitle[0m [34m:[0m [34mincompatible[0m [34min[0m [34mfair[0m [34mareas[0m [33maffected[0m [33mby[0m [33mnatural[0m [33mdisasters[0m [33m([0m [31mfrosts[0m [33mfrom[0m [34m25[0m [33mJanuary[0m [33m2005[0m [33mto[0m [34m9[0m [33mMarch[0m [33m2005[0m [33min[0m [34m15[0m [34m2535[0m [33mof[0m [33mSicily[0m [34m,[0m [31mRagusa[0m [34m467[0m [33m)[0m
Copy Gate 4: [36mTitle[0m [36m:[0m [32mincompatible[0m [34min[0m [32mfair[0m [32mareas[0m [33maffected[0m [34mby[0m [32mnatural[0m [32mdisasters[0m [34m([0m [36mfrosts[0m [36mfrom[0m [36m25[0m [36mJanuary[0m [34m2005[0m [34mto[0m [34m9[0m [34mMarch[0m [34m2005[0m [34min[0m [34m15[0m [36m2535[0m [34mof[0m [32mSicily[0m [34m,[0m [36mRagusa[0m [36m467[0m [34m)[0m

Epoch  0 Update  161 Cost  75.1171264648 G 29.541179657 execute: elapsed 0.4414 secs.
Epoch  0 Update  162 Cost  71.3059310913 G 24.5924701691 execute: elapsed 0.4842 secs.
Epoch  0 Update  163 Cost  62.049331665 G 22.7186012268 execute: elapsed 0.4444 secs.
Epoch  0 Update  164 Cost  43.2585830688 G 20.8339881897 execute: elapsed 0.3452 secs.
Epoch  0 Update  165 Cost  35.6610336304 G 17.38007164 execute: elapsed 0.4447 secs.
Epoch  0 Update  166 Cost  35.110168457 G 15.0316867828 execute: elapsed 0.3314 secs.
Epoch  0 Update  167 Cost  19.393119812 G 14.8238201141 execute: elapsed 0.3201 secs.
Epoch  0 Update  168 Cost  15.5313720703 G 14.1155261993 execute: elapsed 0.3735 secs.
Epoch  0 Update  169 Cost  17.0854682922 G 10.5571308136 execute: elapsed 0.2877 secs.
Epoch  0 Update  170 Cost  19.2193260193 G 6.00166225433 execute: elapsed 0.3146 secs.
Epoch  0 Update  171 Cost  17.1083679199 G 3.61974048615 execute: elapsed 0.1743 secs.
Epoch  0 Update  172 Cost  95.8964996338 G 25.3878116608 execute: elapsed 0.7163 secs.
Epoch  0 Update  173 Cost  141.524612427 G 42.4102935791 execute: elapsed 0.5983 secs.
Epoch  0 Update  174 Cost  119.938812256 G 40.9525260925 execute: elapsed 0.6302 secs.
Epoch  0 Update  175 Cost  99.6221160889 G 38.4872360229 execute: elapsed 0.5175 secs.
Epoch  0 Update  176 Cost  83.208114624 G 35.5659217834 execute: elapsed 0.5167 secs.
Epoch  0 Update  177 Cost  82.3938369751 G 32.0305213928 execute: elapsed 0.5172 secs.
Epoch  0 Update  178 Cost  76.5112915039 G 26.0411643982 execute: elapsed 0.4266 secs.
Epoch  0 Update  179 Cost  50.3392868042 G 22.9610462189 execute: elapsed 0.4738 secs.
Epoch  0 Update  180 Cost  46.1229782104 G 19.5252418518 execute: elapsed 0.3999 secs.
=============================
Target-TM 0: Concerning certain protection measures relating to classical swine fever in Germany and repealing Decision 2006 / 254 / EC
Source-TM 0: Concernant certaines mesures de protection contre la peste porcine classique en Allemagne et abrogeant la décision 2006 / 254 / CE
Source-CR 0: Concernant certaines mesures de protection contre la maladie de Newcastle en Bulgarie et abrogeant la décision 2004 / 908 / CE
Target-CR 0: Concerning protection measures in relation to Newcastle disease in Bulgaria and repealing Decision 2004 / 908 / EC
-----------------------------
NMT Model 0: derogations certain protection measures in funds to the same De system in Bulgaria and limited to Decision 2004 / biodegradable / EC
Copy Prob 0: [34mderogations[0m [34mcertain[0m [34mprotection[0m [34mmeasures[0m [34min[0m [34mfunds[0m [34mto[0m [34mthe[0m [34msame[0m [33mclassical[0m [36min[0m [34mBulgaria[0m [34mand[0m [34mlimited[0m [32mto[0m [33mDecision[0m [34m2004[0m [34m/[0m [33m254[0m [33m/[0m [34mEC[0m
Copy Gate 0: [34mderogations[0m [34mcertain[0m [36mprotection[0m [34mmeasures[0m [36min[0m [34mfunds[0m [34mto[0m [34mthe[0m [34msame[0m [32mclassical[0m [34min[0m [36mBulgaria[0m [34mand[0m [32mlimited[0m [34mto[0m [34mDecision[0m [34m2004[0m [34m/[0m [32m254[0m [34m/[0m [36mEC[0m

=============================
Target-TM 1: ( 1 ) OJ No L 129 , 18 . 5 . 1976 , p . 23 .
Source-TM 1: ( 1 ) JO no L 129 du 18 . 5 . 1976 , p. 23 .
Source-CR 1: ( 1 ) JO no L 262 du 27 . 9 . 1976 , p. 169 .
Target-CR 1: ( 1 ) OJ No L 262 , 27 . 9 . 1976 , p . 169 .
-----------------------------
NMT Model 1: ( 1 ) OJ No L compared , 27 . 9 . UNK , p . UNK .
Copy Prob 1: [34m([0m [34m1[0m [34m)[0m [34mOJ[0m [34mNo[0m [34mL[0m [34mcompared[0m [36m,[0m [34m27[0m [34m.[0m [34m9[0m [34m.[0m [36m,[0m [34mp[0m [34m.[0m [33m1976[0m [33m.[0m
Copy Gate 1: [34m([0m [34m1[0m [34m)[0m [34mOJ[0m [34mNo[0m [34mL[0m [36mcompared[0m [34m,[0m [34m27[0m [34m.[0m [34m9[0m [34m.[0m [36m,[0m [34mp[0m [34m.[0m [34m1976[0m [34m.[0m

=============================
Target-TM 2: Section 20 of licence applications and licences shall show one of the following entries :
Source-TM 2: La demande de certificat et le certificat comportent , dans la case 20 , l &apos; une des mentions suivantes :
Source-CR 2: 3 . La demande de certificat et le certificat comportent dans la case 20 la référence au présent article .
Target-CR 2: 3 . Section 20 of licence applications and of licences shall show a reference to this Article .
-----------------------------
NMT Model 2: 3 . The application for a certificate and the certificate provided for by the limit 20 the reference to this Article shall be made by the reference to this Article .
Copy Prob 2: [34m3[0m [34m.[0m [34mThe[0m [34mapplication[0m [34mfor[0m [34ma[0m [34mcertificate[0m [33mand[0m [34mthe[0m [34mcertificate[0m [34mprovided[0m [34mfor[0m [34mby[0m [33mthe[0m [34mlimit[0m [36m20[0m [34mthe[0m [34mreference[0m [34mto[0m [34mthis[0m [34mArticle[0m [34mshall[0m [34mbe[0m [34mmade[0m [34mby[0m [33mthe[0m [34mreference[0m [34mto[0m [34mthis[0m [34mArticle[0m [34m.[0m
Copy Gate 2: [34m3[0m [34m.[0m [36mThe[0m [36mapplication[0m [36mfor[0m [36ma[0m [32mcertificate[0m [34mand[0m [36mthe[0m [36mcertificate[0m [36mprovided[0m [34mfor[0m [36mby[0m [36mthe[0m [36mlimit[0m [36m20[0m [34mthe[0m [36mreference[0m [34mto[0m [34mthis[0m [34mArticle[0m [34mshall[0m [34mbe[0m [36mmade[0m [34mby[0m [34mthe[0m [36mreference[0m [34mto[0m [34mthis[0m [34mArticle[0m [34m.[0m

=============================
Target-TM 3: [32mChemobudowa[0m [32mKraków[0m ( Poland ) &#124; 460 &#124;
Source-TM 3: [32mChemobudowa[0m [32mKraków[0m ( [32mPolotne[0m ) &#124; 460 &#124;
Source-CR 3: 3 ) [32mChK[0m jest [32mspółką[0m [32mmatką[0m [32mGrupy[0m [32mKapitałowej[0m [32mChemobudowa[0m [32mKraków[0m . [32mGrupa[0m [32mskłada[0m się z [32mdwóch[0m [32mspółek[0m :
Target-CR 3: 3 ) [32mChK[0m jest [32mspółką[0m [32mmatką[0m [32mGrupy[0m [32mKapitałowej[0m [32mChemobudowa[0m [32mKraków[0m . [32mGrupa[0m [32mskłada[0m się z [32mdwóch[0m [32mspółek[0m :
-----------------------------
NMT Model 3: 3 ) UNK UNK UNK UNK UNK UNK UNK UNK . UNK UNK complaints themselves UNK UNK :
Copy Prob 3: [34m3[0m [34m)[0m [33m&#124;[0m [34m3[0m [33m)[0m [31mChemobudowa[0m [31mKraków[0m [31mKraków[0m [31mChemobudowa[0m [31mChemobudowa[0m [31mChemobudowa[0m [31mChemobudowa[0m [31mKraków[0m [34m.[0m [33mPoland[0m [31mKraków[0m [34mcomplaints[0m [34mthemselves[0m [31mChemobudowa[0m [31mKraków[0m [34m:[0m
Copy Gate 3: [34m3[0m [34m)[0m [34m&#124;[0m [34m3[0m [34m)[0m [36mChemobudowa[0m [34mKraków[0m [34mKraków[0m [34mChemobudowa[0m [34mChemobudowa[0m [34mChemobudowa[0m [34mChemobudowa[0m [34mKraków[0m [34m.[0m [34mPoland[0m [34mKraków[0m [36mcomplaints[0m [34mthemselves[0m [34mChemobudowa[0m [34mKraków[0m [34m:[0m

