{'baseline_xy': '/root/disk/scratch/model-tmnmt/baseline_fren.npz',
 'baseline_yx': '/root/disk/scratch/model-tmnmt/baseline_enfr.bs64.npz',
 'batch_size': 16,
 'beamsize': 1,
 'build_gate': True,
 'clip_c': 1.0,
 'd_maxlen': 200,
 'datasets': ['/root/workspace/TMNMT/.dataset/tm2.fren/train.fr.top5.shuf.tok',
              '/root/workspace/TMNMT/.dataset/tm2.fren/train.en.top5.shuf.tok',
              '/root/workspace/TMNMT/.dataset/tm2.fren/train.fr.top5.matched.shuf.tok',
              '/root/workspace/TMNMT/.dataset/tm2.fren/train.en.top5.matched.shuf.tok'],
 'decay_c': 0.0,
 'decoder': 'gru_cond',
 'dictionaries': ['/root/workspace/TMNMT/.dataset/tm2.fren/train.fr.top5.shuf.tok.pkl',
                  '/root/workspace/TMNMT/.dataset/tm2.fren/train.en.top5.shuf.tok.pkl',
                  '/root/workspace/TMNMT/.dataset/tm2.fren/train.fr.top5.shuf.tok.pkl',
                  '/root/workspace/TMNMT/.dataset/tm2.fren/train.en.top5.shuf.tok.pkl'],
 'dim': 1024,
 'dim_word': 512,
 'dispFreq': 10,
 'encoder': 'gru',
 'gate_lambda': 0.1,
 'gate_loss': True,
 'lrate': 2e-06,
 'maxlen': 50,
 'normalize': True,
 'optimizer': 'adam',
 'overwrite': True,
 'patience': 1000,
 'reload_': True,
 'sampleFreq': 20,
 'saveFreq': 500,
 'saveto': '/root/disk/scratch/model-tmnmt/TM2.v1_fren.ff.16-50.npz',
 'stochastic': False,
 'tm_source': '/root/workspace/TMNMT/.dataset/tm2.fren/devset.fr.matched.tok',
 'tm_target': '/root/workspace/TMNMT/.dataset/tm2.fren/devset.en.matched.tok',
 'trans_from': '/root/workspace/TMNMT/.dataset/tm2.fren/devset.fr.tok',
 'trans_ref': '/root/workspace/TMNMT/.dataset/tm2.fren/devset.en.tok',
 'trans_to': '/root/workspace/TMNMT/.translate/TM2.v1.translate',
 'use_dropout': False,
 'use_pretrain': True,
 'validFreq': 100,
 'valid_batch_size': 32,
 'valid_datasets': ['/root/workspace/TMNMT/.dataset/tm2.fren/devset.fr.tok',
                    '/root/workspace/TMNMT/.dataset/tm2.fren/devset.en.tok',
                    '/root/workspace/TMNMT/.dataset/tm2.fren/devset.fr.matched.tok',
                    '/root/workspace/TMNMT/.dataset/tm2.fren/devset.en.matched.tok'],
 'voc_sizes': [20000, 20000, 20000, 20000]}
Building model: X -> Y & Y -> X model
Done.
load the pretrained NMT-models... load ... xy_Wemb
load ... xy_Wemb_dec
load ... xy_encoder_W
load ... xy_encoder_b
load ... xy_encoder_U
load ... xy_encoder_Wx
load ... xy_encoder_bx
load ... xy_encoder_Ux
load ... xy_encoder_r_W
load ... xy_encoder_r_b
load ... xy_encoder_r_U
load ... xy_encoder_r_Wx
load ... xy_encoder_r_bx
load ... xy_encoder_r_Ux
load ... xy_ff_state_W
load ... xy_ff_state_b
load ... xy_decoder_W
load ... xy_decoder_b
load ... xy_decoder_U
load ... xy_decoder_Wx
load ... xy_decoder_Ux
load ... xy_decoder_bx
load ... xy_decoder_U_nl
load ... xy_decoder_b_nl
load ... xy_decoder_Ux_nl
load ... xy_decoder_bx_nl
load ... xy_decoder_Wc
load ... xy_decoder_Wcx
load ... xy_decoder_W_comb_att
load ... xy_decoder_Wc_att
load ... xy_decoder_b_att
load ... xy_decoder_U_att
load ... xy_decoder_c_tt
load ... xy_ff_logit_lstm_W
load ... xy_ff_logit_lstm_b
load ... xy_ff_logit_prev_W
load ... xy_ff_logit_prev_b
load ... xy_ff_logit_ctx_W
load ... xy_ff_logit_ctx_b
load ... xy_ff_logit_W
load ... xy_ff_logit_b
Done.
build forward-attention models (2 models simultaneously)...
Build f_critic... Done
build mapping (bi-linear model)!
Building Mapping functions, ... Done.
build loss function (w/o gate)
build sampler (one-step)
Building f_init... Done
Building f_next... Done
build old sampler
Building f_init... Done
Building f_next... Done
build Cost Function... build Gradient (backward)... Done
Building Optimizers... Done
Build Networks... done!
build_networks: elapsed 351.2465 secs.

Loading data
[33m-------------------------------------------- Main-Loop -------------------------------------------------[0m
Epoch  0 Update  1 Cost  173.15914917 G 31.4326934814 execute: elapsed 1.9407 secs.

Epoch  0 Update  2 Cost  158.501693726 G 26.1989097595 execute: elapsed 1.6544 secs.

Epoch  0 Update  3 Cost  124.116729736 G 24.3342609406 execute: elapsed 1.6834 secs.

Epoch  0 Update  4 Cost  134.895263672 G 22.6127204895 execute: elapsed 1.4982 secs.

Epoch  0 Update  5 Cost  100.634284973 G 20.3328437805 execute: elapsed 1.3553 secs.

Epoch  0 Update  6 Cost  92.0701751709 G 18.2509307861 execute: elapsed 1.2908 secs.

Epoch  0 Update  7 Cost  73.0081481934 G 15.8565225601 execute: elapsed 1.1863 secs.

Epoch  0 Update  8 Cost  48.8728790283 G 13.5668792725 execute: elapsed 1.0166 secs.

Epoch  0 Update  9 Cost  60.0536079407 G 11.7752742767 execute: elapsed 1.0644 secs.

Epoch  0 Update  10 Cost  42.3681640625 G 10.1543836594 execute: elapsed 0.9298 secs.

Epoch  0 Update  11 Cost  33.9385108948 G 8.82901000977 execute: elapsed 0.8524 secs.

Epoch  0 Update  12 Cost  25.1954917908 G 7.23301696777 execute: elapsed 0.7895 secs.

Epoch  0 Update  13 Cost  22.594783783 G 6.42623519897 execute: elapsed 0.6550 secs.

Epoch  0 Update  14 Cost  18.6659851074 G 5.37757301331 execute: elapsed 0.7309 secs.

Epoch  0 Update  15 Cost  25.6548805237 G 4.20965337753 execute: elapsed 0.7526 secs.

Epoch  0 Update  16 Cost  66.5341796875 G 11.9582004547 execute: elapsed 1.5530 secs.

Epoch  0 Update  17 Cost  155.395629883 G 29.0614967346 execute: elapsed 1.4842 secs.

Epoch  0 Update  18 Cost  137.54385376 G 27.0116920471 execute: elapsed 1.3383 secs.

Epoch  0 Update  19 Cost  153.240982056 G 24.856924057 execute: elapsed 1.4602 secs.

Epoch  0 Update  20 Cost  134.401306152 G 21.8176860809 execute: elapsed 1.5426 secs.

[ 0.51404887] (1,)
