{'baseline_xy': '/root/disk/scratch/model-tmnmt/baseline_fren.npz',
 'baseline_yx': '/root/disk/scratch/model-tmnmt/baseline_enfr.bs64.npz',
 'batch_size': 16,
 'beamsize': 5,
 'build_gate': True,
 'clip_c': 1.0,
 'd_maxlen': 200,
 'datasets': ['/root/workspace/TMNMT/.dataset/tm2.fren/train.fr.top5.shuf.tok',
              '/root/workspace/TMNMT/.dataset/tm2.fren/train.en.top5.shuf.tok',
              '/root/workspace/TMNMT/.dataset/tm2.fren/train.fr.top5.matched.shuf.tok',
              '/root/workspace/TMNMT/.dataset/tm2.fren/train.en.top5.matched.shuf.tok'],
 'decay_c': 0.0,
 'decoder': 'gru_cond',
 'dictionaries': ['/root/workspace/TMNMT/.dataset/tm2.fren/train.fr.top5.shuf.tok.pkl',
                  '/root/workspace/TMNMT/.dataset/tm2.fren/train.en.top5.shuf.tok.pkl',
                  '/root/workspace/TMNMT/.dataset/tm2.fren/train.fr.top5.shuf.tok.pkl',
                  '/root/workspace/TMNMT/.dataset/tm2.fren/train.en.top5.shuf.tok.pkl'],
 'dim': 1024,
 'dim_word': 512,
 'dispFreq': 10,
 'encoder': 'gru',
 'gate_lambda': 0.1,
 'gate_loss': True,
 'lrate': 0.001,
 'maxlen': 50,
 'normalize': True,
 'only_train_g': True,
 'optimizer': 'adam',
 'overwrite': True,
 'patience': 1000,
 'reload_': True,
 'sampleFreq': 20,
 'saveFreq': 500,
 'saveto': '/root/disk/scratch/model-tmnmt/TM2.v1_fren.ff.16-50.npz',
 'stochastic': True,
 'tm_source': '/root/workspace/TMNMT/.dataset/tm2.fren/devset.fr.matched.tok',
 'tm_target': '/root/workspace/TMNMT/.dataset/tm2.fren/devset.en.matched.tok',
 'trans_from': '/root/workspace/TMNMT/.dataset/tm2.fren/devset.fr.tok',
 'trans_ref': '/root/workspace/TMNMT/.dataset/tm2.fren/devset.en.tok',
 'trans_to': '/root/workspace/TMNMT/.translate/TM2.v1.translate',
 'use_dropout': False,
 'use_pretrain': True,
 'validFreq': 100,
 'valid_batch_size': 32,
 'valid_datasets': ['/root/workspace/TMNMT/.dataset/tm2.fren/devset.fr.tok',
                    '/root/workspace/TMNMT/.dataset/tm2.fren/devset.en.tok',
                    '/root/workspace/TMNMT/.dataset/tm2.fren/devset.fr.matched.tok',
                    '/root/workspace/TMNMT/.dataset/tm2.fren/devset.en.matched.tok'],
 'voc_sizes': [20000, 20000, 20000, 20000]}
Building model: X -> Y & Y -> X model
Done.
load the pretrained NMT-models... load ... xy_Wemb
load ... xy_Wemb_dec
load ... xy_encoder_W
load ... xy_encoder_b
load ... xy_encoder_U
load ... xy_encoder_Wx
load ... xy_encoder_bx
load ... xy_encoder_Ux
load ... xy_encoder_r_W
load ... xy_encoder_r_b
load ... xy_encoder_r_U
load ... xy_encoder_r_Wx
load ... xy_encoder_r_bx
load ... xy_encoder_r_Ux
load ... xy_ff_state_W
load ... xy_ff_state_b
load ... xy_decoder_W
load ... xy_decoder_b
load ... xy_decoder_U
load ... xy_decoder_Wx
load ... xy_decoder_Ux
load ... xy_decoder_bx
load ... xy_decoder_U_nl
load ... xy_decoder_b_nl
load ... xy_decoder_Ux_nl
load ... xy_decoder_bx_nl
load ... xy_decoder_Wc
load ... xy_decoder_Wcx
load ... xy_decoder_W_comb_att
load ... xy_decoder_Wc_att
load ... xy_decoder_b_att
load ... xy_decoder_U_att
load ... xy_decoder_c_tt
load ... xy_ff_logit_lstm_W
load ... xy_ff_logit_lstm_b
load ... xy_ff_logit_prev_W
load ... xy_ff_logit_prev_b
load ... xy_ff_logit_ctx_W
load ... xy_ff_logit_ctx_b
load ... xy_ff_logit_W
load ... xy_ff_logit_b
Done.
build forward-attention models (2 models simultaneously)...
Build f_critic... Done
build mapping (bi-linear model)!
Building Mapping functions, ... Done.
build loss function (w/o gate)
build sampler (one-step)
Building f_init... Done
Building f_next... Done
build old sampler
Building f_init... Done
Building f_next... Done
build Cost Function... build Gradient (backward)... Done
Building Optimizers... Done
Build Networks... done!
build_networks: elapsed 228.8734 secs.
Loading data
[33m-------------------------------------------- Main-Loop -------------------------------------------------[0m
Epoch  0 Update  1 Cost  173.157211304 G 31.4389057159 execute: elapsed 0.5029 secs.
Epoch  0 Update  2 Cost  156.185913086 G 27.0548973083 execute: elapsed 0.4307 secs.
Epoch  0 Update  3 Cost  119.833679199 G 28.162437439 execute: elapsed 0.4851 secs.
Epoch  0 Update  4 Cost  129.286712646 G 25.4310531616 execute: elapsed 0.3911 secs.
Epoch  0 Update  5 Cost  94.3698883057 G 23.2117710114 execute: elapsed 0.3940 secs.
Epoch  0 Update  6 Cost  87.3706741333 G 23.8373222351 execute: elapsed 0.3878 secs.
Epoch  0 Update  7 Cost  68.6419754028 G 20.8642234802 execute: elapsed 0.3482 secs.
Epoch  0 Update  8 Cost  45.3468856812 G 18.4584236145 execute: elapsed 0.2464 secs.
Epoch  0 Update  9 Cost  57.7610626221 G 15.5536613464 execute: elapsed 0.3627 secs.
Epoch  0 Update  10 Cost  39.1611938477 G 13.4622783661 execute: elapsed 0.2733 secs.
Epoch  0 Update  11 Cost  31.4683570862 G 11.2349205017 execute: elapsed 0.2759 secs.
Epoch  0 Update  12 Cost  23.1093864441 G 9.39306545258 execute: elapsed 0.2460 secs.
Epoch  0 Update  13 Cost  20.8443641663 G 8.71482658386 execute: elapsed 0.2918 secs.
Epoch  0 Update  14 Cost  17.9327259064 G 7.15511322021 execute: elapsed 0.2186 secs.
Epoch  0 Update  15 Cost  24.8066673279 G 4.69380569458 execute: elapsed 0.2314 secs.
Epoch  0 Update  16 Cost  62.4776687622 G 14.1420660019 execute: elapsed 0.4812 secs.
Epoch  0 Update  17 Cost  145.647338867 G 35.86277771 execute: elapsed 0.4420 secs.
Epoch  0 Update  18 Cost  128.993148804 G 35.1581420898 execute: elapsed 0.4023 secs.
Epoch  0 Update  19 Cost  146.019058228 G 30.0561752319 execute: elapsed 0.4969 secs.
Epoch  0 Update  20 Cost  128.678009033 G 26.7085380554 execute: elapsed 0.4200 secs.
=============================
Target-TM 0: - has been checked and found to show no symptoms of the relevant viruses , [32mvirus-like[0m organisms or diseases listed in the Annex hereto ,
Source-TM 0: - qui auront été contrôlés et qui ne présentaient aucun des symptômes des virus , [32mmycoplasmes[0m ou maladies énumérés dans l &apos; annexe ,
Source-CR 0: B ) ils doivent avoir été contrôlés et être effectivement indemnes de tels virus , [32mmycoplasmes[0m ou maladies depuis le début du dernier cycle de végétation ;
Target-CR 0: ( B ) it shall have been checked and found to be substantially free of such viruses , [32mvirus-like[0m organisms or disease since the beginning of the last cycle of vegetation ; and
-----------------------------
NMT Model 0: ( B ) they must have been που and matter permanent of approved connected , UNK and or or or diseases been for no UNK ; ; ;
