{'baseline_xy': '/root/disk/scratch/model-tmnmt/baseline_fren.npz',
 'baseline_yx': '/root/disk/scratch/model-tmnmt/baseline_enfr.bs64.npz',
 'batch_size': 32,
 'beamsize': 5,
 'build_gate': True,
 'clip_c': 1.0,
 'd_maxlen': 200,
 'datasets': ['/root/workspace/TMNMT/.dataset/tm2.fren/train.fr.top5.shuf.tok',
              '/root/workspace/TMNMT/.dataset/tm2.fren/train.en.top5.shuf.tok',
              '/root/workspace/TMNMT/.dataset/tm2.fren/train.fr.top5.matched.shuf.tok',
              '/root/workspace/TMNMT/.dataset/tm2.fren/train.en.top5.matched.shuf.tok'],
 'decay_c': 0.0,
 'decoder': 'gru_cond',
 'dictionaries': ['/root/workspace/TMNMT/.dataset/tm2.fren/train.fr.top5.shuf.tok.pkl',
                  '/root/workspace/TMNMT/.dataset/tm2.fren/train.en.top5.shuf.tok.pkl',
                  '/root/workspace/TMNMT/.dataset/tm2.fren/train.fr.top5.shuf.tok.pkl',
                  '/root/workspace/TMNMT/.dataset/tm2.fren/train.en.top5.shuf.tok.pkl'],
 'dim': 1024,
 'dim_word': 512,
 'dispFreq': 10,
 'encoder': 'gru',
 'gate_lambda': 0.1,
 'gate_loss': True,
 'lrate': 0.0001,
 'maxlen': 50,
 'normalize': True,
 'only_train_g': True,
 'optimizer': 'adam',
 'overwrite': True,
 'patience': 1000,
 'reload_': True,
 'sampleFreq': 20,
 'saveFreq': 500,
 'saveto': '/root/disk/scratch/model-tmnmt/TM2.v5_fren.ff.32-50.npz',
 'stochastic': False,
 'tm_source': '/root/workspace/TMNMT/.dataset/tm2.fren/devset.fr.matched.tok',
 'tm_target': '/root/workspace/TMNMT/.dataset/tm2.fren/devset.en.matched.tok',
 'trans_from': '/root/workspace/TMNMT/.dataset/tm2.fren/devset.fr.tok',
 'trans_ref': '/root/workspace/TMNMT/.dataset/tm2.fren/devset.en.tok',
 'trans_to': '/root/workspace/TMNMT/.translate/TM2.v1.translate',
 'use_coverage': False,
 'use_dropout': False,
 'use_pretrain': True,
 'validFreq': 100,
 'valid_batch_size': 32,
 'valid_datasets': ['/root/workspace/TMNMT/.dataset/tm2.fren/devset.fr.tok',
                    '/root/workspace/TMNMT/.dataset/tm2.fren/devset.en.tok',
                    '/root/workspace/TMNMT/.dataset/tm2.fren/devset.fr.matched.tok',
                    '/root/workspace/TMNMT/.dataset/tm2.fren/devset.en.matched.tok'],
 'voc_sizes': [20000, 20000, 20000, 20000]}
Building model: X -> Y & Y -> X model
Done.
load the pretrained NMT-models... load ... xy_Wemb
load ... xy_Wemb_dec
load ... xy_encoder_W
load ... xy_encoder_b
load ... xy_encoder_U
load ... xy_encoder_Wx
load ... xy_encoder_bx
load ... xy_encoder_Ux
load ... xy_encoder_r_W
load ... xy_encoder_r_b
load ... xy_encoder_r_U
load ... xy_encoder_r_Wx
load ... xy_encoder_r_bx
load ... xy_encoder_r_Ux
load ... xy_ff_state_W
load ... xy_ff_state_b
load ... xy_decoder_W
load ... xy_decoder_b
load ... xy_decoder_U
load ... xy_decoder_Wx
load ... xy_decoder_Ux
load ... xy_decoder_bx
load ... xy_decoder_U_nl
load ... xy_decoder_b_nl
load ... xy_decoder_Ux_nl
load ... xy_decoder_bx_nl
load ... xy_decoder_Wc
load ... xy_decoder_Wcx
load ... xy_decoder_W_comb_att
load ... xy_decoder_Wc_att
load ... xy_decoder_b_att
load ... xy_decoder_U_att
load ... xy_decoder_c_tt
load ... xy_ff_logit_lstm_W
load ... xy_ff_logit_lstm_b
load ... xy_ff_logit_prev_W
load ... xy_ff_logit_prev_b
load ... xy_ff_logit_ctx_W
load ... xy_ff_logit_ctx_b
load ... xy_ff_logit_W
load ... xy_ff_logit_b
Done.
build forward-attention models (2 models simultaneously)...
Build f_critic... Done
build mapping (bi-linear model)!
Building Mapping functions, ... Done.
build loss function (w/o gate)
build sampler (one-step)
Building f_init... Done
Building f_next... Done
build old sampler
Building f_init... Done
Building f_next... Done
build Cost Function... build Gradient (backward)... Done
Building Optimizers... Done
Build Networks... done!
build_networks: elapsed 247.2207 secs.
Loading data
[33m-------------------------------------------- Main-Loop -------------------------------------------------[0m
Epoch  0 Update  1 Cost  169.019866943 G 31.1661167145 execute: elapsed 0.6397 secs.
Epoch  0 Update  2 Cost  147.648086548 G 29.0880908966 execute: elapsed 0.6746 secs.
Epoch  0 Update  3 Cost  130.822921753 G 27.9790210724 execute: elapsed 0.5521 secs.
Epoch  0 Update  4 Cost  125.582435608 G 31.235918045 execute: elapsed 0.5264 secs.
Epoch  0 Update  5 Cost  92.8318786621 G 29.4030570984 execute: elapsed 0.5364 secs.
Epoch  0 Update  6 Cost  89.4575195312 G 32.0687828064 execute: elapsed 0.4597 secs.
Epoch  0 Update  7 Cost  70.9555435181 G 32.1229171753 execute: elapsed 0.4470 secs.
Epoch  0 Update  8 Cost  50.5845336914 G 29.3991794586 execute: elapsed 0.4644 secs.
Epoch  0 Update  9 Cost  55.9054870605 G 25.9444293976 execute: elapsed 0.3703 secs.
Epoch  0 Update  10 Cost  41.2520217896 G 18.8808631897 execute: elapsed 0.3305 secs.
Epoch  0 Update  11 Cost  32.5388565063 G 16.3007583618 execute: elapsed 0.4131 secs.
Epoch  0 Update  12 Cost  20.9081134796 G 13.8843383789 execute: elapsed 0.2912 secs.
Epoch  0 Update  13 Cost  18.9933052063 G 10.9101543427 execute: elapsed 0.2824 secs.
Epoch  0 Update  14 Cost  17.4468231201 G 7.55624485016 execute: elapsed 0.3514 secs.
Epoch  0 Update  15 Cost  18.2039165497 G 4.6063170433 execute: elapsed 0.2924 secs.
Epoch  0 Update  16 Cost  55.0124855042 G 26.2863883972 execute: elapsed 0.5816 secs.
Epoch  0 Update  17 Cost  119.786407471 G 57.3201293945 execute: elapsed 0.6897 secs.
Epoch  0 Update  18 Cost  110.264007568 G 44.9555664062 execute: elapsed 0.5436 secs.
Epoch  0 Update  19 Cost  126.965591431 G 35.1332969666 execute: elapsed 0.5949 secs.
Epoch  0 Update  20 Cost  99.0894241333 G 33.3481483459 execute: elapsed 0.5209 secs.
