{'baseline_xy': '/root/disk/scratch/model-tmnmt/baseline_fren.npz',
 'baseline_yx': '/root/disk/scratch/model-tmnmt/baseline_enfr.bs64.npz',
 'batch_size': 32,
 'beamsize': 5,
 'build_gate': True,
 'clip_c': 1.0,
 'd_maxlen': 200,
 'datasets': ['/root/workspace/TMNMT/.dataset/tm2.fren/train.fr.top5.shuf.tok',
              '/root/workspace/TMNMT/.dataset/tm2.fren/train.en.top5.shuf.tok',
              '/root/workspace/TMNMT/.dataset/tm2.fren/train.fr.top5.matched.shuf.tok',
              '/root/workspace/TMNMT/.dataset/tm2.fren/train.en.top5.matched.shuf.tok'],
 'decay_c': 0.0,
 'decoder': 'gru_cond',
 'dictionaries': ['/root/workspace/TMNMT/.dataset/tm2.fren/train.fr.top5.shuf.tok.pkl',
                  '/root/workspace/TMNMT/.dataset/tm2.fren/train.en.top5.shuf.tok.pkl',
                  '/root/workspace/TMNMT/.dataset/tm2.fren/train.fr.top5.shuf.tok.pkl',
                  '/root/workspace/TMNMT/.dataset/tm2.fren/train.en.top5.shuf.tok.pkl'],
 'dim': 1024,
 'dim_word': 512,
 'dispFreq': 10,
 'encoder': 'gru',
 'gate_lambda': 0.1,
 'gate_loss': True,
 'lrate': 0.0001,
 'maxlen': 50,
 'normalize': True,
 'only_train_g': True,
 'optimizer': 'adam',
 'overwrite': True,
 'patience': 1000,
 'reload_': True,
 'sampleFreq': 20,
 'saveFreq': 500,
 'saveto': '/root/disk/scratch/model-tmnmt/TM2.v3_fren.ff.32-50.npz',
 'stochastic': False,
 'tm_source': '/root/workspace/TMNMT/.dataset/tm2.fren/devset.fr.matched.tok',
 'tm_target': '/root/workspace/TMNMT/.dataset/tm2.fren/devset.en.matched.tok',
 'trans_from': '/root/workspace/TMNMT/.dataset/tm2.fren/devset.fr.tok',
 'trans_ref': '/root/workspace/TMNMT/.dataset/tm2.fren/devset.en.tok',
 'trans_to': '/root/workspace/TMNMT/.translate/TM2.v1.translate',
 'use_coverage': False,
 'use_dropout': False,
 'use_pretrain': True,
 'validFreq': 100,
 'valid_batch_size': 32,
 'valid_datasets': ['/root/workspace/TMNMT/.dataset/tm2.fren/devset.fr.tok',
                    '/root/workspace/TMNMT/.dataset/tm2.fren/devset.en.tok',
                    '/root/workspace/TMNMT/.dataset/tm2.fren/devset.fr.matched.tok',
                    '/root/workspace/TMNMT/.dataset/tm2.fren/devset.en.matched.tok'],
 'voc_sizes': [20000, 20000, 20000, 20000]}
Building model: X -> Y & Y -> X model
Done.
load the pretrained NMT-models... load ... xy_Wemb
load ... xy_Wemb_dec
load ... xy_encoder_W
load ... xy_encoder_b
load ... xy_encoder_U
load ... xy_encoder_Wx
load ... xy_encoder_bx
load ... xy_encoder_Ux
load ... xy_encoder_r_W
load ... xy_encoder_r_b
load ... xy_encoder_r_U
load ... xy_encoder_r_Wx
load ... xy_encoder_r_bx
load ... xy_encoder_r_Ux
load ... xy_ff_state_W
load ... xy_ff_state_b
load ... xy_decoder_W
load ... xy_decoder_b
load ... xy_decoder_U
load ... xy_decoder_Wx
load ... xy_decoder_Ux
load ... xy_decoder_bx
load ... xy_decoder_U_nl
load ... xy_decoder_b_nl
load ... xy_decoder_Ux_nl
load ... xy_decoder_bx_nl
load ... xy_decoder_Wc
load ... xy_decoder_Wcx
load ... xy_decoder_W_comb_att
load ... xy_decoder_Wc_att
load ... xy_decoder_b_att
load ... xy_decoder_U_att
load ... xy_decoder_c_tt
load ... xy_ff_logit_lstm_W
load ... xy_ff_logit_lstm_b
load ... xy_ff_logit_prev_W
load ... xy_ff_logit_prev_b
load ... xy_ff_logit_ctx_W
load ... xy_ff_logit_ctx_b
load ... xy_ff_logit_W
load ... xy_ff_logit_b
Done.
build forward-attention models (2 models simultaneously)...
Build f_critic... Done
build mapping (bi-linear model)!
Building Mapping functions, ... Done.
build loss function (w/o gate)
build sampler (one-step)
Building f_init... Done
Building f_next... Done
build old sampler
Building f_init... Done
Building f_next... Done
build Cost Function... build Gradient (backward)... Done
Building Optimizers... Done
Build Networks... done!
build_networks: elapsed 248.1449 secs.
Loading data
[33m-------------------------------------------- Main-Loop -------------------------------------------------[0m
Epoch  0 Update  1 Cost  167.468688965 G 30.6333332062 execute: elapsed 0.6718 secs.
Epoch  0 Update  2 Cost  150.470336914 G 26.9321517944 execute: elapsed 0.6117 secs.
Epoch  0 Update  3 Cost  136.724731445 G 24.7050895691 execute: elapsed 0.5625 secs.
Epoch  0 Update  4 Cost  131.496322632 G 22.7061309814 execute: elapsed 0.6055 secs.
Epoch  0 Update  5 Cost  100.467224121 G 19.8444309235 execute: elapsed 0.4640 secs.
Epoch  0 Update  6 Cost  95.3513946533 G 17.5894260406 execute: elapsed 0.4612 secs.
Epoch  0 Update  7 Cost  76.4084091187 G 15.8859443665 execute: elapsed 0.4845 secs.
Epoch  0 Update  8 Cost  55.0550537109 G 13.8589916229 execute: elapsed 0.4037 secs.
Epoch  0 Update  9 Cost  57.9229164124 G 11.9477386475 execute: elapsed 0.3482 secs.
Epoch  0 Update  10 Cost  45.2389717102 G 10.3174648285 execute: elapsed 0.4131 secs.
Epoch  0 Update  11 Cost  36.0726776123 G 9.18870353699 execute: elapsed 0.3164 secs.
Epoch  0 Update  12 Cost  22.9798355103 G 7.63462305069 execute: elapsed 0.3059 secs.
Epoch  0 Update  13 Cost  21.5314483643 G 6.7462978363 execute: elapsed 0.3474 secs.
Epoch  0 Update  14 Cost  19.0338497162 G 5.4903087616 execute: elapsed 0.2781 secs.
Epoch  0 Update  15 Cost  19.2089080811 G 4.06661653519 execute: elapsed 0.2868 secs.
Epoch  0 Update  16 Cost  60.3021850586 G 14.4633197784 execute: elapsed 0.6702 secs.
Epoch  0 Update  17 Cost  129.083633423 G 30.0315990448 execute: elapsed 0.5983 secs.
Epoch  0 Update  18 Cost  119.194229126 G 26.1900119781 execute: elapsed 0.6080 secs.
Epoch  0 Update  19 Cost  133.34576416 G 23.5756778717 execute: elapsed 0.5436 secs.
Epoch  0 Update  20 Cost  105.665710449 G 21.1772499084 execute: elapsed 0.5671 secs.
