{'baseline_xy': '/root/disk/scratch/model-tmnmt/baseline_fren.npz',
 'baseline_yx': '/root/disk/scratch/model-tmnmt/baseline_enfr.bs64.npz',
 'batch_size': 16,
 'beamsize': 1,
 'build_gate': True,
 'clip_c': 1.0,
 'd_maxlen': 200,
 'datasets': ['/root/workspace/TMNMT/.dataset/tm2.fren/train.fr.top5.shuf.tok',
              '/root/workspace/TMNMT/.dataset/tm2.fren/train.en.top5.shuf.tok',
              '/root/workspace/TMNMT/.dataset/tm2.fren/train.fr.top5.matched.shuf.tok',
              '/root/workspace/TMNMT/.dataset/tm2.fren/train.en.top5.matched.shuf.tok'],
 'decay_c': 0.0,
 'decoder': 'gru_cond',
 'dictionaries': ['/root/workspace/TMNMT/.dataset/tm2.fren/train.fr.top5.shuf.tok.pkl',
                  '/root/workspace/TMNMT/.dataset/tm2.fren/train.en.top5.shuf.tok.pkl',
                  '/root/workspace/TMNMT/.dataset/tm2.fren/train.fr.top5.shuf.tok.pkl',
                  '/root/workspace/TMNMT/.dataset/tm2.fren/train.en.top5.shuf.tok.pkl'],
 'dim': 1024,
 'dim_word': 512,
 'dispFreq': 10,
 'encoder': 'gru',
 'gate_lambda': 0.1,
 'gate_loss': True,
 'lrate': 2e-06,
 'maxlen': 50,
 'normalize': True,
 'optimizer': 'adam',
 'overwrite': True,
 'patience': 1000,
 'reload_': True,
 'sampleFreq': 20,
 'saveFreq': 500,
 'saveto': '/root/disk/scratch/model-tmnmt/TM2.v1_fren.ff.16-50.npz',
 'stochastic': False,
 'tm_source': '/root/workspace/TMNMT/.dataset/tm2.fren/devset.fr.matched.tok',
 'tm_target': '/root/workspace/TMNMT/.dataset/tm2.fren/devset.en.matched.tok',
 'trans_from': '/root/workspace/TMNMT/.dataset/tm2.fren/devset.fr.tok',
 'trans_ref': '/root/workspace/TMNMT/.dataset/tm2.fren/devset.en.tok',
 'trans_to': '/root/workspace/TMNMT/.translate/TM2.v1.translate',
 'use_dropout': False,
 'use_pretrain': True,
 'validFreq': 100,
 'valid_batch_size': 32,
 'valid_datasets': ['/root/workspace/TMNMT/.dataset/tm2.fren/devset.fr.tok',
                    '/root/workspace/TMNMT/.dataset/tm2.fren/devset.en.tok',
                    '/root/workspace/TMNMT/.dataset/tm2.fren/devset.fr.matched.tok',
                    '/root/workspace/TMNMT/.dataset/tm2.fren/devset.en.matched.tok'],
 'voc_sizes': [20000, 20000, 20000, 20000]}
Building model: X -> Y & Y -> X model
Done.
load the pretrained NMT-models... load ... xy_Wemb
load ... xy_Wemb_dec
load ... xy_encoder_W
load ... xy_encoder_b
load ... xy_encoder_U
load ... xy_encoder_Wx
load ... xy_encoder_bx
load ... xy_encoder_Ux
load ... xy_encoder_r_W
load ... xy_encoder_r_b
load ... xy_encoder_r_U
load ... xy_encoder_r_Wx
load ... xy_encoder_r_bx
load ... xy_encoder_r_Ux
load ... xy_ff_state_W
load ... xy_ff_state_b
load ... xy_decoder_W
load ... xy_decoder_b
load ... xy_decoder_U
load ... xy_decoder_Wx
load ... xy_decoder_Ux
load ... xy_decoder_bx
load ... xy_decoder_U_nl
load ... xy_decoder_b_nl
load ... xy_decoder_Ux_nl
load ... xy_decoder_bx_nl
load ... xy_decoder_Wc
load ... xy_decoder_Wcx
load ... xy_decoder_W_comb_att
load ... xy_decoder_Wc_att
load ... xy_decoder_b_att
load ... xy_decoder_U_att
load ... xy_decoder_c_tt
load ... xy_ff_logit_lstm_W
load ... xy_ff_logit_lstm_b
load ... xy_ff_logit_prev_W
load ... xy_ff_logit_prev_b
load ... xy_ff_logit_ctx_W
load ... xy_ff_logit_ctx_b
load ... xy_ff_logit_W
load ... xy_ff_logit_b
Done.
build forward-attention models (2 models simultaneously)...
Build f_critic... Done
build mapping (bi-linear model)!
Building Mapping functions, ... Done.
build loss function (w/o gate)
build sampler (one-step)
Building f_init... Done
Building f_next... Done
build old sampler
Building f_init... Done
Building f_next... Done
build Cost Function... build Gradient (backward)... Done
Building Optimizers... Done
Build Networks... done!
build_networks: elapsed 348.3279 secs.

Loading data
[33m-------------------------------------------- Main-Loop -------------------------------------------------[0m
Epoch  0 Update  1 Cost  173.209411621 G 31.4173774719 execute: elapsed 2.0820 secs.

Epoch  0 Update  2 Cost  158.546142578 G 26.1834640503 execute: elapsed 1.8482 secs.

Epoch  0 Update  3 Cost  124.144943237 G 24.3186416626 execute: elapsed 1.8409 secs.

Epoch  0 Update  4 Cost  134.898178101 G 22.588716507 execute: elapsed 1.5928 secs.

Epoch  0 Update  5 Cost  100.574043274 G 20.3234176636 execute: elapsed 1.5195 secs.

Epoch  0 Update  6 Cost  92.0872344971 G 18.2480182648 execute: elapsed 1.4237 secs.

Epoch  0 Update  7 Cost  72.9699249268 G 15.8893957138 execute: elapsed 1.2304 secs.

Epoch  0 Update  8 Cost  48.853843689 G 13.5769357681 execute: elapsed 1.1082 secs.

Epoch  0 Update  9 Cost  60.0350837708 G 11.8006534576 execute: elapsed 1.1394 secs.

Epoch  0 Update  10 Cost  42.3902587891 G 10.1722993851 execute: elapsed 0.9241 secs.

Epoch  0 Update  11 Cost  33.9127426147 G 8.84502601624 execute: elapsed 0.8896 secs.

Epoch  0 Update  12 Cost  25.1966133118 G 7.22354888916 execute: elapsed 0.9096 secs.

Epoch  0 Update  13 Cost  22.5952377319 G 6.42238235474 execute: elapsed 0.7343 secs.

Epoch  0 Update  14 Cost  18.6676673889 G 5.35666370392 execute: elapsed 0.7619 secs.

Epoch  0 Update  15 Cost  25.6492996216 G 4.2056388855 execute: elapsed 0.7237 secs.

Epoch  0 Update  16 Cost  66.5451202393 G 11.9682817459 execute: elapsed 1.5531 secs.

Epoch  0 Update  17 Cost  155.359558105 G 29.0154876709 execute: elapsed 1.6011 secs.

Epoch  0 Update  18 Cost  137.515335083 G 26.9966812134 execute: elapsed 1.5380 secs.

Epoch  0 Update  19 Cost  153.258300781 G 24.8748378754 execute: elapsed 1.5118 secs.

Epoch  0 Update  20 Cost  134.419387817 G 21.7850189209 execute: elapsed 1.4039 secs.

