{'baseline_xy': '/root/disk/scratch/model-tmnmt/baseline_fren.npz',
 'baseline_yx': '/root/disk/scratch/model-tmnmt/baseline_enfr.bs64.npz',
 'batch_size': 32,
 'beamsize': 5,
 'build_gate': True,
 'clip_c': 1.0,
 'd_maxlen': 200,
 'datasets': ['/root/workspace/TMNMT/.dataset/tm2.fren/train.fr.top5.shuf.tok',
              '/root/workspace/TMNMT/.dataset/tm2.fren/train.en.top5.shuf.tok',
              '/root/workspace/TMNMT/.dataset/tm2.fren/train.fr.top5.matched.shuf.tok',
              '/root/workspace/TMNMT/.dataset/tm2.fren/train.en.top5.matched.shuf.tok'],
 'decay_c': 0.0,
 'decoder': 'gru_cond',
 'dictionaries': ['/root/workspace/TMNMT/.dataset/tm2.fren/train.fr.top5.shuf.tok.pkl',
                  '/root/workspace/TMNMT/.dataset/tm2.fren/train.en.top5.shuf.tok.pkl',
                  '/root/workspace/TMNMT/.dataset/tm2.fren/train.fr.top5.shuf.tok.pkl',
                  '/root/workspace/TMNMT/.dataset/tm2.fren/train.en.top5.shuf.tok.pkl'],
 'dim': 1024,
 'dim_word': 512,
 'dispFreq': 10,
 'encoder': 'gru',
 'gate_lambda': 0.1,
 'gate_loss': True,
 'lrate': 0.0001,
 'maxlen': 50,
 'normalize': True,
 'only_train_g': True,
 'optimizer': 'adam',
 'overwrite': True,
 'patience': 1000,
 'reload_': True,
 'sampleFreq': 20,
 'saveFreq': 500,
 'saveto': '/root/disk/scratch/model-tmnmt/TM2.v3_fren.ff.32-50.npz',
 'stochastic': False,
 'tm_source': '/root/workspace/TMNMT/.dataset/tm2.fren/devset.fr.matched.tok',
 'tm_target': '/root/workspace/TMNMT/.dataset/tm2.fren/devset.en.matched.tok',
 'trans_from': '/root/workspace/TMNMT/.dataset/tm2.fren/devset.fr.tok',
 'trans_ref': '/root/workspace/TMNMT/.dataset/tm2.fren/devset.en.tok',
 'trans_to': '/root/workspace/TMNMT/.translate/TM2.v1.translate',
 'use_coverage': False,
 'use_dropout': False,
 'use_pretrain': True,
 'validFreq': 100,
 'valid_batch_size': 32,
 'valid_datasets': ['/root/workspace/TMNMT/.dataset/tm2.fren/devset.fr.tok',
                    '/root/workspace/TMNMT/.dataset/tm2.fren/devset.en.tok',
                    '/root/workspace/TMNMT/.dataset/tm2.fren/devset.fr.matched.tok',
                    '/root/workspace/TMNMT/.dataset/tm2.fren/devset.en.matched.tok'],
 'voc_sizes': [20000, 20000, 20000, 20000]}
Building model: X -> Y & Y -> X model
Done.
load the pretrained NMT-models... load ... xy_Wemb
load ... xy_Wemb_dec
load ... xy_encoder_W
load ... xy_encoder_b
load ... xy_encoder_U
load ... xy_encoder_Wx
load ... xy_encoder_bx
load ... xy_encoder_Ux
load ... xy_encoder_r_W
load ... xy_encoder_r_b
load ... xy_encoder_r_U
load ... xy_encoder_r_Wx
load ... xy_encoder_r_bx
load ... xy_encoder_r_Ux
load ... xy_ff_state_W
load ... xy_ff_state_b
load ... xy_decoder_W
load ... xy_decoder_b
load ... xy_decoder_U
load ... xy_decoder_Wx
load ... xy_decoder_Ux
load ... xy_decoder_bx
load ... xy_decoder_U_nl
load ... xy_decoder_b_nl
load ... xy_decoder_Ux_nl
load ... xy_decoder_bx_nl
load ... xy_decoder_Wc
load ... xy_decoder_Wcx
load ... xy_decoder_W_comb_att
load ... xy_decoder_Wc_att
load ... xy_decoder_b_att
load ... xy_decoder_U_att
load ... xy_decoder_c_tt
load ... xy_ff_logit_lstm_W
load ... xy_ff_logit_lstm_b
load ... xy_ff_logit_prev_W
load ... xy_ff_logit_prev_b
load ... xy_ff_logit_ctx_W
load ... xy_ff_logit_ctx_b
load ... xy_ff_logit_W
load ... xy_ff_logit_b
Done.
build forward-attention models (2 models simultaneously)...
Build f_critic... Done
build mapping (bi-linear model)!
Building Mapping functions, ... Done.
build loss function (w/o gate)
build sampler (one-step)
Building f_init... Done
Building f_next... Done
build old sampler
Building f_init... Done
Building f_next... Done
build Cost Function... build Gradient (backward)... Done
Building Optimizers... Done
Build Networks... done!
build_networks: elapsed 260.3157 secs.
Loading data
[33m-------------------------------------------- Main-Loop -------------------------------------------------[0m
Epoch  0 Update  1 Cost  167.497161865 G 30.6164550781 execute: elapsed 0.6720 secs.
Epoch  0 Update  2 Cost  150.535552979 G 26.9268550873 execute: elapsed 0.5987 secs.
Epoch  0 Update  3 Cost  136.756103516 G 24.6627731323 execute: elapsed 0.6207 secs.
Epoch  0 Update  4 Cost  131.5652771 G 22.724407196 execute: elapsed 0.4899 secs.
Epoch  0 Update  5 Cost  100.542098999 G 19.8139133453 execute: elapsed 0.5650 secs.
Epoch  0 Update  6 Cost  95.3989257812 G 17.5398254395 execute: elapsed 0.4541 secs.
Epoch  0 Update  7 Cost  76.4167098999 G 15.8952789307 execute: elapsed 0.4121 secs.
Epoch  0 Update  8 Cost  55.0504455566 G 13.8689041138 execute: elapsed 0.4832 secs.
Epoch  0 Update  9 Cost  57.9312438965 G 11.9391002655 execute: elapsed 0.3880 secs.
Epoch  0 Update  10 Cost  45.2551651001 G 10.291595459 execute: elapsed 0.3200 secs.
Epoch  0 Update  11 Cost  36.0631141663 G 9.15898323059 execute: elapsed 0.2733 secs.
Epoch  0 Update  12 Cost  22.9837150574 G 7.61672782898 execute: elapsed 0.3965 secs.
Epoch  0 Update  13 Cost  21.5257930756 G 6.73546409607 execute: elapsed 0.2694 secs.
Epoch  0 Update  14 Cost  19.0148086548 G 5.48775959015 execute: elapsed 0.2877 secs.
Epoch  0 Update  15 Cost  19.2113189697 G 4.07353067398 execute: elapsed 0.2713 secs.
Epoch  0 Update  16 Cost  60.3263015747 G 14.3803157806 execute: elapsed 0.6526 secs.
Epoch  0 Update  17 Cost  129.100524902 G 30.002828598 execute: elapsed 0.5710 secs.
Epoch  0 Update  18 Cost  119.233001709 G 26.0816345215 execute: elapsed 0.6346 secs.
Epoch  0 Update  19 Cost  133.370254517 G 23.5563869476 execute: elapsed 0.5224 secs.
Epoch  0 Update  20 Cost  105.726379395 G 21.1624259949 execute: elapsed 0.5683 secs.
