{'baseline_xy': '/root/disk/scratch/model-tmnmt/baseline_fren.npz',
 'baseline_yx': '/root/disk/scratch/model-tmnmt/baseline_enfr.bs64.npz',
 'batch_size': 16,
 'beamsize': 5,
 'build_gate': True,
 'clip_c': 1.0,
 'd_maxlen': 200,
 'datasets': ['/root/workspace/TMNMT/.dataset/tm2.fren/train.fr.top5.shuf.tok',
              '/root/workspace/TMNMT/.dataset/tm2.fren/train.en.top5.shuf.tok',
              '/root/workspace/TMNMT/.dataset/tm2.fren/train.fr.top5.matched.shuf.tok',
              '/root/workspace/TMNMT/.dataset/tm2.fren/train.en.top5.matched.shuf.tok'],
 'decay_c': 0.0,
 'decoder': 'gru_cond',
 'dictionaries': ['/root/workspace/TMNMT/.dataset/tm2.fren/train.fr.top5.shuf.tok.pkl',
                  '/root/workspace/TMNMT/.dataset/tm2.fren/train.en.top5.shuf.tok.pkl',
                  '/root/workspace/TMNMT/.dataset/tm2.fren/train.fr.top5.shuf.tok.pkl',
                  '/root/workspace/TMNMT/.dataset/tm2.fren/train.en.top5.shuf.tok.pkl'],
 'dim': 1024,
 'dim_word': 512,
 'dispFreq': 10,
 'encoder': 'gru',
 'gate_lambda': 0.1,
 'gate_loss': True,
 'lrate': 0.001,
 'maxlen': 50,
 'normalize': True,
 'only_train_g': True,
 'optimizer': 'adam',
 'overwrite': True,
 'patience': 1000,
 'reload_': True,
 'sampleFreq': 20,
 'saveFreq': 500,
 'saveto': '/root/disk/scratch/model-tmnmt/TM2.v1_fren.ff.16-50.npz',
 'stochastic': False,
 'tm_source': '/root/workspace/TMNMT/.dataset/tm2.fren/devset.fr.matched.tok',
 'tm_target': '/root/workspace/TMNMT/.dataset/tm2.fren/devset.en.matched.tok',
 'trans_from': '/root/workspace/TMNMT/.dataset/tm2.fren/devset.fr.tok',
 'trans_ref': '/root/workspace/TMNMT/.dataset/tm2.fren/devset.en.tok',
 'trans_to': '/root/workspace/TMNMT/.translate/TM2.v1.translate',
 'use_dropout': False,
 'use_pretrain': True,
 'validFreq': 100,
 'valid_batch_size': 32,
 'valid_datasets': ['/root/workspace/TMNMT/.dataset/tm2.fren/devset.fr.tok',
                    '/root/workspace/TMNMT/.dataset/tm2.fren/devset.en.tok',
                    '/root/workspace/TMNMT/.dataset/tm2.fren/devset.fr.matched.tok',
                    '/root/workspace/TMNMT/.dataset/tm2.fren/devset.en.matched.tok'],
 'voc_sizes': [20000, 20000, 20000, 20000]}
Building model: X -> Y & Y -> X model
Done.
load the pretrained NMT-models... load ... xy_Wemb
load ... xy_Wemb_dec
load ... xy_encoder_W
load ... xy_encoder_b
load ... xy_encoder_U
load ... xy_encoder_Wx
load ... xy_encoder_bx
load ... xy_encoder_Ux
load ... xy_encoder_r_W
load ... xy_encoder_r_b
load ... xy_encoder_r_U
load ... xy_encoder_r_Wx
load ... xy_encoder_r_bx
load ... xy_encoder_r_Ux
load ... xy_ff_state_W
load ... xy_ff_state_b
load ... xy_decoder_W
load ... xy_decoder_b
load ... xy_decoder_U
load ... xy_decoder_Wx
load ... xy_decoder_Ux
load ... xy_decoder_bx
load ... xy_decoder_U_nl
load ... xy_decoder_b_nl
load ... xy_decoder_Ux_nl
load ... xy_decoder_bx_nl
load ... xy_decoder_Wc
load ... xy_decoder_Wcx
load ... xy_decoder_W_comb_att
load ... xy_decoder_Wc_att
load ... xy_decoder_b_att
load ... xy_decoder_U_att
load ... xy_decoder_c_tt
load ... xy_ff_logit_lstm_W
load ... xy_ff_logit_lstm_b
load ... xy_ff_logit_prev_W
load ... xy_ff_logit_prev_b
load ... xy_ff_logit_ctx_W
load ... xy_ff_logit_ctx_b
load ... xy_ff_logit_W
load ... xy_ff_logit_b
Done.
build forward-attention models (2 models simultaneously)...
Build f_critic... Done
build mapping (bi-linear model)!
Building Mapping functions, ... Done.
build loss function (w/o gate)
build sampler (one-step)
Building f_init... Done
Building f_next... Done
build old sampler
Building f_init... Done
Building f_next... Done
build Cost Function... build Gradient (backward)... Done
Building Optimizers... Done
Build Networks... done!
build_networks: elapsed 261.7910 secs.
Loading data
[33m-------------------------------------------- Main-Loop -------------------------------------------------[0m
Epoch  0 Update  1 Cost  172.995422363 G 31.5024757385 execute: elapsed 0.4793 secs.
Epoch  0 Update  2 Cost  156.159408569 G 26.9375915527 execute: elapsed 0.3689 secs.
Epoch  0 Update  3 Cost  119.713478088 G 27.7943458557 execute: elapsed 0.4657 secs.
Epoch  0 Update  4 Cost  129.488464355 G 25.0833702087 execute: elapsed 0.3559 secs.
Epoch  0 Update  5 Cost  94.1284408569 G 23.1672534943 execute: elapsed 0.3736 secs.
Epoch  0 Update  6 Cost  87.1762466431 G 23.4821891785 execute: elapsed 0.3434 secs.
Epoch  0 Update  7 Cost  68.5238800049 G 20.6661376953 execute: elapsed 0.2969 secs.
Epoch  0 Update  8 Cost  45.1503944397 G 18.2354202271 execute: elapsed 0.2565 secs.
Epoch  0 Update  9 Cost  57.4905853271 G 15.4632778168 execute: elapsed 0.2968 secs.
Epoch  0 Update  10 Cost  38.9597091675 G 13.3633270264 execute: elapsed 0.2240 secs.
Epoch  0 Update  11 Cost  31.3369407654 G 11.2103853226 execute: elapsed 0.2360 secs.
Epoch  0 Update  12 Cost  23.0494213104 G 9.51109313965 execute: elapsed 0.2626 secs.
Epoch  0 Update  13 Cost  20.7354164124 G 8.78942871094 execute: elapsed 0.2183 secs.
Epoch  0 Update  14 Cost  17.5899887085 G 7.13724470139 execute: elapsed 0.1746 secs.
Epoch  0 Update  15 Cost  24.657245636 G 4.75402784348 execute: elapsed 0.1650 secs.
Epoch  0 Update  16 Cost  62.3473968506 G 14.2041721344 execute: elapsed 0.4678 secs.
Epoch  0 Update  17 Cost  145.576217651 G 35.8408966064 execute: elapsed 0.3988 secs.
Epoch  0 Update  18 Cost  128.849472046 G 35.1421051025 execute: elapsed 0.4253 secs.
Epoch  0 Update  19 Cost  146.005264282 G 30.0620975494 execute: elapsed 0.3667 secs.
Epoch  0 Update  20 Cost  128.57623291 G 26.7020664215 execute: elapsed 0.3296 secs.
=============================
Target-TM 0: - has been checked and found to show no symptoms of the relevant viruses , [32mvirus-like[0m organisms or diseases listed in the Annex hereto ,
Source-TM 0: - qui auront été contrôlés et qui ne présentaient aucun des symptômes des virus , [32mmycoplasmes[0m ou maladies énumérés dans l &apos; annexe ,
Source-CR 0: B ) ils doivent avoir été contrôlés et être effectivement indemnes de tels virus , [32mmycoplasmes[0m ou maladies depuis le début du dernier cycle de végétation ;
Target-CR 0: ( B ) it shall have been checked and found to be substantially free of such viruses , [32mvirus-like[0m organisms or disease since the beginning of the last cycle of vegetation ; and
-----------------------------
NMT Model 0: ( B
[0]
[4.6433544e-07]
Copy Prob 0: 
Copy Gate 0: 

=============================
Target-TM 1: On 22 March 2005 the Council decided to consult the European Economic and Social Committee , under Article 262 of the Treaty establishing the European Community , on the abovementioned proposal .
Source-TM 1: Le 22 mars 2005 , conformément à l &apos; article 262 du traité instituant la Communauté européenne , le Conseil a décidé de consulter le Comité économique et social européen sur la proposition susmentionnée .
Source-CR 1: Le 4 avril 2005 , le Conseil a décidé , conformément à l &apos; article 262 du traité instituant la Communauté européenne , de consulter le Comité économique et social européen sur la proposition susmentionnée .
Target-CR 1: On 4 April 2005 the Council decided to consult the European Economic and Social Committee , under Article 262 of the Treaty establishing the European Community , on the abovementioned proposal .
-----------------------------
NMT Model 1: On 4 April 2005 the Council
[299, 49, 419, 72, 2, 47, 0]
[0.91522932, 1.0, 1.0, 0.92446309, 0.61876512, 0.92314917, 4.3924974e-05]
Copy Prob 1: [34mOn[0m [34m4[0m [34mApril[0m [34m2005[0m [36mthe[0m [34mCouncil[0m
Copy Gate 1: [34mOn[0m [34m4[0m [34mApril[0m [34m2005[0m [34mthe[0m [34mCouncil[0m

=============================
Target-TM 2: - Community framework for State aid for research and development ( OJ C 45 , 17.2.1996 , p . 5 and OJ C 111 , [32m8.5.2002[0m , p . 3 ) ;
Source-TM 2: - Community [32mframework[0m for State aid for research and development ( OJ C 45 , [32m17.2.1996[0m , p. 5 and OJ C 111 , [32m8.5.2002[0m , p. 3 ) ;
Source-CR 2: - du 23 novembre 1990 relative à l &apos; amélioration de l &apos; assistance mutuelle entre États membres en cas de catastrophe naturelle ou d &apos; origine humaine ( JO C 315 du [32m14.12.1990[0m , p. 3 ) ,
Target-CR 2: - 23 November 1990 on improving mutual aid between Member States in the event of a natural or man-made disaster ( OJ C 315 , [32m14.12.1990[0m , p . 3 ) ,
-----------------------------
NMT Model 2: -
[25, 0]
[0.91775298, 1.0842538e-05]
Copy Prob 2: [34m-[0m
Copy Gate 2: [34m-[0m

=============================
Target-TM 3: ( 34 ) The following financial measures were granted by the public authorities to Kahla II from the time of its creation until 1999 ( amounts in DEM million ) :
Source-TM 3: ( 34 ) Les pouvoirs publics ont accordé les mesures financières suivantes à Kahla II , depuis sa constitution jusqu &apos; en 1999 ( millions de DEM ) -
Source-CR 3: ( 22 ) Les pouvoirs publics ont accordé les mesures financières suivantes à Kahla I , de sa constitution jusqu &apos; à sa mise en faillite ( millions de DEM ) -
Target-CR 3: ( 22 ) The following financial measures were granted by the public authorities to Kahla I from the time of its creation until its bankruptcy ( amounts in DEM million ) :
-----------------------------
NMT Model 3: ( 22 ) The
[9, 312, 8, 0]
[0.85880393, 1.0, 0.85744095, 1.1343655e-05]
Copy Prob 3: [34m([0m [34m22[0m [34m)[0m
Copy Gate 3: [34m([0m [34m22[0m [34m)[0m

=============================
Target-TM 4: 2 . The data bases referred to in the third indent of Article 1 shall be organized and operated as specified in Annex III .
Source-TM 4: 2 . La tenue et l &apos; exploitation des bases de données visées à l &apos; article 1er troisième tiret sont organisées selon les principes indiqués à l &apos; annexe III .
Source-CR 4: 2 . Les édulcorants visés au paragraphe 1 deuxième tiret ne peuvent être employés que pour la fabrication des denrées alimentaires énumérées à l &apos; annexe et dans les conditions qui y sont précisées .
Target-CR 4: 2 . [32mSweeteners[0m referred to in the second indent of paragraph 1 may only be used in the manufacture of the foodstuffs listed in the Annex under the conditions specified therein .
-----------------------------
NMT Model 4: 2 .
[29, 6, 0]
[0.9232493, 0.861431, 3.2589735e-06]
Copy Prob 4: [34m2[0m [34m.[0m
Copy Gate 4: [34m2[0m [34m.[0m

Epoch  0 Update  21 Cost  90.8724975586 G 23.0193862915 execute: elapsed 0.2925 secs.
Epoch  0 Update  22 Cost  75.2328186035 G 22.1573219299 execute: elapsed 0.2673 secs.
Epoch  0 Update  23 Cost  73.5136871338 G 20.121969223 execute: elapsed 0.2813 secs.
Epoch  0 Update  24 Cost  62.2302818298 G 17.763628006 execute: elapsed 0.2821 secs.
Epoch  0 Update  25 Cost  52.2761077881 G 15.9858217239 execute: elapsed 0.2441 secs.
Epoch  0 Update  26 Cost  42.6339149475 G 12.7968330383 execute: elapsed 0.2043 secs.
Epoch  0 Update  27 Cost  30.5628871918 G 11.7366123199 execute: elapsed 0.2267 secs.
Epoch  0 Update  28 Cost  20.9517440796 G 10.9371194839 execute: elapsed 0.2284 secs.
Epoch  0 Update  29 Cost  15.5922746658 G 9.4638671875 execute: elapsed 0.2020 secs.
Epoch  0 Update  30 Cost  15.2834119797 G 6.74758672714 execute: elapsed 0.1858 secs.
Epoch  0 Update  31 Cost  18.9484844208 G 4.10028982162 execute: elapsed 0.1894 secs.
Epoch  0 Update  32 Cost  94.9794921875 G 36.4200210571 execute: elapsed 0.4175 secs.
Epoch  0 Update  33 Cost  120.324684143 G 39.2313308716 execute: elapsed 0.4432 secs.
Epoch  0 Update  34 Cost  111.774452209 G 35.2810630798 execute: elapsed 0.3830 secs.
Epoch  0 Update  35 Cost  114.669692993 G 26.7665843964 execute: elapsed 0.3396 secs.
Epoch  0 Update  36 Cost  90.5308074951 G 26.0966396332 execute: elapsed 0.2518 secs.
Epoch  0 Update  37 Cost  63.6424102783 G 26.6582527161 execute: elapsed 0.2288 secs.
Epoch  0 Update  38 Cost  78.0246963501 G 25.1012897491 execute: elapsed 0.3133 secs.
Epoch  0 Update  39 Cost  79.7648162842 G 18.1513690948 execute: elapsed 0.2031 secs.
Epoch  0 Update  40 Cost  42.0030899048 G 18.6287651062 execute: elapsed 0.2180 secs.
=============================
Target-TM 0: ( G ) dairy premium and additional payments provided for in Title IV Chapter 7 of that Regulation ;
Source-TM 0: G ) prime aux produits laitiers et paiements supplémentaires , prévue au titre IV , chapitre 7 , dudit règlement ;
Source-CR 0: G ) prime aux produits laitiers et paiements supplémentaires , prévus au titre IV , chapitre 7 , dudit règlement .
Target-CR 0: ( G ) dairy premium and additional payments provided for in Title IV Chapter 7 of that Regulation .
-----------------------------
NMT Model 0: ( provided ) entitlement to the products responsible and proceedings , as provided for in Title IV Economic 7 of that Regulation ;
[9, 85, 8, 2685, 7, 2, 73, 408, 10, 685, 4, 31, 85, 12, 11, 378, 507, 386, 103, 3, 30, 32, 24, 0]
[0.72085589, 2.4248397e-06, 0.84813952, 1.0, 1.0, 1.0, 1.0, 1.0, 0.7987296, 1.0, 1.0, 1.0, 0.81319833, 0.85375273, 0.85501432, 0.50347388, 0.8537153, 1.0, 0.85809213, 0.8145265, 0.82862991, 0.84690428, 0.73256058, 0.75165272]
Copy Prob 0: [36m([0m [33mprovided[0m [34m)[0m [34mentitlement[0m [34mto[0m [34mthe[0m [34mproducts[0m [34mresponsible[0m [34mand[0m [34mproceedings[0m [34m,[0m [34mas[0m [34mprovided[0m [34mfor[0m [34min[0m [36mTitle[0m [34mIV[0m [34mEconomic[0m [34m7[0m [34mof[0m [34mthat[0m [34mRegulation[0m [36m;[0m
Copy Gate 0: [34m([0m [34mprovided[0m [34m)[0m [34mentitlement[0m [34mto[0m [34mthe[0m [34mproducts[0m [34mresponsible[0m [34mand[0m [34mproceedings[0m [34m,[0m [34mas[0m [34mprovided[0m [34mfor[0m [34min[0m [34mTitle[0m [34mIV[0m [34mEconomic[0m [34m7[0m [34mof[0m [34mthat[0m [34mRegulation[0m [34m;[0m

=============================
Target-TM 1: The Council shall no later than 30 September 2006 evaluate whether the EU supporting action should be continued .
Source-TM 1: Le Conseil procède , au plus tard le 30 septembre 2006 , à une évaluation afin de déterminer si l &apos; action de soutien de l &apos; Union européenne doit être poursuivie .
Source-CR 1: De concert avec les autorités américaines , la Commission évaluera l &apos; adéquation des subventions octroyées dans le cadre du programme [32mFulbright[0m / UE .
Target-CR 1: The Commission , together with the US authorities , will evaluate the adequacy of the [32mFulbright-EU[0m programme grants .
-----------------------------
NMT Model 1: evaluate with the
[2938, 26, 2, 0]
[2.5953782e-06, 1.0, 0.84545177, 0.00010147201]
Copy Prob 1: [33mevaluate[0m [34mwith[0m [34mthe[0m
Copy Gate 1: [34mevaluate[0m [34mwith[0m [34mthe[0m

=============================
Target-TM 2: [32m2004PL16CPE011[0m &#124; Water and waste water management in [32mMyslowice[0m &#124; [32m24153759[0m &#124; [32m15458406[0m &#124; 2005 &#124; 31.12.2009 &#124; 14.12.2004 &#124;
Source-TM 2: [32m2004PL16CPE011[0m &#124; Gestion des eaux et des eaux usées de [32mMyslowice[0m &#124; [32m24153759[0m &#124; [32m15458406[0m &#124; 2005 &#124; 31.12.2009 &#124; 14.12.2004 &#124;
Source-CR 2: [32m2004PL16CPE023[0m &#124; Système municipal de gestion des déchets de [32mTorun[0m &#124; [32m15264000[0m &#124; [32m10837440[0m &#124; 1.10.2006 &#124; 31.12.2009 &#124; 19.12.2005 &#124;
Target-CR 2: [32m2004PL16CPE023[0m &#124; Municipal waste management in [32mTorun[0m &#124; [32m15264000[0m &#124; [32m10837440[0m &#124; 1.10.2006 &#124; 31.12.2009 &#124; 19.12.2005 &#124;
-----------------------------
NMT Model 2: stance &#124; Water &#124; [32mdetergent[0m &#124; waste variety &#124; emphasise &#124; 31.12.2009 &#124; &#124;
[193972, 5, 4518, 5, 193970, 5, 606, 1421, 5, 11207, 5, 7476, 5, 0]
[0, 1.4281069e-05, 6.9664878e-11, 6.3181033e-05, 0, 0.55907363, 2.268165e-07, 1.0, 0.50805926, 1.0, 0.59511173, 8.2991528e-06, 0.47009328, 0.83997703]
Copy Prob 2: [31m2004PL16CPE011[0m [33m&#124;[0m [33mWater[0m [33m&#124;[0m [31m24153759[0m [36m&#124;[0m [33mwaste[0m [34mvariety[0m [36m&#124;[0m [34memphasise[0m [36m&#124;[0m [33m31.12.2009[0m [32m&#124;[0m
Copy Gate 2: [34m2004PL16CPE011[0m [34m&#124;[0m [36mWater[0m [34m&#124;[0m [34m24153759[0m [34m&#124;[0m [36mwaste[0m [36mvariety[0m [34m&#124;[0m [34memphasise[0m [34m&#124;[0m [34m31.12.2009[0m [34m&#124;[0m

=============================
Target-TM 3: ( 2 ) OJ No L 164 , 29 . 6 . 1985 , p . 1 .
Source-TM 3: ( 2 ) JO no L 164 du 29 . 6 . 1985 , p . 1 .
Source-CR 3: ( 2 ) JO n L 154 du 5 . 6 . 1992 , p. 1 .
Target-CR 3: ( 2 ) OJ No L 154 , 5 . 6 . 1992 , p . 1 .
-----------------------------
NMT Model 3: ( 2 ) OJ No L . 6 . 1992 , p . 1 .
[9, 29, 8, 239, 35, 261, 6, 87, 6, 804, 4, 270, 6, 19, 6, 0]
[0.85811776, 0.85287631, 0.85909539, 0.81613356, 0.81845975, 0.84545815, 8.1141785e-05, 0.012526045, 4.5932367e-05, 1.0, 9.7557568e-05, 0.87306559, 0.60424072, 0.85483074, 0.60340983, 0.6486721]
Copy Prob 3: [34m([0m [34m2[0m [34m)[0m [34mOJ[0m [34mNo[0m [34mL[0m [33m.[0m [33m6[0m [33m.[0m [34m1992[0m [33m,[0m [34mp[0m [36m.[0m [34m1[0m [36m.[0m
Copy Gate 3: [34m([0m [34m2[0m [34m)[0m [34mOJ[0m [34mNo[0m [34mL[0m [36m.[0m [34m6[0m [34m.[0m [34m1992[0m [34m,[0m [34mp[0m [34m.[0m [34m1[0m [34m.[0m

=============================
Target-TM 4: Whereas [32mtriclabendazole[0m should be inserted into Annex I to Regulation ( EEC ) No 2377 / 90 ;
Source-TM 4: Considérant que [32mtriclabendazole[0m doit être inséré à l &apos; annexe I du règlement ( CEE ) n ° 2377 / 90 ;
Source-CR 4: Considérant que la [32msarafloxacine[0m doit être insérée à l &apos; annexe I du règlement ( CEE ) n ° 2377 / 90 ;
Target-CR 4: Whereas [32msarafloxacin[0m should be inserted into Annex I to Regulation ( EEC ) No 2377 / 90 ;
-----------------------------
NMT Model 4: Whereas Annex I to Regulation ( EEC ) No reflect / 90
[97, 57, 141, 7, 32, 9, 51, 8, 35, 2649, 13, 376, 0]
[0.8588472, 0.00059313164, 0.00095859513, 0.83818483, 0.85923934, 0.86158794, 0.85819429, 0.86239392, 0.86004806, 1.0, 0.85663438, 0.84670085, 0.00069991464]
Copy Prob 4: [34mWhereas[0m [33mAnnex[0m [33mI[0m [34mto[0m [34mRegulation[0m [34m([0m [34mEEC[0m [34m)[0m [34mNo[0m [34mreflect[0m [34m/[0m [34m90[0m
Copy Gate 4: [34mWhereas[0m [34mAnnex[0m [34mI[0m [34mto[0m [34mRegulation[0m [34m([0m [34mEEC[0m [34m)[0m [34mNo[0m [34mreflect[0m [34m/[0m [34m90[0m

Epoch  0 Update  41 Cost  42.1331787109 G 17.8842315674 execute: elapsed 0.3334 secs.
Epoch  0 Update  42 Cost  39.1322860718 G 13.2911548615 execute: elapsed 0.2935 secs.
Epoch  0 Update  43 Cost  19.2347793579 G 13.0594940186 execute: elapsed 0.2242 secs.
Epoch  0 Update  44 Cost  24.2118873596 G 10.3187255859 execute: elapsed 0.2254 secs.
Epoch  0 Update  45 Cost  14.3828411102 G 8.70145320892 execute: elapsed 0.2347 secs.
Epoch  0 Update  46 Cost  23.3018779755 G 4.93438625336 execute: elapsed 0.2819 secs.
Epoch  0 Update  47 Cost  34.9237823486 G 7.62046861649 execute: elapsed 0.3976 secs.
Epoch  0 Update  48 Cost  133.026885986 G 42.6843719482 execute: elapsed 0.4542 secs.
Epoch  0 Update  49 Cost  120.291778564 G 36.0537948608 execute: elapsed 0.4568 secs.
Epoch  0 Update  50 Cost  120.876037598 G 29.5263710022 execute: elapsed 0.4331 secs.
Epoch  0 Update  51 Cost  111.59034729 G 28.9112739563 execute: elapsed 0.4174 secs.
Epoch  0 Update  52 Cost  119.045074463 G 23.0952014923 execute: elapsed 0.3527 secs.
Epoch  0 Update  53 Cost  102.209358215 G 19.984539032 execute: elapsed 0.3509 secs.
Epoch  0 Update  54 Cost  77.0793151855 G 19.216506958 execute: elapsed 0.3602 secs.
Epoch  0 Update  55 Cost  51.7239608765 G 17.079366684 execute: elapsed 0.2836 secs.
Epoch  0 Update  56 Cost  37.3064537048 G 15.21393013 execute: elapsed 0.3021 secs.
Epoch  0 Update  57 Cost  34.7573394775 G 14.5289459229 execute: elapsed 0.1755 secs.
Epoch  0 Update  58 Cost  36.1799316406 G 10.3667993546 execute: elapsed 0.2897 secs.
Epoch  0 Update  59 Cost  24.8991889954 G 9.46415328979 execute: elapsed 0.2329 secs.
Epoch  0 Update  60 Cost  17.5371246338 G 8.54205513 execute: elapsed 0.2370 secs.
=============================
Target-TM 0: ( 2006 / C 194 / 02 )
Source-TM 0: ( 2006 / C 194 / 02 )
Source-CR 0: ( 2006 / C 116 / 02 )
Target-CR 0: ( 2006 / C 116 / 02 )
-----------------------------
NMT Model 0: ( 2006 / C agli /
[9, 99, 13, 93, 9218, 13, 0]
[0.68498123, 0.57570618, 0.46877939, 0.62439197, 1.0, 0.49505445, 2.0633455e-05]
Copy Prob 0: [36m([0m [36m2006[0m [32m/[0m [36mC[0m [34magli[0m [32m/[0m
Copy Gate 0: [34m([0m [34m2006[0m [34m/[0m [36mC[0m [36magli[0m [34m/[0m

=============================
Target-TM 1: PLN &#124; New Polish [32mZloty[0m &#124; [32m1851323[0m &#124;
Source-TM 1: PLN &#124; Nouveau zloty polonais &#124; [32m1851323[0m &#124;
Source-CR 1: PLN &#124; Nouveau zloty polonais &#124; [32m4387020[0m &#124;
Target-CR 1: PLN &#124; New Polish [32mZloty[0m &#124; [32m4387020[0m &#124;
-----------------------------
NMT Model 1: PLN &#124; hinder 30.6.2006 [32mcruel[0m &#124; [32mprotects[0m &#124;
[2776, 5, 5665, 2968, 31797, 5, 243277, 5, 0]
[1.2467198e-07, 0.3974247, 1.0, 1.0, 0, 0.37609333, 0, 0.42065585, 0.51705772]
Copy Prob 1: [33mPLN[0m [32m&#124;[0m [34mhinder[0m [34m30.6.2006[0m [31mZloty[0m [32m&#124;[0m [31m1851323[0m [32m&#124;[0m
Copy Gate 1: [34mPLN[0m [34m&#124;[0m [32mhinder[0m [36m30.6.2006[0m [36mZloty[0m [34m&#124;[0m [34m1851323[0m [34m&#124;[0m

=============================
Target-TM 2: [32mPremier[0m &#124; a FR 12567 &#124; &#124; &#124;
Source-TM 2: Premier &#124; a FR 12567 &#124; &#124; &#124;
Source-CR 2: [32mCallisto[0m &#124; a FR 12567 &#124; &#124; &#124;
Target-CR 2: [32mCallisto[0m &#124; a FR 12567 &#124; &#124; &#124;
-----------------------------
NMT Model 2: stance &#124; a FR warrants &#124; &#124; &#124;
[33391, 5, 14, 293, 8633, 5, 5, 5, 0]
[0, 0.31805715, 0.44786766, 0.38963863, 1.0, 0.28423697, 0.29754785, 0.35247833, 0.54972315]
Copy Prob 2: [31mPremier[0m [32m&#124;[0m [32ma[0m [32mFR[0m [34mwarrants[0m [32m&#124;[0m [32m&#124;[0m [32m&#124;[0m
Copy Gate 2: [34mPremier[0m [34m&#124;[0m [36ma[0m [34mFR[0m [36mwarrants[0m [34m&#124;[0m [34m&#124;[0m [34m&#124;[0m

=============================
Target-TM 3: 341 &#124; Proposed instruments : Regulation . &#124;
Source-TM 3: &#124; Instrument proposé : Règlement &#124;
Source-CR 3: 341 &#124; Instrument proposé : Règlement . &#124;
Target-CR 3: 341 &#124; Proposed instruments : Regulation . &#124;
-----------------------------
NMT Model 3: Vocational &#124; PRODUCT instruments : Regulation . &#124;
[6702, 5, 5630, 1621, 23, 32, 6, 5, 0]
[1.0, 0.48979485, 1.0, 1.0, 0.66364962, 0.4547658, 0.66964352, 0.54448694, 0.62770885]
Copy Prob 3: [34mVocational[0m [32m&#124;[0m [34mPRODUCT[0m [34mport[0m [36m:[0m [32mRegulation[0m [36m.[0m [36m&#124;[0m
Copy Gate 3: [32mVocational[0m [34m&#124;[0m [36mPRODUCT[0m [36mport[0m [34m:[0m [34mRegulation[0m [34m.[0m [34m&#124;[0m

=============================
Target-TM 4: ( 2005 / C 137 / 11 )
Source-TM 4: ( 2005 / C 137 / 11 )
Source-CR 4: ( 2005 / C 334 / 11 )
Target-CR 4: ( 2005 / C 334 / 11 )
-----------------------------
NMT Model 4: ( 2005 / C 137 / 11 )
[9, 72, 13, 93, 4106, 13, 182, 8, 0]
[0.69017541, 0.65754783, 0.51247495, 0.65085852, 2.1966416e-08, 0.49835235, 0.66796392, 0.6892035, 0.6234045]
Copy Prob 4: [36m([0m [36m2005[0m [36m/[0m [36mC[0m [33m137[0m [32m/[0m [36m11[0m [36m)[0m
Copy Gate 4: [34m([0m [34m2005[0m [34m/[0m [36mC[0m [34m137[0m [34m/[0m [34m11[0m [34m)[0m

Epoch  0 Update  61 Cost  17.5720901489 G 6.13398742676 execute: elapsed 0.2347 secs.
Epoch  0 Update  62 Cost  29.4562835693 G 5.13962745667 execute: elapsed 0.4360 secs.
Epoch  0 Update  63 Cost  154.070297241 G 38.1097717285 execute: elapsed 0.4469 secs.
Epoch  0 Update  64 Cost  115.504470825 G 37.942855835 execute: elapsed 0.3980 secs.
Epoch  0 Update  65 Cost  130.501525879 G 35.6347465515 execute: elapsed 0.4057 secs.
Epoch  0 Update  66 Cost  133.96963501 G 27.6278381348 execute: elapsed 0.3764 secs.
Epoch  0 Update  67 Cost  109.408477783 G 26.9688072205 execute: elapsed 0.3102 secs.
Epoch  0 Update  68 Cost  76.642326355 G 23.3229236603 execute: elapsed 0.3773 secs.
Epoch  0 Update  69 Cost  73.6453704834 G 19.6759414673 execute: elapsed 0.3547 secs.
Epoch  0 Update  70 Cost  38.1180229187 G 23.2191143036 execute: elapsed 0.3010 secs.
Epoch  0 Update  71 Cost  54.7609367371 G 18.286529541 execute: elapsed 0.2990 secs.
Epoch  0 Update  72 Cost  45.4579162598 G 16.0176429749 execute: elapsed 0.2789 secs.
Epoch  0 Update  73 Cost  36.344871521 G 12.5770111084 execute: elapsed 0.1835 secs.
Epoch  0 Update  74 Cost  22.8376541138 G 10.7214241028 execute: elapsed 0.2824 secs.
Epoch  0 Update  75 Cost  17.4642448425 G 9.66618537903 execute: elapsed 0.2287 secs.
Epoch  0 Update  76 Cost  16.2518177032 G 7.72943305969 execute: elapsed 0.2376 secs.
Epoch  0 Update  77 Cost  20.687625885 G 5.66920089722 execute: elapsed 0.2208 secs.
Epoch  0 Update  78 Cost  22.7080097198 G 5.63323354721 execute: elapsed 0.4015 secs.
Epoch  0 Update  79 Cost  161.644180298 G 46.5233917236 execute: elapsed 0.4228 secs.
Epoch  0 Update  80 Cost  132.998733521 G 38.8095703125 execute: elapsed 0.4492 secs.
=============================
Target-TM 0: 2. that from the date of the present Decision no authorizations for plant protection products containing [32mpropham[0m will be granted or renewed under the derogation provided for in Article 8 ( 2 ) of Directive 91 / 414 / EEC .
Source-TM 0: 2 ) à partir de la date de la présente décision , aucune autorisation de produits pharmaceutiques contenant du [32mprophame[0m ne soit accordée ou reconduite au titre de la dérogation prévue à l &apos; article 8 paragraphe 2 de la directive 91 / 414 / CEE .
Source-CR 0: 2 ) à partir de la date de la présente décision , aucune autorisation de produits phytopharmaceutiques contenant du [32mdinoterb[0m ne soit accordée ou reconduite au titre de la dérogation prévue à l &apos; article 8 , paragraphe 2 , de la directive 91 / 414 / CEE .
Target-CR 0: 2. that from the date of the present Decision no authorisations for plant protection products containing [32mdinoterb[0m will be granted or renewed under the derogation provided for in Article 8 ( 2 ) of Directive 91 / 414 / EEC .
-----------------------------
NMT Model 0: 2. from the date of the date of the applicant Decision , no marine for the
[1426, 41, 2, 156, 3, 2, 480, 95, 4, 185, 0]
[0.87429225, 0.85682511, 0.75093174, 0.89163512, 0.83389765, 0.66797304, 1.0, 0.89905286, 1.0, 0.84796691, 3.0333899e-07]
Copy Prob 0: [34m2.[0m [34mfrom[0m [34mthe[0m [34mdate[0m [34mof[0m [36mthe[0m [34mapplicant[0m [34mDecision[0m [34m,[0m [34mno[0m
Copy Gate 0: [34m2.[0m [34mfrom[0m [34mthe[0m [34mdate[0m [34mof[0m [34mthe[0m [34mapplicant[0m [34mDecision[0m [34m,[0m [34mno[0m

=============================
Target-TM 1: Stocks required to be maintained by Article 1 may be maintained in the form of crude oil and intermediate products , as well as in the form of finished products .
Source-TM 1: Les stocks à maintenir dans le cadre de l &apos; obligation définie à l &apos; article 1er peuvent se présenter sous la forme de pétrole brut et de produits intermédiaires , ainsi que sous la forme de produits finis .
Source-CR 1: Considérant que les entreprises de transformation doivent inscrire dans leur comptabilité matières les produits qu &apos; elles utilisent dans la fabrication de mélanges ainsi que l &apos; influence que ces produits exercent sur le taux de protéines brutes totales des fourrages séchés qu &apos; elles produisent ;
Target-CR 1: Whereas processing undertaking should be required to enter in their stock accounts the products they use in the manufacture of mixtures and the effect such products have on the total crude protein content of the dried fodder they produce ;
-----------------------------
NMT Model 1: Whereas processing risk
[0]
[2.2821389e-09]
Copy Prob 1: 
Copy Gate 1: 

=============================
Target-TM 2: ( 112 ) W związku z [32mpowyższym[0m Komisja :
Source-TM 2: ( 112 ) W związku z [32mpowyższym[0m Komisja :
Source-CR 2: ( 25 ) Z [32mzasady[0m [32mpodawane[0m przez [32mpierwszy[0m [32mkraj[0m [32mrejestrujący[0m . [32mWartości[0m [32mpowinny[0m być z [32mzasady[0m [32mwyliczane[0m zgodnie z [32msystemem[0m [32mklasyfikacji[0m FAO . W [32mprzypadkach[0m [32moznaczonych[0m [32mgwiazdką[0m ( * ) , zostały one [32mwyliczone[0m zgodnie z [32mnarodowym[0m [32msystemem[0m [32mklasyfikacji[0m .
Target-CR 2: ( 25 ) Z [32mzasady[0m [32mpodawane[0m przez [32mpierwszy[0m [32mkraj[0m [32mrejestrujący[0m . [32mWartości[0m [32mpowinny[0m być z [32mzasady[0m [32mwyliczane[0m zgodnie z [32msystemem[0m [32mklasyfikacji[0m FAO . W [32mprzypadkach[0m [32moznaczonych[0m [32mgwiazdką[0m ( * ) , zostały one [32mwyliczone[0m zgodnie z [32mnarodowym[0m [32msystemem[0m [32mklasyfikacji[0m .
-----------------------------
NMT Model 2: 
[0]
[3.6437595e-07]
Copy Prob 2: 
Copy Gate 2: 

=============================
Target-TM 3: Having regard to Council Regulation ( EEC ) No 404 / 93 of 13 February 1993 on the common organisation of the market in bananas ( 1 ) , and in particular Article 20 thereof ,
Source-TM 3: Vu le règlement ( CEE ) n ° 404 / 93 du Conseil du 13 février 1993 portant organisation commune des marchés dans le secteur de la banane ( 1 ) , et notamment son article 20 ,
Source-CR 3: Vu le règlement ( CEE ) n ° 739 / 93 du Conseil , du 17 mars 1993 , relatif à l &apos; application du prix commun de la poudre de lait au Portugal ( 14 ) , et notamment son article 3 ,
Target-CR 3: Having regard to Council Regulation ( EEC ) No 739 / 93 of 17 March 1993 on the application of the common price for milk powder in Portugal ( 14 ) , and in particular Article 3 thereof ,
-----------------------------
NMT Model 3: Having regard to Council Regulation ( EEC ) No 404 / 93 of 17 March different ,
[163, 104, 7, 47, 32, 9, 51, 8, 35, 3936, 13, 373, 3, 268, 368, 556, 4, 0]
[0.80212647, 0.82146025, 0.88756001, 0.87107331, 0.86744946, 0.78982818, 0.79352671, 0.812675, 0.78615201, 4.3825452e-08, 0.82924008, 0.74024475, 0.83714586, 1.0, 1.0, 1.0, 0.68647277, 2.6700929e-05]
Copy Prob 3: [34mHaving[0m [34mregard[0m [34mto[0m [34mCouncil[0m [34mRegulation[0m [34m([0m [34mEEC[0m [34m)[0m [34mNo[0m [33m404[0m [34m/[0m [36m93[0m [34mof[0m [34m17[0m [34mMarch[0m [34mdifferent[0m [36m,[0m
Copy Gate 3: [34mHaving[0m [34mregard[0m [34mto[0m [34mCouncil[0m [34mRegulation[0m [34m([0m [34mEEC[0m [34m)[0m [34mNo[0m [36m404[0m [36m/[0m [34m93[0m [34mof[0m [34m17[0m [34mMarch[0m [36mdifferent[0m [34m,[0m

=============================
Target-TM 4: Whereas for the protection of users and other parties concerned it is important to ensure that air carriers are sufficiently insured in respect of liability risks ;
Source-TM 4: Considérant que , pour des raisons tenant à la protection des usagers et des autres parties concernées , il importe que les transporteurs aériens aient une couverture suffisante pour les risques encourus ;
Source-CR 4: Considérant qu &apos; il convient d &apos; accorder aux membres de la famille du preneur , du conducteur ou de toute autre personne responsable , une protection comparable à celle des autres tiers victimes , en tout cas en ce qui concerne leurs dommages corporels ;
Target-CR 4: Whereas the members of the family of the insured person , driver or any other person liable should be afforded protection comparable to that of other third parties , in any event in respect of their personal injuries ;
-----------------------------
NMT Model 4: 
[0]
[7.2430872e-10]
Copy Prob 4: 
Copy Gate 4: 

Epoch  0 Update  81 Cost  133.45098877 G 31.8236541748 execute: elapsed 0.4400 secs.
Epoch  0 Update  82 Cost  92.3088607788 G 30.9610404968 execute: elapsed 0.3929 secs.
Epoch  0 Update  83 Cost  96.5896606445 G 26.0722045898 execute: elapsed 0.3729 secs.
Epoch  0 Update  84 Cost  62.9136657715 G 27.1085128784 execute: elapsed 0.3403 secs.
Epoch  0 Update  85 Cost  97.0085449219 G 19.6491546631 execute: elapsed 0.3442 secs.
Epoch  0 Update  86 Cost  73.590713501 G 18.1732254028 execute: elapsed 0.3337 secs.
Epoch  0 Update  87 Cost  52.1400718689 G 17.5407905579 execute: elapsed 0.3102 secs.
Epoch  0 Update  88 Cost  32.4094200134 G 15.3087768555 execute: elapsed 0.3823 secs.
Epoch  0 Update  89 Cost  34.9042854309 G 12.9912385941 execute: elapsed 0.2061 secs.
Epoch  0 Update  90 Cost  31.7935428619 G 10.6799697876 execute: elapsed 0.2423 secs.
Epoch  0 Update  91 Cost  14.7816638947 G 10.4035282135 execute: elapsed 0.0649 secs.
Epoch  0 Update  92 Cost  20.6210861206 G 7.71928834915 execute: elapsed 0.0624 secs.
Epoch  0 Update  93 Cost  23.6934356689 G 4.47162628174 execute: elapsed 0.0538 secs.
Epoch  0 Update  94 Cost  14.5888471603 G 3.49632692337 execute: elapsed 0.0585 secs.
Epoch  0 Update  95 Cost  111.919799805 G 44.9538040161 execute: elapsed 0.1945 secs.
Epoch  0 Update  96 Cost  131.868057251 G 34.7958679199 execute: elapsed 0.1758 secs.
Epoch  0 Update  97 Cost  102.883308411 G 34.0989608765 execute: elapsed 0.1603 secs.
Epoch  0 Update  98 Cost  81.9864959717 G 30.1342430115 execute: elapsed 0.1460 secs.
Epoch  0 Update  99 Cost  73.6977615356 G 29.5866947174 execute: elapsed 0.1275 secs.
Epoch  0 Update  100 Cost  78.3483581543 G 23.2460613251 execute: elapsed 0.1396 secs.
=============================
Target-TM 0: However , for transport by rail it shall apply from 1 January 2006 .
Source-TM 0: Toutefois , il n &apos; est applicable aux transports par chemin de fer qu &apos; à dater du 1er janvier 2006 .
Source-CR 0: Une décision a pris en compte pour la première fois les limites sonores pour le matériel roulant par rail , afin de réduire progressivement le bruit du transport ferroviaire .
Target-CR 0: A Decision set out , for the first time , noise limits for rail rolling stock to progressively reduce noise from rail transport .
-----------------------------
NMT Model 0: 
[0]
[1.476024e-06]
Copy Prob 0: 
Copy Gate 0: 

=============================
Target-TM 1: ( 4 ) The justification has been [32mscrutinised[0m by the Commission with the assistance of experts in the Member States .
Source-TM 1: ( 4 ) Les pièces justificatives fournies ont été examinées par la Commission avec l &apos; assistance d &apos; experts des États membres .
Source-CR 1: Compte tenu des termes de la position commune , la Commission a défini 5 obligations distinctes qui ont été imposées aux États membres :
Target-CR 1: Given the terms of the Common Position , the Commission has identified 5 distinct obligations that have been placed upon the Member States :
-----------------------------
NMT Model 1: 
[0]
[1.7668528e-06]
Copy Prob 1: 
Copy Gate 1: 

=============================
Target-TM 2: - name and address of the manufacturer or his authorized [32mrespresentative[0m established within the Community ,
Source-TM 2: - nom et adresse du fabricant ou de son mandataire établi dans la Communauté ,
Source-CR 2: - fournisseur : Le fabricant ou son représentant agréé dans la Communauté ou la personne qui place le produit sur le marché de la Communauté ,
Target-CR 2: - supplier means the manufacturer or his authorized representative in the Community or the person who places the product on the Community market ,
-----------------------------
NMT Model 2: 
[0]
[1.6120171e-05]
Copy Prob 2: 
Copy Gate 2: 

=============================
Target-TM 3: The Commission shall adopt detailed rules on payments in accordance with the procedure laid down in Article 14 .
Source-TM 3: La Commission peut fixer des règles détaillées concernant les paiements selon la procédure établie à l &apos; article 14 .
Source-CR 3: 3 . La Commission , agissant selon la procédure prévue à l &apos; article 22 , arrête les modalités d &apos; application du présent article .
Target-CR 3: 3 . The Commission shall adopt detailed rules for implementing this Article in accordance with the procedure laid down in Article 22 .
-----------------------------
NMT Model 3: 
[0]
[5.825434e-08]
Copy Prob 3: 
Copy Gate 3: 

=============================
Target-TM 4: The model passport must comply with the additional requirements set out in Annex II .
Source-TM 4: Le passeport type est conforme aux exigences supplémentaires figurant à l &apos; annexe II .
Source-CR 4: Les lots de produits à base de viande répondent aux exigences du modèle de certificat de police sanitaire et de santé publique prévu à l &apos; annexe III .
Target-CR 4: Consignments of meat products shall comply with the requirements of the model public and animal health certificate set out in Annex III .
-----------------------------
NMT Model 4: 3763 of
[14066, 0]
[1.0, 5.455573e-06]
Copy Prob 4: [34m3763[0m
Copy Gate 4: [34m3763[0m

Epoch  0 Update  101 Cost  60.2313690186 G 21.8808174133 execute: elapsed 0.3391 secs.
Epoch  0 Update  102 Cost  48.3923873901 G 19.1760635376 execute: elapsed 0.2598 secs.
Epoch  0 Update  103 Cost  52.7203292847 G 15.3288764954 execute: elapsed 0.2869 secs.
Epoch  0 Update  104 Cost  44.2932624817 G 15.877986908 execute: elapsed 0.2074 secs.
Epoch  0 Update  105 Cost  23.4771232605 G 14.5309638977 execute: elapsed 0.2279 secs.
Epoch  0 Update  106 Cost  24.0397758484 G 12.1417369843 execute: elapsed 0.2081 secs.
Epoch  0 Update  107 Cost  20.0480136871 G 9.71810340881 execute: elapsed 0.1803 secs.
Epoch  0 Update  108 Cost  14.8062381744 G 8.92103004456 execute: elapsed 0.1665 secs.
Epoch  0 Update  109 Cost  13.9353637695 G 6.90952682495 execute: elapsed 0.1446 secs.
Epoch  0 Update  110 Cost  51.1654968262 G 12.6717290878 execute: elapsed 0.2638 secs.
Epoch  0 Update  111 Cost  137.939437866 G 42.1303291321 execute: elapsed 0.6235 secs.
Epoch  0 Update  112 Cost  119.661682129 G 34.2534828186 execute: elapsed 0.5145 secs.
Epoch  0 Update  113 Cost  126.827911377 G 32.438331604 execute: elapsed 0.4509 secs.
Epoch  0 Update  114 Cost  115.159210205 G 28.498588562 execute: elapsed 0.3625 secs.
Epoch  0 Update  115 Cost  89.0706481934 G 26.953956604 execute: elapsed 0.3105 secs.
Epoch  0 Update  116 Cost  80.4571304321 G 26.3158035278 execute: elapsed 0.3114 secs.
Epoch  0 Update  117 Cost  68.2815246582 G 20.8071556091 execute: elapsed 0.3801 secs.
Epoch  0 Update  118 Cost  63.2933044434 G 18.4363918304 execute: elapsed 0.2896 secs.
Epoch  0 Update  119 Cost  40.7447357178 G 19.0373725891 execute: elapsed 0.2519 secs.
Epoch  0 Update  120 Cost  35.3654403687 G 15.1855754852 execute: elapsed 0.3588 secs.
=============================
Target-TM 0: [32m8428[0m &#124; Saatzucht [32mSteinach[0m GmbH &#124; [32mWittelsbache[0m Strasse 15 , [32mD-8441[0m [32mSteinach[0m &#124;
Source-TM 0: [32m8428[0m &#124; Saatzucht [32mSteinach[0m GmbH &#124; [32mWittelsbache[0m Strasse 15 , [32mD-8441[0m [32mSteinach[0m &#124;
Source-CR 0: 101 &#124; Saatzucht [32mSteinach[0m GmbH &#124; [32mWittelsbacherstrasse[0m 15 , [32m94377[0m [32mSteinach[0m , Germany &#124;
Target-CR 0: 101 &#124; Saatzucht [32mSteinach[0m GmbH &#124; [32mWittelsbacherstrasse[0m 15 , [32m94377[0m [32mSteinach[0m , Germany &#124;
-----------------------------
NMT Model 0: 493 &#124; Saatzucht stance GmbH &#124; [32mprotects[0m 15 , [32mdetergent[0m [32mnowych[0m , cosmetic &#124;
[2713, 5, 4383, 225292, 1663, 5, 225291, 150, 4, 68967, 21990, 4, 3861, 5, 0]
[1.0, 0.37533855, 4.2138369e-13, 0, 4.0798001e-10, 0.34467968, 0, 0.51882488, 0.77760297, 0, 0, 0.76573765, 1.0, 0.52454692, 0.34224349]
Copy Prob 0: [34m493[0m [32m&#124;[0m [33mSaatzucht[0m [31m8428[0m [33mGmbH[0m [32m&#124;[0m [31mWittelsbache[0m [36m15[0m [34m,[0m [31mD-8441[0m [31mSteinach[0m [34m,[0m [34mcosmetic[0m [36m&#124;[0m
Copy Gate 0: [36m493[0m [34m&#124;[0m [36mSaatzucht[0m [34m8428[0m [34mGmbH[0m [34m&#124;[0m [36mWittelsbache[0m [34m15[0m [34m,[0m [34mD-8441[0m [36mSteinach[0m [34m,[0m [32mcosmetic[0m [34m&#124;[0m

=============================
Target-TM 1: COM Oct 2004 &#124; [32m-3,4[0m &#124; [32m-2,4[0m &#124; [32m-2,1[0m &#124; - &#124; - &#124;
Source-TM 1: COM octobre 2004 &#124; [32m-3,4[0m &#124; [32m-2,4[0m &#124; [32m-2,1[0m &#124; - &#124; - &#124;
Source-CR 1: COM Octobre 2004 &#124; [32m106,0[0m &#124; [32m104,6[0m &#124; [32m104,4[0m &#124; - &#124; - &#124;
Target-CR 1: COM Oct 2004 &#124; [32m106,0[0m &#124; [32m104,6[0m &#124; [32m104,4[0m &#124; - &#124; - &#124;
-----------------------------
NMT Model 1: Oct 2004 &#124; [32mcruel[0m &#124; [32mcruel[0m &#124; [32mcruel[0m &#124; - &#124; &#124; - &#124;
[6856, 81, 5, 46176, 5, 46176, 5, 46176, 5, 25, 5, 25, 5, 0]
[7.5719675e-10, 0.50905418, 0.35677016, 0, 0.32480395, 0, 3.1424708e-05, 0, 6.5013677e-07, 0.63744009, 0.36814854, 0.68162411, 0.42018464, 0.41967255]
Copy Prob 1: [33mOct[0m [36m2004[0m [32m&#124;[0m [31m-3,4[0m [32m&#124;[0m [31m-3,4[0m [33m&#124;[0m [31m-3,4[0m [33m&#124;[0m [36m-[0m [32m&#124;[0m [36m-[0m [32m&#124;[0m
Copy Gate 1: [34mOct[0m [36m2004[0m [34m&#124;[0m [34m-3,4[0m [34m&#124;[0m [34m-3,4[0m [34m&#124;[0m [34m-3,4[0m [34m&#124;[0m [34m-[0m [34m&#124;[0m [34m-[0m [34m&#124;[0m

=============================
Target-TM 2: ( A ) Volume and market share of imports
Source-TM 2: A ) Volume et part de marché des importations
Source-CR 2: A ) Volume , prix et part de marché des importations de CD-R originaires de Taïwan
Target-CR 2: ( A ) Volume , price and market share of imports originating in Taiwan
-----------------------------
NMT Model 2: 
[0]
[3.3884146e-06]
Copy Prob 2: 
Copy Gate 2: 

=============================
Target-TM 3: Articles 8 and 9 shall apply .
Source-TM 3: Les articles 8 et 9 sont applicables .
Source-CR 3: Les articles 6 et 7 s &apos; appliquent à la mesure en question &quot; . ;
Target-CR 3: Articles 6 and 7 shall apply to the measure in question &quot; . ;
-----------------------------
NMT Model 3: 
[0]
[1.7254124e-06]
Copy Prob 3: 
Copy Gate 3: 

=============================
Target-TM 4: &#91; 2 &#93; P6 _ [32mTA-PROV[0m ( 2004 ) [32m0022[0m [32mA6-0010[0m / 2004 .
Source-TM 4: &#91; 2 &#93; P6 _ [32mTA-PROV[0m ( 2004 ) [32m0022[0m [32mA6-0010[0m / 2004 .
Source-CR 4: &#91; 5 &#93; P6 _ [32mTA-PROV[0m ( 2004 ) [32m0022[0m [32mA6-0010[0m / 2004 .
Target-CR 4: &#91; 5 &#93; P6 _ [32mTA-PROV[0m ( 2004 ) [32m0022[0m [32mA6-0010[0m / 2004 .
-----------------------------
NMT Model 4: &#91; 5 &#93; P6 _ _
[58, 0]
[0.7993837, 4.3534877e-07]
Copy Prob 4: [34m&#91;[0m
Copy Gate 4: [34m&#91;[0m

Epoch  0 Update  121 Cost  30.2361068726 G 13.2712192535 execute: elapsed 0.2241 secs.
Epoch  0 Update  122 Cost  16.5464439392 G 12.7501163483 execute: elapsed 0.2321 secs.
Epoch  0 Update  123 Cost  13.6450881958 G 11.1954364777 execute: elapsed 0.2005 secs.
Epoch  0 Update  124 Cost  23.697019577 G 7.52826976776 execute: elapsed 0.2777 secs.
Epoch  0 Update  125 Cost  20.6993579865 G 5.71316194534 execute: elapsed 0.1972 secs.
Epoch  0 Update  126 Cost  36.5011978149 G 13.0395832062 execute: elapsed 0.4028 secs.
Epoch  0 Update  127 Cost  139.930664062 G 43.8854179382 execute: elapsed 0.4909 secs.
Epoch  0 Update  128 Cost  109.927558899 G 36.9818344116 execute: elapsed 0.4168 secs.
Epoch  0 Update  129 Cost  116.50643158 G 33.030708313 execute: elapsed 0.4200 secs.
Epoch  0 Update  130 Cost  97.4504241943 G 26.1175041199 execute: elapsed 0.3760 secs.
Epoch  0 Update  131 Cost  105.484855652 G 23.1958885193 execute: elapsed 0.2836 secs.
Epoch  0 Update  132 Cost  88.6213989258 G 21.1329841614 execute: elapsed 0.3790 secs.
