{'baseline_xy': '/root/disk/scratch/model-tmnmt/baseline_fren.npz',
 'baseline_yx': '/root/disk/scratch/model-tmnmt/baseline_enfr.bs64.npz',
 'batch_size': 32,
 'beamsize': 5,
 'build_gate': True,
 'clip_c': 1.0,
 'd_maxlen': 200,
 'datasets': ['/root/workspace/TMNMT/.dataset/tm2.fren/train.fr.top5.shuf.tok',
              '/root/workspace/TMNMT/.dataset/tm2.fren/train.en.top5.shuf.tok',
              '/root/workspace/TMNMT/.dataset/tm2.fren/train.fr.top5.matched.shuf.tok',
              '/root/workspace/TMNMT/.dataset/tm2.fren/train.en.top5.matched.shuf.tok'],
 'decay_c': 0.0,
 'decoder': 'gru_cond',
 'dictionaries': ['/root/workspace/TMNMT/.dataset/tm2.fren/train.fr.top5.shuf.tok.pkl',
                  '/root/workspace/TMNMT/.dataset/tm2.fren/train.en.top5.shuf.tok.pkl',
                  '/root/workspace/TMNMT/.dataset/tm2.fren/train.fr.top5.shuf.tok.pkl',
                  '/root/workspace/TMNMT/.dataset/tm2.fren/train.en.top5.shuf.tok.pkl'],
 'dim': 1024,
 'dim_word': 512,
 'dispFreq': 10,
 'encoder': 'gru',
 'gate_lambda': 0.1,
 'gate_loss': True,
 'lrate': 0.0001,
 'maxlen': 50,
 'normalize': True,
 'only_train_g': True,
 'optimizer': 'adam',
 'overwrite': True,
 'patience': 1000,
 'reload_': True,
 'sampleFreq': 20,
 'saveFreq': 500,
 'saveto': '/root/disk/scratch/model-tmnmt/TM2.v5_fren.ff.32-50.npz',
 'stochastic': False,
 'tm_source': '/root/workspace/TMNMT/.dataset/tm2.fren/devset.fr.matched.tok',
 'tm_target': '/root/workspace/TMNMT/.dataset/tm2.fren/devset.en.matched.tok',
 'trans_from': '/root/workspace/TMNMT/.dataset/tm2.fren/devset.fr.tok',
 'trans_ref': '/root/workspace/TMNMT/.dataset/tm2.fren/devset.en.tok',
 'trans_to': '/root/workspace/TMNMT/.translate/TM2.v1.translate',
 'use_coverage': False,
 'use_dropout': False,
 'use_pretrain': True,
 'validFreq': 100,
 'valid_batch_size': 32,
 'valid_datasets': ['/root/workspace/TMNMT/.dataset/tm2.fren/devset.fr.tok',
                    '/root/workspace/TMNMT/.dataset/tm2.fren/devset.en.tok',
                    '/root/workspace/TMNMT/.dataset/tm2.fren/devset.fr.matched.tok',
                    '/root/workspace/TMNMT/.dataset/tm2.fren/devset.en.matched.tok'],
 'voc_sizes': [20000, 20000, 20000, 20000]}
Building model: X -> Y & Y -> X model
Done.
load the pretrained NMT-models... load ... xy_Wemb
load ... xy_Wemb_dec
load ... xy_encoder_W
load ... xy_encoder_b
load ... xy_encoder_U
load ... xy_encoder_Wx
load ... xy_encoder_bx
load ... xy_encoder_Ux
load ... xy_encoder_r_W
load ... xy_encoder_r_b
load ... xy_encoder_r_U
load ... xy_encoder_r_Wx
load ... xy_encoder_r_bx
load ... xy_encoder_r_Ux
load ... xy_ff_state_W
load ... xy_ff_state_b
load ... xy_decoder_W
load ... xy_decoder_b
load ... xy_decoder_U
load ... xy_decoder_Wx
load ... xy_decoder_Ux
load ... xy_decoder_bx
load ... xy_decoder_U_nl
load ... xy_decoder_b_nl
load ... xy_decoder_Ux_nl
load ... xy_decoder_bx_nl
load ... xy_decoder_Wc
load ... xy_decoder_Wcx
load ... xy_decoder_W_comb_att
load ... xy_decoder_Wc_att
load ... xy_decoder_b_att
load ... xy_decoder_U_att
load ... xy_decoder_c_tt
load ... xy_ff_logit_lstm_W
load ... xy_ff_logit_lstm_b
load ... xy_ff_logit_prev_W
load ... xy_ff_logit_prev_b
load ... xy_ff_logit_ctx_W
load ... xy_ff_logit_ctx_b
load ... xy_ff_logit_W
load ... xy_ff_logit_b
Done.
build forward-attention models (2 models simultaneously)...
Build f_critic... Done
build mapping (bi-linear model)!
Building Mapping functions, ... Done.
build loss function (w/o gate)
build sampler (one-step)
Building f_init... Done
Building f_next... Done
build old sampler
Building f_init... Done
Building f_next... Done
build Cost Function... build Gradient (backward)... Done
Building Optimizers... Done
Build Networks... done!
build_networks: elapsed 254.8224 secs.
Loading data
[33m-------------------------------------------- Main-Loop -------------------------------------------------[0m
Epoch  0 Update  1 Cost  166.638458252 G 31.6374969482 execute: elapsed 0.6330 secs.
Epoch  0 Update  2 Cost  146.44619751 G 29.7682609558 execute: elapsed 0.5674 secs.
Epoch  0 Update  3 Cost  130.920623779 G 28.4872112274 execute: elapsed 0.5836 secs.
Epoch  0 Update  4 Cost  124.629653931 G 31.6885757446 execute: elapsed 0.5241 secs.
Epoch  0 Update  5 Cost  92.6779251099 G 30.0333843231 execute: elapsed 0.4704 secs.
Epoch  0 Update  6 Cost  88.9821472168 G 30.6638870239 execute: elapsed 0.4230 secs.
Epoch  0 Update  7 Cost  70.7133636475 G 31.5344429016 execute: elapsed 0.4121 secs.
Epoch  0 Update  8 Cost  50.5174560547 G 28.9010620117 execute: elapsed 0.3917 secs.
Epoch  0 Update  9 Cost  55.8620147705 G 26.1500053406 execute: elapsed 0.3555 secs.
Epoch  0 Update  10 Cost  41.2135696411 G 19.0207824707 execute: elapsed 0.3558 secs.
Epoch  0 Update  11 Cost  32.6159744263 G 16.2457847595 execute: elapsed 0.3043 secs.
Epoch  0 Update  12 Cost  20.8346939087 G 14.2204418182 execute: elapsed 0.3071 secs.
Epoch  0 Update  13 Cost  18.9176750183 G 11.4898834229 execute: elapsed 0.2409 secs.
Epoch  0 Update  14 Cost  17.5275802612 G 8.07006072998 execute: elapsed 0.2331 secs.
Epoch  0 Update  15 Cost  18.1499195099 G 4.91711807251 execute: elapsed 0.2568 secs.
Epoch  0 Update  16 Cost  55.2048034668 G 26.2677516937 execute: elapsed 0.5638 secs.
Epoch  0 Update  17 Cost  119.804351807 G 55.3075714111 execute: elapsed 0.5858 secs.
Epoch  0 Update  18 Cost  110.702514648 G 44.3975906372 execute: elapsed 0.5435 secs.
Epoch  0 Update  19 Cost  126.67931366 G 35.0106430054 execute: elapsed 0.5638 secs.
Epoch  0 Update  20 Cost  98.9040603638 G 32.9731445312 execute: elapsed 0.5021 secs.
=============================
Target-TM 0: ( 163 ) Where necessary for reasons of confidentiality , indices are used to show the evolution of trends .
Source-TM 0: ( 163 ) Lorsque le respect de la confidentialité l &apos; [32mexigeait[0m , l &quot; évolution des tendances a été décrite à l &apos; aide d &apos; indices .
Source-CR 0: - si nécessaire pour des raisons de preuve juridique , que ces soumissions sont confirmées dans les meilleurs délais par écrit ou par l &apos; envoi d &apos; une copie certifiée ,
Target-CR 0: - that , where necessary , for reasons of legal proof , such tenders are confirmed as soon as possible in writing or by dispatch of a certified copy ,
-----------------------------
NMT Model 0: - if necessary for reasons of x establishment , that such proceedings are aspects in the free-at-Community-frontier manner in nationals or by the case of a euro 202 ,
Copy Prob 0: [34m-[0m [34mif[0m [34mnecessary[0m [34mfor[0m [34mreasons[0m [34mof[0m [34mx[0m [34mestablishment[0m [34m,[0m [34mthat[0m [34msuch[0m [34mproceedings[0m [34mare[0m [34maspects[0m [34min[0m [34mthe[0m [34mfree-at-Community-frontier[0m [34mmanner[0m [34min[0m [34mnationals[0m [34mor[0m [34mby[0m [34mthe[0m [34mcase[0m [34mof[0m [34ma[0m [34meuro[0m [34m202[0m [34m,[0m
Copy Gate 0: [34m-[0m [34mif[0m [36mnecessary[0m [34mfor[0m [36mreasons[0m [34mof[0m [32mx[0m [34mestablishment[0m [34m,[0m [34mthat[0m [34msuch[0m [36mproceedings[0m [34mare[0m [32maspects[0m [34min[0m [34mthe[0m [34mfree-at-Community-frontier[0m [34mmanner[0m [34min[0m [34mnationals[0m [34mor[0m [34mby[0m [34mthe[0m [36mcase[0m [34mof[0m [34ma[0m [36meuro[0m [34m202[0m [34m,[0m
[0.92463693022727966, 0.8026450127363205, 0.70335870981216431, 0.87293322384357452, 0.55835139751434326, 0.80860652029514313, 0.46279960870742798, 0.89378785341978073, 0.96084107458591461, 0.91746632754802704, 0.83238525688648224, 0.74144390225410461, 0.93643909692764282, 0.46205395460128784, 0.90091043710708618, 0.87103448808193207, 0.80954715609550476, 0.79907156527042389, 0.90490014106035233, 0.78390015661716461, 0.89739567041397095, 0.89152497053146362, 0.79446198046207428, 0.73120322823524475, 0.81666721403598785, 0.80566772818565369, 0.70494654774665833, 0.7727891206741333, 0.90196521580219269, 0.95088957622647285]

=============================
Target-TM 1: This Decision shall be brought into application one year from the date of its publication in the Official Journal of the European Communities .
Source-TM 1: La présente décision est mise en application un an à compter de sa publication au Journal officiel des Communautés européennes .
Source-CR 1: La décision prévue au premier alinéa est portée à la connaissance de tous les intéressés par publication au [32mJounal[0m officiel des Communautés européennes .
Target-CR 1: The decisions referred to in the first subparagraph shall be brought to the notice of all interested parties by their [32mrepublication[0m in the Official Journal of the European Communities .
-----------------------------
NMT Model 1: The decision provided for in the second legal shall be appointed to the harmonised of all accession parties to the Official Journal of the European Communities .
Copy Prob 1: [34mThe[0m [34mdecision[0m [34mprovided[0m [34mfor[0m [34min[0m [34mthe[0m [34msecond[0m [34mlegal[0m [34mshall[0m [34mbe[0m [34mappointed[0m [34mto[0m [34mthe[0m [34mharmonised[0m [34mof[0m [34mall[0m [34maccession[0m [34mparties[0m [34mto[0m [34mthe[0m [33mOfficial[0m [34mJournal[0m [34mof[0m [34mthe[0m [34mEuropean[0m [34mCommunities[0m [34m.[0m
Copy Gate 1: [34mThe[0m [34mdecision[0m [34mprovided[0m [34mfor[0m [34min[0m [34mthe[0m [34msecond[0m [34mlegal[0m [34mshall[0m [34mbe[0m [36mappointed[0m [34mto[0m [34mthe[0m [36mharmonised[0m [34mof[0m [34mall[0m [36maccession[0m [34mparties[0m [34mto[0m [34mthe[0m [34mOfficial[0m [34mJournal[0m [34mof[0m [34mthe[0m [34mEuropean[0m [34mCommunities[0m [34m.[0m
[0.8764849379658699, 0.77995012700557709, 0.77698306739330292, 0.90956005454063416, 0.9288155660033226, 0.91839022189378738, 0.87521377205848694, 0.85447856783866882, 0.93474855273962021, 0.85045278072357178, 0.61843046545982361, 0.82130555808544159, 0.81606611609458923, 0.66656073927879333, 0.85841013491153717, 0.82573704421520233, 0.69687175750732422, 0.75584380328655243, 0.91003301739692688, 0.93557221442461014, 0.7709808349609375, 0.82987463474273682, 0.92019859701395035, 0.93542629480361938, 0.93403460085391998, 0.93605746328830719, 0.96965604647994041, 0.96049094200134277]

=============================
Target-TM 2: ( B ) &quot; regulated market &quot; means a market as defined in Article 4 ( 1 ) , point 14 , of Directive 2004 / 39 / EC of the European Parliament and of the Council &#91; 12 &#93; ;
Source-TM 2: ( B ) &quot; marché réglementé &quot; : Un marché au sens de l &apos; article 4 , paragraphe 1 , point 14 , de la directive 2004 / 39 / CE du Parlement européen et du Conseil &#91; 12 &#93; ;
Source-CR 2: C ) &quot; marché réglementé &quot; : Un marché au sens de l &apos; article 4 , paragraphe 1 , point 14 ) , de la directive 2004 / 39 / CE ;
Target-CR 2: ( C ) &quot; regulated market &quot; means a market as defined in Article 4 ( 1 ) , point 14 , of Directive 2004 / 39 / EC ;
-----------------------------
NMT Model 2: ( C ) &quot; UNK market &quot; means a market as defined in Article 4 ( 1 ) ( 14 ) of Directive 2004 / sustainable / EC ;
Copy Prob 2: [34m([0m [34mC[0m [34m)[0m [34m&quot;[0m [33mmarket[0m [34m&quot;[0m [34mmeans[0m [34ma[0m [34mmarket[0m [34mas[0m [34mdefined[0m [34min[0m [34mArticle[0m [34m4[0m [34m([0m [34m1[0m [34m)[0m [34m([0m [34m14[0m [34m)[0m [34mof[0m [34mDirective[0m [34m2004[0m [34m/[0m [34msustainable[0m [34m/[0m [34mEC[0m [34m;[0m
Copy Gate 2: [34m([0m [34mC[0m [34m)[0m [36m&quot;[0m [32mmarket[0m [36m&quot;[0m [34mmeans[0m [34ma[0m [36mmarket[0m [34mas[0m [34mdefined[0m [34min[0m [34mArticle[0m [34m4[0m [34m([0m [34m1[0m [34m)[0m [34m([0m [34m14[0m [34m)[0m [34mof[0m [36mDirective[0m [34m2004[0m [34m/[0m [34msustainable[0m [34m/[0m [36mEC[0m [34m;[0m
[0.93892017006874084, 0.93101480603218079, 0.96259011700749397, 0.71068814396858215, 0.40214335918426514, 0.64662635326385498, 0.88037482649087906, 0.76947988569736481, 0.56178399920463562, 0.89038668572902679, 0.83432671427726746, 0.93568576127290726, 0.93703702092170715, 0.93840684741735458, 0.95095699653029442, 0.91912122070789337, 0.93642545491456985, 0.94050081074237823, 0.92942406237125397, 0.94627485424280167, 0.90990868210792542, 0.73304718732833862, 0.77324460446834564, 0.91769275069236755, 0.83551374077796936, 0.9450816884636879, 0.73037272691726685, 0.96175588667392731, 0.94455746561288834]

=============================
Target-TM 3: ( A ) methodological studies and projects aimed at optimising and standardising methods of collecting the data defined in Article 1 of Regulation ( EC ) No 1543 / 2000 ;
Source-TM 3: A ) les études et projets méthodologiques visant à l &apos; optimisation et à la standardisation des procédures de collecte et de gestion des données définies à l &apos; article 1er du règlement ( CE ) n ° 1543 / 2000 ;
Source-CR 3: ( 3 ) Ces quatre méthodes peuvent être reconnues comme méthodes communautaires de référence et doivent être ajoutées à l &apos; annexe du règlement ( CE ) n ° [32m2870[0m / 2000 .
Target-CR 3: ( 3 ) These four methods may be recognised as Community reference methods and must be added to the Annex to Regulation ( EC ) No [32m2870[0m / 2000 .
-----------------------------
NMT Model 3: ( 3 ) These methods can be PROGRAMME as Community reference methods and should be UNK in the Annex to Regulation ( EC ) No UNK / 2000 .
Copy Prob 3: [34m([0m [34m3[0m [34m)[0m [34mThese[0m [34mmethods[0m [34mcan[0m [34mbe[0m [34mPROGRAMME[0m [34mas[0m [34mCommunity[0m [34mreference[0m [34mmethods[0m [34mand[0m [34mshould[0m [34mbe[0m [34mrepealed[0m [33min[0m [34mthe[0m [34mAnnex[0m [34mto[0m [34mRegulation[0m [34m([0m [34mEC[0m [34m)[0m [34mNo[0m [34mtwelve-month[0m [33m/[0m [34m2000[0m [34m.[0m
Copy Gate 3: [34m([0m [34m3[0m [34m)[0m [34mThese[0m [36mmethods[0m [34mcan[0m [34mbe[0m [36mPROGRAMME[0m [34mas[0m [34mCommunity[0m [36mreference[0m [36mmethods[0m [34mand[0m [34mshould[0m [34mbe[0m [36mrepealed[0m [34min[0m [34mthe[0m [34mAnnex[0m [34mto[0m [34mRegulation[0m [34m([0m [34mEC[0m [34m)[0m [34mNo[0m [36mtwelve-month[0m [34m/[0m [34m2000[0m [34m.[0m
[0.98202980123460293, 0.96018806472420692, 0.91775355488061905, 0.85076811909675598, 0.64964732527732849, 0.80900882184505463, 0.7862895280122757, 0.535777747631073, 0.8378007709980011, 0.76435968279838562, 0.53409895300865173, 0.7272341251373291, 0.82740454375743866, 0.82590508460998535, 0.8512166440486908, 0.5057893693447113, 0.87669536471366882, 0.87025777995586395, 0.8434557169675827, 0.92332280427217484, 0.8565211296081543, 0.97280554845929146, 0.82253532111644745, 0.97738716751337051, 0.85205800831317902, 0.73433330655097961, 0.92170959711074829, 0.8014402836561203, 0.95234175398945808, 0.953167375177145]

=============================
Target-TM 4: In accordance with Article 7 ( 3 ) ( d ) , applications shall identify one or more bodies to inspect the agricultural products or foodstuffs in question .
Source-TM 4: Conformément à l &apos; article 7 , paragraphe 3 , point d ) , la demande d &apos; enregistrement identifie un ou plusieurs organismes qui [32mcontrôleront[0m les produits agricoles ou denrées alimentaires en question .
Source-CR 4: Si la production a lieu dans un pays tiers , la demande d &apos; enregistrement identifie un ou plusieurs organismes , publics ou privés , qui [32mréaliseront[0m les contrôles visés au premier alinéa .
Target-CR 4: If production takes place in a third country , applications shall identify one or more public or private bodies to undertake the controls referred to in the first subparagraph .
-----------------------------
NMT Model 4: Where the production takes place in a third country , the 6. registration application one or more field , public or any body which UNK the day referred to in the second paragraph .
Copy Prob 4: [34mWhere[0m [34mthe[0m [34mproduction[0m [34mtakes[0m [34mplace[0m [33min[0m [34ma[0m [34mthird[0m [34mcountry[0m [33m,[0m [34mthe[0m [34m6.[0m [34mregistration[0m [34mrequest[0m [33mone[0m [33mor[0m [33mmore[0m [34mfield[0m [33m,[0m [34mpublic[0m [33mor[0m [34many[0m [34mfield[0m [34mwhich[0m [34mthe[0m [34mday[0m [34mreferred[0m [34mto[0m [34min[0m [34mthe[0m [34msecond[0m [34mparagraph[0m [34mare[0m [34mconcerned[0m [33m.[0m
Copy Gate 4: [34mWhere[0m [36mthe[0m [36mproduction[0m [34mtakes[0m [36mplace[0m [34min[0m [34ma[0m [32mthird[0m [36mcountry[0m [34m,[0m [36mthe[0m [36m6.[0m [33mregistration[0m [36mrequest[0m [34mone[0m [36mor[0m [36mmore[0m [32mfield[0m [34m,[0m [34mpublic[0m [34mor[0m [36many[0m [36mfield[0m [34mwhich[0m [34mthe[0m [36mday[0m [34mreferred[0m [34mto[0m [34min[0m [34mthe[0m [34msecond[0m [34mparagraph[0m [34mare[0m [34mconcerned[0m [34m.[0m
[0.76599384844303131, 0.71928182244300842, 0.67047786712646484, 0.85031120479106903, 0.57396784424781799, 0.92492516338825226, 0.86006914079189301, 0.45204490423202515, 0.54100576043128967, 0.94830614328384399, 0.61160382628440857, 0.50630024075508118, 0.21979951858520508, 0.54786932468414307, 0.79213398694992065, 0.68005833029747009, 0.64722269773483276, 0.49751931428909302, 0.92353297770023346, 0.79243630170822144, 0.8265373706817627, 0.67053714394569397, 0.66907840967178345, 0.87018735706806183, 0.77076740562915802, 0.60022515058517456, 0.80556157231330872, 0.90607148408889771, 0.94934707880020142, 0.91139249503612518, 0.92066925764083862, 0.87055587768554688, 0.92725721746683121, 0.87039537727832794, 0.93306353688240051, 0.95989878475666046]

Epoch  0 Update  21 Cost  86.9846954346 G 31.7567272186 execute: elapsed 0.5166 secs.
Epoch  0 Update  22 Cost  82.8047180176 G 31.1524658203 execute: elapsed 0.4709 secs.
Epoch  0 Update  23 Cost  79.2579650879 G 23.9133033752 execute: elapsed 0.4315 secs.
Epoch  0 Update  24 Cost  48.05493927 G 23.8455867767 execute: elapsed 0.4036 secs.
Epoch  0 Update  25 Cost  39.468536377 G 22.5147361755 execute: elapsed 0.3795 secs.
Epoch  0 Update  26 Cost  31.905456543 G 20.6203346252 execute: elapsed 0.3640 secs.
Epoch  0 Update  27 Cost  26.6738014221 G 15.6598939896 execute: elapsed 0.3489 secs.
Epoch  0 Update  28 Cost  25.7991352081 G 13.0461578369 execute: elapsed 0.3048 secs.
Epoch  0 Update  29 Cost  16.6568069458 G 10.6828193665 execute: elapsed 0.2583 secs.
Epoch  0 Update  30 Cost  18.6879577637 G 5.68361568451 execute: elapsed 0.2922 secs.
Epoch  0 Update  31 Cost  18.6223068237 G 5.27313756943 execute: elapsed 0.5761 secs.
Epoch  0 Update  32 Cost  158.3175354 G 61.6090698242 execute: elapsed 0.6137 secs.
Epoch  0 Update  33 Cost  119.129356384 G 56.5080718994 execute: elapsed 0.5660 secs.
Epoch  0 Update  34 Cost  122.953140259 G 46.9213180542 execute: elapsed 0.5014 secs.
Epoch  0 Update  35 Cost  114.36807251 G 36.3266677856 execute: elapsed 0.5089 secs.
Epoch  0 Update  36 Cost  101.374633789 G 32.7369384766 execute: elapsed 0.4424 secs.
Epoch  0 Update  37 Cost  78.6062088013 G 25.99036026 execute: elapsed 0.4475 secs.
Epoch  0 Update  38 Cost  76.1899414062 G 24.2972583771 execute: elapsed 0.4234 secs.
Epoch  0 Update  39 Cost  56.3570213318 G 21.351020813 execute: elapsed 0.4186 secs.
Epoch  0 Update  40 Cost  48.2544784546 G 21.0213470459 execute: elapsed 0.3429 secs.
=============================
Target-TM 0: Having regard to the Treaty establishing the European Economic Community , and in particular Articles 42 and 43 thereof ,
Source-TM 0: Vu le traité instituant la Communauté européenne , et notamment ses articles 42 et 43 ,
Source-CR 0: Vu le traité instituant la Communauté économique européenne , et notamment ses articles 42 et 43 ,
Target-CR 0: Having regard to the Treaty establishing the European Economic Community and in particular Articles 42 and 43 thereof ,
-----------------------------
NMT Model 0: Having regard to the Treaty establishing the European Chapter Community , and in particular Articles 42 and 43 thereof ,
Copy Prob 0: [34mHaving[0m [34mregard[0m [34mto[0m [34mthe[0m [34mTreaty[0m [34mestablishing[0m [34mthe[0m [34mEuropean[0m [34mChapter[0m [34mCommunity[0m [34m,[0m [34mand[0m [34min[0m [34mparticular[0m [34mArticles[0m [34m42[0m [34mand[0m [34m43[0m [34mthereof[0m [34m,[0m
Copy Gate 0: [36mHaving[0m [36mregard[0m [34mto[0m [34mthe[0m [34mTreaty[0m [34mestablishing[0m [34mthe[0m [34mEuropean[0m [36mChapter[0m [34mCommunity[0m [34m,[0m [34mand[0m [36min[0m [36mparticular[0m [34mArticles[0m [36m42[0m [34mand[0m [34m43[0m [34mthereof[0m [34m,[0m
[0.7106415331363678, 0.68733817338943481, 0.88522452116012573, 0.87507542967796326, 0.83867046236991882, 0.75931850075721741, 0.8580363392829895, 0.7594151645898819, 0.59206989407539368, 0.80308228731155396, 0.89863672107458115, 0.87645869702100754, 0.70612972974777222, 0.63405933976173401, 0.82888107001781464, 0.57110264897346497, 0.85394921898841858, 0.81013704836368561, 0.91256609559059143, 0.92072949558496475, 0.91528167575597763]

=============================
Target-TM 1: Private sector &#124; &#124; - &#124; 1,18 &#124; 1,18 &#124;
Source-TM 1: Secteur privé &#124; &#124; - &#124; 1,18 &#124; 1,18 &#124;
Source-CR 1: 4 . Absence de fiche de réception &#124; 606 &#124; 77 &#124; 101 &#124; [32m1399[0m &#124; [32m2183[0m &#124; 1,18 &#124;
Target-CR 1: 4 . No type-approval certificate &#124; 606 &#124; 77 &#124; 101 &#124; [32m1399[0m &#124; [32m2183[0m &#124; 1,18 &#124;
-----------------------------
NMT Model 1: 4 . UNK of 1982 of type-approval &#124; m &#124; 77 &#124; 493 &#124; UNK &#124; UNK &#124; bromide &#124;
Copy Prob 1: [34m4[0m [34m.[0m [33mPrivate[0m [34mfrom[0m [34m1982[0m [34mof[0m [34mtype-approval[0m [33m&#124;[0m [34mm[0m [33m&#124;[0m [34m77[0m [33m&#124;[0m [33m&#124;[0m [34m493[0m [33m&#124;[0m [34m493[0m [34m&#124;[0m [33mPrivate[0m [33m&#124;[0m [33m1,18[0m [33m&#124;[0m [34mbromide[0m [34m&#124;[0m
Copy Gate 1: [34m4[0m [34m.[0m [36mPrivate[0m [36mfrom[0m [32m1982[0m [36mof[0m [32mtype-approval[0m [34m&#124;[0m [36mm[0m [34m&#124;[0m [36m77[0m [34m&#124;[0m [36m&#124;[0m [34m493[0m [34m&#124;[0m [36m493[0m [34m&#124;[0m [34mPrivate[0m [34m&#124;[0m [34m1,18[0m [34m&#124;[0m [36mbromide[0m [34m&#124;[0m
[0.89876734465360641, 0.88103298097848892, 0.54762357473373413, 0.70975252985954285, 0.3817676305770874, 0.58162161707878113, 0.27687132358551025, 0.85785527527332306, 0.60397699475288391, 0.75267569720745087, 0.6240486204624176, 0.86959183216094971, 0.59773111343383789, 0.79058323800563812, 0.88243124634027481, 0.69164466857910156, 0.93566562980413437, 0.89327627420425415, 0.89937212318181992, 0.85614113509654999, 0.86354526877403259, 0.51298454403877258, 0.93208571523427963, 0.94202224910259247]

=============================
Target-TM 2: Title of aid scheme or name of company receiving individual aid &#124; [32mGlaPilk[0m , [32mA.I.E.[0m &#124;
Source-TM 2: Intitulé du régime d &apos; aides ou nom de l &apos; entreprise bénéficiaire de l &apos; aide individuelle &#124; [32mGLAPILCK[0m , [32mA.I.E.[0m &#124;
Source-CR 2: Intitulé du régime d &apos; aides ou nom de l &apos; entreprise bénéficiaire de l &apos; aide individuelle &#124; [32mElton[0m [32mMoss[0m [32mBridge[0m [32mBoat[0m [32mHire[0m ( Location de bateaux à [32mElton[0m [32mMoss[0m [32mBridge[0m ) &#124;
Target-CR 2: Title of aid scheme or name of company receiving individual aid &#124; [32mElton[0m [32mMoss[0m [32mBridge[0m [32mBoat[0m Hire &#124;
-----------------------------
NMT Model 2: UNK or undertakings of the company 81 appropriate aid &#124; UNK UNK UNK UNK UNK ( UNK to UNK UNK UNK ) &#124;
Copy Prob 2: [33mof[0m [34mthe[0m [33maid[0m [33mscheme[0m [33mor[0m [34mundertakings[0m [34mof[0m [34mthe[0m [34mcompany[0m [34m81[0m [34mappropriate[0m [34maid[0m [33m&#124;[0m [34mconcert[0m [34m&apos;[0m [34ms[0m [33maid[0m [34mprogramme[0m [34m&#124;[0m
Copy Gate 2: [36mof[0m [36mthe[0m [36maid[0m [36mscheme[0m [36mor[0m [32mundertakings[0m [34mof[0m [36mthe[0m [36mcompany[0m [36m81[0m [36mappropriate[0m [36maid[0m [34m&#124;[0m [34mconcert[0m [34m&apos;[0m [36ms[0m [36maid[0m [36mprogramme[0m [34m&#124;[0m
[0.6052699089050293, 0.54969289898872375, 0.54318740963935852, 0.670551598072052, 0.74472063779830933, 0.49225831031799316, 0.81918990612030029, 0.54557821154594421, 0.52082380652427673, 0.51472243666648865, 0.51918619871139526, 0.56991809606552124, 0.86385707557201385, 0.87803637236356735, 0.84312249720096588, 0.72310280799865723, 0.61176842451095581, 0.69643670320510864, 0.86145126819610596, 0.86211369931697845]

=============================
Target-TM 3: ( A ) the necessary implementing measures have been adopted ;
Source-TM 3: A ) les mesures d &apos; application nécessaires ont été adoptées ,
Source-CR 3: - le système existe et est reconnu officiellement au moment de l &apos; adoption de la présente directive ,
Target-CR 3: - the system must be in existence and have been officially recognized when this Directive is adopted ,
-----------------------------
NMT Model 3: - the system is laws and recognised as follows :
Copy Prob 3: [34m-[0m [34mthe[0m [34msystem[0m [34mis[0m [34mlaws[0m [34mand[0m [34mrecognised[0m [34mas[0m [34mfollows[0m [34m:[0m
Copy Gate 3: [34m-[0m [34mthe[0m [34msystem[0m [36mis[0m [36mlaws[0m [34mand[0m [36mrecognised[0m [34mas[0m [34mfollows[0m [34m:[0m
[0.93999026715755463, 0.8982025682926178, 0.83899962902069092, 0.73250395059585571, 0.72518694400787354, 0.87358760833740234, 0.60996931791305542, 0.89000275731086731, 0.86372758448123932, 0.93250848352909088, 0.92995145171880722]

=============================
Target-TM 4: &#91; 73 &#93; OJ No L 387 , 31 . 12 . 1987 , p . 36 .
Source-TM 4: ( 73 ) JO n ° L 387 du 31 . 12 . 1987 , p. 36 .
Source-CR 4: ( 82 ) JO n ° L 387 du 31 . 12 . 1987 , p. 76 .
Target-CR 4: &#91; 82 &#93; OJ No L 387 , 31 . 12 . 1987 , p . 76 .
-----------------------------
NMT Model 4: &#91; 82 &#93; OJ No L 723 , 31 . 12 . 1987 , p . UNK .
Copy Prob 4: [34m&#91;[0m [34m82[0m [34m&#93;[0m [34mOJ[0m [34mNo[0m [34mL[0m [34m723[0m [34m,[0m [34m31[0m [34m.[0m [34m12[0m [34m.[0m [34m1987[0m [34m,[0m [34mp[0m [34m.[0m [33m387[0m [34m.[0m
Copy Gate 4: [34m&#91;[0m [34m82[0m [34m&#93;[0m [34mOJ[0m [34mNo[0m [34mL[0m [32m723[0m [36m,[0m [34m31[0m [34m.[0m [34m12[0m [34m.[0m [36m1987[0m [34m,[0m [34mp[0m [34m.[0m [36m387[0m [34m.[0m
[0.88779342174530029, 0.80226391553878784, 0.94712577760219574, 0.79658322036266327, 0.83969634771347046, 0.90689974278211594, 0.4439089298248291, 0.74794808030128479, 0.81789590418338776, 0.95802639052271843, 0.94077034294605255, 0.97124892473220825, 0.72239929437637329, 0.91077684611082077, 0.84921912848949432, 0.76148974895477295, 0.60851591825485229, 0.91378390789031982, 0.94143526628613472]

Epoch  0 Update  41 Cost  44.3965911865 G 14.0108833313 execute: elapsed 0.3908 secs.
Epoch  0 Update  42 Cost  29.4191417694 G 16.9389762878 execute: elapsed 0.4211 secs.
Epoch  0 Update  43 Cost  29.5918502808 G 11.2066345215 execute: elapsed 0.3047 secs.
Epoch  0 Update  44 Cost  15.2033834457 G 11.2777509689 execute: elapsed 0.2830 secs.
Epoch  0 Update  45 Cost  16.2812690735 G 9.43554401398 execute: elapsed 0.3427 secs.
Epoch  0 Update  46 Cost  21.4934825897 G 5.54174375534 execute: elapsed 0.3012 secs.
Epoch  0 Update  47 Cost  14.2629384995 G 2.78966450691 execute: elapsed 0.2777 secs.
Epoch  0 Update  48 Cost  128.570526123 G 56.4842033386 execute: elapsed 0.6892 secs.
Epoch  0 Update  49 Cost  120.693023682 G 45.6573677063 execute: elapsed 0.6010 secs.
Epoch  0 Update  50 Cost  118.981971741 G 42.4921760559 execute: elapsed 0.5454 secs.
Epoch  0 Update  51 Cost  90.5696258545 G 37.588470459 execute: elapsed 0.5830 secs.
Epoch  0 Update  52 Cost  88.6106491089 G 33.3846817017 execute: elapsed 0.4797 secs.
Epoch  0 Update  53 Cost  67.133102417 G 31.6506500244 execute: elapsed 0.5307 secs.
Epoch  0 Update  54 Cost  69.7570953369 G 24.5642280579 execute: elapsed 0.4577 secs.
Epoch  0 Update  55 Cost  55.5554199219 G 21.0423316956 execute: elapsed 0.4152 secs.
Epoch  0 Update  56 Cost  48.2532691956 G 18.7714729309 execute: elapsed 0.3532 secs.
Epoch  0 Update  57 Cost  33.8864059448 G 17.3261260986 execute: elapsed 0.3671 secs.
Epoch  0 Update  58 Cost  33.2740287781 G 14.8216400146 execute: elapsed 0.3119 secs.
Epoch  0 Update  59 Cost  18.69597435 G 15.3714542389 execute: elapsed 0.2899 secs.
Epoch  0 Update  60 Cost  16.5803527832 G 12.8637008667 execute: elapsed 0.3792 secs.
=============================
Target-TM 0: 8 . In Annex VI , part 2 :
Source-TM 0: 8 ) à l &apos; annexe VI deuxième partie :
Source-CR 0: 8 ) À l &apos; annexe VII deuxième partie :
Target-CR 0: 8 . In Annex VII , Part 2 :
-----------------------------
NMT Model 0: 8. in Annex VII , Part 2 :
Copy Prob 0: [34m8[0m [33m.[0m [33mIn[0m [34mAnnex[0m [34mVII[0m [34m,[0m [34mPart[0m [34m2[0m [34m:[0m
Copy Gate 0: [34m8[0m [34m.[0m [34mIn[0m [34mAnnex[0m [36mVII[0m [36m,[0m [36mPart[0m [36m2[0m [34m:[0m
[0.91249624639749527, 0.90520980954170227, 0.82146440446376801, 0.79992614686489105, 0.68237030506134033, 0.64923769235610962, 0.74473226070404053, 0.58614706993103027, 0.94409706071019173, 0.93919286504387856]

=============================
Target-TM 1: Commission Regulation ( EC ) No 723 / 2006
Source-TM 1: Règlement ( CE ) no 723 / 2006 de la Commission
Source-CR 1: Règlement ( CE ) no 835 / 2006 de la Commission
Target-CR 1: Commission Regulation ( EC ) No 835 / 2006
-----------------------------
NMT Model 1: Commission Regulation ( EC ) No 740 / 2006
Copy Prob 1: [34mCommission[0m [34mRegulation[0m [34m([0m [34mEC[0m [34m)[0m [34mNo[0m [34m740[0m [34m/[0m [34m2006[0m
Copy Gate 1: [34mCommission[0m [34mRegulation[0m [34m([0m [34mEC[0m [34m)[0m [34mNo[0m [34m740[0m [34m/[0m [34m2006[0m
[0.85820573568344116, 0.76876239478588104, 0.93313538283109665, 0.85098443925380707, 0.92929360270500183, 0.87726658582687378, 0.80216556787490845, 0.9391503632068634, 0.88986938446760178, 0.88643891364336014]

=============================
Target-TM 2: Commission Regulation ( EEC ) No [32m3131[0m / 78
Source-TM 2: Règlement ( CEE ) no [32m3131[0m / 78 de la Commission
Source-CR 2: Règlement ( CEE ) no [32m1193[0m / 78 de la Commission
Target-CR 2: Commission Regulation ( EEC ) No [32m1193[0m / 78
-----------------------------
NMT Model 2: Commission Regulation ( EEC ) No UNK / 86 of the Commission
Copy Prob 2: [34mCommission[0m [34mRegulation[0m [34m([0m [34mEEC[0m [34m)[0m [34mNo[0m [31m3131[0m [33m/[0m [33m78[0m
Copy Gate 2: [34mCommission[0m [34mRegulation[0m [34m([0m [34mEEC[0m [34m)[0m [34mNo[0m [34m3131[0m [34m/[0m [36m78[0m
[0.84752017259597778, 0.79365353286266327, 0.95504923164844513, 0.91087453067302704, 0.97314550541341305, 0.94368467479944229, 0.85518822073936462, 0.90819744765758514, 0.52305755019187927, 0.74327105283737183]

=============================
Target-TM 3: Commission Regulation ( EC ) No 553 / 2005
Source-TM 3: Règlement ( CE ) no 553 / 2005 de la Commission
Source-CR 3: Règlement ( CE ) no 617 / 2005 de la Commission
Target-CR 3: Commission Regulation ( EC ) No 617 / 2005
-----------------------------
NMT Model 3: Commission Regulation ( EC ) No Efforts / 2005
Copy Prob 3: [34mCommission[0m [34mRegulation[0m [34m([0m [34mEC[0m [34m)[0m [34mNo[0m [33m2005[0m [34m/[0m [34m2005[0m
Copy Gate 3: [34mCommission[0m [34mRegulation[0m [34m([0m [34mEC[0m [34m)[0m [34mNo[0m [36m2005[0m [34m/[0m [34m2005[0m
[0.8686928004026413, 0.8066508024930954, 0.94263596460223198, 0.88215085864067078, 0.94149382784962654, 0.88696114718914032, 0.5941636860370636, 0.94038707390427589, 0.93681013584136963, 0.91319560259580612]

=============================
Target-TM 4: Commission Regulation ( EC ) No 305 / 2002
Source-TM 4: Règlement ( CE ) no 305 / 2002 de la Commission
Source-CR 4: Règlement ( CE ) no 181 / 2002 de la Commission
Target-CR 4: Commission Regulation ( EC ) No 181 / 2002
-----------------------------
NMT Model 4: Commission Regulation ( EC ) No offences / 2002
Copy Prob 4: [34mCommission[0m [34mRegulation[0m [34m([0m [34mEC[0m [34m)[0m [34mNo[0m [34moffences[0m [34m/[0m [34m2002[0m
Copy Gate 4: [34mCommission[0m [34mRegulation[0m [34m([0m [34mEC[0m [34m)[0m [34mNo[0m [34moffences[0m [34m/[0m [34m2002[0m
[0.88999609649181366, 0.81342373788356781, 0.95466515049338341, 0.85945232212543488, 0.94675261899828911, 0.91326665133237839, 0.82632021605968475, 0.95377615466713905, 0.9040578305721283, 0.9060688316822052]

Epoch  0 Update  61 Cost  18.2512836456 G 8.52994823456 execute: elapsed 0.3000 secs.
Epoch  0 Update  62 Cost  17.2665977478 G 6.32850074768 execute: elapsed 0.2915 secs.
Epoch  0 Update  63 Cost  28.87317276 G 6.7735376358 execute: elapsed 0.5285 secs.
Epoch  0 Update  64 Cost  134.554641724 G 40.6135482788 execute: elapsed 0.6005 secs.
Epoch  0 Update  65 Cost  124.479385376 G 37.4654502869 execute: elapsed 0.5825 secs.
Epoch  0 Update  66 Cost  102.021652222 G 35.0098266602 execute: elapsed 0.5222 secs.
Epoch  0 Update  67 Cost  96.2236175537 G 30.4721927643 execute: elapsed 0.5179 secs.
Epoch  0 Update  68 Cost  105.947479248 G 28.1189880371 execute: elapsed 0.5179 secs.
Epoch  0 Update  69 Cost  73.7496185303 G 26.7634105682 execute: elapsed 0.4576 secs.
Epoch  0 Update  70 Cost  69.7771072388 G 27.5600967407 execute: elapsed 0.4309 secs.
Epoch  0 Update  71 Cost  64.8492126465 G 24.470954895 execute: elapsed 0.3672 secs.
Epoch  0 Update  72 Cost  45.6130180359 G 25.4943847656 execute: elapsed 0.3788 secs.
Epoch  0 Update  73 Cost  30.7862682343 G 21.1741523743 execute: elapsed 0.3258 secs.
Epoch  0 Update  74 Cost  23.1892852783 G 19.9285297394 execute: elapsed 0.2985 secs.
Epoch  0 Update  75 Cost  14.9238052368 G 15.8634548187 execute: elapsed 0.3172 secs.
Epoch  0 Update  76 Cost  15.9002094269 G 11.3643980026 execute: elapsed 0.2685 secs.
Epoch  0 Update  77 Cost  17.0205039978 G 9.99789905548 execute: elapsed 0.2560 secs.
Epoch  0 Update  78 Cost  17.0519371033 G 3.7721157074 execute: elapsed 0.2611 secs.
Epoch  0 Update  79 Cost  117.036582947 G 50.2458953857 execute: elapsed 0.6450 secs.
Epoch  0 Update  80 Cost  124.842384338 G 45.5024261475 execute: elapsed 0.5922 secs.
=============================
Target-TM 0: &#91; 1 &#93; Council Regulation ( EC ) No 659 / 1999 of 22 March 1999 laying down detailed rules for the application of Article 93 of the EC Treaty ( OJ L 83 , p . 1 ) .
Source-TM 0: &#91; 1 &#93; Règlement ( CE ) no 659 / 1999 du Conseil , du 22 mars 1999 , portant modalités d &apos; application de l &apos; article 93 du traité CE , JO L 83 , du 27 mars 1999 , p. 1 .
Source-CR 0: &#91; 1 &#93; Règlement ( CE ) no 314 / 2002 de la Commission du 20 février 2002 établissant des modalités d &apos; application du régime des quotas dans le secteur du sucre ( JO L 50 , p. 40 )
Target-CR 0: &#91; 1 &#93; Commission Regulation ( EC ) No 314 / 2002 of 20 February 2002 laying down detailed rules for the application of the quota system in the sugar sector ( OJ 2002 L 50 , p . 40 )
-----------------------------
NMT Model 0: &#91; 1 &#93; Commission Regulation ( EC ) No CEPOL / 2002 of 20 February 2002 laying down duties rules for the application of the import system in the sugar sector ( OJ L 50 , p . IE )
Copy Prob 0: [34m&#91;[0m [34m1[0m [34m&#93;[0m [34mCommission[0m [34mRegulation[0m [34m([0m [34mEC[0m [34m)[0m [34mNo[0m [34mCEPOL[0m [34m/[0m [34m2002[0m [34mof[0m [34m20[0m [34mFebruary[0m [34m2002[0m [34mlaying[0m [34mdown[0m [34mduties[0m [34mrules[0m [34mfor[0m [34mthe[0m [34mapplication[0m [34mof[0m [34mthe[0m [34mimport[0m [34msystem[0m [34min[0m [34mthe[0m [34msugar[0m [34msector[0m [34m([0m [34mOJ[0m [34mL[0m [34m50[0m [34m,[0m [34mp[0m [34m.[0m [34mIE[0m [34m)[0m
Copy Gate 0: [34m&#91;[0m [34m1[0m [34m&#93;[0m [34mCommission[0m [34mRegulation[0m [34m([0m [34mEC[0m [34m)[0m [34mNo[0m [36mCEPOL[0m [34m/[0m [34m2002[0m [34mof[0m [34m20[0m [34mFebruary[0m [34m2002[0m [36mlaying[0m [34mdown[0m [34mduties[0m [34mrules[0m [34mfor[0m [34mthe[0m [34mapplication[0m [34mof[0m [34mthe[0m [34mimport[0m [36msystem[0m [34min[0m [34mthe[0m [36msugar[0m [34msector[0m [34m([0m [36mOJ[0m [34mL[0m [34m50[0m [34m,[0m [34mp[0m [34m.[0m [34mIE[0m [34m)[0m
[0.87311564385890961, 0.91566092520952225, 0.95210354402661324, 0.94170759618282318, 0.8669857382774353, 0.91502728313207626, 0.80138620734214783, 0.94201009720563889, 0.8401000052690506, 0.68750125169754028, 0.85334853827953339, 0.80654345452785492, 0.83793468773365021, 0.92104767262935638, 0.95017944648861885, 0.80362018942832947, 0.66963183879852295, 0.83085066080093384, 0.86507411301136017, 0.80205631256103516, 0.89221274852752686, 0.85946844518184662, 0.7865445613861084, 0.91914939135313034, 0.83783483505249023, 0.75828424096107483, 0.6954008936882019, 0.89882557839155197, 0.85007555782794952, 0.57325479388237, 0.77110086381435394, 0.95273006334900856, 0.71561005711555481, 0.77325312793254852, 0.83737124502658844, 0.95336897298693657, 0.92875920236110687, 0.9396490640938282, 0.84132333099842072, 0.96318141371011734, 0.96545451134443283]

=============================
Target-TM 1: - Improving the quality of agricultural production and products ;
Source-TM 1: - améliorer la qualité de la production et des produits agricoles ;
Source-CR 1: Considérant que les efforts entrepris au niveau communautaire doivent être orientés , notamment vers l &apos; amélioration de la qualité des produits agricoles et les nouvelles utilisations de produits agricoles traditionnels ou nouveaux , en vue de leur donner une plus grande valeur ajoutée ;
Target-CR 1: Whereas work carried out at Community level should be directed , in particular , towards improving the quality of agricultural products and finding new uses for traditional or new agricultural products with a view to increasing their added value ;
-----------------------------
NMT Model 1: Whereas the economic supply at Community level should , in particular , derogation the investment of After and agricultural products and new ports of firm and firm agricultural products with a view to their UNK of trade ;
Copy Prob 1: [34mWhereas[0m [34mthe[0m [34meconomic[0m [34msupply[0m [34mat[0m [34mCommunity[0m [34mlevel[0m [34mshould[0m [34m,[0m [34min[0m [34mparticular[0m [34m,[0m [34mderogation[0m [34mthe[0m [34minvestment[0m [34mof[0m [34mthe[0m [34mmeat[0m [36mof[0m [33magricultural[0m [33mproducts[0m [33mand[0m [34mnew[0m [34mports[0m [33mof[0m [34mfirm[0m [33mand[0m [34mfirm[0m [33magricultural[0m [33mproducts[0m [34mwith[0m [34ma[0m [34mview[0m [34mto[0m [34mtheir[0m [34mμεταξύ[0m [34mto[0m [34mlarge[0m [34mcommercial[0m [34mvalue[0m [34m;[0m
Copy Gate 1: [34mWhereas[0m [34mthe[0m [36meconomic[0m [36msupply[0m [34mat[0m [34mCommunity[0m [34mlevel[0m [34mshould[0m [34m,[0m [34min[0m [34mparticular[0m [34m,[0m [34mderogation[0m [34mthe[0m [36minvestment[0m [34mof[0m [34mthe[0m [34mmeat[0m [34mof[0m [34magricultural[0m [34mproducts[0m [34mand[0m [34mnew[0m [34mports[0m [34mof[0m [34mfirm[0m [34mand[0m [36mfirm[0m [36magricultural[0m [34mproducts[0m [34mwith[0m [34ma[0m [34mview[0m [34mto[0m [34mtheir[0m [34mμεταξύ[0m [36mto[0m [34mlarge[0m [36mcommercial[0m [34mvalue[0m [34m;[0m
[0.87282943725585938, 0.85224504768848419, 0.74279224872589111, 0.67467233538627625, 0.92119307070970535, 0.94629884511232376, 0.86471295356750488, 0.92671742290258408, 0.79115524888038635, 0.82119429111480713, 0.80133436620235443, 0.77580204606056213, 0.79879753291606903, 0.93247085809707642, 0.71108889579772949, 0.87025260925292969, 0.87879078835248947, 0.84331120550632477, 0.92202014476060867, 0.85632573068141937, 0.86610344052314758, 0.97437867522239685, 0.93454834073781967, 0.75657930970191956, 0.95623595640063286, 0.86963747441768646, 0.83453211188316345, 0.73637601733207703, 0.72544237971305847, 0.86310286819934845, 0.92523418366909027, 0.93964744731783867, 0.86295312643051147, 0.9116208553314209, 0.91537850350141525, 0.84206536412239075, 0.73965248465538025, 0.88586661964654922, 0.72217479348182678, 0.75353933870792389, 0.95901765674352646, 0.98109862580895424]

=============================
Target-TM 2: Whereas in the abovementioned Resolution of 21 December 1989 the Council approved as a guiding principle the adoption of common rules on the use of the CE marking ;
Source-TM 2: Considérant que , par la résolution précitée du 21 décembre 1989 , le Conseil a approuvé comme principe directeur l &apos; adoption d &apos; une réglementation commune en ce qui concerne l &apos; utilisation du marquage &quot; CE &quot; ;
Source-CR 2: Considérant que la Commission , en décembre 1990 , a présenté au Conseil une communication concernant ce réseau de trains à grande vitesse et que le Conseil a accueilli favorablement cette communication dans sa résolution du 17 décembre 1990 ( 5 ) ;
Target-CR 2: Whereas in December 1990 the Commission sent to the Council a communication on the high-speed train network , and whereas the Council gave a favourable reception to that communication in its resolution of 17 December 1990 ( 5 ) ;
-----------------------------
NMT Model 2: Whereas the Commission in December whole quantitative to the Council a communication concerning the UNK of large 1985 and whereas the Council UNK this communication in its own del chain ( 5 ) ;
Copy Prob 2: [34mWhereas[0m [34mthe[0m [34mCommission[0m [34m,[0m [33min[0m [33mDecember[0m [34mwhole[0m [34m,[0m [34ma[0m [34mcommunication[0m [33mof[0m [34mthe[0m [34mCouncil[0m [34m,[0m [32mon[0m [33mthe[0m [33mCouncil[0m [34m,[0m [34mhas[0m [34mto[0m [36mthe[0m [33mCouncil[0m [34ma[0m [34mcommunication[0m [34mconcerning[0m [34mthe[0m [34mmost[0m [34mcompulsory[0m [34m1985[0m [34mand[0m [34mwhereas[0m [34mthe[0m [34mCouncil[0m [33mthe[0m [33mCouncil[0m [33mthe[0m [33mCouncil[0m [34mDecember[0m [33mof[0m [34m17[0m [33mDecember[0m [34mAfter[0m [34m([0m [34m5[0m [34m)[0m [34m;[0m
Copy Gate 2: [34mWhereas[0m [34mthe[0m [34mCommission[0m [34m,[0m [34min[0m [36mDecember[0m [32mwhole[0m [36m,[0m [34ma[0m [36mcommunication[0m [34mof[0m [34mthe[0m [34mCouncil[0m [34m,[0m [34mon[0m [34mthe[0m [34mCouncil[0m [34m,[0m [34mhas[0m [34mto[0m [34mthe[0m [34mCouncil[0m [34ma[0m [36mcommunication[0m [34mconcerning[0m [34mthe[0m [34mmost[0m [32mcompulsory[0m [32m1985[0m [36mand[0m [34mwhereas[0m [34mthe[0m [34mCouncil[0m [36mthe[0m [34mCouncil[0m [36mthe[0m [34mCouncil[0m [36mDecember[0m [36mof[0m [34m17[0m [34mDecember[0m [36mAfter[0m [34m([0m [34m5[0m [34m)[0m [34m;[0m
[0.82600167393684387, 0.93892151117324829, 0.9110066220164299, 0.84252327680587769, 0.84500585496425629, 0.70148634910583496, 0.41782510280609131, 0.73731783032417297, 0.84645310044288635, 0.67839962244033813, 0.78252513706684113, 0.83081917464733124, 0.82420918345451355, 0.85205543041229248, 0.8685915619134903, 0.86771395802497864, 0.7809629887342453, 0.78914220631122589, 0.81231921911239624, 0.80240072309970856, 0.83753509819507599, 0.87420845031738281, 0.76695843040943146, 0.6228516697883606, 0.80271574854850769, 0.88315796107053757, 0.76453648507595062, 0.42896252870559692, 0.34615445137023926, 0.73320531845092773, 0.91857398301362991, 0.95025740563869476, 0.87303063273429871, 0.57246994972229004, 0.79343290627002716, 0.58959117531776428, 0.77172568440437317, 0.60831010341644287, 0.69959145784378052, 0.85701072216033936, 0.81754082441329956, 0.70643869042396545, 0.8685077428817749, 0.88894860446453094, 0.86355100572109222, 0.87342895567417145, 0.93632575869560242]

=============================
Target-TM 3: ( 5 ) By letter dated 4 July 2003 , registered as received by the Commission on the same day ( A / [32m34759[0m ) , Austria commented on the initiation of the procedure .
Source-TM 3: ( 5 ) Par lettre du 4 juillet 2003 , qui a été enregistrée par la Commission le même jour ( A / [32m34759[0m ) , l &apos; Autriche a présenté ses observations sur l &apos; ouverture de la procédure .
Source-CR 3: Les autorités françaises ont transmis ces informations par courriers du 22 mars 2005 , enregistré par la Commission le 11 avril 2005 , et du 17 août 2005 , enregistré par la Commission le 7 septembre 2005 .
Target-CR 3: The French authorities provided the information by letters dated 22 March 2005 , registered as received by the Commission on 11 April 2005 , and 17 August 2005 , registered as received by the Commission on 7 September 2005 .
-----------------------------
NMT Model 3: The authorities allocations in da of these information by way of 22 March 2005 , Board by the Commission on 11 April 2005 , and on 17 partners 2005 , Board by the Commission on 7 September 2005 .
Copy Prob 3: [34mThe[0m [34mauthorities[0m [34mallocations[0m [34min[0m [34mda[0m [33mof[0m [34mthese[0m [34minformation[0m [33mon[0m [34m22[0m [34mMarch[0m [34m2005[0m [34m,[0m [34mBoard[0m [33mby[0m [33mthe[0m [33mCommission[0m [36mon[0m [34m11[0m [34mOctober[0m [34m2005[0m [33m,[0m [34mand[0m [34mon[0m [34m17[0m [34mpartners[0m [34m2005[0m [33m,[0m [34mBoard[0m [34mby[0m [34mthe[0m [34mCommission[0m [34mon[0m [34m7[0m [34mSeptember[0m [34m2005[0m [34m.[0m
Copy Gate 3: [34mThe[0m [34mauthorities[0m [36mallocations[0m [34min[0m [36mda[0m [34mof[0m [34mthese[0m [36minformation[0m [34mon[0m [34m22[0m [34mMarch[0m [34m2005[0m [36m,[0m [36mBoard[0m [34mby[0m [34mthe[0m [34mCommission[0m [36mon[0m [34m11[0m [34mOctober[0m [34m2005[0m [34m,[0m [34mand[0m [34mon[0m [34m17[0m [32mpartners[0m [34m2005[0m [36m,[0m [36mBoard[0m [34mby[0m [34mthe[0m [34mCommission[0m [34mon[0m [34m7[0m [34mSeptember[0m [34m2005[0m [34m.[0m
[0.77484779059886932, 0.85311360657215118, 0.60451045632362366, 0.78640754520893097, 0.69493815302848816, 0.86359965801239014, 0.88345015794038773, 0.73042458295822144, 0.85674597322940826, 0.9174945130944252, 0.89181715250015259, 0.88589397072792053, 0.60000905394554138, 0.51002433896064758, 0.89743790775537491, 0.89709566533565521, 0.78334736824035645, 0.67931580543518066, 0.93817951530218124, 0.76710857450962067, 0.87703053653240204, 0.88260940462350845, 0.87162791192531586, 0.84316918253898621, 0.87564732134342194, 0.45576751232147217, 0.8471352607011795, 0.66523817181587219, 0.56465065479278564, 0.87687425315380096, 0.89968866109848022, 0.83175939321517944, 0.79653400182723999, 0.87281706929206848, 0.89606043696403503, 0.91799481213092804, 0.92150108516216278, 0.97094826027750969]

=============================
Target-TM 4: ( 8 ) Since the common market in seeds is constantly evolving , the Member States and the Commission should keep each other supplied with information relevant to developments in this area .
Source-TM 4: ( 8 ) Le marché commun de semences étant en constante évolution , il convient que les États membres et la Commission se communiquent mutuellement les informations relatives à cette évolution .
Source-CR 4: ( 29 ) considérant que , au fur et à mesure de l &apos; évolution du marché commun du lait et des produits laitiers , les États membres et la Commission devraient se communiquer réciproquement les informations nécessaires à l &apos; application du présent règlement ;
Target-CR 4: ( 29 ) Whereas it is necessary that , as the common market in milk and milk products develops , the Member States and the Commission should keep each other supplied with the information necessary for applying this Regulation ;
-----------------------------
NMT Model 4: ( 29 ) Whereas , on the basis and credit of the evolution of the common market in IEC and products to the Member States , the Member States and the Commission should give special coefficient from the information necessary for the application of this Regulation ;
Copy Prob 4: [34m([0m [34m29[0m [34m)[0m [34mWhereas[0m [34m,[0m [34mon[0m [34mthe[0m [34mbasis[0m [34mand[0m [34mcredit[0m [34mof[0m [33mthe[0m [34mevolution[0m [34mof[0m [33mthe[0m [33mcommon[0m [33mmarket[0m [33min[0m [34mIEC[0m [33mand[0m [34mproducts[0m [34mto[0m [34mthe[0m [33mMember[0m [33mStates[0m [33m,[0m [33mthe[0m [33mMember[0m [33mStates[0m [33mand[0m [33mthe[0m [33mCommission[0m [34mshould[0m [34mgive[0m [34mspecial[0m [34mcoefficient[0m [34mfrom[0m [33mthe[0m [33minformation[0m [34mnecessary[0m [34mfor[0m [34mthe[0m [34mapplication[0m [34mof[0m [32mthis[0m [34mRegulation[0m [34m;[0m
Copy Gate 4: [34m([0m [34m29[0m [34m)[0m [36mWhereas[0m [34m,[0m [34mon[0m [34mthe[0m [34mbasis[0m [34mand[0m [34mcredit[0m [34mof[0m [34mthe[0m [34mevolution[0m [34mof[0m [34mthe[0m [34mcommon[0m [34mmarket[0m [34min[0m [34mIEC[0m [34mand[0m [34mproducts[0m [34mto[0m [34mthe[0m [34mMember[0m [34mStates[0m [34m,[0m [34mthe[0m [34mMember[0m [34mStates[0m [34mand[0m [34mthe[0m [34mCommission[0m [34mshould[0m [34mgive[0m [36mspecial[0m [36mcoefficient[0m [34mfrom[0m [34mthe[0m [34minformation[0m [34mnecessary[0m [34mfor[0m [34mthe[0m [34mapplication[0m [34mof[0m [34mthis[0m [34mRegulation[0m [34m;[0m
[0.93572194874286652, 0.93625690042972565, 0.76939156651496887, 0.70579990744590759, 0.93960990384221077, 0.9239174947142601, 0.94276722148060799, 0.83001905679702759, 0.91790460795164108, 0.85702897608280182, 0.90975331515073776, 0.87954781949520111, 0.77741032838821411, 0.95412823185324669, 0.91447421163320541, 0.81286749243736267, 0.86742864549160004, 0.86099126935005188, 0.88148823380470276, 0.944035854190588, 0.85563585162162781, 0.83896620571613312, 0.92176958918571472, 0.80537141859531403, 0.87219510972499847, 0.93638091534376144, 0.9173872247338295, 0.88766060024499893, 0.91337352991104126, 0.96201921999454498, 0.92047882825136185, 0.89251245558261871, 0.88987556099891663, 0.83282576501369476, 0.74741330742835999, 0.60804221034049988, 0.91015748679637909, 0.88796253502368927, 0.81506095826625824, 0.79651516675949097, 0.91681211441755295, 0.90944924205541611, 0.86075235903263092, 0.93104645609855652, 0.93361186236143112, 0.85429723560810089, 0.94736010581254959, 0.97087653540074825]

Epoch  0 Update  81 Cost  118.803955078 G 34.6967849731 execute: elapsed 0.5694 secs.
Epoch  0 Update  82 Cost  109.678062439 G 32.1552276611 execute: elapsed 0.5437 secs.
Epoch  0 Update  83 Cost  95.4610671997 G 28.3768672943 execute: elapsed 0.4392 secs.
Epoch  0 Update  84 Cost  79.5233764648 G 25.4239616394 execute: elapsed 0.5506 secs.
Epoch  0 Update  85 Cost  61.1142311096 G 25.3011703491 execute: elapsed 0.4444 secs.
Epoch  0 Update  86 Cost  52.1945571899 G 21.7117004395 execute: elapsed 0.4102 secs.
Epoch  0 Update  87 Cost  48.7324867249 G 17.9664516449 execute: elapsed 0.3786 secs.
Epoch  0 Update  88 Cost  34.9040718079 G 16.8822956085 execute: elapsed 0.3352 secs.
Epoch  0 Update  89 Cost  30.0622844696 G 14.6912879944 execute: elapsed 0.3631 secs.
Epoch  0 Update  90 Cost  22.7374992371 G 13.0414199829 execute: elapsed 0.3167 secs.
Epoch  0 Update  91 Cost  10.1101417542 G 12.9802303314 execute: elapsed 0.2850 secs.
Epoch  0 Update  92 Cost  16.0639209747 G 10.5448493958 execute: elapsed 0.3428 secs.
Epoch  0 Update  93 Cost  14.6727876663 G 7.1058177948 execute: elapsed 0.2755 secs.
Epoch  0 Update  94 Cost  22.7572059631 G 5.67197227478 execute: elapsed 0.6256 secs.
Epoch  0 Update  95 Cost  162.190582275 G 47.5453567505 execute: elapsed 0.6370 secs.
Epoch  0 Update  96 Cost  115.580459595 G 47.1695098877 execute: elapsed 0.5853 secs.
Epoch  0 Update  97 Cost  115.613800049 G 39.5892906189 execute: elapsed 0.5308 secs.
Epoch  0 Update  98 Cost  96.7212524414 G 35.7054138184 execute: elapsed 0.5373 secs.
Epoch  0 Update  99 Cost  89.321182251 G 31.6945972443 execute: elapsed 0.4881 secs.
Epoch  0 Update  100 Cost  79.7506866455 G 30.3669090271 execute: elapsed 0.4900 secs.
=============================
Target-TM 0: ( A ) the title shall be replaced by the following :
Source-TM 0: A ) le titre est remplacé par le texte suivant :
Source-CR 0: &quot; Directive du Conseil , du 10 septembre 1984 , en matière de publicité trompeuse et de publicité comparative &quot; .
Target-CR 0: ( 1 ) The title shall be replaced by the following : &apos; Council Directive of 10 September 1984 concerning misleading and comparative advertising &apos; ;
-----------------------------
NMT Model 0: &quot; competitive of the Council of 10 September insofar on regularly dealing and 144 what &quot; .
Copy Prob 0: [34m&quot;[0m [34mcompetitive[0m [34mof[0m [34mthe[0m [34mCouncil[0m [34mof[0m [34m10[0m [34mSeptember[0m [34minsofar[0m [34mon[0m [34mregularly[0m [34mdealing[0m [34mand[0m [34m144[0m [34mwhat[0m [34m&quot;[0m [34m.[0m
Copy Gate 0: [34m&quot;[0m [36mcompetitive[0m [34mof[0m [34mthe[0m [34mCouncil[0m [34mof[0m [34m10[0m [34mSeptember[0m [36minsofar[0m [34mon[0m [34mregularly[0m [36mdealing[0m [34mand[0m [34m144[0m [34mwhat[0m [34m&quot;[0m [34m.[0m
[0.95976954326033592, 0.64089244604110718, 0.89230166375637054, 0.91573479771614075, 0.87363690137863159, 0.92078723013401031, 0.95803964138031006, 0.95999801531434059, 0.63362082839012146, 0.90932983905076981, 0.77944792807102203, 0.51278254389762878, 0.93608285486698151, 0.77638320624828339, 0.79513779282569885, 0.96458865329623222, 0.98591835703700781, 0.98355958424508572]

=============================
Target-TM 1: Aid for losses due to adverse climatic events
Source-TM 1: Aides relatives aux pertes dues à des phénomènes météorologiques défavorables
Source-CR 1: Le montant admissible au bénéfice de l &apos; aide peut être augmenté des autres coûts spécifiquement supportés par l &apos; agriculteur du fait que la récolte n &apos; a pas eu lieu en raison du phénomène [32mmétéorologique[0m défavorable .
Target-CR 1: The amount thus eligible for aid may be increased by other costs specifically incurred by the farmer because of [32mnon-harvesting[0m due to the adverse event .
-----------------------------
NMT Model 1: The amount of the aid may be v from other management costs imported by the designated designated , as a result of the UNK of the UNK .
Copy Prob 1: [34mThe[0m [34mdanger[0m [34mamount[0m [34mof[0m [34mthe[0m [34maid[0m [34mmay[0m [34mbe[0m [34mv[0m [34mfrom[0m [34mother[0m [34mmanagement[0m [34mcosts[0m [34mimported[0m [34mby[0m [34mthe[0m [34mdesignated[0m [34mdesignated[0m [34m,[0m [34mas[0m [34ma[0m [34mresult[0m [34mof[0m [34mthe[0m [34mregards[0m [34mdisclosure[0m [34mof[0m [34mthe[0m [34mdisclosure[0m [34m.[0m
Copy Gate 1: [34mThe[0m [34mdanger[0m [34mamount[0m [34mof[0m [34mthe[0m [34maid[0m [34mmay[0m [34mbe[0m [32mv[0m [34mfrom[0m [34mother[0m [36mmanagement[0m [36mcosts[0m [36mimported[0m [34mby[0m [34mthe[0m [36mdesignated[0m [36mdesignated[0m [34m,[0m [34mas[0m [34ma[0m [34mresult[0m [34mof[0m [34mthe[0m [34mregards[0m [36mdisclosure[0m [34mof[0m [34mthe[0m [34mdisclosure[0m [34m.[0m
[0.82143138349056244, 0.80721651017665863, 0.79073597490787506, 0.86710724234580994, 0.87264260649681091, 0.8125024139881134, 0.82344044744968414, 0.79442571103572845, 0.40117299556732178, 0.82618418335914612, 0.87173990905284882, 0.67947891354560852, 0.7160489559173584, 0.59969702363014221, 0.95594218745827675, 0.93728001415729523, 0.73144298791885376, 0.70675298571586609, 0.79728312790393829, 0.93782157450914383, 0.92499539256095886, 0.82362599670886993, 0.89735088497400284, 0.85240514576435089, 0.78284487128257751, 0.73362404108047485, 0.82968322932720184, 0.83830985426902771, 0.81283308565616608, 0.76287670433521271, 0.96130781620740891]

=============================
Target-TM 2: 1 . An aid shall be granted for the supply to the smaller islands of the products referred to in Article 3 ( 1 ) .
Source-TM 2: 1 . Une aide est octroyée pour l &apos; approvisionnement des îles mineures en produits visés à l &apos; article 3 , paragraphe 1 .
Source-CR 2: 3 . L &apos; aide est accordée à l &apos; acheteur qui s &apos; engage à commercialiser les produits des DOM dans le cadre des contrats visés au paragraphe 1 .
Target-CR 2: 3 . The aid shall be granted to purchasers who undertake to market the overseas department products under the contracts referred to in paragraph 1 .
-----------------------------
NMT Model 2: 3 . The aid shall be granted to generation which flights the products of the 1372 UNK under the contracts referred to in paragraph 1 .
Copy Prob 2: [34m3[0m [34m.[0m [34mThe[0m [34maid[0m [34mshall[0m [34mbe[0m [34mgranted[0m [34mto[0m [34mgeneration[0m [34mwhich[0m [34mflights[0m [34mthe[0m [34mproducts[0m [33mof[0m [33mthe[0m [34mcarrier[0m [33min[0m [34mquestion[0m [34munder[0m [34mthe[0m [34mcontracts[0m [34mreferred[0m [34mto[0m [34min[0m [34mparagraph[0m [34m1[0m [34m.[0m
Copy Gate 2: [34m3[0m [34m.[0m [34mThe[0m [34maid[0m [34mshall[0m [34mbe[0m [34mgranted[0m [34mto[0m [34mgeneration[0m [34mwhich[0m [34mflights[0m [34mthe[0m [36mproducts[0m [34mof[0m [36mthe[0m [36mcarrier[0m [36min[0m [34mquestion[0m [34munder[0m [34mthe[0m [34mcontracts[0m [34mreferred[0m [34mto[0m [34min[0m [34mparagraph[0m [34m1[0m [34m.[0m
[0.96106115356087685, 0.90544518828392029, 0.78836867213249207, 0.78331995010375977, 0.8549567312002182, 0.90443409234285355, 0.82726411521434784, 0.87867381423711777, 0.76977595686912537, 0.78936666250228882, 0.87744869291782379, 0.8250369131565094, 0.73142018914222717, 0.77025666832923889, 0.59809225797653198, 0.58861878514289856, 0.74951773881912231, 0.88905895501375198, 0.84950011968612671, 0.93374523520469666, 0.87575317174196243, 0.80170340836048126, 0.89035260677337646, 0.93537801504135132, 0.9735769834369421, 0.97367802448570728, 0.91550381481647491, 0.97275102883577347]

=============================
Target-TM 3: ( A ) for the customs warehousing procedure :
Source-TM 3: A ) dans le cas du régime de l &apos; entrepôt douanier :
Source-CR 3: C ) d &apos; observer les conditions particulières fixées dans l &apos; autorisation de placement sous le régime de l &apos; entreposage douanier ou d &apos; exploitation d &apos; installations de stockage .
Target-CR 3: ( C ) complying with the particular conditions specified in the authorization for the customs warehousing procedure or for operation of the storage facilities .
-----------------------------
NMT Model 3: ( C ) l &apos; 402 59 conditions UNK UNK dans l &apos; authorization de 28c Armenia Director UNK de UNK UNK lots 97 &apos; UNK de UNK .
Copy Prob 3: [34m([0m [34mC[0m [34m)[0m [34mWhere[0m [33mthe[0m [34mspecial[0m [34mconditions[0m [34mlaid[0m [34mdown[0m [34min[0m [34mthe[0m [34mgranting[0m [34mof[0m [34mthe[0m [34mentry[0m [33mfor[0m [33mthe[0m [34mprocedure[0m [34mfor[0m [34mthe[0m [34mskimmed-milk[0m [34mor[0m [33mcustoms[0m [34myear[0m [34mhave[0m [34mbeen[0m [34madopted[0m [34mby[0m [34mthe[0m [34m402[0m [34m;[0m
Copy Gate 3: [34m([0m [34mC[0m [34m)[0m [34mWhere[0m [34mthe[0m [34mspecial[0m [34mconditions[0m [34mlaid[0m [34mdown[0m [34min[0m [34mthe[0m [34mgranting[0m [34mof[0m [34mthe[0m [34mentry[0m [34mfor[0m [34mthe[0m [34mprocedure[0m [34mfor[0m [34mthe[0m [34mskimmed-milk[0m [34mor[0m [34mcustoms[0m [34myear[0m [34mhave[0m [34mbeen[0m [34madopted[0m [34mby[0m [34mthe[0m [34m402[0m [34m;[0m
[0.9660559669137001, 0.97710891254246235, 0.96858575195074081, 0.8791046142578125, 0.93276467174291611, 0.86710837483406067, 0.77458953857421875, 0.91905084252357483, 0.92726613581180573, 0.95051101967692375, 0.95109411329030991, 0.91398137807846069, 0.89997784793376923, 0.89572308957576752, 0.88505201786756516, 0.905756875872612, 0.89812435954809189, 0.90727528929710388, 0.95112039521336555, 0.91014248132705688, 0.89035918563604355, 0.89273694157600403, 0.77465170621871948, 0.81634794175624847, 0.92273490130901337, 0.91074079275131226, 0.90014612674713135, 0.9419671967625618, 0.93677365034818649, 0.77885158360004425, 0.94702296331524849, 0.98977414984256029]

=============================
Target-TM 4: ( B ) % quot % periods of availability % quot % shall mean :
Source-TM 4: B ) % quot % temps de disponibilité % quot % :
Source-CR 4: B ) organismes de placement collectif du type autre que fermé : Les fonds communs de placement et les sociétés d &apos; investissement :
Target-CR 4: ( B ) % quot % collective investment undertakings other than the [32mclosed-end[0m type % quot % shall mean unit trusts and investment companies :
-----------------------------
NMT Model 4: ( B ) compound of UNK type other than poz : The common investment 37 and the investment companies :
Copy Prob 4: [34m([0m [34mB[0m [34m)[0m [32m%[0m [33mquot[0m [34m%[0m [34mSerbia[0m [34m%[0m [34mquot[0m [34m%[0m [34moperation[0m [34mfield[0m [34mother[0m [34mthan[0m [34mpoz[0m [33mshall[0m [33mmean[0m [34mthe[0m [34mcommon[0m [34minvestment[0m [34m37[0m [34mand[0m [34mthe[0m [34minvestment[0m [34mcompanies[0m [34m:[0m
Copy Gate 4: [34m([0m [34mB[0m [34m)[0m [34m%[0m [34mquot[0m [34m%[0m [34mSerbia[0m [34m%[0m [34mquot[0m [34m%[0m [34moperation[0m [34mfield[0m [34mother[0m [34mthan[0m [34mpoz[0m [34mshall[0m [34mmean[0m [34mthe[0m [34mcommon[0m [34minvestment[0m [34m37[0m [34mand[0m [34mthe[0m [34minvestment[0m [34mcompanies[0m [34m:[0m
[0.96617741510272026, 0.96308193728327751, 0.96508529409766197, 0.82849262654781342, 0.8495388925075531, 0.86137212812900543, 0.87490150332450867, 0.82225571572780609, 0.8285592645406723, 0.82383428514003754, 0.82934591174125671, 0.79875713586807251, 0.87944453954696655, 0.93695487082004547, 0.90264257788658142, 0.97556973062455654, 0.95351853221654892, 0.88774479180574417, 0.83787183463573456, 0.78953522443771362, 0.79772263765335083, 0.96846866235136986, 0.90265723317861557, 0.77808225154876709, 0.89375120401382446, 0.97106346487998962, 0.9724679384380579]

Epoch  0 Update  101 Cost  67.6186981201 G 25.6052818298 execute: elapsed 0.4494 secs.
Epoch  0 Update  102 Cost  49.222366333 G 25.7021961212 execute: elapsed 0.4000 secs.
Epoch  0 Update  103 Cost  41.9651069641 G 21.4266529083 execute: elapsed 0.4149 secs.
Epoch  0 Update  104 Cost  34.4705352783 G 18.7272415161 execute: elapsed 0.3691 secs.
Epoch  0 Update  105 Cost  23.1908607483 G 17.4083442688 execute: elapsed 0.3533 secs.
Epoch  0 Update  106 Cost  20.5212440491 G 14.0400009155 execute: elapsed 0.2999 secs.
Epoch  0 Update  107 Cost  17.590045929 G 12.5160417557 execute: elapsed 0.4026 secs.
Epoch  0 Update  108 Cost  15.4162731171 G 8.78794956207 execute: elapsed 0.2544 secs.
Epoch  0 Update  109 Cost  15.8395729065 G 5.29965209961 execute: elapsed 0.2856 secs.
Epoch  0 Update  110 Cost  73.8786239624 G 29.0503387451 execute: elapsed 0.7167 secs.
Epoch  0 Update  111 Cost  124.210884094 G 52.4260177612 execute: elapsed 0.6008 secs.
Epoch  0 Update  112 Cost  120.272758484 G 40.7967681885 execute: elapsed 0.6025 secs.
Epoch  0 Update  113 Cost  94.7274475098 G 37.6903686523 execute: elapsed 0.5271 secs.
Epoch  0 Update  114 Cost  91.098739624 G 33.9514770508 execute: elapsed 0.4904 secs.
Epoch  0 Update  115 Cost  68.177986145 G 29.0899009705 execute: elapsed 0.5057 secs.
Epoch  0 Update  116 Cost  61.8902282715 G 25.0306758881 execute: elapsed 0.4500 secs.
Epoch  0 Update  117 Cost  63.8142776489 G 21.8945121765 execute: elapsed 0.3998 secs.
Epoch  0 Update  118 Cost  36.9033355713 G 20.2590789795 execute: elapsed 0.4315 secs.
Epoch  0 Update  119 Cost  25.4062576294 G 18.6804771423 execute: elapsed 0.3344 secs.
Epoch  0 Update  120 Cost  24.5644035339 G 15.1986160278 execute: elapsed 0.2769 secs.
=============================
Target-TM 0: 1 2 &#124; EXPENDITURE RELATED TO [32mRECRUITMENT[0m &#124; - &#124; 200000 &#124; 200000 &#124;
Source-TM 0: 1 2 &#124; FRAIS DE [32mRECRUTEMENT[0m &#124; - &#124; 200000 &#124; 200000 &#124;
Source-CR 0: 1 2 &#124; FRAIS DE [32mRECRUTEMENT[0m &#124; 220000 &#124; &#124; &#124;
Target-CR 0: 1 2 &#124; EXPENDITURE RELATED TO [32mRECRUITMENT[0m &#124; 220000 &#124; &#124; &#124;
-----------------------------
NMT Model 0: 1 2 &#124; UNK UNK &#124; prompt &#124; &#124; &#124; UNK UNK
Copy Prob 0: [34m1[0m [34m2[0m [34m&#124;[0m [33m&#124;[0m [34mprompt[0m [34m&#124;[0m [33m&#124;[0m [34m&#124;[0m
Copy Gate 0: [34m1[0m [34m2[0m [36m&#124;[0m [36m&#124;[0m [32mprompt[0m [34m&#124;[0m [34m&#124;[0m [34m&#124;[0m
[0.79999135434627533, 0.89955638349056244, 0.7494322657585144, 0.51942723989486694, 0.46320104598999023, 0.83718103170394897, 0.85243788361549377, 0.91348102688789368, 0.91078916192054749]

=============================
Target-TM 1: The allocation coefficient shall be calculated as follows :
Source-TM 1: Le coefficient d &apos; attribution est calculé comme suit :
Source-CR 1: Le montant de l &apos; astreinte journalière se calcule de 1a façon suivante :
Target-CR 1: The amount of the daily penalty payment is calculated as follows :
-----------------------------
NMT Model 1: The amount of the amounting UNK of the aid scheme concerned :
Copy Prob 1: [34mThe[0m [34mamount[0m [34mof[0m [34mthe[0m [34mamounting[0m [33mcoefficient[0m [34mfrom[0m [34m1997[0m [34m&#124;[0m
Copy Gate 1: [34mThe[0m [34mamount[0m [34mof[0m [36mthe[0m [36mamounting[0m [36mcoefficient[0m [34mfrom[0m [36m1997[0m [36m&#124;[0m
[0.8286648690700531, 0.82364597916603088, 0.89275720715522766, 0.72061803936958313, 0.63093787431716919, 0.60638833045959473, 0.78142809867858887, 0.74658697843551636, 0.67777696251869202, 0.93486597388982773]

=============================
Target-TM 2: B ) encouraging structured dialogue between [32mpolicymakers[0m and young people ;
Source-TM 2: B ) encourager le dialogue structuré entre les responsables politiques et les jeunes ;
Source-CR 2: B ) encourager le dialogue structuré entre les responsables politiques et les jeunes ;
Target-CR 2: ( B ) encouraging structured dialogue between [32mpolicymakers[0m and young people ;
-----------------------------
NMT Model 2: ( B ) functioning the Impact between political and young requires ;
Copy Prob 2: [34m([0m [34mB[0m [34m)[0m [34mfunctioning[0m [34mthe[0m [34mImpact[0m [33mbetween[0m [34mpolitical[0m [34mand[0m [36myoung[0m [34mrequires[0m [34m;[0m
Copy Gate 2: [34m([0m [34mB[0m [36m)[0m [36mfunctioning[0m [36mthe[0m [32mImpact[0m [34mbetween[0m [36mpolitical[0m [36mand[0m [36myoung[0m [32mrequires[0m [36m;[0m
[0.91994136571884155, 0.93877404555678368, 0.70295366644859314, 0.68579259514808655, 0.62038150429725647, 0.4137151837348938, 0.80267302691936493, 0.67660042643547058, 0.50248777866363525, 0.56246408820152283, 0.41885721683502197, 0.64416635036468506, 0.93389440327882767]

=============================
Target-TM 3: Directive 91 / 67 / EEC is hereby amended as follows :
Source-TM 3: La directive 91 / 67 / CEE est modifiée comme suit .
Source-CR 3: La directive 91 / 689 / CEE est modifiée comme suit .
Target-CR 3: Directive 91 / 689 / EEC is hereby amended as follows :
-----------------------------
NMT Model 3: Directive 91 / abroad / EEC is hereby amended as follows :
Copy Prob 3: [34mDirective[0m [34m91[0m [34m/[0m [34mabroad[0m [34m/[0m [34mEEC[0m [34mis[0m [34mhereby[0m [34mamended[0m [34mas[0m [34mfollows[0m [34m:[0m
Copy Gate 3: [34mDirective[0m [34m91[0m [34m/[0m [34mabroad[0m [34m/[0m [34mEEC[0m [34mis[0m [36mhereby[0m [34mamended[0m [34mas[0m [34mfollows[0m [34m:[0m
[0.87685956060886383, 0.86711221933364868, 0.96129845082759857, 0.79145528376102448, 0.94315410405397415, 0.87339212000370026, 0.93796177580952644, 0.73086449503898621, 0.75825025141239166, 0.81476631760597229, 0.88380764424800873, 0.9174812063574791, 0.96547041833400726]

=============================
Target-TM 4: ( B ) the following paragraph 3a is inserted after paragraph 3 :
Source-TM 4: B ) le paragraphe 3 bis suivant est inséré après le paragraphe 3 :
Source-CR 4: B ) Le paragraphe suivant est inséré après le paragraphe 1 :
Target-CR 4: ( B ) the following paragraph is inserted after paragraph 1 :
-----------------------------
NMT Model 4: ( B ) The following paragraph shall be minimum after paragraph 1 :
Copy Prob 4: [34m([0m [34mB[0m [34m)[0m [34mThe[0m [34mfollowing[0m [34mparagraph[0m [34mshall[0m [34mbe[0m [34mminimum[0m [34mafter[0m [34mparagraph[0m [34m1[0m [34m:[0m
Copy Gate 4: [34m([0m [34mB[0m [34m)[0m [34mThe[0m [34mfollowing[0m [34mparagraph[0m [34mshall[0m [36mbe[0m [32mminimum[0m [34mafter[0m [34mparagraph[0m [34m1[0m [34m:[0m
[0.89298120886087418, 0.90706766396760941, 0.92609937489032745, 0.92919234186410904, 0.85881039500236511, 0.86246667802333832, 0.8653947114944458, 0.68474709987640381, 0.44586825370788574, 0.80247671902179718, 0.90616188198328018, 0.94873448461294174, 0.95559941604733467, 0.96254109591245651]

Epoch  0 Update  121 Cost  26.4153327942 G 14.7662792206 execute: elapsed 0.3268 secs.
Epoch  0 Update  122 Cost  18.888999939 G 13.344871521 execute: elapsed 0.2980 secs.
Epoch  0 Update  123 Cost  14.7919778824 G 9.71579933167 execute: elapsed 0.2710 secs.
Epoch  0 Update  124 Cost  19.5273132324 G 5.4837436676 execute: elapsed 0.2865 secs.
Epoch  0 Update  125 Cost  41.7126846313 G 10.1360683441 execute: elapsed 0.5851 secs.
Epoch  0 Update  126 Cost  129.009246826 G 44.6659622192 execute: elapsed 0.6564 secs.
Epoch  0 Update  127 Cost  116.215080261 G 41.4678955078 execute: elapsed 0.5644 secs.
Epoch  0 Update  128 Cost  118.677268982 G 34.9722290039 execute: elapsed 0.5385 secs.
Epoch  0 Update  129 Cost  94.7750701904 G 31.9371776581 execute: elapsed 0.4878 secs.
Epoch  0 Update  130 Cost  86.1851043701 G 25.6565151215 execute: elapsed 0.5314 secs.
Epoch  0 Update  131 Cost  56.9663925171 G 27.113571167 execute: elapsed 0.4525 secs.
Epoch  0 Update  132 Cost  50.0439758301 G 23.5410499573 execute: elapsed 0.2605 secs.
Epoch  0 Update  133 Cost  44.4742851257 G 22.6852912903 execute: elapsed 0.1567 secs.
Epoch  0 Update  134 Cost  45.8082084656 G 17.0833187103 execute: elapsed 0.1474 secs.
Epoch  0 Update  135 Cost  29.4772605896 G 18.9526977539 execute: elapsed 0.1305 secs.
Epoch  0 Update  136 Cost  29.0470046997 G 14.7712802887 execute: elapsed 0.1253 secs.
Epoch  0 Update  137 Cost  22.3634414673 G 13.5112457275 execute: elapsed 0.1137 secs.
Epoch  0 Update  138 Cost  18.1463890076 G 10.0408115387 execute: elapsed 0.1039 secs.
Epoch  0 Update  139 Cost  19.5135250092 G 7.15516090393 execute: elapsed 0.0908 secs.
Epoch  0 Update  140 Cost  12.6417999268 G 3.87110757828 execute: elapsed 0.0701 secs.
=============================
Target-TM 0: Article 9 Settlement of disputes
Source-TM 0: Article 9 Règlement des différends
Source-CR 0: Interprétation et règlement des différends
Target-CR 0: Interpretation and settlement of disputes
-----------------------------
NMT Model 0: responses UNK and UNK .... UNK
Copy Prob 0: [33mSettlement[0m [34mand[0m [34mRegulation[0m [34m([0m [34ms[0m [34m)[0m
Copy Gate 0: [32mSettlement[0m [34mand[0m [34mRegulation[0m [34m([0m [34ms[0m [34m)[0m
[0.362021803855896, 0.8836178332567215, 0.90108930319547653, 0.90557010471820831, 0.90599850565195084, 0.91035698354244232, 0.93838084861636162]

=============================
Target-TM 1: ( EUR ) ) &#124;
Source-TM 1: ( En euros ) &#124;
Source-CR 1: ( En EUR ) &#124;
Target-CR 1: ( In EUR ) &#124;
-----------------------------
NMT Model 1: ( In EUR ) &#124;
Copy Prob 1: [34m([0m [32mEUR[0m [34m)[0m [34m&#124;[0m
Copy Gate 1: [34m([0m [36mEUR[0m [34m)[0m [34m&#124;[0m
[0.84464667737483978, 0.61970978975296021, 0.89171644300222397, 0.98057365044951439, 0.97464233636856079]

=============================
Target-TM 2: Commission &apos; s internal control system
Source-TM 2: Système de contrôle interne de la Commission
Source-CR 2: Système de contrôle de la conditionnalité
Target-CR 2: Control system as regards cross-compliance
-----------------------------
NMT Model 2: UNK control properly
Copy Prob 2: [33msystem[0m [34mfor[0m [33mcontrol[0m [34mof[0m [34mthe[0m [34mCommissioner[0m
Copy Gate 2: [32msystem[0m [36mfor[0m [32mcontrol[0m [36mof[0m [34mthe[0m [36mCommissioner[0m
[0.37948024272918701, 0.58015778660774231, 0.49271583557128906, 0.70884522795677185, 0.78540454804897308, 0.66577458381652832, 0.83463509380817413]

=============================
Target-TM 3: Date of implementation :
Source-TM 3: Date de mise en œuvre :
Source-CR 3: Date de mise en œuvre : [32m14.12.2001[0m
Target-CR 3: Date of implementation : [32m14.12.2001[0m
-----------------------------
NMT Model 3: Date of implementation : UNK
Copy Prob 3: [36mDate[0m [34mof[0m [36mimplementation[0m [34m:[0m [34mNavarre[0m
Copy Gate 3: [36mDate[0m [36mof[0m [36mimplementation[0m [34m:[0m [34mNavarre[0m
[0.54129365086555481, 0.74227660894393921, 0.58538639545440674, 0.91349057108163834, 0.81815160810947418, 0.90869372338056564]

=============================
Target-TM 4: Member States shall ensure that :
Source-TM 4: Les États membres font en sorte que :
Source-CR 4: Elles veillent à ce que :
Target-CR 4: They shall ensure that :
-----------------------------
NMT Model 4: They shall ensure that :
Copy Prob 4: [34mThey[0m [34mshall[0m [34mensure[0m [34mthat[0m [34m:[0m
Copy Gate 4: [34mThey[0m [36mshall[0m [34mensure[0m [34mthat[0m [34m:[0m
[0.757546067237854, 0.58754456043243408, 0.80780127644538879, 0.84386835992336273, 0.93901867419481277, 0.94118126854300499]

Epoch  0 Update  141 Cost  134.68838501 G 46.4666137695 execute: elapsed 0.4832 secs.
Epoch  0 Update  142 Cost  121.572998047 G 43.8850059509 execute: elapsed 0.4514 secs.
Epoch  0 Update  143 Cost  122.264343262 G 36.2498245239 execute: elapsed 0.4521 secs.
Epoch  0 Update  144 Cost  103.277297974 G 34.7713546753 execute: elapsed 0.7800 secs.
Epoch  0 Update  145 Cost  105.347373962 G 28.3554096222 execute: elapsed 0.5724 secs.
Epoch  0 Update  146 Cost  82.8884353638 G 28.1939888 execute: elapsed 0.5560 secs.
Epoch  0 Update  147 Cost  61.534614563 G 23.4326629639 execute: elapsed 0.4952 secs.
Epoch  0 Update  148 Cost  60.4402923584 G 24.2294006348 execute: elapsed 0.3776 secs.
Epoch  0 Update  149 Cost  47.9342803955 G 20.8820209503 execute: elapsed 0.3738 secs.
Epoch  0 Update  150 Cost  39.3221664429 G 18.0122661591 execute: elapsed 0.3649 secs.
Epoch  0 Update  151 Cost  32.0363769531 G 15.2059869766 execute: elapsed 0.3607 secs.
Epoch  0 Update  152 Cost  21.5500488281 G 13.0310230255 execute: elapsed 0.2817 secs.
Epoch  0 Update  153 Cost  18.0141963959 G 12.4652767181 execute: elapsed 0.2262 secs.
Epoch  0 Update  154 Cost  15.4464902878 G 10.0465049744 execute: elapsed 0.2479 secs.
Epoch  0 Update  155 Cost  16.65467453 G 4.15110015869 execute: elapsed 0.1994 secs.
Epoch  0 Update  156 Cost  68.9176177979 G 16.254611969 execute: elapsed 0.4669 secs.
Epoch  0 Update  157 Cost  129.853027344 G 46.8882064819 execute: elapsed 0.8892 secs.
Epoch  0 Update  158 Cost  120.485671997 G 42.6385269165 execute: elapsed 0.6472 secs.
Epoch  0 Update  159 Cost  109.572189331 G 38.5255584717 execute: elapsed 0.5674 secs.
Epoch  0 Update  160 Cost  104.666786194 G 33.4120101929 execute: elapsed 0.4620 secs.
=============================
Target-TM 0: - Verordening [32mm.b.t.[0m [32minschrijving[0m ( EG ) nr . . . . ( PB nr . L . . . Van . . . ) , [32mindieningstermijn[0m [32maanbiedingen[0m [32meindigend[0m op . . .
Source-TM 0: - Verordening [32mm.b.t.[0m [32minschrijving[0m ( EG ) nr . . . . ( PB nr . L . . . Van . . . ) , [32mindieningstermijn[0m [32maanbiedingen[0m [32meindigend[0m op . . .
Source-CR 0: - [32mFoerordning[0m om [32manbud[0m ( EG ) nr . . . ( [32mEGT[0m nr L . . . , . . . ) [32mtidsfrist[0m [32mfoer[0m [32manbudsinlaemnande[0m [32mutloeper[0m den . . .
Target-CR 0: - [32mFoerordning[0m om [32manbud[0m ( EG ) nr . . . ( [32mEGT[0m nr L . . . , . . . ) [32mtidsfrist[0m [32mfoer[0m [32manbudsinlaemnande[0m [32mutloeper[0m den . . .
-----------------------------
NMT Model 0: - UNK UNK UNK ( trials ) UNK . . . ( UNK levels L . . . , . . . ) UNK UNK UNK UNK UN . . .
Copy Prob 0: [34m-[0m [33mVerordening[0m [34m([0m [34mtrials[0m [34m)[0m [34mlevels[0m [34m.[0m [34m.[0m [34m.[0m [34m.[0m [33m.[0m [33m.[0m [33m.[0m [34m.[0m [34m.[0m [33m.[0m [34m.[0m [34m.[0m [34m.[0m [34m.[0m [34m.[0m [34m.[0m [34m.[0m [34m.[0m [34m.[0m [34m.[0m [34m.[0m [34m.[0m [34m.[0m [34m.[0m [34m.[0m [34m.[0m
Copy Gate 0: [34m-[0m [34mVerordening[0m [36m([0m [36mtrials[0m [34m)[0m [36mlevels[0m [34m.[0m [34m.[0m [34m.[0m [34m.[0m [34m.[0m [34m.[0m [34m.[0m [34m.[0m [34m.[0m [34m.[0m [34m.[0m [34m.[0m [34m.[0m [34m.[0m [34m.[0m [34m.[0m [34m.[0m [34m.[0m [34m.[0m [34m.[0m [34m.[0m [34m.[0m [34m.[0m [34m.[0m [34m.[0m [34m.[0m
[0.90542092174291611, 0.78089603781700134, 0.5783403217792511, 0.62375280261039734, 0.91463159024715424, 0.54588675498962402, 0.92326671630144119, 0.95864874869585037, 0.97941672429442406, 0.98424637131392956, 0.97506049275398254, 0.95948852598667145, 0.94023147225379944, 0.95237850770354271, 0.96870795264840126, 0.96740298718214035, 0.95858333259820938, 0.94574544578790665, 0.94502640515565872, 0.95008812472224236, 0.95250651240348816, 0.95236891135573387, 0.95171847194433212, 0.9516817182302475, 0.95168909057974815, 0.95148898661136627, 0.95128937438130379, 0.95117135718464851, 0.95108364149928093, 0.95098553970456123, 0.95087914168834686, 0.95076924189925194, 0.95064897835254669]

=============================
Target-TM 1: For this purpose the form set out in Annex VI shall be used .
Source-TM 1: À cette fin , le formulaire figurant à l &apos; annexe VI doit être utilisé .
Source-CR 1: Toute estimation officielle disponible du nombre d &apos; immigrants [32mclandestins[0m et de leur activité est également fournie .
Target-CR 1: The format for this table is set out in Annex VI . Moreover , any available official estimates of the number of [32mclandestine[0m immigrants and their activity shall be provided .
-----------------------------
NMT Model 1: average UNK UNK from the number of redress and their 79 shall also be involvement .
Copy Prob 1: [34maverage[0m [34mbinding[0m [34mtariff[0m [34mends[0m [34mfrom[0m [33mthe[0m [34mnumber[0m [34mof[0m [34mredress[0m [34mand[0m [34mtheir[0m [34m79[0m [34mshall[0m [34malso[0m [34mbe[0m [34minvolvement[0m [34m.[0m
Copy Gate 1: [34maverage[0m [36mbinding[0m [36mtariff[0m [36mends[0m [34mfrom[0m [34mthe[0m [34mnumber[0m [34mof[0m [36mredress[0m [34mand[0m [34mtheir[0m [34m79[0m [34mshall[0m [34malso[0m [36mbe[0m [36minvolvement[0m [34m.[0m
[0.83151842653751373, 0.69562593102455139, 0.66411206126213074, 0.69199961423873901, 0.91701872646808624, 0.89720185101032257, 0.91446259617805481, 0.86994095146656036, 0.73173433542251587, 0.88303916901350021, 0.86928330361843109, 0.79816554486751556, 0.93519611656665802, 0.80187429487705231, 0.66303575038909912, 0.59348511695861816, 0.96498580649495125, 0.98571270797401667]

=============================
Target-TM 2: The minutes shall , as a general rule , indicate in respect of each item on the agenda :
Source-TM 2: Le procès-verbal comprend en règle générale , pour chaque point de l &apos; ordre du jour :
Source-CR 2: Pour chaque tâche figurant dans le programme d &apos; activité , l &apos; agence doit en outre indiquer l &apos; utilisation prévisible du personnel en journées de travail par personne , ainsi que le calendrier des travaux .
Target-CR 2: The agency shall , moreover , indicate the estimated number of [32mman-days[0m required in respect of each area of activity in the work schedule and a timetable for the work .
-----------------------------
NMT Model 2: sources Section require in the work programme , the agency must , in By , state the Designs use of staff in the working r of work and the timetable in such a way .
Copy Prob 2: [34msources[0m [34mSection[0m [34mrequire[0m [33min[0m [34mthe[0m [34mwork[0m [34mprogramme[0m [34m,[0m [34mthe[0m [34magency[0m [34mmust[0m [34m,[0m [33min[0m [34mBy[0m [34m,[0m [34mstate[0m [34mthe[0m [34mDesigns[0m [34muse[0m [34mof[0m [34mstaff[0m [34min[0m [34mthe[0m [34mworking[0m [34mr[0m [34mof[0m [34mwork[0m [34mand[0m [34mthe[0m [34mtimetable[0m [34min[0m [34msuch[0m [34ma[0m [34mway[0m [34m.[0m
Copy Gate 2: [34msources[0m [36mSection[0m [34mrequire[0m [34min[0m [34mthe[0m [34mwork[0m [34mprogramme[0m [34m,[0m [34mthe[0m [36magency[0m [34mmust[0m [34m,[0m [36min[0m [34mBy[0m [34m,[0m [34mstate[0m [34mthe[0m [36mDesigns[0m [36muse[0m [34mof[0m [34mstaff[0m [34min[0m [34mthe[0m [34mworking[0m [34mr[0m [34mof[0m [34mwork[0m [34mand[0m [34mthe[0m [34mtimetable[0m [34min[0m [34msuch[0m [34ma[0m [34mway[0m [34m.[0m
[0.86758552491664886, 0.71524891257286072, 0.847307488322258, 0.91798313707113266, 0.87897481024265289, 0.85739231109619141, 0.80210460722446442, 0.96208193898200989, 0.88869557529687881, 0.71730184555053711, 0.84158067405223846, 0.77978003025054932, 0.73933306336402893, 0.83536070585250854, 0.78521162271499634, 0.79135444760322571, 0.76241379976272583, 0.63117557764053345, 0.68634027242660522, 0.84832939505577087, 0.82179787755012512, 0.93158072233200073, 0.90142775326967239, 0.84479536116123199, 0.82695157825946808, 0.92506882548332214, 0.87444506585597992, 0.93702030181884766, 0.91836220771074295, 0.84249264001846313, 0.89728686958551407, 0.93646931648254395, 0.88918397575616837, 0.89306352287530899, 0.92618695646524429, 0.96806563436985016]

=============================
Target-TM 3: Licences shall be drawn up in accordance with the model set out in Annex I to Regulation ( EC ) No 1291 / 2000 .
Source-TM 3: Ledit certificat est établi conformément au formulaire figurant à l &apos; annexe I du règlement ( CE ) n ° 1291 / 2000 .
Source-CR 3: 4 . Le document de surveillance doit être conforme au modèle figurant à l &apos; annexe I du règlement ( CE ) no 3285 / 94 .
Target-CR 3: 4 . The surveillance document shall be made out on a form corresponding to the model set out in Annex I to Regulation ( EC ) No 3285 / 94 .
-----------------------------
NMT Model 3: 4 . competitive shall namely to the model in Annex I to Regulation ( EC ) No Comenius / 94 .
Copy Prob 3: [34m4[0m [34m.[0m [34mcompetitive[0m [33mshall[0m [34mnamely[0m [34mto[0m [34mthe[0m [34mmodel[0m [34min[0m [34mAnnex[0m [34mI[0m [34mto[0m [34mRegulation[0m [34m([0m [34mEC[0m [34m)[0m [34mNo[0m [34mComenius[0m [34m/[0m [34m94[0m [34m.[0m
Copy Gate 3: [34m4[0m [34m.[0m [36mcompetitive[0m [34mshall[0m [34mnamely[0m [34mto[0m [34mthe[0m [34mmodel[0m [34min[0m [34mAnnex[0m [34mI[0m [34mto[0m [34mRegulation[0m [34m([0m [34mEC[0m [34m)[0m [34mNo[0m [32mComenius[0m [34m/[0m [34m94[0m [34m.[0m
[0.9255496934056282, 0.88218055665493011, 0.72758966684341431, 0.79396648705005646, 0.89570114016532898, 0.88148240000009537, 0.84931463003158569, 0.79248340427875519, 0.80183659493923187, 0.88807384669780731, 0.86550851166248322, 0.91957234591245651, 0.83539612591266632, 0.89507649838924408, 0.85160253942012787, 0.95684278756380081, 0.84324052929878235, 0.2859337329864502, 0.95318099483847618, 0.79625625908374786, 0.87848338484764099, 0.96701136231422424]

=============================
Target-TM 4: Title : Assistance in farming areas affected by natural disasters ( [32mfrosts[0m from 10 January to 10 March 2005 in 10 municipalities in the region of Sicily , province of [32mRagusa[0m )
Source-TM 4: Titre : Interventions dans les zones agricoles touchées par des calamités naturelles ( gelées du 10 janvier au 10 mars 2005 dans 10 communes de la région de Sicile , province de [32mRaguse[0m )
Source-CR 4: Titre : Interventions dans les zones agricoles touchées par des calamités naturelles ( gelées du 25 janvier au 9 mars 2005 dans 15 communes de la région de Sicile , province d &apos; [32mAgrigente[0m )
Target-CR 4: Title : Assistance in agricultural areas affected by natural disasters ( [32mfrosts[0m of 25 January to 9 March 2005 in 15 municipalities of the region of Sicily , [32mAgrigento[0m province )
-----------------------------
NMT Model 4: Title : incompatible in fair areas Investments by proper ( UNK from 25 January 2005 to 9 March 2005 in 15 2535 of similarly UNK , UNK UNK )
Copy Prob 4: [36mTitle[0m [34m:[0m [34mincompatible[0m [34min[0m [34mfair[0m [34mareas[0m [33maffected[0m [33mby[0m [33mnatural[0m [33mdisasters[0m [33m([0m [31mfrosts[0m [33mfrom[0m [34m25[0m [33mJanuary[0m [33m2005[0m [33mto[0m [34m9[0m [33mMarch[0m [33m2005[0m [33min[0m [34m15[0m [34m2535[0m [33mof[0m [34msimilarly[0m [34m)[0m
Copy Gate 4: [36mTitle[0m [34m:[0m [32mincompatible[0m [34min[0m [32mfair[0m [32mareas[0m [32maffected[0m [34mby[0m [32mnatural[0m [33mdisasters[0m [34m([0m [36mfrosts[0m [34mfrom[0m [34m25[0m [34mJanuary[0m [34m2005[0m [34mto[0m [34m9[0m [34mMarch[0m [34m2005[0m [34min[0m [34m15[0m [36m2535[0m [34mof[0m [36msimilarly[0m [36m)[0m
[0.5069616436958313, 0.82275567948818207, 0.46220135688781738, 0.76857519149780273, 0.48477935791015625, 0.33590793609619141, 0.3101423978805542, 0.77685859799385071, 0.47726887464523315, 0.22701925039291382, 0.84349158406257629, 0.61020106077194214, 0.76848886907100677, 0.81117233633995056, 0.80636045336723328, 0.83827497065067291, 0.90420766174793243, 0.91394787281751633, 0.79385484755039215, 0.85207316279411316, 0.93187201768159866, 0.8908843919634819, 0.72739040851593018, 0.88753354549407959, 0.57725301384925842, 0.72810867428779602, 0.85639660060405731]

Epoch  0 Update  161 Cost  75.2682037354 G 29.7664852142 execute: elapsed 0.4753 secs.
Epoch  0 Update  162 Cost  71.4039077759 G 25.0132331848 execute: elapsed 0.4693 secs.
Epoch  0 Update  163 Cost  61.9242019653 G 22.409866333 execute: elapsed 0.4372 secs.
Epoch  0 Update  164 Cost  43.2132110596 G 20.5312271118 execute: elapsed 0.4097 secs.
Epoch  0 Update  165 Cost  35.746963501 G 17.5586509705 execute: elapsed 0.4124 secs.
Epoch  0 Update  166 Cost  35.1522140503 G 15.144317627 execute: elapsed 0.3128 secs.
Epoch  0 Update  167 Cost  19.4486694336 G 14.9460811615 execute: elapsed 0.2581 secs.
Epoch  0 Update  168 Cost  15.4970550537 G 13.8933324814 execute: elapsed 0.3576 secs.
Epoch  0 Update  169 Cost  17.1029205322 G 10.7153768539 execute: elapsed 0.3011 secs.
Epoch  0 Update  170 Cost  19.3080711365 G 6.13380861282 execute: elapsed 0.3175 secs.
Epoch  0 Update  171 Cost  17.0591316223 G 3.59029626846 execute: elapsed 0.2564 secs.
Epoch  0 Update  172 Cost  95.8270874023 G 25.4794120789 execute: elapsed 0.6624 secs.
Epoch  0 Update  173 Cost  141.629943848 G 42.7399559021 execute: elapsed 0.5662 secs.
