{'baseline_xy': '/root/disk/scratch/model-tmnmt/baseline_fren.npz',
 'baseline_yx': '/root/disk/scratch/model-tmnmt/baseline_enfr.bs64.npz',
 'batch_size': 32,
 'beamsize': 5,
 'bleuFreq': 5000,
 'build_gate': True,
 'check_bleu': True,
 'clip_c': 1.0,
 'cov_dim': 10,
 'd_maxlen': 200,
 'datasets': ['/root/workspace/TMNMT/.dataset/tm2.fren/train.fr.top5.shuf.tok',
              '/root/workspace/TMNMT/.dataset/tm2.fren/train.en.top5.shuf.tok',
              '/root/workspace/TMNMT/.dataset/tm2.fren/train.fr.top5.matched.shuf.tok',
              '/root/workspace/TMNMT/.dataset/tm2.fren/train.en.top5.matched.shuf.tok'],
 'decay_c': 0.0,
 'decoder': 'gru_cond',
 'diagonal': True,
 'dictionaries': ['/root/workspace/TMNMT/.dataset/tm2.fren/train.fr.top5.shuf.tok.pkl',
                  '/root/workspace/TMNMT/.dataset/tm2.fren/train.en.top5.shuf.tok.pkl',
                  '/root/workspace/TMNMT/.dataset/tm2.fren/train.fr.top5.shuf.tok.pkl',
                  '/root/workspace/TMNMT/.dataset/tm2.fren/train.en.top5.shuf.tok.pkl'],
 'dim': 1024,
 'dim_word': 512,
 'encoder': 'gru',
 'gate_lambda': 0.1,
 'gate_loss': False,
 'lrate': 0.0001,
 'maxlen': 50,
 'name': 'TM2.basic.v1',
 'nn_coverage': False,
 'normalize': True,
 'only_train_g': False,
 'optimizer': 'adam',
 'overwrite': False,
 'patience': 1000,
 'reload_': True,
 'sampleFreq': 20,
 'saveFreq': 250,
 'saveto': '/root/disk/scratch/model-tmnmtTM2.basic.v1_fren.ss.32-50.npz',
 'stochastic': False,
 'tm_source': '/root/workspace/TMNMT/.dataset/tm2.fren/devset.fr.matched.tok',
 'tm_target': '/root/workspace/TMNMT/.dataset/tm2.fren/devset.en.matched.tok',
 'trans_from': '/root/workspace/TMNMT/.dataset/tm2.fren/devset.fr.tok',
 'trans_ref': '/root/workspace/TMNMT/.dataset/tm2.fren/devset.en.tok',
 'trans_to': '/root/workspace/TMNMT/.translate/TM2.basic.v1.translate',
 'use_coverage': True,
 'use_dropout': False,
 'use_pretrain': False,
 'validFreq': 250,
 'valid_batch_size': 32,
 'valid_datasets': ['/root/workspace/TMNMT/.dataset/tm2.fren/devset.fr.tok',
                    '/root/workspace/TMNMT/.dataset/tm2.fren/devset.en.tok',
                    '/root/workspace/TMNMT/.dataset/tm2.fren/devset.fr.matched.tok',
                    '/root/workspace/TMNMT/.dataset/tm2.fren/devset.en.matched.tok'],
 'voc_sizes': [20000, 20000, 20000, 20000]}
Building model: X -> Y & Y -> X model
Done.
load the pretrained NMT-models... load ... xy_Wemb
load ... xy_Wemb_dec
load ... xy_encoder_W
load ... xy_encoder_b
load ... xy_encoder_U
load ... xy_encoder_Wx
load ... xy_encoder_bx
load ... xy_encoder_Ux
load ... xy_encoder_r_W
load ... xy_encoder_r_b
load ... xy_encoder_r_U
load ... xy_encoder_r_Wx
load ... xy_encoder_r_bx
load ... xy_encoder_r_Ux
load ... xy_ff_state_W
load ... xy_ff_state_b
load ... xy_decoder_W
load ... xy_decoder_b
load ... xy_decoder_U
load ... xy_decoder_Wx
load ... xy_decoder_Ux
load ... xy_decoder_bx
load ... xy_decoder_U_nl
load ... xy_decoder_b_nl
load ... xy_decoder_Ux_nl
load ... xy_decoder_bx_nl
load ... xy_decoder_Wc
load ... xy_decoder_Wcx
load ... xy_decoder_W_comb_att
load ... xy_decoder_Wc_att
load ... xy_decoder_b_att
load ... xy_decoder_U_att
load ... xy_decoder_c_tt
load ... xy_ff_logit_lstm_W
load ... xy_ff_logit_lstm_b
load ... xy_ff_logit_prev_W
load ... xy_ff_logit_prev_b
load ... xy_ff_logit_ctx_W
load ... xy_ff_logit_ctx_b
load ... xy_ff_logit_W
load ... xy_ff_logit_b
Done.
Start a new model
build forward-attention models (2 models simultaneously)...
Build f_critic... Done
build mapping (bi-linear model)!
Building Mapping functions, ... Done.
build loss function (w/o gate)
build sampler (one-step)
Building f_init... Done
Building f_next... Done
build old sampler
Building f_init... Done
Building f_next... Done
build Cost Function... build Gradient (backward)... Done
Building Optimizers... Done
Build Networks... done!
build_networks: elapsed 309.1418 secs.
Loading data
[33m-------------------------------------------- Main-Loop -------------------------------------------------[0m
Epoch  0 Update  1 Cost  309.373596191 G 30.7367858887 execute: elapsed 1.5512 secs.
Epoch  0 Update  2 Cost  271.604553223 G 26.9221897125 execute: elapsed 1.2743 secs.
Epoch  0 Update  3 Cost  253.469085693 G 24.6361808777 execute: elapsed 1.2058 secs.
Epoch  0 Update  4 Cost  225.607406616 G 22.4575061798 execute: elapsed 1.0790 secs.
Epoch  0 Update  5 Cost  201.309906006 G 20.2352771759 execute: elapsed 0.9675 secs.
Epoch  0 Update  6 Cost  169.791778564 G 17.2002773285 execute: elapsed 0.8698 secs.
Epoch  0 Update  7 Cost  146.839614868 G 15.2040748596 execute: elapsed 0.7821 secs.
Epoch  0 Update  8 Cost  120.007354736 G 12.8857955933 execute: elapsed 0.7285 secs.
Epoch  0 Update  9 Cost  95.8370819092 G 12.8860235214 execute: elapsed 0.6345 secs.
Epoch  0 Update  10 Cost  86.3051071167 G 17.3498191833 execute: elapsed 0.5512 secs.
Epoch  0 Update  11 Cost  69.2558746338 G 10.738822937 execute: elapsed 0.4892 secs.
Epoch  0 Update  12 Cost  50.9371414185 G 9.23180484772 execute: elapsed 0.4590 secs.
Epoch  0 Update  13 Cost  45.187171936 G 10.6379365921 execute: elapsed 0.3844 secs.
Epoch  0 Update  14 Cost  32.0857086182 G 6.46720123291 execute: elapsed 0.3799 secs.
Epoch  0 Update  15 Cost  28.7936229706 G 3.78866052628 execute: elapsed 0.3442 secs.
Epoch  0 Update  16 Cost  131.216033936 G 28.6322689056 execute: elapsed 1.4775 secs.
Epoch  0 Update  17 Cost  239.524246216 G 35.0918960571 execute: elapsed 1.3294 secs.
Epoch  0 Update  18 Cost  236.08380127 G 45.4069824219 execute: elapsed 1.1769 secs.
Epoch  0 Update  19 Cost  224.096984863 G 51.0782241821 execute: elapsed 1.1474 secs.
Epoch  0 Update  20 Cost  190.189819336 G 38.9169044495 execute: elapsed 1.0761 secs.
=============================
Target-TM 0: ( 163 ) Where necessary for reasons of confidentiality , indices are used to show the evolution of trends .
Source-TM 0: ( 163 ) Lorsque le respect de la confidentialité l &apos; [32mexigeait[0m , l &quot; évolution des tendances a été décrite à l &apos; aide d &apos; indices .
Source-CR 0: - si nécessaire pour des raisons de preuve juridique , que ces soumissions sont confirmées dans les meilleurs délais par écrit ou par l &apos; envoi d &apos; une copie certifiée ,
Target-CR 0: - that , where necessary , for reasons of legal proof , such tenders are confirmed as soon as possible in writing or by dispatch of a certified copy ,
-----------------------------
NMT Model 0: - if necessary for reasons of x establishment , that such proceedings are aspects in the free-at-Community-frontier manner in nationals or by the case of a euro 202 ,
Copy Prob 0: 
Copy Gate 0: 

=============================
Target-TM 1: This Decision shall be brought into application one year from the date of its publication in the Official Journal of the European Communities .
Source-TM 1: La présente décision est mise en application un an à compter de sa publication au Journal officiel des Communautés européennes .
Source-CR 1: La décision prévue au premier alinéa est portée à la connaissance de tous les intéressés par publication au [32mJounal[0m officiel des Communautés européennes .
Target-CR 1: The decisions referred to in the first subparagraph shall be brought to the notice of all interested parties by their [32mrepublication[0m in the Official Journal of the European Communities .
-----------------------------
NMT Model 1: The decision provided for in the second legal shall be appointed to the harmonised of all accession parties to the Official Journal of the European Communities .
Copy Prob 1: 
Copy Gate 1: 

=============================
Target-TM 2: ( B ) &quot; regulated market &quot; means a market as defined in Article 4 ( 1 ) , point 14 , of Directive 2004 / 39 / EC of the European Parliament and of the Council &#91; 12 &#93; ;
Source-TM 2: ( B ) &quot; marché réglementé &quot; : Un marché au sens de l &apos; article 4 , paragraphe 1 , point 14 , de la directive 2004 / 39 / CE du Parlement européen et du Conseil &#91; 12 &#93; ;
Source-CR 2: C ) &quot; marché réglementé &quot; : Un marché au sens de l &apos; article 4 , paragraphe 1 , point 14 ) , de la directive 2004 / 39 / CE ;
Target-CR 2: ( C ) &quot; regulated market &quot; means a market as defined in Article 4 ( 1 ) , point 14 , of Directive 2004 / 39 / EC ;
-----------------------------
NMT Model 2: ( C ) &quot; UNK market &quot; means a market as defined in Article 4 ( 1 ) ( 14 ) of Directive 2004 / sustainable / EC ;
Copy Prob 2: 
Copy Gate 2: 

=============================
Target-TM 3: ( A ) methodological studies and projects aimed at optimising and standardising methods of collecting the data defined in Article 1 of Regulation ( EC ) No 1543 / 2000 ;
Source-TM 3: A ) les études et projets méthodologiques visant à l &apos; optimisation et à la standardisation des procédures de collecte et de gestion des données définies à l &apos; article 1er du règlement ( CE ) n ° 1543 / 2000 ;
Source-CR 3: ( 3 ) Ces quatre méthodes peuvent être reconnues comme méthodes communautaires de référence et doivent être ajoutées à l &apos; annexe du règlement ( CE ) n ° [32m2870[0m / 2000 .
Target-CR 3: ( 3 ) These four methods may be recognised as Community reference methods and must be added to the Annex to Regulation ( EC ) No [32m2870[0m / 2000 .
-----------------------------
NMT Model 3: ( 3 ) These methods can be PROGRAMME as Community reference methods and should be UNK in the Annex to Regulation ( EC ) No UNK / 2000 .
Copy Prob 3: 
Copy Gate 3: 

=============================
Target-TM 4: In accordance with Article 7 ( 3 ) ( d ) , applications shall identify one or more bodies to inspect the agricultural products or foodstuffs in question .
Source-TM 4: Conformément à l &apos; article 7 , paragraphe 3 , point d ) , la demande d &apos; enregistrement identifie un ou plusieurs organismes qui [32mcontrôleront[0m les produits agricoles ou denrées alimentaires en question .
Source-CR 4: Si la production a lieu dans un pays tiers , la demande d &apos; enregistrement identifie un ou plusieurs organismes , publics ou privés , qui [32mréaliseront[0m les contrôles visés au premier alinéa .
Target-CR 4: If production takes place in a third country , applications shall identify one or more public or private bodies to undertake the controls referred to in the first subparagraph .
-----------------------------
NMT Model 4: Where the production takes place in a third country , the 6. registration application one or more field , public or any body which UNK the day referred to in the second paragraph .
Copy Prob 4: 
Copy Gate 4: 

Epoch  0 Update  21 Cost  160.449401855 G 27.923494339 execute: elapsed 0.9290 secs.
Epoch  0 Update  22 Cost  135.729690552 G 16.6981525421 execute: elapsed 0.9014 secs.
Epoch  0 Update  23 Cost  128.239898682 G 20.1482505798 execute: elapsed 0.7625 secs.
Epoch  0 Update  24 Cost  106.843292236 G 20.1787853241 execute: elapsed 0.6734 secs.
Epoch  0 Update  25 Cost  82.0577468872 G 14.9796266556 execute: elapsed 0.6165 secs.
Epoch  0 Update  26 Cost  67.9662475586 G 10.6875801086 execute: elapsed 0.5131 secs.
Epoch  0 Update  27 Cost  54.9947357178 G 7.91590690613 execute: elapsed 0.4829 secs.
Epoch  0 Update  28 Cost  45.8561859131 G 7.20150709152 execute: elapsed 0.4074 secs.
Epoch  0 Update  29 Cost  34.3604660034 G 6.14279031754 execute: elapsed 0.3362 secs.
Epoch  0 Update  30 Cost  30.0271644592 G 4.42863893509 execute: elapsed 0.3392 secs.
