{'baseline_xy': '/root/disk/scratch/model-tmnmt/baseline_fren.npz',
 'baseline_yx': '/root/disk/scratch/model-tmnmt/baseline_enfr.bs64.npz',
 'batch_size': 32,
 'beamsize': 5,
 'build_gate': True,
 'clip_c': 1.0,
 'd_maxlen': 200,
 'datasets': ['/root/workspace/TMNMT/.dataset/tm2.fren/train.fr.top5.shuf.tok',
              '/root/workspace/TMNMT/.dataset/tm2.fren/train.en.top5.shuf.tok',
              '/root/workspace/TMNMT/.dataset/tm2.fren/train.fr.top5.matched.shuf.tok',
              '/root/workspace/TMNMT/.dataset/tm2.fren/train.en.top5.matched.shuf.tok'],
 'decay_c': 0.0,
 'decoder': 'gru_cond',
 'diagonal': True,
 'dictionaries': ['/root/workspace/TMNMT/.dataset/tm2.fren/train.fr.top5.shuf.tok.pkl',
                  '/root/workspace/TMNMT/.dataset/tm2.fren/train.en.top5.shuf.tok.pkl',
                  '/root/workspace/TMNMT/.dataset/tm2.fren/train.fr.top5.shuf.tok.pkl',
                  '/root/workspace/TMNMT/.dataset/tm2.fren/train.en.top5.shuf.tok.pkl'],
 'dim': 1024,
 'dim_word': 512,
 'dispFreq': 10,
 'encoder': 'gru',
 'gate_lambda': 0.1,
 'gate_loss': False,
 'gru_coverage': True,
 'lrate': 0.0001,
 'maxlen': 50,
 'normalize': True,
 'only_train_g': False,
 'optimizer': 'adam',
 'overwrite': True,
 'patience': 1000,
 'reload_': True,
 'sampleFreq': 20,
 'saveFreq': 500,
 'saveto': '/root/disk/scratch/model-tmnmt/10_fren.ss.32-50.npz',
 'stochastic': False,
 'tm_source': '/root/workspace/TMNMT/.dataset/tm2.fren/devset.fr.matched.tok',
 'tm_target': '/root/workspace/TMNMT/.dataset/tm2.fren/devset.en.matched.tok',
 'trans_from': '/root/workspace/TMNMT/.dataset/tm2.fren/devset.fr.tok',
 'trans_ref': '/root/workspace/TMNMT/.dataset/tm2.fren/devset.en.tok',
 'trans_to': '/root/workspace/TMNMT/.translate/TM2.v6.120k.translate',
 'use_coverage': True,
 'use_dropout': False,
 'use_pretrain': False,
 'validFreq': 250,
 'valid_batch_size': 32,
 'valid_datasets': ['/root/workspace/TMNMT/.dataset/tm2.fren/devset.fr.tok',
                    '/root/workspace/TMNMT/.dataset/tm2.fren/devset.en.tok',
                    '/root/workspace/TMNMT/.dataset/tm2.fren/devset.fr.matched.tok',
                    '/root/workspace/TMNMT/.dataset/tm2.fren/devset.en.matched.tok'],
 'voc_sizes': [20000, 20000, 20000, 20000]}
Building model: X -> Y & Y -> X model
Done.
load the pretrained NMT-models... load ... xy_Wemb
load ... xy_Wemb_dec
load ... xy_encoder_W
load ... xy_encoder_b
load ... xy_encoder_U
load ... xy_encoder_Wx
load ... xy_encoder_bx
load ... xy_encoder_Ux
load ... xy_encoder_r_W
load ... xy_encoder_r_b
load ... xy_encoder_r_U
load ... xy_encoder_r_Wx
load ... xy_encoder_r_bx
load ... xy_encoder_r_Ux
load ... xy_ff_state_W
load ... xy_ff_state_b
load ... xy_decoder_W
load ... xy_decoder_b
load ... xy_decoder_U
load ... xy_decoder_Wx
load ... xy_decoder_Ux
load ... xy_decoder_bx
load ... xy_decoder_U_nl
load ... xy_decoder_b_nl
load ... xy_decoder_Ux_nl
load ... xy_decoder_bx_nl
load ... xy_decoder_Wc
load ... xy_decoder_Wcx
load ... xy_decoder_W_comb_att
load ... xy_decoder_Wc_att
load ... xy_decoder_b_att
load ... xy_decoder_U_att
load ... xy_decoder_c_tt
load ... xy_ff_logit_lstm_W
load ... xy_ff_logit_lstm_b
load ... xy_ff_logit_prev_W
load ... xy_ff_logit_prev_b
load ... xy_ff_logit_ctx_W
load ... xy_ff_logit_ctx_b
load ... xy_ff_logit_W
load ... xy_ff_logit_b
Done.
Start a new model
build forward-attention models (2 models simultaneously)...
Build f_critic... Done
build mapping (bi-linear model)!
2
2
2
Building Mapping functions, ... Done.
build loss function (w/o gate)
build sampler (one-step)
Building f_init... Done
Building f_next... Done
build old sampler
Building f_init... Done
Building f_next... Done
build Cost Function... build Gradient (backward)... Done
Building Optimizers... Done
Build Networks... done!
build_networks: elapsed 398.9115 secs.
Loading data
[33m-------------------------------------------- Main-Loop -------------------------------------------------[0m
Epoch  0 Update  1 Cost  309.374694824 G 30.7376213074 execute: elapsed 2.2288 secs.
Epoch  0 Update  2 Cost  271.607391357 G 26.9244918823 execute: elapsed 1.8256 secs.
Epoch  0 Update  3 Cost  253.47203064 G 24.6370582581 execute: elapsed 1.7119 secs.
Epoch  0 Update  4 Cost  225.612731934 G 22.4581031799 execute: elapsed 1.5036 secs.
Epoch  0 Update  5 Cost  201.232437134 G 20.1187820435 execute: elapsed 1.5027 secs.
Epoch  0 Update  6 Cost  169.784011841 G 17.1930122375 execute: elapsed 1.5469 secs.
Epoch  0 Update  7 Cost  146.763031006 G 15.195438385 execute: elapsed 2.6957 secs.
Epoch  0 Update  8 Cost  119.782058716 G 13.02409935 execute: elapsed 2.8291 secs.
Epoch  0 Update  9 Cost  96.0227966309 G 14.1804618835 execute: elapsed 2.0847 secs.
Epoch  0 Update  10 Cost  84.3205108643 G 14.7049980164 execute: elapsed 1.6418 secs.
Epoch  0 Update  11 Cost  69.5340118408 G 10.4322633743 execute: elapsed 1.6621 secs.
Epoch  0 Update  12 Cost  50.1370849609 G 8.60311222076 execute: elapsed 1.7181 secs.
Epoch  0 Update  13 Cost  42.743598938 G 8.42818069458 execute: elapsed 1.2733 secs.
Epoch  0 Update  14 Cost  30.6422290802 G 4.97721242905 execute: elapsed 1.2677 secs.
Epoch  0 Update  15 Cost  28.0620079041 G 3.99812865257 execute: elapsed 1.0252 secs.
Epoch  0 Update  16 Cost  174.61618042 G 30.8521728516 execute: elapsed 5.0249 secs.
Epoch  0 Update  17 Cost  251.489700317 G 47.2049942017 execute: elapsed 4.8309 secs.
Epoch  0 Update  18 Cost  236.984283447 G 29.1049728394 execute: elapsed 3.7550 secs.
Epoch  0 Update  19 Cost  206.59828186 G 33.6016311646 execute: elapsed 4.3689 secs.
Epoch  0 Update  20 Cost  189.019744873 G 37.3021774292 execute: elapsed 3.3601 secs.
=============================
Target-TM 0: ( 163 ) Where necessary for reasons of confidentiality , indices are used to show the evolution of trends .
Source-TM 0: ( 163 ) Lorsque le respect de la confidentialité l &apos; [32mexigeait[0m , l &quot; évolution des tendances a été décrite à l &apos; aide d &apos; indices .
Source-CR 0: - si nécessaire pour des raisons de preuve juridique , que ces soumissions sont confirmées dans les meilleurs délais par écrit ou par l &apos; envoi d &apos; une copie certifiée ,
Target-CR 0: - that , where necessary , for reasons of legal proof , such tenders are confirmed as soon as possible in writing or by dispatch of a certified copy ,
-----------------------------
NMT Model 0: - if necessary for reasons of x establishment , that such proceedings are aspects in the free-at-Community-frontier manner in nationals or by the case of a euro 202 ,
Copy Prob 0: 
Copy Gate 0: 

=============================
Target-TM 1: This Decision shall be brought into application one year from the date of its publication in the Official Journal of the European Communities .
Source-TM 1: La présente décision est mise en application un an à compter de sa publication au Journal officiel des Communautés européennes .
Source-CR 1: La décision prévue au premier alinéa est portée à la connaissance de tous les intéressés par publication au [32mJounal[0m officiel des Communautés européennes .
Target-CR 1: The decisions referred to in the first subparagraph shall be brought to the notice of all interested parties by their [32mrepublication[0m in the Official Journal of the European Communities .
-----------------------------
NMT Model 1: The decision provided for in the second legal shall be appointed to the harmonised of all accession parties to the Official Journal of the European Communities .
Copy Prob 1: 
Copy Gate 1: 

=============================
Target-TM 2: ( B ) &quot; regulated market &quot; means a market as defined in Article 4 ( 1 ) , point 14 , of Directive 2004 / 39 / EC of the European Parliament and of the Council &#91; 12 &#93; ;
Source-TM 2: ( B ) &quot; marché réglementé &quot; : Un marché au sens de l &apos; article 4 , paragraphe 1 , point 14 , de la directive 2004 / 39 / CE du Parlement européen et du Conseil &#91; 12 &#93; ;
Source-CR 2: C ) &quot; marché réglementé &quot; : Un marché au sens de l &apos; article 4 , paragraphe 1 , point 14 ) , de la directive 2004 / 39 / CE ;
Target-CR 2: ( C ) &quot; regulated market &quot; means a market as defined in Article 4 ( 1 ) , point 14 , of Directive 2004 / 39 / EC ;
-----------------------------
NMT Model 2: ( C ) &quot; UNK market &quot; means a market as defined in Article 4 ( 1 ) ( 14 ) of Directive 2004 / sustainable / EC ;
Copy Prob 2: 
Copy Gate 2: 

=============================
Target-TM 3: ( A ) methodological studies and projects aimed at optimising and standardising methods of collecting the data defined in Article 1 of Regulation ( EC ) No 1543 / 2000 ;
Source-TM 3: A ) les études et projets méthodologiques visant à l &apos; optimisation et à la standardisation des procédures de collecte et de gestion des données définies à l &apos; article 1er du règlement ( CE ) n ° 1543 / 2000 ;
Source-CR 3: ( 3 ) Ces quatre méthodes peuvent être reconnues comme méthodes communautaires de référence et doivent être ajoutées à l &apos; annexe du règlement ( CE ) n ° [32m2870[0m / 2000 .
Target-CR 3: ( 3 ) These four methods may be recognised as Community reference methods and must be added to the Annex to Regulation ( EC ) No [32m2870[0m / 2000 .
-----------------------------
NMT Model 3: ( 3 ) These methods can be PROGRAMME as Community reference methods and should be UNK in the Annex to Regulation ( EC ) No UNK / 2000 .
Copy Prob 3: 
Copy Gate 3: 

=============================
Target-TM 4: In accordance with Article 7 ( 3 ) ( d ) , applications shall identify one or more bodies to inspect the agricultural products or foodstuffs in question .
Source-TM 4: Conformément à l &apos; article 7 , paragraphe 3 , point d ) , la demande d &apos; enregistrement identifie un ou plusieurs organismes qui [32mcontrôleront[0m les produits agricoles ou denrées alimentaires en question .
Source-CR 4: Si la production a lieu dans un pays tiers , la demande d &apos; enregistrement identifie un ou plusieurs organismes , publics ou privés , qui [32mréaliseront[0m les contrôles visés au premier alinéa .
Target-CR 4: If production takes place in a third country , applications shall identify one or more public or private bodies to undertake the controls referred to in the first subparagraph .
-----------------------------
NMT Model 4: Where the production takes place in a third country , the 6. registration application one or more field , public or any body which UNK the day referred to in the second paragraph .
Copy Prob 4: 
Copy Gate 4: 

Epoch  0 Update  21 Cost  163.345214844 G 33.4675369263 execute: elapsed 2.8532 secs.
Epoch  0 Update  22 Cost  138.854324341 G 21.9540748596 execute: elapsed 2.5576 secs.
Epoch  0 Update  23 Cost  122.827041626 G 14.8166809082 execute: elapsed 2.2543 secs.
Epoch  0 Update  24 Cost  101.09576416 G 13.8712816238 execute: elapsed 1.8615 secs.
Epoch  0 Update  25 Cost  78.4734420776 G 11.1085529327 execute: elapsed 1.7206 secs.
Epoch  0 Update  26 Cost  66.3678283691 G 9.591837883 execute: elapsed 1.3739 secs.
Epoch  0 Update  27 Cost  55.3139228821 G 8.34756278992 execute: elapsed 1.3391 secs.
Epoch  0 Update  28 Cost  45.1729698181 G 6.65020656586 execute: elapsed 1.0494 secs.
Epoch  0 Update  29 Cost  33.4413871765 G 5.35936450958 execute: elapsed 0.8975 secs.
Epoch  0 Update  30 Cost  30.2187843323 G 4.93399715424 execute: elapsed 0.8555 secs.
Epoch  0 Update  31 Cost  28.3702812195 G 4.25640869141 execute: elapsed 3.4670 secs.
Epoch  0 Update  32 Cost  286.27142334 G 32.0305900574 execute: elapsed 4.4339 secs.
Epoch  0 Update  33 Cost  223.295715332 G 28.079082489 execute: elapsed 2.0866 secs.
Epoch  0 Update  34 Cost  206.08416748 G 28.2918281555 execute: elapsed 1.7425 secs.
Epoch  0 Update  35 Cost  191.408172607 G 24.2042694092 execute: elapsed 1.5897 secs.
Epoch  0 Update  36 Cost  174.120910645 G 21.0587081909 execute: elapsed 1.5066 secs.
Epoch  0 Update  37 Cost  146.698471069 G 17.3992385864 execute: elapsed 1.3175 secs.
Epoch  0 Update  38 Cost  128.614578247 G 15.3787384033 execute: elapsed 1.2446 secs.
Epoch  0 Update  39 Cost  107.409866333 G 13.4857273102 execute: elapsed 1.0546 secs.
Epoch  0 Update  40 Cost  89.4178009033 G 12.4921541214 execute: elapsed 1.4022 secs.
=============================
Target-TM 0: Having regard to the Treaty establishing the European Economic Community , and in particular Articles 42 and 43 thereof ,
Source-TM 0: Vu le traité instituant la Communauté européenne , et notamment ses articles 42 et 43 ,
Source-CR 0: Vu le traité instituant la Communauté économique européenne , et notamment ses articles 42 et 43 ,
Target-CR 0: Having regard to the Treaty establishing the European Economic Community and in particular Articles 42 and 43 thereof ,
-----------------------------
NMT Model 0: Having regard to the Treaty establishing the European Chapter Community , and in particular Articles 42 and 43 thereof ,
Copy Prob 0: [32mthe[0m [32mthe[0m [32mthe[0m [32mthe[0m [32mthe[0m [32mthe[0m [32mthe[0m [32mthe[0m [32mthe[0m [32mthe[0m [32mthe[0m [32mthe[0m
Copy Gate 0: [32mthe[0m [32mthe[0m [32mthe[0m [32mthe[0m [32mthe[0m [32mthe[0m [36mthe[0m [36mthe[0m [36mthe[0m [36mthe[0m [36mthe[0m [36mthe[0m

=============================
Target-TM 1: Private sector &#124; &#124; - &#124; 1,18 &#124; 1,18 &#124;
Source-TM 1: Secteur privé &#124; &#124; - &#124; 1,18 &#124; 1,18 &#124;
Source-CR 1: 4 . Absence de fiche de réception &#124; 606 &#124; 77 &#124; 101 &#124; [32m1399[0m &#124; [32m2183[0m &#124; 1,18 &#124;
Target-CR 1: 4 . No type-approval certificate &#124; 606 &#124; 77 &#124; 101 &#124; [32m1399[0m &#124; [32m2183[0m &#124; 1,18 &#124;
-----------------------------
NMT Model 1: 4 . UNK of 1982 of type-approval &#124; m &#124; 77 &#124; 493 &#124; UNK &#124; UNK &#124; bromide &#124;
Copy Prob 1: [33m&#124;[0m [33m&#124;[0m [33m&#124;[0m
Copy Gate 1: [32m&#124;[0m [32m&#124;[0m [36m&#124;[0m

=============================
Target-TM 2: Title of aid scheme or name of company receiving individual aid &#124; [32mGlaPilk[0m , [32mA.I.E.[0m &#124;
Source-TM 2: Intitulé du régime d &apos; aides ou nom de l &apos; entreprise bénéficiaire de l &apos; aide individuelle &#124; [32mGLAPILCK[0m , [32mA.I.E.[0m &#124;
Source-CR 2: Intitulé du régime d &apos; aides ou nom de l &apos; entreprise bénéficiaire de l &apos; aide individuelle &#124; [32mElton[0m [32mMoss[0m [32mBridge[0m [32mBoat[0m [32mHire[0m ( Location de bateaux à [32mElton[0m [32mMoss[0m [32mBridge[0m ) &#124;
Target-CR 2: Title of aid scheme or name of company receiving individual aid &#124; [32mElton[0m [32mMoss[0m [32mBridge[0m [32mBoat[0m Hire &#124;
-----------------------------
NMT Model 2: UNK or undertakings of the company 81 appropriate aid &#124; UNK UNK UNK UNK UNK ( UNK to UNK UNK UNK ) &#124;
Copy Prob 2: 
Copy Gate 2: 

=============================
Target-TM 3: ( A ) the necessary implementing measures have been adopted ;
Source-TM 3: A ) les mesures d &apos; application nécessaires ont été adoptées ,
Source-CR 3: - le système existe et est reconnu officiellement au moment de l &apos; adoption de la présente directive ,
Target-CR 3: - the system must be in existence and have been officially recognized when this Directive is adopted ,
-----------------------------
NMT Model 3: - the system is laws and recognised as follows :
Copy Prob 3: 
Copy Gate 3: 

=============================
Target-TM 4: &#91; 73 &#93; OJ No L 387 , 31 . 12 . 1987 , p . 36 .
Source-TM 4: ( 73 ) JO n ° L 387 du 31 . 12 . 1987 , p. 36 .
Source-CR 4: ( 82 ) JO n ° L 387 du 31 . 12 . 1987 , p. 76 .
Target-CR 4: &#91; 82 &#93; OJ No L 387 , 31 . 12 . 1987 , p . 76 .
-----------------------------
NMT Model 4: &#91; 82 &#93; OJ No L 723 , 31 . 12 . 1987 , p . UNK .
Copy Prob 4: [33m.[0m [33m.[0m [33m.[0m
Copy Gate 4: [32m.[0m [32m.[0m [32m.[0m

Epoch  0 Update  41 Cost  74.4318771362 G 10.1764364243 execute: elapsed 1.6555 secs.
Epoch  0 Update  42 Cost  57.8466339111 G 8.25757694244 execute: elapsed 1.5443 secs.
Epoch  0 Update  43 Cost  49.148109436 G 6.62638187408 execute: elapsed 1.4158 secs.
Epoch  0 Update  44 Cost  35.0579071045 G 5.39492893219 execute: elapsed 0.9987 secs.
Epoch  0 Update  45 Cost  34.2688827515 G 5.08229398727 execute: elapsed 1.1552 secs.
Epoch  0 Update  46 Cost  33.6621856689 G 4.07812309265 execute: elapsed 0.8618 secs.
Epoch  0 Update  47 Cost  20.1046199799 G 2.7268652916 execute: elapsed 0.7808 secs.
Epoch  0 Update  48 Cost  241.809082031 G 28.7528076172 execute: elapsed 3.0542 secs.
Epoch  0 Update  49 Cost  225.378738403 G 28.5373687744 execute: elapsed 1.9917 secs.
Epoch  0 Update  50 Cost  196.376525879 G 26.6486530304 execute: elapsed 1.9534 secs.
Epoch  0 Update  51 Cost  168.672607422 G 23.5605049133 execute: elapsed 1.8316 secs.
Epoch  0 Update  52 Cost  156.20904541 G 19.9353752136 execute: elapsed 2.6226 secs.
Epoch  0 Update  53 Cost  131.744293213 G 15.9742155075 execute: elapsed 2.4775 secs.
Epoch  0 Update  54 Cost  113.309783936 G 14.5692749023 execute: elapsed 2.1694 secs.
Epoch  0 Update  55 Cost  100.225837708 G 12.5533437729 execute: elapsed 1.8782 secs.
Epoch  0 Update  56 Cost  87.1426010132 G 11.408249855 execute: elapsed 1.7710 secs.
Epoch  0 Update  57 Cost  66.9985656738 G 10.9299182892 execute: elapsed 1.4895 secs.
Epoch  0 Update  58 Cost  58.8972396851 G 8.89890861511 execute: elapsed 1.4739 secs.
Epoch  0 Update  59 Cost  43.1490097046 G 6.84214925766 execute: elapsed 1.2884 secs.
Epoch  0 Update  60 Cost  37.7140045166 G 5.67471599579 execute: elapsed 1.0466 secs.
=============================
Target-TM 0: 8 . In Annex VI , part 2 :
Source-TM 0: 8 ) à l &apos; annexe VI deuxième partie :
Source-CR 0: 8 ) À l &apos; annexe VII deuxième partie :
Target-CR 0: 8 . In Annex VII , Part 2 :
-----------------------------
NMT Model 0: 8. in Annex VII , Part 2 :
Copy Prob 0: [33m.[0m [33m.[0m [33m.[0m [33m.[0m [33m.[0m [33m.[0m [33m.[0m [33m.[0m
Copy Gate 0: [33m.[0m [33m.[0m [33m.[0m [33m.[0m [33m.[0m [33m.[0m [33m.[0m [33m.[0m

=============================
Target-TM 1: Commission Regulation ( EC ) No 723 / 2006
Source-TM 1: Règlement ( CE ) no 723 / 2006 de la Commission
Source-CR 1: Règlement ( CE ) no 835 / 2006 de la Commission
Target-CR 1: Commission Regulation ( EC ) No 835 / 2006
-----------------------------
NMT Model 1: Commission Regulation ( EC ) No 740 / 2006
Copy Prob 1: 
Copy Gate 1: 

=============================
Target-TM 2: Commission Regulation ( EEC ) No [32m3131[0m / 78
Source-TM 2: Règlement ( CEE ) no [32m3131[0m / 78 de la Commission
Source-CR 2: Règlement ( CEE ) no [32m1193[0m / 78 de la Commission
Target-CR 2: Commission Regulation ( EEC ) No [32m1193[0m / 78
-----------------------------
NMT Model 2: Commission Regulation ( EEC ) No UNK / 86 of the Commission
Copy Prob 2: [33mRegulation[0m [33mRegulation[0m
Copy Gate 2: [33mRegulation[0m [33mRegulation[0m

=============================
Target-TM 3: Commission Regulation ( EC ) No 553 / 2005
Source-TM 3: Règlement ( CE ) no 553 / 2005 de la Commission
Source-CR 3: Règlement ( CE ) no 617 / 2005 de la Commission
Target-CR 3: Commission Regulation ( EC ) No 617 / 2005
-----------------------------
NMT Model 3: Commission Regulation ( EC ) No Efforts / 2005
Copy Prob 3: [33mRegulation[0m [33mRegulation[0m [33mRegulation[0m
Copy Gate 3: [33mRegulation[0m [33mRegulation[0m [33mRegulation[0m

=============================
Target-TM 4: Commission Regulation ( EC ) No 305 / 2002
Source-TM 4: Règlement ( CE ) no 305 / 2002 de la Commission
Source-CR 4: Règlement ( CE ) no 181 / 2002 de la Commission
Target-CR 4: Commission Regulation ( EC ) No 181 / 2002
-----------------------------
NMT Model 4: Commission Regulation ( EC ) No offences / 2002
Copy Prob 4: [33mRegulation[0m [33mRegulation[0m
Copy Gate 4: [33mRegulation[0m [33mRegulation[0m

Epoch  0 Update  61 Cost  35.4412841797 G 5.54939031601 execute: elapsed 1.0238 secs.
Epoch  0 Update  62 Cost  29.9617862701 G 4.70675992966 execute: elapsed 0.9305 secs.
Epoch  0 Update  63 Cost  49.1036148071 G 7.42114543915 execute: elapsed 3.4426 secs.
Epoch  0 Update  64 Cost  239.050460815 G 30.5798969269 execute: elapsed 2.6819 secs.
Epoch  0 Update  65 Cost  221.016052246 G 25.5587425232 execute: elapsed 2.5573 secs.
Epoch  0 Update  66 Cost  188.355865479 G 22.7401733398 execute: elapsed 3.0338 secs.
Epoch  0 Update  67 Cost  169.245422363 G 23.8655414581 execute: elapsed 3.2589 secs.
Epoch  0 Update  68 Cost  173.710296631 G 22.7139587402 execute: elapsed 2.9540 secs.
Epoch  0 Update  69 Cost  141.21963501 G 20.7337226868 execute: elapsed 2.3175 secs.
Epoch  0 Update  70 Cost  129.292358398 G 18.8507652283 execute: elapsed 2.2746 secs.
Epoch  0 Update  71 Cost  105.159194946 G 13.9899749756 execute: elapsed 1.9911 secs.
Epoch  0 Update  72 Cost  84.9369735718 G 11.4541072845 execute: elapsed 1.5717 secs.
Epoch  0 Update  73 Cost  63.5140762329 G 9.0312461853 execute: elapsed 1.4765 secs.
Epoch  0 Update  74 Cost  56.6394500732 G 8.03750038147 execute: elapsed 1.2424 secs.
Epoch  0 Update  75 Cost  39.8606491089 G 6.10080909729 execute: elapsed 1.1027 secs.
Epoch  0 Update  76 Cost  35.2674560547 G 5.17235279083 execute: elapsed 0.9280 secs.
Epoch  0 Update  77 Cost  34.3109092712 G 4.52628612518 execute: elapsed 0.9459 secs.
Epoch  0 Update  78 Cost  22.5600471497 G 3.02670764923 execute: elapsed 0.6276 secs.
Epoch  0 Update  79 Cost  225.99508667 G 27.9847450256 execute: elapsed 3.8526 secs.
Epoch  0 Update  80 Cost  240.867248535 G 27.9262161255 execute: elapsed 3.9174 secs.
=============================
Target-TM 0: &#91; 1 &#93; Council Regulation ( EC ) No 659 / 1999 of 22 March 1999 laying down detailed rules for the application of Article 93 of the EC Treaty ( OJ L 83 , p . 1 ) .
Source-TM 0: &#91; 1 &#93; Règlement ( CE ) no 659 / 1999 du Conseil , du 22 mars 1999 , portant modalités d &apos; application de l &apos; article 93 du traité CE , JO L 83 , du 27 mars 1999 , p. 1 .
Source-CR 0: &#91; 1 &#93; Règlement ( CE ) no 314 / 2002 de la Commission du 20 février 2002 établissant des modalités d &apos; application du régime des quotas dans le secteur du sucre ( JO L 50 , p. 40 )
Target-CR 0: &#91; 1 &#93; Commission Regulation ( EC ) No 314 / 2002 of 20 February 2002 laying down detailed rules for the application of the quota system in the sugar sector ( OJ 2002 L 50 , p . 40 )
-----------------------------
NMT Model 0: &#91; 1 &#93; Commission Regulation ( EC ) No CEPOL / 2002 of 20 February 2002 laying down duties rules for the application of the import system in the sugar sector ( OJ L 50 , p . IE )
Copy Prob 0: [33mof[0m [33mof[0m [33mof[0m [33mof[0m [33mof[0m [33mof[0m
Copy Gate 0: [33mof[0m [33mof[0m [33mof[0m [33mof[0m [33mof[0m [33mof[0m

=============================
Target-TM 1: - Improving the quality of agricultural production and products ;
Source-TM 1: - améliorer la qualité de la production et des produits agricoles ;
Source-CR 1: Considérant que les efforts entrepris au niveau communautaire doivent être orientés , notamment vers l &apos; amélioration de la qualité des produits agricoles et les nouvelles utilisations de produits agricoles traditionnels ou nouveaux , en vue de leur donner une plus grande valeur ajoutée ;
Target-CR 1: Whereas work carried out at Community level should be directed , in particular , towards improving the quality of agricultural products and finding new uses for traditional or new agricultural products with a view to increasing their added value ;
-----------------------------
NMT Model 1: Whereas the economic supply at Community level should , in particular , derogation the investment of After and agricultural products and new ports of firm and firm agricultural products with a view to their UNK of trade ;
Copy Prob 1: 
Copy Gate 1: 

=============================
Target-TM 2: Whereas in the abovementioned Resolution of 21 December 1989 the Council approved as a guiding principle the adoption of common rules on the use of the CE marking ;
Source-TM 2: Considérant que , par la résolution précitée du 21 décembre 1989 , le Conseil a approuvé comme principe directeur l &apos; adoption d &apos; une réglementation commune en ce qui concerne l &apos; utilisation du marquage &quot; CE &quot; ;
Source-CR 2: Considérant que la Commission , en décembre 1990 , a présenté au Conseil une communication concernant ce réseau de trains à grande vitesse et que le Conseil a accueilli favorablement cette communication dans sa résolution du 17 décembre 1990 ( 5 ) ;
Target-CR 2: Whereas in December 1990 the Commission sent to the Council a communication on the high-speed train network , and whereas the Council gave a favourable reception to that communication in its resolution of 17 December 1990 ( 5 ) ;
-----------------------------
NMT Model 2: Whereas the Commission in December whole quantitative to the Council a communication concerning the UNK of large 1985 and whereas the Council UNK this communication in its own del chain ( 5 ) ;
Copy Prob 2: [33mthe[0m [33mthe[0m [33mthe[0m [33mthe[0m [33mthe[0m [33mthe[0m [33mthe[0m [33mthe[0m [33mthe[0m
Copy Gate 2: [33mthe[0m [33mthe[0m [33mthe[0m [33mthe[0m [33mthe[0m [32mthe[0m [32mthe[0m [32mthe[0m [32mthe[0m

=============================
Target-TM 3: ( 5 ) By letter dated 4 July 2003 , registered as received by the Commission on the same day ( A / [32m34759[0m ) , Austria commented on the initiation of the procedure .
Source-TM 3: ( 5 ) Par lettre du 4 juillet 2003 , qui a été enregistrée par la Commission le même jour ( A / [32m34759[0m ) , l &apos; Autriche a présenté ses observations sur l &apos; ouverture de la procédure .
Source-CR 3: Les autorités françaises ont transmis ces informations par courriers du 22 mars 2005 , enregistré par la Commission le 11 avril 2005 , et du 17 août 2005 , enregistré par la Commission le 7 septembre 2005 .
Target-CR 3: The French authorities provided the information by letters dated 22 March 2005 , registered as received by the Commission on 11 April 2005 , and 17 August 2005 , registered as received by the Commission on 7 September 2005 .
-----------------------------
NMT Model 3: The authorities allocations in da of these information by way of 22 March 2005 , Board by the Commission on 11 April 2005 , and on 17 partners 2005 , Board by the Commission on 7 September 2005 .
Copy Prob 3: [33mthe[0m [33mthe[0m [33mthe[0m [33mthe[0m [33mthe[0m [33mthe[0m [33mthe[0m
Copy Gate 3: [33mthe[0m [33mthe[0m [33mthe[0m [33mthe[0m [33mthe[0m [33mthe[0m [32mthe[0m

=============================
Target-TM 4: ( 8 ) Since the common market in seeds is constantly evolving , the Member States and the Commission should keep each other supplied with information relevant to developments in this area .
Source-TM 4: ( 8 ) Le marché commun de semences étant en constante évolution , il convient que les États membres et la Commission se communiquent mutuellement les informations relatives à cette évolution .
Source-CR 4: ( 29 ) considérant que , au fur et à mesure de l &apos; évolution du marché commun du lait et des produits laitiers , les États membres et la Commission devraient se communiquer réciproquement les informations nécessaires à l &apos; application du présent règlement ;
Target-CR 4: ( 29 ) Whereas it is necessary that , as the common market in milk and milk products develops , the Member States and the Commission should keep each other supplied with the information necessary for applying this Regulation ;
-----------------------------
NMT Model 4: ( 29 ) Whereas , on the basis and credit of the evolution of the common market in IEC and products to the Member States , the Member States and the Commission should give special coefficient from the information necessary for the application of this Regulation ;
Copy Prob 4: [33mthe[0m [33mthe[0m [33mthe[0m [33mthe[0m [33mthe[0m [33mthe[0m [33mthe[0m [33mthe[0m
Copy Gate 4: [33mthe[0m [33mthe[0m [33mthe[0m [33mthe[0m [33mthe[0m [32mthe[0m [32mthe[0m [32mthe[0m

Epoch  0 Update  81 Cost  213.188354492 G 23.7878742218 execute: elapsed 3.3725 secs.
Epoch  0 Update  82 Cost  180.657348633 G 20.9445610046 execute: elapsed 1.9971 secs.
Epoch  0 Update  83 Cost  156.547210693 G 22.4818229675 execute: elapsed 1.5035 secs.
Epoch  0 Update  84 Cost  148.118041992 G 19.4365348816 execute: elapsed 1.4003 secs.
Epoch  0 Update  85 Cost  120.992141724 G 18.0697669983 execute: elapsed 1.2078 secs.
Epoch  0 Update  86 Cost  106.150283813 G 15.1339817047 execute: elapsed 0.9911 secs.
Epoch  0 Update  87 Cost  89.0638656616 G 12.6923694611 execute: elapsed 0.8995 secs.
Epoch  0 Update  88 Cost  68.2553787231 G 9.53059196472 execute: elapsed 1.0266 secs.
Epoch  0 Update  89 Cost  60.2918243408 G 7.85555267334 execute: elapsed 1.3531 secs.
Epoch  0 Update  90 Cost  49.4564056396 G 6.73012924194 execute: elapsed 1.1945 secs.
Epoch  0 Update  91 Cost  29.6064758301 G 5.04566526413 execute: elapsed 1.0472 secs.
Epoch  0 Update  92 Cost  34.553817749 G 4.82204914093 execute: elapsed 0.9810 secs.
Epoch  0 Update  93 Cost  28.6084594727 G 4.48232555389 execute: elapsed 0.8808 secs.
Epoch  0 Update  94 Cost  37.7706832886 G 6.7066192627 execute: elapsed 4.0850 secs.
Epoch  0 Update  95 Cost  292.700653076 G 47.289855957 execute: elapsed 4.7463 secs.
Epoch  0 Update  96 Cost  237.090759277 G 35.3329238892 execute: elapsed 3.5419 secs.
Epoch  0 Update  97 Cost  214.692077637 G 30.9487037659 execute: elapsed 3.1779 secs.
Epoch  0 Update  98 Cost  176.79989624 G 21.7000255585 execute: elapsed 3.0395 secs.
Epoch  0 Update  99 Cost  157.533447266 G 17.8677215576 execute: elapsed 2.4864 secs.
Epoch  0 Update  100 Cost  139.042327881 G 17.3985710144 execute: elapsed 1.3567 secs.
=============================
Target-TM 0: ( A ) the title shall be replaced by the following :
Source-TM 0: A ) le titre est remplacé par le texte suivant :
Source-CR 0: &quot; Directive du Conseil , du 10 septembre 1984 , en matière de publicité trompeuse et de publicité comparative &quot; .
Target-CR 0: ( 1 ) The title shall be replaced by the following : &apos; Council Directive of 10 September 1984 concerning misleading and comparative advertising &apos; ;
-----------------------------
NMT Model 0: &quot; competitive of the Council of 10 September insofar on regularly dealing and 144 what &quot; .
Copy Prob 0: 
Copy Gate 0: 

=============================
Target-TM 1: Aid for losses due to adverse climatic events
Source-TM 1: Aides relatives aux pertes dues à des phénomènes météorologiques défavorables
Source-CR 1: Le montant admissible au bénéfice de l &apos; aide peut être augmenté des autres coûts spécifiquement supportés par l &apos; agriculteur du fait que la récolte n &apos; a pas eu lieu en raison du phénomène [32mmétéorologique[0m défavorable .
Target-CR 1: The amount thus eligible for aid may be increased by other costs specifically incurred by the farmer because of [32mnon-harvesting[0m due to the adverse event .
-----------------------------
NMT Model 1: The amount of the aid may be v from other management costs imported by the designated designated , as a result of the UNK of the UNK .
Copy Prob 1: 
Copy Gate 1: 

=============================
Target-TM 2: 1 . An aid shall be granted for the supply to the smaller islands of the products referred to in Article 3 ( 1 ) .
Source-TM 2: 1 . Une aide est octroyée pour l &apos; approvisionnement des îles mineures en produits visés à l &apos; article 3 , paragraphe 1 .
Source-CR 2: 3 . L &apos; aide est accordée à l &apos; acheteur qui s &apos; engage à commercialiser les produits des DOM dans le cadre des contrats visés au paragraphe 1 .
Target-CR 2: 3 . The aid shall be granted to purchasers who undertake to market the overseas department products under the contracts referred to in paragraph 1 .
-----------------------------
NMT Model 2: 3 . The aid shall be granted to generation which flights the products of the 1372 UNK under the contracts referred to in paragraph 1 .
Copy Prob 2: 
Copy Gate 2: 

=============================
Target-TM 3: ( A ) for the customs warehousing procedure :
Source-TM 3: A ) dans le cas du régime de l &apos; entrepôt douanier :
Source-CR 3: C ) d &apos; observer les conditions particulières fixées dans l &apos; autorisation de placement sous le régime de l &apos; entreposage douanier ou d &apos; exploitation d &apos; installations de stockage .
Target-CR 3: ( C ) complying with the particular conditions specified in the authorization for the customs warehousing procedure or for operation of the storage facilities .
-----------------------------
NMT Model 3: ( C ) l &apos; 402 59 conditions UNK UNK dans l &apos; authorization de 28c Armenia Director UNK de UNK UNK lots 97 &apos; UNK de UNK .
Copy Prob 3: 
Copy Gate 3: 

=============================
Target-TM 4: ( B ) % quot % periods of availability % quot % shall mean :
Source-TM 4: B ) % quot % temps de disponibilité % quot % :
Source-CR 4: B ) organismes de placement collectif du type autre que fermé : Les fonds communs de placement et les sociétés d &apos; investissement :
Target-CR 4: ( B ) % quot % collective investment undertakings other than the [32mclosed-end[0m type % quot % shall mean unit trusts and investment companies :
-----------------------------
NMT Model 4: ( B ) compound of UNK type other than poz : The common investment 37 and the investment companies :
Copy Prob 4: 
Copy Gate 4: 

Epoch  0 Update  101 Cost  120.227005005 G 16.485370636 execute: elapsed 2.0138 secs.
Epoch  0 Update  102 Cost  93.6536331177 G 16.8890457153 execute: elapsed 1.9853 secs.
Epoch  0 Update  103 Cost  82.9248199463 G 14.6128110886 execute: elapsed 1.8487 secs.
Epoch  0 Update  104 Cost  71.1050872803 G 12.4827613831 execute: elapsed 1.7541 secs.
Epoch  0 Update  105 Cost  51.7983627319 G 10.6331501007 execute: elapsed 1.1954 secs.
Epoch  0 Update  106 Cost  43.6038513184 G 7.77217197418 execute: elapsed 1.1626 secs.
Epoch  0 Update  107 Cost  36.9797821045 G 6.08840608597 execute: elapsed 1.2876 secs.
Epoch  0 Update  108 Cost  31.0670166016 G 4.857401371 execute: elapsed 0.8767 secs.
Epoch  0 Update  109 Cost  25.6034126282 G 3.57250881195 execute: elapsed 0.9444 secs.
Epoch  0 Update  110 Cost  139.927627563 G 21.4752616882 execute: elapsed 4.2765 secs.
Epoch  0 Update  111 Cost  241.903823853 G 33.3776512146 execute: elapsed 3.7312 secs.
Epoch  0 Update  112 Cost  229.294113159 G 36.6902160645 execute: elapsed 3.3584 secs.
Epoch  0 Update  113 Cost  182.362533569 G 26.9689884186 execute: elapsed 1.7383 secs.
Epoch  0 Update  114 Cost  160.703689575 G 21.7927856445 execute: elapsed 2.0940 secs.
Epoch  0 Update  115 Cost  135.461029053 G 17.6607551575 execute: elapsed 2.6387 secs.
Epoch  0 Update  116 Cost  116.789810181 G 14.0641956329 execute: elapsed 2.3204 secs.
Epoch  0 Update  117 Cost  110.783004761 G 13.8009128571 execute: elapsed 2.0764 secs.
Epoch  0 Update  118 Cost  77.5416564941 G 13.3453636169 execute: elapsed 1.7748 secs.
Epoch  0 Update  119 Cost  64.1386871338 G 13.7180614471 execute: elapsed 1.3753 secs.
Epoch  0 Update  120 Cost  54.1350784302 G 12.3002605438 execute: elapsed 1.2780 secs.
=============================
Target-TM 0: 1 2 &#124; EXPENDITURE RELATED TO [32mRECRUITMENT[0m &#124; - &#124; 200000 &#124; 200000 &#124;
Source-TM 0: 1 2 &#124; FRAIS DE [32mRECRUTEMENT[0m &#124; - &#124; 200000 &#124; 200000 &#124;
Source-CR 0: 1 2 &#124; FRAIS DE [32mRECRUTEMENT[0m &#124; 220000 &#124; &#124; &#124;
Target-CR 0: 1 2 &#124; EXPENDITURE RELATED TO [32mRECRUITMENT[0m &#124; 220000 &#124; &#124; &#124;
-----------------------------
NMT Model 0: 1 2 &#124; UNK UNK &#124; prompt &#124; &#124; &#124; UNK UNK
Copy Prob 0: [33m&#124;[0m [33m&#124;[0m [32m&#124;[0m
Copy Gate 0: [36m&#124;[0m [36m&#124;[0m [36m&#124;[0m

=============================
Target-TM 1: The allocation coefficient shall be calculated as follows :
Source-TM 1: Le coefficient d &apos; attribution est calculé comme suit :
Source-CR 1: Le montant de l &apos; astreinte journalière se calcule de 1a façon suivante :
Target-CR 1: The amount of the daily penalty payment is calculated as follows :
-----------------------------
NMT Model 1: The amount of the amounting UNK of the aid scheme concerned :
Copy Prob 1: 
Copy Gate 1: 

=============================
Target-TM 2: B ) encouraging structured dialogue between [32mpolicymakers[0m and young people ;
Source-TM 2: B ) encourager le dialogue structuré entre les responsables politiques et les jeunes ;
Source-CR 2: B ) encourager le dialogue structuré entre les responsables politiques et les jeunes ;
Target-CR 2: ( B ) encouraging structured dialogue between [32mpolicymakers[0m and young people ;
-----------------------------
NMT Model 2: ( B ) functioning the Impact between political and young requires ;
Copy Prob 2: 
Copy Gate 2: 

=============================
Target-TM 3: Directive 91 / 67 / EEC is hereby amended as follows :
Source-TM 3: La directive 91 / 67 / CEE est modifiée comme suit .
Source-CR 3: La directive 91 / 689 / CEE est modifiée comme suit .
Target-CR 3: Directive 91 / 689 / EEC is hereby amended as follows :
-----------------------------
NMT Model 3: Directive 91 / abroad / EEC is hereby amended as follows :
Copy Prob 3: 
Copy Gate 3: 

=============================
Target-TM 4: ( B ) the following paragraph 3a is inserted after paragraph 3 :
Source-TM 4: B ) le paragraphe 3 bis suivant est inséré après le paragraphe 3 :
Source-CR 4: B ) Le paragraphe suivant est inséré après le paragraphe 1 :
Target-CR 4: ( B ) the following paragraph is inserted after paragraph 1 :
-----------------------------
NMT Model 4: ( B ) The following paragraph shall be minimum after paragraph 1 :
Copy Prob 4: 
Copy Gate 4: 

Epoch  0 Update  121 Cost  50.7029953003 G 10.9605941772 execute: elapsed 1.1694 secs.
Epoch  0 Update  122 Cost  40.3829879761 G 9.24061203003 execute: elapsed 1.0392 secs.
Epoch  0 Update  123 Cost  33.6889648438 G 7.03586387634 execute: elapsed 0.9285 secs.
Epoch  0 Update  124 Cost  32.4585800171 G 4.77151489258 execute: elapsed 0.8195 secs.
Epoch  0 Update  125 Cost  65.3667526245 G 7.79125833511 execute: elapsed 3.9748 secs.
Epoch  0 Update  126 Cost  242.41293335 G 30.2452774048 execute: elapsed 4.3466 secs.
Epoch  0 Update  127 Cost  200.739196777 G 24.4552593231 execute: elapsed 2.7179 secs.
Epoch  0 Update  128 Cost  188.499816895 G 22.0347824097 execute: elapsed 1.6942 secs.
Epoch  0 Update  129 Cost  161.084579468 G 18.6887626648 execute: elapsed 1.4783 secs.
Epoch  0 Update  130 Cost  143.09463501 G 17.2652549744 execute: elapsed 1.4196 secs.
Epoch  0 Update  131 Cost  110.955841064 G 14.5012102127 execute: elapsed 1.1793 secs.
Epoch  0 Update  132 Cost  99.5647888184 G 12.9151821136 execute: elapsed 1.0782 secs.
Epoch  0 Update  133 Cost  84.7606430054 G 11.4957923889 execute: elapsed 0.8970 secs.
Epoch  0 Update  134 Cost  76.6651077271 G 10.123509407 execute: elapsed 1.2133 secs.
Epoch  0 Update  135 Cost  62.1320648193 G 8.19589042664 execute: elapsed 1.6071 secs.
Epoch  0 Update  136 Cost  56.0757980347 G 7.51019334793 execute: elapsed 1.4669 secs.
Epoch  0 Update  137 Cost  44.7074661255 G 6.2222776413 execute: elapsed 1.1504 secs.
Epoch  0 Update  138 Cost  37.7642860413 G 5.12134361267 execute: elapsed 1.0302 secs.
Epoch  0 Update  139 Cost  30.2854862213 G 4.06767082214 execute: elapsed 0.9044 secs.
Epoch  0 Update  140 Cost  21.3704452515 G 3.34654593468 execute: elapsed 0.8416 secs.
=============================
Target-TM 0: Article 9 Settlement of disputes
Source-TM 0: Article 9 Règlement des différends
Source-CR 0: Interprétation et règlement des différends
Target-CR 0: Interpretation and settlement of disputes
-----------------------------
NMT Model 0: responses UNK and UNK .... UNK
Copy Prob 0: 
Copy Gate 0: 

=============================
Target-TM 1: ( EUR ) ) &#124;
Source-TM 1: ( En euros ) &#124;
Source-CR 1: ( En EUR ) &#124;
Target-CR 1: ( In EUR ) &#124;
-----------------------------
NMT Model 1: ( In EUR ) &#124;
Copy Prob 1: [33m)[0m [33m)[0m
Copy Gate 1: [32m)[0m [32m)[0m

=============================
Target-TM 2: Commission &apos; s internal control system
Source-TM 2: Système de contrôle interne de la Commission
Source-CR 2: Système de contrôle de la conditionnalité
Target-CR 2: Control system as regards cross-compliance
-----------------------------
NMT Model 2: UNK control properly
Copy Prob 2: 
Copy Gate 2: 

=============================
Target-TM 3: Date of implementation :
Source-TM 3: Date de mise en œuvre :
Source-CR 3: Date de mise en œuvre : [32m14.12.2001[0m
Target-CR 3: Date of implementation : [32m14.12.2001[0m
-----------------------------
NMT Model 3: Date of implementation : UNK
Copy Prob 3: 
Copy Gate 3: 

=============================
Target-TM 4: Member States shall ensure that :
Source-TM 4: Les États membres font en sorte que :
Source-CR 4: Elles veillent à ce que :
Target-CR 4: They shall ensure that :
-----------------------------
NMT Model 4: They shall ensure that :
Copy Prob 4: 
Copy Gate 4: 

Epoch  0 Update  141 Cost  237.388641357 G 30.1961479187 execute: elapsed 4.1080 secs.
Epoch  0 Update  142 Cost  214.079818726 G 25.3443412781 execute: elapsed 3.9478 secs.
Epoch  0 Update  143 Cost  199.393066406 G 23.100276947 execute: elapsed 3.4184 secs.
Epoch  0 Update  144 Cost  176.99887085 G 21.1640396118 execute: elapsed 3.1279 secs.
Epoch  0 Update  145 Cost  161.577774048 G 17.9095687866 execute: elapsed 2.6119 secs.
Epoch  0 Update  146 Cost  134.791931152 G 16.9216690063 execute: elapsed 2.5884 secs.
Epoch  0 Update  147 Cost  113.328613281 G 14.4836788177 execute: elapsed 1.2518 secs.
Epoch  0 Update  148 Cost  99.5450668335 G 12.399438858 execute: elapsed 1.0122 secs.
Epoch  0 Update  149 Cost  84.4643173218 G 11.3557262421 execute: elapsed 0.8761 secs.
Epoch  0 Update  150 Cost  72.3399963379 G 9.14127349854 execute: elapsed 0.8209 secs.
Epoch  0 Update  151 Cost  57.450630188 G 7.65565538406 execute: elapsed 0.7227 secs.
Epoch  0 Update  152 Cost  46.9573326111 G 6.53126192093 execute: elapsed 0.7323 secs.
Epoch  0 Update  153 Cost  37.9753227234 G 5.66176271439 execute: elapsed 0.9571 secs.
Epoch  0 Update  154 Cost  31.0263252258 G 4.63059234619 execute: elapsed 0.9536 secs.
Epoch  0 Update  155 Cost  25.1348228455 G 3.6906208992 execute: elapsed 0.8098 secs.
Epoch  0 Update  156 Cost  100.290367126 G 11.0049266815 execute: elapsed 4.1790 secs.
Epoch  0 Update  157 Cost  238.135955811 G 27.0591506958 execute: elapsed 4.6283 secs.
Epoch  0 Update  158 Cost  215.788894653 G 24.483631134 execute: elapsed 3.6288 secs.
Epoch  0 Update  159 Cost  186.629333496 G 22.3578186035 execute: elapsed 3.2146 secs.
Epoch  0 Update  160 Cost  173.010772705 G 22.779258728 execute: elapsed 2.8190 secs.
=============================
Target-TM 0: - Verordening [32mm.b.t.[0m [32minschrijving[0m ( EG ) nr . . . . ( PB nr . L . . . Van . . . ) , [32mindieningstermijn[0m [32maanbiedingen[0m [32meindigend[0m op . . .
Source-TM 0: - Verordening [32mm.b.t.[0m [32minschrijving[0m ( EG ) nr . . . . ( PB nr . L . . . Van . . . ) , [32mindieningstermijn[0m [32maanbiedingen[0m [32meindigend[0m op . . .
Source-CR 0: - [32mFoerordning[0m om [32manbud[0m ( EG ) nr . . . ( [32mEGT[0m nr L . . . , . . . ) [32mtidsfrist[0m [32mfoer[0m [32manbudsinlaemnande[0m [32mutloeper[0m den . . .
Target-CR 0: - [32mFoerordning[0m om [32manbud[0m ( EG ) nr . . . ( [32mEGT[0m nr L . . . , . . . ) [32mtidsfrist[0m [32mfoer[0m [32manbudsinlaemnande[0m [32mutloeper[0m den . . .
-----------------------------
NMT Model 0: - UNK UNK UNK ( trials ) UNK . . . ( UNK levels L . . . , . . . ) UNK UNK UNK UNK UN . . .
Copy Prob 0: [33m.[0m [33m.[0m [33m.[0m
Copy Gate 0: [32m.[0m [32m.[0m [36m.[0m

=============================
Target-TM 1: For this purpose the form set out in Annex VI shall be used .
Source-TM 1: À cette fin , le formulaire figurant à l &apos; annexe VI doit être utilisé .
Source-CR 1: Toute estimation officielle disponible du nombre d &apos; immigrants [32mclandestins[0m et de leur activité est également fournie .
Target-CR 1: The format for this table is set out in Annex VI . Moreover , any available official estimates of the number of [32mclandestine[0m immigrants and their activity shall be provided .
-----------------------------
NMT Model 1: average UNK UNK from the number of redress and their 79 shall also be involvement .
Copy Prob 1: 
Copy Gate 1: 

=============================
Target-TM 2: The minutes shall , as a general rule , indicate in respect of each item on the agenda :
Source-TM 2: Le procès-verbal comprend en règle générale , pour chaque point de l &apos; ordre du jour :
Source-CR 2: Pour chaque tâche figurant dans le programme d &apos; activité , l &apos; agence doit en outre indiquer l &apos; utilisation prévisible du personnel en journées de travail par personne , ainsi que le calendrier des travaux .
Target-CR 2: The agency shall , moreover , indicate the estimated number of [32mman-days[0m required in respect of each area of activity in the work schedule and a timetable for the work .
-----------------------------
NMT Model 2: sources Section require in the work programme , the agency must , in By , state the Designs use of staff in the working r of work and the timetable in such a way .
Copy Prob 2: 
Copy Gate 2: 

=============================
Target-TM 3: Licences shall be drawn up in accordance with the model set out in Annex I to Regulation ( EC ) No 1291 / 2000 .
Source-TM 3: Ledit certificat est établi conformément au formulaire figurant à l &apos; annexe I du règlement ( CE ) n ° 1291 / 2000 .
Source-CR 3: 4 . Le document de surveillance doit être conforme au modèle figurant à l &apos; annexe I du règlement ( CE ) no 3285 / 94 .
Target-CR 3: 4 . The surveillance document shall be made out on a form corresponding to the model set out in Annex I to Regulation ( EC ) No 3285 / 94 .
-----------------------------
NMT Model 3: 4 . competitive shall namely to the model in Annex I to Regulation ( EC ) No Comenius / 94 .
Copy Prob 3: 
Copy Gate 3: 

=============================
Target-TM 4: Title : Assistance in farming areas affected by natural disasters ( [32mfrosts[0m from 10 January to 10 March 2005 in 10 municipalities in the region of Sicily , province of [32mRagusa[0m )
Source-TM 4: Titre : Interventions dans les zones agricoles touchées par des calamités naturelles ( gelées du 10 janvier au 10 mars 2005 dans 10 communes de la région de Sicile , province de [32mRaguse[0m )
Source-CR 4: Titre : Interventions dans les zones agricoles touchées par des calamités naturelles ( gelées du 25 janvier au 9 mars 2005 dans 15 communes de la région de Sicile , province d &apos; [32mAgrigente[0m )
Target-CR 4: Title : Assistance in agricultural areas affected by natural disasters ( [32mfrosts[0m of 25 January to 9 March 2005 in 15 municipalities of the region of Sicily , [32mAgrigento[0m province )
-----------------------------
NMT Model 4: Title : incompatible in fair areas Investments by proper ( UNK from 25 January 2005 to 9 March 2005 in 15 2535 of similarly UNK , UNK UNK )
Copy Prob 4: 
Copy Gate 4: 

Epoch  0 Update  161 Cost  134.551513672 G 17.8241920471 execute: elapsed 1.3104 secs.
Epoch  0 Update  162 Cost  121.574752808 G 15.7087154388 execute: elapsed 1.5097 secs.
Epoch  0 Update  163 Cost  101.361793518 G 13.0471868515 execute: elapsed 1.9033 secs.
Epoch  0 Update  164 Cost  83.4233169556 G 10.9010372162 execute: elapsed 1.9212 secs.
Epoch  0 Update  165 Cost  67.5018768311 G 8.63045406342 execute: elapsed 1.4346 secs.
Epoch  0 Update  166 Cost  62.7015304565 G 7.65011930466 execute: elapsed 1.3929 secs.
Epoch  0 Update  167 Cost  43.3368263245 G 6.13694286346 execute: elapsed 1.3579 secs.
Epoch  0 Update  168 Cost  37.3199539185 G 5.45932769775 execute: elapsed 0.9114 secs.
Epoch  0 Update  169 Cost  34.004032135 G 5.19692564011 execute: elapsed 1.1760 secs.
Epoch  0 Update  170 Cost  34.2719917297 G 4.90616035461 execute: elapsed 0.8703 secs.
Epoch  0 Update  171 Cost  23.5956993103 G 3.16311597824 execute: elapsed 0.7737 secs.
Epoch  0 Update  172 Cost  154.869155884 G 18.3427066803 execute: elapsed 4.3475 secs.
Epoch  0 Update  173 Cost  243.695159912 G 27.9294471741 execute: elapsed 3.6584 secs.
Epoch  0 Update  174 Cost  215.743133545 G 26.4998512268 execute: elapsed 3.1655 secs.
Epoch  0 Update  175 Cost  181.810195923 G 24.536857605 execute: elapsed 2.9917 secs.
Epoch  0 Update  176 Cost  161.194763184 G 23.6575813293 execute: elapsed 2.1569 secs.
Epoch  0 Update  177 Cost  175.332855225 G 24.476934433 execute: elapsed 1.4194 secs.
Epoch  0 Update  178 Cost  156.989898682 G 26.5410232544 execute: elapsed 1.2067 secs.
Epoch  0 Update  179 Cost  115.669754028 G 18.4762611389 execute: elapsed 1.0771 secs.
Epoch  0 Update  180 Cost  89.298248291 G 12.7538528442 execute: elapsed 0.9695 secs.
=============================
Target-TM 0: Concerning certain protection measures relating to classical swine fever in Germany and repealing Decision 2006 / 254 / EC
Source-TM 0: Concernant certaines mesures de protection contre la peste porcine classique en Allemagne et abrogeant la décision 2006 / 254 / CE
Source-CR 0: Concernant certaines mesures de protection contre la maladie de Newcastle en Bulgarie et abrogeant la décision 2004 / 908 / CE
Target-CR 0: Concerning protection measures in relation to Newcastle disease in Bulgaria and repealing Decision 2004 / 908 / EC
-----------------------------
NMT Model 0: derogations certain protection measures in funds to the same De system in Bulgaria and limited to Decision 2004 / biodegradable / EC
Copy Prob 0: [33m/[0m [33m/[0m [33m/[0m [33m/[0m [33m/[0m [33m/[0m [33m/[0m [33m/[0m [33m/[0m [33m/[0m [33m/[0m [33m/[0m [33m/[0m [33m/[0m [33m/[0m [33m/[0m [33m/[0m [33m/[0m [33m/[0m [33m/[0m [33m/[0m [33m/[0m [33m/[0m [33m/[0m [33m/[0m [33m/[0m [33m/[0m [33m/[0m [33m/[0m [33m/[0m [33m/[0m [33m/[0m [33m/[0m [33m/[0m [33m/[0m [33m/[0m [33m/[0m [33m/[0m [33m/[0m [33m/[0m [33m/[0m [33m/[0m [33m/[0m [33m/[0m [33m/[0m [33m/[0m [33m/[0m [33m/[0m [33m/[0m [33m/[0m [33m/[0m [33m/[0m [33m/[0m [33m/[0m [33m/[0m [33m/[0m [33m/[0m [33m/[0m [33m/[0m [33m/[0m [33m/[0m [33m/[0m [33m/[0m [33m/[0m [33m/[0m [33m/[0m [33m/[0m [33m/[0m [33m/[0m [33m/[0m [33m/[0m [33m/[0m [33m/[0m [33m/[0m [33m/[0m [33m/[0m [33m/[0m [33m/[0m [33m/[0m [33m/[0m [33m/[0m [33m/[0m [33m/[0m [33m/[0m [33m/[0m [33m/[0m [33m/[0m [33m/[0m [33m/[0m [33m/[0m [33m/[0m [33m/[0m [33m/[0m [33m/[0m [33m/[0m [33m/[0m [33m/[0m [33m/[0m [33m/[0m [33m/[0m [33m/[0m [33m/[0m [33m/[0m [33m/[0m [33m/[0m [33m/[0m [33m/[0m [33m/[0m [33m/[0m [33m/[0m [33m/[0m [33m/[0m [33m/[0m [33m/[0m [33m/[0m [33m/[0m [33m/[0m [33m/[0m [33m/[0m [33m/[0m [33m/[0m [33m/[0m [33m/[0m [33m/[0m [33m/[0m [33m/[0m [33m/[0m [33m/[0m [33m/[0m [33m/[0m [33m/[0m [33m/[0m [33m/[0m [33m/[0m [33m/[0m [33m/[0m [33m/[0m [33m/[0m [33m/[0m [33m/[0m [33m/[0m [33m/[0m [33m/[0m [33m/[0m [33m/[0m [33m/[0m [33m/[0m [33m/[0m [33m/[0m [33m/[0m [33m/[0m [33m/[0m [33m/[0m [33m/[0m [33m/[0m [33m/[0m [33m/[0m [33m/[0m [33m/[0m [33m/[0m [33m/[0m [33m/[0m [33m/[0m [33m/[0m [33m/[0m [33m/[0m [33m/[0m [33m/[0m [33m/[0m [33m/[0m [33m/[0m [33m/[0m [33m/[0m [33m/[0m [33m/[0m [33m/[0m [33m/[0m [33m/[0m [33m/[0m [33m/[0m [33m/[0m [33m/[0m [33m/[0m [33m/[0m [33m/[0m [33m/[0m [33m/[0m [33m/[0m [33m/[0m [33m/[0m [33m/[0m [33m/[0m [33m/[0m [33m/[0m [33m/[0m [33m/[0m [33m/[0m [33m/[0m [33m/[0m [33m/[0m
Copy Gate 0: [33m/[0m [33m/[0m [33m/[0m [33m/[0m [33m/[0m [33m/[0m [33m/[0m [33m/[0m [33m/[0m [33m/[0m [33m/[0m [33m/[0m [33m/[0m [33m/[0m [33m/[0m [33m/[0m [33m/[0m [33m/[0m [33m/[0m [33m/[0m [33m/[0m [33m/[0m [33m/[0m [33m/[0m [33m/[0m [33m/[0m [33m/[0m [33m/[0m [33m/[0m [33m/[0m [33m/[0m [33m/[0m [33m/[0m [33m/[0m [33m/[0m [33m/[0m [33m/[0m [33m/[0m [33m/[0m [33m/[0m [33m/[0m [33m/[0m [33m/[0m [33m/[0m [33m/[0m [33m/[0m [33m/[0m [33m/[0m [33m/[0m [33m/[0m [33m/[0m [33m/[0m [33m/[0m [33m/[0m [33m/[0m [33m/[0m [33m/[0m [33m/[0m [33m/[0m [33m/[0m [33m/[0m [33m/[0m [33m/[0m [33m/[0m [33m/[0m [33m/[0m [33m/[0m [33m/[0m [33m/[0m [33m/[0m [33m/[0m [33m/[0m [33m/[0m [33m/[0m [33m/[0m [33m/[0m [33m/[0m [33m/[0m [33m/[0m [33m/[0m [33m/[0m [33m/[0m [33m/[0m [33m/[0m [33m/[0m [33m/[0m [33m/[0m [33m/[0m [33m/[0m [33m/[0m [33m/[0m [33m/[0m [33m/[0m [33m/[0m [33m/[0m [33m/[0m [33m/[0m [33m/[0m [33m/[0m [33m/[0m [33m/[0m [33m/[0m [33m/[0m [33m/[0m [33m/[0m [33m/[0m [33m/[0m [33m/[0m [33m/[0m [33m/[0m [33m/[0m [33m/[0m [33m/[0m [33m/[0m [33m/[0m [33m/[0m [33m/[0m [33m/[0m [33m/[0m [33m/[0m [33m/[0m [33m/[0m [33m/[0m [33m/[0m [33m/[0m [33m/[0m [33m/[0m [33m/[0m [33m/[0m [33m/[0m [33m/[0m [33m/[0m [33m/[0m [33m/[0m [33m/[0m [33m/[0m [33m/[0m [33m/[0m [33m/[0m [33m/[0m [33m/[0m [33m/[0m [33m/[0m [33m/[0m [33m/[0m [33m/[0m [33m/[0m [33m/[0m [33m/[0m [33m/[0m [33m/[0m [33m/[0m [33m/[0m [33m/[0m [33m/[0m [33m/[0m [33m/[0m [33m/[0m [33m/[0m [33m/[0m [33m/[0m [33m/[0m [33m/[0m [33m/[0m [33m/[0m [33m/[0m [33m/[0m [33m/[0m [33m/[0m [33m/[0m [33m/[0m [33m/[0m [33m/[0m [33m/[0m [33m/[0m [33m/[0m [33m/[0m [33m/[0m [33m/[0m [33m/[0m [33m/[0m [33m/[0m [33m/[0m [33m/[0m [33m/[0m [33m/[0m [33m/[0m [33m/[0m [33m/[0m [33m/[0m [33m/[0m [33m/[0m [33m/[0m [33m/[0m [33m/[0m [33m/[0m [33m/[0m [33m/[0m [33m/[0m [33m/[0m

=============================
Target-TM 1: ( 1 ) OJ No L 129 , 18 . 5 . 1976 , p . 23 .
Source-TM 1: ( 1 ) JO no L 129 du 18 . 5 . 1976 , p. 23 .
Source-CR 1: ( 1 ) JO no L 262 du 27 . 9 . 1976 , p. 169 .
Target-CR 1: ( 1 ) OJ No L 262 , 27 . 9 . 1976 , p . 169 .
-----------------------------
NMT Model 1: ( 1 ) OJ No L compared , 27 . 9 . UNK , p . UNK .
Copy Prob 1: [33m.[0m [33m.[0m [33m.[0m [33m.[0m [33m.[0m [33m.[0m [33m.[0m [33m.[0m [33m.[0m [33m.[0m [33m.[0m [33m.[0m [33m.[0m [33m.[0m [33m.[0m [33m.[0m [33m.[0m [33m.[0m [33m.[0m [33m.[0m [33m.[0m [33m.[0m [33m.[0m [33m.[0m [33m.[0m [33m.[0m [33m.[0m [33m.[0m [33m.[0m [33m.[0m [33m.[0m [33m.[0m [33m.[0m [33m.[0m [33m.[0m [33m.[0m [33m.[0m [33m.[0m [33m.[0m [33m.[0m [33m.[0m [33m.[0m [33m.[0m [33m.[0m [33m.[0m [33m.[0m [33m.[0m [33m.[0m [33m.[0m [33m.[0m [33m.[0m [33m.[0m [33m.[0m [33m.[0m [33m.[0m [33m.[0m [33m.[0m [33m.[0m [33m.[0m [33m.[0m [33m.[0m [33m.[0m [33m.[0m [33m.[0m [33m.[0m [33m.[0m [33m.[0m [33m.[0m [33m.[0m [33m.[0m [33m.[0m [33m.[0m [33m.[0m [33m.[0m [33m.[0m [33m.[0m [33m.[0m [33m.[0m [33m.[0m [33m.[0m [33m.[0m [33m.[0m [33m.[0m [33m.[0m [33m.[0m [33m.[0m [33m.[0m [33m.[0m [33m.[0m [33m.[0m [33m.[0m [33m.[0m [33m.[0m [33m.[0m [33m.[0m [33m.[0m [33m.[0m [33m.[0m [33m.[0m [33m.[0m [33m.[0m [33m.[0m [33m.[0m [33m.[0m [33m.[0m [33m.[0m [33m.[0m [33m.[0m [33m.[0m [33m.[0m [33m.[0m [33m.[0m [33m.[0m [33m.[0m [33m.[0m [33m.[0m [33m.[0m [33m.[0m [33m.[0m [33m.[0m [33m.[0m [33m.[0m [33m.[0m [33m.[0m [33m.[0m [33m.[0m [33m.[0m [33m.[0m [33m.[0m [33m.[0m [33m.[0m [33m.[0m [33m.[0m [33m.[0m [33m.[0m [33m.[0m [33m.[0m [33m.[0m [33m.[0m [33m.[0m [33m.[0m [33m.[0m [33m.[0m [33m.[0m [33m.[0m [33m.[0m [33m.[0m [33m.[0m [33m.[0m [33m.[0m [33m.[0m [33m.[0m [33m.[0m [33m.[0m [33m.[0m [33m.[0m [33m.[0m [33m.[0m [33m.[0m [33m.[0m [33m.[0m [33m.[0m [33m.[0m [33m.[0m [33m.[0m [33m.[0m [33m.[0m [33m.[0m [33m.[0m [33m.[0m [33m.[0m [33m.[0m [33m.[0m [33m.[0m [33m.[0m [33m.[0m [33m.[0m [33m.[0m [33m.[0m [33m.[0m [33m.[0m [33m.[0m [33m.[0m [33m.[0m [33m.[0m [33m.[0m [33m.[0m [33m.[0m [33m.[0m [33m.[0m [33m.[0m [33m.[0m [33m.[0m [33m.[0m [33m.[0m [33m.[0m [33m.[0m [33m.[0m [33m.[0m [33m.[0m
Copy Gate 1: [33m.[0m [33m.[0m [32m.[0m [32m.[0m [32m.[0m [32m.[0m [32m.[0m [32m.[0m [32m.[0m [32m.[0m [32m.[0m [32m.[0m [32m.[0m [32m.[0m [32m.[0m [32m.[0m [32m.[0m [32m.[0m [32m.[0m [32m.[0m [32m.[0m [32m.[0m [32m.[0m [32m.[0m [32m.[0m [32m.[0m [32m.[0m [32m.[0m [32m.[0m [32m.[0m [32m.[0m [32m.[0m [32m.[0m [32m.[0m [32m.[0m [32m.[0m [32m.[0m [32m.[0m [32m.[0m [32m.[0m [32m.[0m [32m.[0m [32m.[0m [32m.[0m [32m.[0m [32m.[0m [32m.[0m [32m.[0m [32m.[0m [32m.[0m [32m.[0m [32m.[0m [32m.[0m [32m.[0m [32m.[0m [32m.[0m [32m.[0m [32m.[0m [32m.[0m [32m.[0m [32m.[0m [32m.[0m [32m.[0m [32m.[0m [32m.[0m [32m.[0m [32m.[0m [32m.[0m [32m.[0m [32m.[0m [32m.[0m [32m.[0m [32m.[0m [32m.[0m [32m.[0m [32m.[0m [32m.[0m [32m.[0m [32m.[0m [32m.[0m [32m.[0m [32m.[0m [32m.[0m [32m.[0m [32m.[0m [32m.[0m [32m.[0m [32m.[0m [32m.[0m [32m.[0m [32m.[0m [32m.[0m [32m.[0m [32m.[0m [32m.[0m [32m.[0m [32m.[0m [32m.[0m [32m.[0m [32m.[0m [32m.[0m [32m.[0m [32m.[0m [32m.[0m [32m.[0m [32m.[0m [32m.[0m [32m.[0m [32m.[0m [32m.[0m [32m.[0m [32m.[0m [32m.[0m [32m.[0m [32m.[0m [32m.[0m [32m.[0m [32m.[0m [32m.[0m [32m.[0m [32m.[0m [32m.[0m [32m.[0m [32m.[0m [32m.[0m [32m.[0m [32m.[0m [32m.[0m [32m.[0m [32m.[0m [32m.[0m [32m.[0m [32m.[0m [32m.[0m [32m.[0m [32m.[0m [32m.[0m [32m.[0m [32m.[0m [32m.[0m [32m.[0m [32m.[0m [32m.[0m [32m.[0m [32m.[0m [32m.[0m [32m.[0m [32m.[0m [32m.[0m [32m.[0m [32m.[0m [32m.[0m [32m.[0m [32m.[0m [32m.[0m [32m.[0m [32m.[0m [32m.[0m [32m.[0m [32m.[0m [32m.[0m [32m.[0m [32m.[0m [32m.[0m [32m.[0m [32m.[0m [32m.[0m [32m.[0m [32m.[0m [32m.[0m [32m.[0m [32m.[0m [32m.[0m [32m.[0m [32m.[0m [32m.[0m [32m.[0m [32m.[0m [32m.[0m [32m.[0m [32m.[0m [32m.[0m [32m.[0m [32m.[0m [32m.[0m [32m.[0m [32m.[0m [32m.[0m [32m.[0m [32m.[0m [32m.[0m [32m.[0m [32m.[0m [32m.[0m [32m.[0m [32m.[0m [32m.[0m [32m.[0m [32m.[0m [32m.[0m

=============================
Target-TM 2: Section 20 of licence applications and licences shall show one of the following entries :
Source-TM 2: La demande de certificat et le certificat comportent , dans la case 20 , l &apos; une des mentions suivantes :
Source-CR 2: 3 . La demande de certificat et le certificat comportent dans la case 20 la référence au présent article .
Target-CR 2: 3 . Section 20 of licence applications and of licences shall show a reference to this Article .
-----------------------------
NMT Model 2: 3 . The application for a certificate and the certificate provided for by the limit 20 the reference to this Article shall be made by the reference to this Article .
Copy Prob 2: [33mof[0m [33mof[0m [33mof[0m [33mof[0m [33mof[0m [33mof[0m [33mof[0m [33mof[0m [33mof[0m [33mof[0m [33mof[0m [33mof[0m [33mof[0m [33mof[0m [33mof[0m [33mof[0m [33mof[0m [33mof[0m [33mof[0m [33mof[0m [33mof[0m [33mof[0m [33mof[0m [33mof[0m [33mof[0m [33mof[0m [33mof[0m [33mof[0m [33mof[0m [33mof[0m [33mof[0m [33mof[0m [33mof[0m [33mof[0m [33mof[0m [33mof[0m [33mof[0m [33mof[0m [33mof[0m [33mof[0m [33mof[0m [33mof[0m [33mof[0m [33mof[0m [33mof[0m [33mof[0m [33mof[0m [33mof[0m [33mof[0m [33mof[0m [33mof[0m [33mof[0m [33mof[0m [33mof[0m [33mof[0m [33mof[0m [33mof[0m [33mof[0m [33mof[0m [33mof[0m [33mof[0m [33mof[0m [33mof[0m [33mof[0m [33mof[0m [33mof[0m [33mof[0m [33mof[0m [33mof[0m [33mof[0m [33mof[0m [33mof[0m [33mof[0m [33mof[0m [33mof[0m [33mof[0m [33mof[0m [33mof[0m [33mof[0m [33mof[0m [33mof[0m [33mof[0m [33mof[0m [33mof[0m [33mof[0m [33mof[0m [33mof[0m [33mof[0m [33mof[0m [33mof[0m [33mof[0m [33mof[0m [33mof[0m [33mof[0m [33mof[0m [33mof[0m [33mof[0m [33mof[0m [33mof[0m [33mof[0m [33mof[0m [33mof[0m [33mof[0m [33mof[0m [33mof[0m [33mof[0m [33mof[0m [33mof[0m [33mof[0m [33mof[0m [33mof[0m [33mof[0m [33mof[0m [33mof[0m [33mof[0m [33mof[0m [33mof[0m [33mof[0m [33mof[0m [33mof[0m [33mof[0m [33mof[0m [33mof[0m [33mof[0m [33mof[0m [33mof[0m [33mof[0m [33mof[0m [33mof[0m [33mof[0m [33mof[0m [33mof[0m [33mof[0m [33mof[0m [33mof[0m [33mof[0m [33mof[0m [33mof[0m [33mof[0m [33mof[0m [33mof[0m [33mof[0m [33mof[0m [33mof[0m [33mof[0m [33mof[0m [33mof[0m [33mof[0m [33mof[0m [33mof[0m [33mof[0m [33mof[0m [33mof[0m [33mof[0m [33mof[0m [33mof[0m [33mof[0m [33mof[0m [33mof[0m [33mof[0m [33mof[0m [33mof[0m [33mof[0m [33mof[0m [33mof[0m [33mof[0m [33mof[0m [33mof[0m [33mof[0m [33mof[0m [33mof[0m [33mof[0m [33mof[0m [33mof[0m [33mof[0m [33mof[0m [33mof[0m [33mof[0m [33mof[0m [33mof[0m [33mof[0m [33mof[0m [33mof[0m [33mof[0m [33mof[0m [33mof[0m [33mof[0m [33mof[0m [33mof[0m [33mof[0m [33mof[0m [33mof[0m [33mof[0m [33mof[0m [33mof[0m [33mof[0m [33mof[0m [33mof[0m [33mof[0m [33mof[0m
Copy Gate 2: [33mof[0m [33mof[0m [33mof[0m [33mof[0m [33mof[0m [33mof[0m [33mof[0m [33mof[0m [33mof[0m [33mof[0m [33mof[0m [33mof[0m [33mof[0m [33mof[0m [33mof[0m [33mof[0m [33mof[0m [33mof[0m [33mof[0m [33mof[0m [33mof[0m [33mof[0m [33mof[0m [33mof[0m [33mof[0m [33mof[0m [33mof[0m [33mof[0m [33mof[0m [33mof[0m [33mof[0m [33mof[0m [33mof[0m [33mof[0m [33mof[0m [33mof[0m [33mof[0m [33mof[0m [33mof[0m [33mof[0m [33mof[0m [33mof[0m [33mof[0m [33mof[0m [33mof[0m [33mof[0m [33mof[0m [33mof[0m [33mof[0m [33mof[0m [33mof[0m [33mof[0m [33mof[0m [33mof[0m [33mof[0m [33mof[0m [33mof[0m [33mof[0m [33mof[0m [33mof[0m [33mof[0m [33mof[0m [33mof[0m [33mof[0m [33mof[0m [33mof[0m [33mof[0m [33mof[0m [33mof[0m [33mof[0m [33mof[0m [33mof[0m [33mof[0m [33mof[0m [33mof[0m [33mof[0m [33mof[0m [33mof[0m [33mof[0m [33mof[0m [33mof[0m [33mof[0m [33mof[0m [33mof[0m [33mof[0m [33mof[0m [33mof[0m [33mof[0m [33mof[0m [33mof[0m [33mof[0m [33mof[0m [33mof[0m [33mof[0m [33mof[0m [33mof[0m [33mof[0m [33mof[0m [33mof[0m [33mof[0m [33mof[0m [33mof[0m [33mof[0m [33mof[0m [33mof[0m [33mof[0m [33mof[0m [33mof[0m [33mof[0m [33mof[0m [33mof[0m [33mof[0m [33mof[0m [33mof[0m [33mof[0m [33mof[0m [33mof[0m [33mof[0m [33mof[0m [33mof[0m [33mof[0m [33mof[0m [33mof[0m [33mof[0m [33mof[0m [33mof[0m [33mof[0m [33mof[0m [33mof[0m [33mof[0m [33mof[0m [33mof[0m [33mof[0m [33mof[0m [33mof[0m [33mof[0m [33mof[0m [33mof[0m [33mof[0m [33mof[0m [33mof[0m [33mof[0m [33mof[0m [33mof[0m [33mof[0m [33mof[0m [33mof[0m [33mof[0m [33mof[0m [33mof[0m [33mof[0m [33mof[0m [33mof[0m [33mof[0m [33mof[0m [33mof[0m [33mof[0m [33mof[0m [33mof[0m [33mof[0m [33mof[0m [33mof[0m [33mof[0m [33mof[0m [33mof[0m [33mof[0m [33mof[0m [33mof[0m [33mof[0m [33mof[0m [33mof[0m [33mof[0m [33mof[0m [33mof[0m [33mof[0m [33mof[0m [33mof[0m [33mof[0m [33mof[0m [33mof[0m [33mof[0m [33mof[0m [33mof[0m [33mof[0m [33mof[0m [33mof[0m [33mof[0m [33mof[0m [33mof[0m [33mof[0m [33mof[0m [33mof[0m [33mof[0m [33mof[0m [33mof[0m [33mof[0m [33mof[0m [33mof[0m [33mof[0m [33mof[0m

=============================
Target-TM 3: [32mChemobudowa[0m [32mKraków[0m ( Poland ) &#124; 460 &#124;
Source-TM 3: [32mChemobudowa[0m [32mKraków[0m ( [32mPolotne[0m ) &#124; 460 &#124;
Source-CR 3: 3 ) [32mChK[0m jest [32mspółką[0m [32mmatką[0m [32mGrupy[0m [32mKapitałowej[0m [32mChemobudowa[0m [32mKraków[0m . [32mGrupa[0m [32mskłada[0m się z [32mdwóch[0m [32mspółek[0m :
Target-CR 3: 3 ) [32mChK[0m jest [32mspółką[0m [32mmatką[0m [32mGrupy[0m [32mKapitałowej[0m [32mChemobudowa[0m [32mKraków[0m . [32mGrupa[0m [32mskłada[0m się z [32mdwóch[0m [32mspółek[0m :
-----------------------------
NMT Model 3: 3 ) UNK UNK UNK UNK UNK UNK UNK UNK . UNK UNK complaints themselves UNK UNK :
Copy Prob 3: [33m([0m [33m&#124;[0m [33m&#124;[0m [33m&#124;[0m [33m&#124;[0m [33m&#124;[0m [33m&#124;[0m [33m&#124;[0m [33m&#124;[0m [33m&#124;[0m [33m&#124;[0m [33m&#124;[0m [33m&#124;[0m [33m&#124;[0m [33m&#124;[0m [33m&#124;[0m [33m&#124;[0m [33m&#124;[0m [33m&#124;[0m [33m&#124;[0m [33m&#124;[0m [33m&#124;[0m [33m&#124;[0m [33m&#124;[0m [33m&#124;[0m [33m&#124;[0m [33m&#124;[0m [33m&#124;[0m [33m&#124;[0m [33m&#124;[0m [33m&#124;[0m [33m&#124;[0m [33m&#124;[0m [33m&#124;[0m [33m&#124;[0m [33m&#124;[0m [33m&#124;[0m [33m&#124;[0m [33m&#124;[0m [33m&#124;[0m [33m&#124;[0m [33m&#124;[0m [33m&#124;[0m [33m&#124;[0m [33m&#124;[0m [33m&#124;[0m [33m&#124;[0m [33m&#124;[0m [33m&#124;[0m [33m&#124;[0m [33m&#124;[0m [33m&#124;[0m [33m&#124;[0m [33m&#124;[0m [33m&#124;[0m [33m&#124;[0m [33m&#124;[0m [33m&#124;[0m [33m&#124;[0m [33m&#124;[0m [33m&#124;[0m [33m&#124;[0m [33m&#124;[0m [33m&#124;[0m [33m&#124;[0m [33m&#124;[0m [33m&#124;[0m [33m&#124;[0m [33m&#124;[0m [33m&#124;[0m [33m&#124;[0m [33m&#124;[0m [33m&#124;[0m [33m&#124;[0m [33m&#124;[0m [33m&#124;[0m [33m&#124;[0m [33m&#124;[0m [33m&#124;[0m [33m&#124;[0m [33m&#124;[0m [33m&#124;[0m [33m&#124;[0m [33m&#124;[0m [33m&#124;[0m [33m&#124;[0m [33m&#124;[0m [33m&#124;[0m [33m&#124;[0m [33m&#124;[0m [33m&#124;[0m [33m&#124;[0m [33m&#124;[0m [33m&#124;[0m [33m&#124;[0m [33m&#124;[0m [33m&#124;[0m [33m&#124;[0m [33m&#124;[0m [33m&#124;[0m [33m&#124;[0m [33m&#124;[0m [33m&#124;[0m [33m&#124;[0m [33m&#124;[0m [33m&#124;[0m [33m&#124;[0m [33m&#124;[0m [33m&#124;[0m [33m&#124;[0m [33m&#124;[0m [33m&#124;[0m [33m&#124;[0m [33m&#124;[0m [33m&#124;[0m [33m&#124;[0m [33m&#124;[0m [33m&#124;[0m [33m&#124;[0m [33m&#124;[0m [33m&#124;[0m [33m&#124;[0m [33m&#124;[0m [33m&#124;[0m [33m&#124;[0m [33m&#124;[0m [33m&#124;[0m [33m&#124;[0m [33m&#124;[0m [33m&#124;[0m [33m&#124;[0m [33m&#124;[0m [33m&#124;[0m [33m&#124;[0m [33m&#124;[0m [33m&#124;[0m [33m&#124;[0m [33m&#124;[0m [33m&#124;[0m [33m&#124;[0m [33m&#124;[0m [33m&#124;[0m [33m&#124;[0m [33m&#124;[0m [33m&#124;[0m [33m&#124;[0m [33m&#124;[0m [33m&#124;[0m [33m&#124;[0m [33m&#124;[0m [33m&#124;[0m [33m&#124;[0m [33m&#124;[0m [33m&#124;[0m [33m&#124;[0m [33m&#124;[0m [33m&#124;[0m [33m&#124;[0m [33m&#124;[0m [33m&#124;[0m [33m&#124;[0m [33m&#124;[0m [33m&#124;[0m [33m&#124;[0m [33m&#124;[0m [33m&#124;[0m [33m&#124;[0m [33m&#124;[0m [33m&#124;[0m [33m&#124;[0m [33m&#124;[0m [33m&#124;[0m [33m&#124;[0m [33m&#124;[0m [33m&#124;[0m [33m&#124;[0m [33m&#124;[0m [33m&#124;[0m [33m&#124;[0m [33m&#124;[0m [33m&#124;[0m [33m&#124;[0m [33m&#124;[0m [33m&#124;[0m [33m&#124;[0m [33m&#124;[0m [33m&#124;[0m [33m&#124;[0m [33m&#124;[0m [33m&#124;[0m [33m&#124;[0m [33m&#124;[0m [33m&#124;[0m [33m&#124;[0m [33m&#124;[0m [33m&#124;[0m [33m&#124;[0m [33m&#124;[0m [33m&#124;[0m [33m&#124;[0m
Copy Gate 3: [33m([0m [32m&#124;[0m [32m&#124;[0m [36m&#124;[0m [36m&#124;[0m [36m&#124;[0m [36m&#124;[0m [36m&#124;[0m [36m&#124;[0m [36m&#124;[0m [36m&#124;[0m [36m&#124;[0m [36m&#124;[0m [36m&#124;[0m [36m&#124;[0m [36m&#124;[0m [36m&#124;[0m [36m&#124;[0m [36m&#124;[0m [36m&#124;[0m [36m&#124;[0m [36m&#124;[0m [36m&#124;[0m [36m&#124;[0m [36m&#124;[0m [36m&#124;[0m [36m&#124;[0m [36m&#124;[0m [36m&#124;[0m [36m&#124;[0m [36m&#124;[0m [36m&#124;[0m [36m&#124;[0m [36m&#124;[0m [36m&#124;[0m [36m&#124;[0m [36m&#124;[0m [36m&#124;[0m [36m&#124;[0m [36m&#124;[0m [36m&#124;[0m [36m&#124;[0m [36m&#124;[0m [36m&#124;[0m [36m&#124;[0m [36m&#124;[0m [36m&#124;[0m [36m&#124;[0m [36m&#124;[0m [36m&#124;[0m [36m&#124;[0m [36m&#124;[0m [36m&#124;[0m [36m&#124;[0m [36m&#124;[0m [36m&#124;[0m [36m&#124;[0m [36m&#124;[0m [36m&#124;[0m [36m&#124;[0m [36m&#124;[0m [36m&#124;[0m [36m&#124;[0m [36m&#124;[0m [36m&#124;[0m [36m&#124;[0m [36m&#124;[0m [36m&#124;[0m [36m&#124;[0m [36m&#124;[0m [36m&#124;[0m [36m&#124;[0m [36m&#124;[0m [36m&#124;[0m [36m&#124;[0m [36m&#124;[0m [36m&#124;[0m [36m&#124;[0m [36m&#124;[0m [36m&#124;[0m [36m&#124;[0m [36m&#124;[0m [36m&#124;[0m [36m&#124;[0m [36m&#124;[0m [36m&#124;[0m [36m&#124;[0m [36m&#124;[0m [36m&#124;[0m [36m&#124;[0m [36m&#124;[0m [36m&#124;[0m [36m&#124;[0m [36m&#124;[0m [36m&#124;[0m [36m&#124;[0m [36m&#124;[0m [36m&#124;[0m [36m&#124;[0m [36m&#124;[0m [36m&#124;[0m [36m&#124;[0m [36m&#124;[0m [36m&#124;[0m [36m&#124;[0m [36m&#124;[0m [36m&#124;[0m [36m&#124;[0m [36m&#124;[0m [36m&#124;[0m [36m&#124;[0m [36m&#124;[0m [36m&#124;[0m [36m&#124;[0m [36m&#124;[0m [36m&#124;[0m [36m&#124;[0m [36m&#124;[0m [36m&#124;[0m [36m&#124;[0m [36m&#124;[0m [36m&#124;[0m [36m&#124;[0m [36m&#124;[0m [36m&#124;[0m [36m&#124;[0m [36m&#124;[0m [36m&#124;[0m [36m&#124;[0m [36m&#124;[0m [36m&#124;[0m [36m&#124;[0m [36m&#124;[0m [36m&#124;[0m [36m&#124;[0m [36m&#124;[0m [36m&#124;[0m [36m&#124;[0m [36m&#124;[0m [36m&#124;[0m [36m&#124;[0m [36m&#124;[0m [36m&#124;[0m [36m&#124;[0m [36m&#124;[0m [36m&#124;[0m [36m&#124;[0m [36m&#124;[0m [36m&#124;[0m [36m&#124;[0m [36m&#124;[0m [36m&#124;[0m [36m&#124;[0m [36m&#124;[0m [36m&#124;[0m [36m&#124;[0m [36m&#124;[0m [36m&#124;[0m [36m&#124;[0m [36m&#124;[0m [36m&#124;[0m [36m&#124;[0m [36m&#124;[0m [36m&#124;[0m [36m&#124;[0m [36m&#124;[0m [36m&#124;[0m [36m&#124;[0m [36m&#124;[0m [36m&#124;[0m [36m&#124;[0m [36m&#124;[0m [36m&#124;[0m [36m&#124;[0m [36m&#124;[0m [36m&#124;[0m [36m&#124;[0m [36m&#124;[0m [36m&#124;[0m [36m&#124;[0m [36m&#124;[0m [36m&#124;[0m [36m&#124;[0m [36m&#124;[0m [36m&#124;[0m [36m&#124;[0m [36m&#124;[0m [36m&#124;[0m [36m&#124;[0m [36m&#124;[0m [36m&#124;[0m [36m&#124;[0m [36m&#124;[0m [36m&#124;[0m [36m&#124;[0m [36m&#124;[0m [36m&#124;[0m [36m&#124;[0m [36m&#124;[0m [36m&#124;[0m

=============================
Target-TM 4: ( B ) the guidelines in force when aid is granted in all other cases .
Source-TM 4: B ) l &apos; encadrement en vigueur au moment de l &apos; octroi de l &apos; aide pour tous les autres cas de figure .
Source-CR 4: - toutes les décimales à partir de la première qui est différente de zéro , dans les autres cas .
Target-CR 4: - all decimal places starting from the first one which is not zero , in other cases .
-----------------------------
NMT Model 4: - all Cour of the first which is periodic of 341 , in other cases .
Copy Prob 4: [33min[0m [33min[0m [33min[0m [33min[0m [33min[0m [33min[0m [33min[0m [33min[0m [33min[0m [33min[0m [33min[0m [33min[0m [33min[0m [33min[0m [33min[0m [33min[0m [33min[0m [33min[0m [33min[0m [33min[0m [33min[0m [33min[0m [33min[0m [33min[0m [33min[0m [33min[0m [33min[0m [33min[0m [33min[0m [33min[0m [33min[0m [33min[0m [33min[0m [33min[0m [33min[0m [33min[0m [33min[0m [33min[0m [33min[0m [33min[0m [33min[0m [33min[0m [33min[0m [33min[0m [33min[0m [33min[0m [33min[0m [33min[0m [33min[0m [33min[0m [33min[0m [33min[0m [33min[0m [33min[0m [33min[0m [33min[0m [33min[0m [33min[0m [33min[0m [33min[0m [33min[0m [33min[0m [33min[0m [33min[0m [33min[0m [33min[0m [33min[0m [33min[0m [33min[0m [33min[0m [33min[0m [33min[0m [33min[0m [33min[0m [33min[0m [33min[0m [33min[0m [33min[0m [33min[0m [33min[0m [33min[0m [33min[0m [33min[0m [33min[0m [33min[0m [33min[0m [33min[0m [33min[0m [33min[0m [33min[0m [33min[0m [33min[0m [33min[0m [33min[0m [33min[0m [33min[0m [33min[0m [33min[0m [33min[0m [33min[0m [33min[0m [33min[0m [33min[0m [33min[0m [33min[0m [33min[0m [33min[0m [33min[0m [33min[0m [33min[0m [33min[0m [33min[0m [33min[0m [33min[0m [33min[0m [33min[0m [33min[0m [33min[0m [33min[0m [33min[0m [33min[0m [33min[0m [33min[0m [33min[0m [33min[0m [33min[0m [33min[0m [33min[0m [33min[0m [33min[0m [33min[0m [33min[0m [33min[0m [33min[0m [33min[0m [33min[0m [33min[0m [33min[0m [33min[0m [33min[0m [33min[0m [33min[0m [33min[0m [33min[0m [33min[0m [33min[0m [33min[0m [33min[0m [33min[0m [33min[0m [33min[0m [33min[0m [33min[0m [33min[0m [33min[0m [33min[0m [33min[0m [33min[0m [33min[0m [33min[0m [33min[0m [33min[0m [33min[0m [33min[0m [33min[0m [33min[0m [33min[0m [33min[0m [33min[0m [33min[0m [33min[0m [33min[0m [33min[0m [33min[0m [33min[0m [33min[0m [33min[0m [33min[0m [33min[0m [33min[0m [33min[0m [33min[0m [33min[0m [33min[0m [33min[0m [33min[0m [33min[0m [33min[0m [33min[0m [33min[0m [33min[0m [33min[0m [33min[0m [33min[0m [33min[0m [33min[0m [33min[0m [33min[0m [33min[0m [33min[0m
Copy Gate 4: [33min[0m [33min[0m [33min[0m [33min[0m [33min[0m [33min[0m [33min[0m [33min[0m [33min[0m [33min[0m [33min[0m [33min[0m [33min[0m [33min[0m [33min[0m [33min[0m [33min[0m [33min[0m [33min[0m [33min[0m [33min[0m [33min[0m [33min[0m [33min[0m [33min[0m [33min[0m [33min[0m [33min[0m [33min[0m [33min[0m [33min[0m [33min[0m [33min[0m [33min[0m [33min[0m [33min[0m [33min[0m [33min[0m [33min[0m [33min[0m [33min[0m [33min[0m [33min[0m [33min[0m [33min[0m [33min[0m [33min[0m [33min[0m [33min[0m [33min[0m [33min[0m [33min[0m [33min[0m [33min[0m [33min[0m [33min[0m [33min[0m [33min[0m [33min[0m [33min[0m [33min[0m [33min[0m [33min[0m [33min[0m [33min[0m [33min[0m [33min[0m [33min[0m [33min[0m [33min[0m [33min[0m [33min[0m [33min[0m [33min[0m [33min[0m [33min[0m [33min[0m [33min[0m [33min[0m [33min[0m [33min[0m [33min[0m [33min[0m [33min[0m [33min[0m [33min[0m [33min[0m [33min[0m [33min[0m [33min[0m [33min[0m [33min[0m [33min[0m [33min[0m [33min[0m [33min[0m [33min[0m [33min[0m [33min[0m [33min[0m [33min[0m [33min[0m [33min[0m [33min[0m [33min[0m [33min[0m [33min[0m [33min[0m [33min[0m [33min[0m [33min[0m [33min[0m [33min[0m [33min[0m [33min[0m [33min[0m [33min[0m [33min[0m [33min[0m [33min[0m [33min[0m [33min[0m [33min[0m [33min[0m [33min[0m [33min[0m [33min[0m [33min[0m [33min[0m [33min[0m [33min[0m [33min[0m [33min[0m [33min[0m [33min[0m [33min[0m [33min[0m [33min[0m [33min[0m [33min[0m [33min[0m [33min[0m [33min[0m [33min[0m [33min[0m [33min[0m [33min[0m [33min[0m [33min[0m [33min[0m [33min[0m [33min[0m [33min[0m [33min[0m [33min[0m [33min[0m [33min[0m [33min[0m [33min[0m [33min[0m [33min[0m [33min[0m [33min[0m [33min[0m [33min[0m [33min[0m [33min[0m [33min[0m [33min[0m [33min[0m [33min[0m [33min[0m [33min[0m [33min[0m [33min[0m [33min[0m [33min[0m [33min[0m [33min[0m [33min[0m [33min[0m [33min[0m [33min[0m [33min[0m [33min[0m [33min[0m [33min[0m [33min[0m [33min[0m [33min[0m [33min[0m [33min[0m [33min[0m [33min[0m [33min[0m [33min[0m [33min[0m [33min[0m [33min[0m [33min[0m

Epoch  0 Update  181 Cost  67.5792999268 G 9.28372955322 execute: elapsed 1.6462 secs.
Epoch  0 Update  182 Cost  52.9353713989 G 7.82159328461 execute: elapsed 1.9673 secs.
Epoch  0 Update  183 Cost  44.72605896 G 5.97599124908 execute: elapsed 1.6046 secs.
Epoch  0 Update  184 Cost  34.1356048584 G 4.78222465515 execute: elapsed 1.5490 secs.
Epoch  0 Update  185 Cost  34.5806999207 G 4.74064254761 execute: elapsed 1.4371 secs.
Epoch  0 Update  186 Cost  32.9835090637 G 4.56957054138 execute: elapsed 1.1899 secs.
Epoch  0 Update  187 Cost  22.6500148773 G 3.12570524216 execute: elapsed 1.0775 secs.
Epoch  0 Update  188 Cost  257.419891357 G 32.2213363647 execute: elapsed 5.4725 secs.
Epoch  0 Update  189 Cost  217.838500977 G 26.3111400604 execute: elapsed 4.4785 secs.
Epoch  0 Update  190 Cost  202.624588013 G 23.3989601135 execute: elapsed 3.8909 secs.
Epoch  0 Update  191 Cost  181.265716553 G 20.9481582642 execute: elapsed 3.8573 secs.
Epoch  0 Update  192 Cost  158.79296875 G 19.396697998 execute: elapsed 3.0638 secs.
Epoch  0 Update  193 Cost  130.594772339 G 18.3855705261 execute: elapsed 2.5788 secs.
Epoch  0 Update  194 Cost  111.92956543 G 16.8055458069 execute: elapsed 3.0129 secs.
Epoch  0 Update  195 Cost  106.735847473 G 14.9817943573 execute: elapsed 2.5025 secs.
Epoch  0 Update  196 Cost  84.4403686523 G 13.9730043411 execute: elapsed 1.9523 secs.
Epoch  0 Update  197 Cost  68.8893356323 G 11.8355522156 execute: elapsed 1.7183 secs.
Epoch  0 Update  198 Cost  57.0966873169 G 9.48104763031 execute: elapsed 1.4643 secs.
Epoch  0 Update  199 Cost  44.1410446167 G 6.6836514473 execute: elapsed 1.1736 secs.
Epoch  0 Update  200 Cost  34.2748680115 G 5.37032365799 execute: elapsed 1.0670 secs.
=============================
Target-TM 0: Commission Regulation ( EC ) No [32m1526[0m / 2006
Source-TM 0: Règlement ( CE ) no [32m1526[0m / 2006 de la Commission
Source-CR 0: Règlement ( CE ) no [32m1236[0m / 2006 de la Commission
Target-CR 0: Commission Regulation ( EC ) No [32m1236[0m / 2006
-----------------------------
NMT Model 0: Commission Regulation ( EC ) No UNK / 2006
Copy Prob 0: 
Copy Gate 0: 

=============================
Target-TM 1: Source : Information supplied by the Agency .
Source-TM 1: Source : Informations transmises par l &apos; Agence .
Source-CR 1: Source : Données collectées au stade de la plainte .
Target-CR 1: Source : Information collected at the complaint stage .
-----------------------------
NMT Model 1: Former : UNK due at the complaint stage .
Copy Prob 1: [33mthe[0m [33m:[0m
Copy Gate 1: [32mthe[0m [33m:[0m

=============================
Target-TM 2: Commission Regulation ( EC ) No [32m1196[0m / 2006
Source-TM 2: Règlement ( CE ) no [32m1196[0m / 2006 de la Commission
Source-CR 2: Règlement ( CE ) no 529 / 2006 de la Commission
Target-CR 2: Commission Regulation ( EC ) No 529 / 2006
-----------------------------
NMT Model 2: Commission Regulation ( EC ) No interoperable / 2006
Copy Prob 2: 
Copy Gate 2: 

=============================
Target-TM 3: [32mSapomiel[0m &#124; b PT 462 &#124; &#124; H &#124;
Source-TM 3: [32mSapomiel[0m &#124; b PT 462 &#124; &#124; H &#124;
Source-CR 3: [32mQuickpeel[0m &#124; b PT 462 &#124; &#124; H &#124;
Target-CR 3: [32mQuickpeel[0m &#124; b PT 462 &#124; &#124; H &#124;
-----------------------------
NMT Model 3: UNK &#124; b UNK pour &#124; &#124; H &#124;
Copy Prob 3: [33m&#124;[0m [33m&#124;[0m [33m&#124;[0m
Copy Gate 3: [32m&#124;[0m [32m&#124;[0m [36m&#124;[0m

=============================
Target-TM 4: Commission Regulation ( EC ) No 831 / 2005
Source-TM 4: Règlement ( CE ) no 831 / 2005 de la Commission
Source-CR 4: Règlement ( CE ) no 188 / 2005 de la Commission
Target-CR 4: Commission Regulation ( EC ) No 188 / 2005
-----------------------------
NMT Model 4: Commission Regulation ( EC ) No mutually / 2005
Copy Prob 4: 
Copy Gate 4: 

Epoch  0 Update  201 Cost  28.2203807831 G 4.08997154236 execute: elapsed 0.8160 secs.
Epoch  0 Update  202 Cost  21.404668808 G 3.21987867355 execute: elapsed 0.7230 secs.
Epoch  0 Update  203 Cost  212.673614502 G 26.8981132507 execute: elapsed 3.3026 secs.
Epoch  0 Update  204 Cost  214.184524536 G 28.1066246033 execute: elapsed 2.1716 secs.
Epoch  0 Update  205 Cost  206.710083008 G 31.4279327393 execute: elapsed 2.9957 secs.
Epoch  0 Update  206 Cost  182.924407959 G 29.0572776794 execute: elapsed 2.9994 secs.
Epoch  0 Update  207 Cost  159.716705322 G 25.5282707214 execute: elapsed 2.8646 secs.
Epoch  0 Update  208 Cost  133.692504883 G 18.3480052948 execute: elapsed 2.6548 secs.
Epoch  0 Update  209 Cost  119.430786133 G 16.9201469421 execute: elapsed 2.0963 secs.
Epoch  0 Update  210 Cost  102.196655273 G 14.2934875488 execute: elapsed 1.8104 secs.
Epoch  0 Update  211 Cost  81.4678649902 G 10.3561038971 execute: elapsed 1.7857 secs.
Epoch  0 Update  212 Cost  70.5258178711 G 8.54953575134 execute: elapsed 1.4886 secs.
Epoch  0 Update  213 Cost  53.3340759277 G 7.4220533371 execute: elapsed 1.2442 secs.
Epoch  0 Update  214 Cost  43.8305358887 G 7.29205608368 execute: elapsed 1.1728 secs.
Epoch  0 Update  215 Cost  37.6637573242 G 7.16809272766 execute: elapsed 1.0133 secs.
Epoch  0 Update  216 Cost  33.3337173462 G 6.31873035431 execute: elapsed 0.9353 secs.
Epoch  0 Update  217 Cost  27.1776542664 G 4.67097187042 execute: elapsed 0.8966 secs.
Epoch  0 Update  218 Cost  92.7511444092 G 12.9664611816 execute: elapsed 2.8552 secs.
Epoch  0 Update  219 Cost  222.351577759 G 35.2784461975 execute: elapsed 4.0705 secs.
Epoch  0 Update  220 Cost  208.402572632 G 28.4060001373 execute: elapsed 3.3902 secs.
=============================
Target-TM 0: ( A ) contain all the information specified in the relevant Annexes referred to in paragraph 1 and all the signatures required by the appropriate operators , who shall be [32manswerable[0m for the declarations made therein ;
Source-TM 0: A ) il comprend toutes les informations prévues aux annexes pertinentes visées au paragraphe 1 et toutes les signatures requises par les opérateurs appropriés , qui répondent des déclarations qu &apos; ils y mentionnent :
Source-CR 0: A ) il comprend toutes les informations prévues aux annexes pertinentes visées au paragraphe 1 et toutes les signatures requises par les opérateurs appropriés , qui répondent des déclarations qu &apos; ils y mentionnent ;
Target-CR 0: ( A ) contain all the information specified in the relevant Annexes referred to in paragraph 1 and all the signatures required by the appropriate operators , who shall be [32manswerable[0m for the declarations made therein ;
-----------------------------
NMT Model 0: ( A ) presence in all the information provided for in the relevant Annexes referred to in paragraph 1 and all the UNK required by the relevant field , who done to the wines made ;
Copy Prob 0: [33mthe[0m [33mthe[0m [33mthe[0m [33mthe[0m [33mthe[0m [33mthe[0m [33mthe[0m [33mthe[0m [33mthe[0m [33mthe[0m [33mthe[0m [33mthe[0m [33mthe[0m
Copy Gate 0: [32mthe[0m [33mthe[0m [33mthe[0m [33mthe[0m [32mthe[0m [32mthe[0m [32mthe[0m [32mthe[0m [32mthe[0m [32mthe[0m [32mthe[0m [32mthe[0m [32mthe[0m

=============================
Target-TM 1: [32mS-nr[0m . = identity number for service staff ( drivers , household staff , etc . )
Source-TM 1: No S = numéro d &apos; identité pour le personnel de service ( [32mchauffeurs[0m , domestiques , etc. )
Source-CR 1: - [32mInstauration[0m d &apos; un taux d &apos; [32malcoolémie[0m zéro pour les conducteurs jeunes ou [32minexpérimentés[0m ainsi que pour les conducteurs de transports en commun et de véhicules commerciaux , en particulier ceux qui transportent des produits dangereux . ( Objectifs 4 à 6 )
Target-CR 1: - Introduction of a zero [32mBAC[0m limit for young or [32minexperienced[0m drivers , and for public transport drivers as well as drivers of commercial vehicles , in particular those transporting dangerous goods . ( Aims [32m4-6[0m )
-----------------------------
NMT Model 1: - UNK of a rate of an area of UNK area for UNK or UNK , as well as for UNK of commitments and commercial vehicles , in particular those which have been Pensions from products . ( UNK 4 to 6 )
Copy Prob 1: 
Copy Gate 1: 

=============================
Target-TM 2: Before carrying out such checks and inspections , in accordance with the rules in force , the Commission shall inform the Member State concerned accordingly in order to obtain any assistance necessary .
Source-TM 2: Avant d &apos; effectuer ces contrôles et ces vérifications , en conformité avec la réglementation en vigueur , la Commission en informe l &apos; État membre concerné de manière à obtenir toute l &apos; aide nécessaire .
Source-CR 2: B ) à informer aussitôt que possible de l &apos; organisation du vol commun leurs représentations diplomatiques et consulaires dans les pays tiers de transit et de destination , afin d &apos; obtenir l &apos; assistance nécessaire .
Target-CR 2: ( B ) inform , as soon as possible , their diplomatic and consular representations in the [32mthird-countries[0m of transit and destination of the arrangements concerning the joint flight , in order to obtain necessary assistance .
-----------------------------
NMT Model 2: ( B ) missions fish , as mentioned as possible , of the matter centres of the matter centres of Due and sardines in the third countries of approved and destination , in order to Market the necessary 36 .
Copy Prob 2: 
Copy Gate 2: 

=============================
Target-TM 3: Pursuant to Article 250 ( 2 ) of the EC Treaty , the Commission amends its proposal as set out above .
Source-TM 3: Conformément à l &apos; article 250 , paragraphe 2 , du traité CE , la Commission modifié sa proposition comme indiqué ci-dessus .
Source-CR 3: [32mDonnant[0m suite à l &apos; avis du Parlement européen et conformément à l &apos; article 250 , paragraphe 2 , du traité CE , la Commission a adopté une proposition modifiée , COM ( 2004 ) 245 final , le 5 avril 2004 .
Target-CR 3: Following the opinion of the European Parliament and pursuant to Article 250 ( 2 ) of the EC Treaty , the Commission adopted an amended proposal COM ( 2004 ) 245 final on 5th April 2004 .
-----------------------------
NMT Model 3: selected the opinion of the European Parliament and in accordance with Article UNK ( 2 ) of the EC Treaty , the Commission repealed the amended proposal , COM ( 2004 ) UNK regards of 5 April 2004 .
Copy Prob 3: 
Copy Gate 3: 

=============================
Target-TM 4: Fixing for 2003 and 2004 the fishing opportunities for deep-sea fish stocks
Source-TM 4: Établissant pour 2003 et 2004 les possibilités de pêche concernant les stocks de poissons d &apos; eau profonde
Source-CR 4: ( 4 ) Il convient donc de prévoir l &apos; émission de permis de pêche spéciaux pour les navires de pêche exploitant les stocks de poissons évoluant en eau profonde , et de limiter l &apos; effort de pêche aux niveaux récemment observés pour ces stocks .
Target-CR 4: ( 4 ) It is therefore appropriate to provide for the issuing of a special fishing permit to vessels fishing for deep-sea species and to limit the fishing effort for those fish stocks to recent levels .
-----------------------------
NMT Model 4: ( 4 ) addresses should therefore be made for the issuing of aid permits 1981 for aid for the aid for design aid provided for by the REPORT ust 99 Executive HU and to regional the aid to the UNK of the aid .
Copy Prob 4: 
Copy Gate 4: 

Epoch  0 Update  221 Cost  177.475006104 G 22.2683677673 execute: elapsed 2.9728 secs.
Epoch  0 Update  222 Cost  163.6068573 G 19.165851593 execute: elapsed 2.6363 secs.
Epoch  0 Update  223 Cost  147.630477905 G 18.3846569061 execute: elapsed 2.5931 secs.
Epoch  0 Update  224 Cost  119.337837219 G 14.263004303 execute: elapsed 2.3916 secs.
Epoch  0 Update  225 Cost  110.951187134 G 13.1984062195 execute: elapsed 2.1117 secs.
Epoch  0 Update  226 Cost  81.1621170044 G 10.9895153046 execute: elapsed 1.8330 secs.
Epoch  0 Update  227 Cost  73.2910919189 G 9.35143947601 execute: elapsed 1.2830 secs.
Epoch  0 Update  228 Cost  63.712310791 G 8.43745994568 execute: elapsed 0.7079 secs.
Epoch  0 Update  229 Cost  54.7675857544 G 7.53133010864 execute: elapsed 0.6686 secs.
Epoch  0 Update  230 Cost  38.1832389832 G 6.34914016724 execute: elapsed 0.5943 secs.
Epoch  0 Update  231 Cost  38.3098869324 G 5.24276304245 execute: elapsed 0.5597 secs.
Epoch  0 Update  232 Cost  31.5541095734 G 4.25368595123 execute: elapsed 0.4892 secs.
Epoch  0 Update  233 Cost  26.6890087128 G 3.65984201431 execute: elapsed 0.4553 secs.
Epoch  0 Update  234 Cost  148.466629028 G 17.261428833 execute: elapsed 2.5941 secs.
Epoch  0 Update  235 Cost  238.007843018 G 27.7151908875 execute: elapsed 2.4034 secs.
Epoch  0 Update  236 Cost  215.536361694 G 24.1379470825 execute: elapsed 3.1182 secs.
Epoch  0 Update  237 Cost  183.62928772 G 21.5506916046 execute: elapsed 3.2685 secs.
Epoch  0 Update  238 Cost  164.878234863 G 19.6642780304 execute: elapsed 2.9733 secs.
Epoch  0 Update  239 Cost  158.001586914 G 18.3068218231 execute: elapsed 2.3991 secs.
Epoch  0 Update  240 Cost  124.990921021 G 16.038526535 execute: elapsed 2.2499 secs.
=============================
Target-TM 0: &#91; XII &#93; CY , EE , HU , LT , LV , SI , SK
Source-TM 0: &#91; XI &#93; CY , EE , HU , LT , LV , SI , SK
Source-CR 0: En vigueur à compter du : &#124; CY &#124; CZ &#124; EE &#124; HU &#124; LV &#124; LT &#124; MT &#124; PL &#124; SK &#124; SI &#124;
Target-CR 0: In force from : &#124; CY &#124; CZ &#124; EE &#124; HU &#124; LV &#124; LT &#124; MT &#124; PL &#124; SK &#124; SI &#124;
-----------------------------
NMT Model 0: In force from : &#124; UNK &#124; CZ &#124; EE &#124; CEN &#124; Basic &#124; processing &#124; Comprehensive &#124; PL &#124; General General ratio &#124;
Copy Prob 0: [33m,[0m [33m,[0m [33m,[0m
Copy Gate 0: [32m,[0m [32m,[0m [32m,[0m

=============================
Target-TM 1: ( 10 ) Whereas it is appropriate to provide for a simplified procedure for adjusting the technical aspects contained in Annexes I and II
Source-TM 1: ( 10 ) considérant qu &apos; il convient de prévoir une procédure simplifiée pour l &apos; adaptation des aspects techniques des annexes I et II ,
Source-CR 1: ( 2 ) considérant qu &apos; il convient de prévoir les informations devant figurer sur les marques auriculaires de remplacement utilisées en cas de perte des marques auriculaires ;
Target-CR 1: ( 2 ) Whereas it is appropriate to provide for the information contained in the replacement eartags used in the event of [32meartag[0m losses ;
-----------------------------
NMT Model 1: ( 2 ) Whereas it is appropriate to provide for the Secretary-General &apos; s &apos; s Secretary-General &apos; s own authorisations information to be used in the tonnes of the ratio of the political marks ;
Copy Prob 1: 
Copy Gate 1: 

=============================
Target-TM 2: C. supplies of services relating to the supplies of goods referred to in B ;
Source-TM 2: C. Les prestations de services afférentes aux livraisons de biens visées au titre B.
Source-CR 2: 1 ) livraisons de biens et prestations de services effectuées par un assujetti soumis à une procédure d &apos; insolvabilité ou à une procédure de restructuration faisant l &apos; objet d &apos; un contrôle judiciaire ;
Target-CR 2: 1. supplies of goods and services by a taxable person while under an insolvency procedure or a restructuring procedure subject to judicial oversight ;
-----------------------------
NMT Model 2: 1 . blood of goods and means of services by a distribution , subject to a procedure of work or to a formal possibility procedure ;
Copy Prob 2: 
Copy Gate 2: 

=============================
Target-TM 3: - encourage partnership and build links between ACP and EU actors ;
Source-TM 3: - encourage le partenariat et l &apos; établissement de liens entre les acteurs UE et ACP ;
Source-CR 3: - développer les centres d &apos; excellence grâce à des investissements publics et privés , et favoriser leurs relations avec les entreprises et &quot; le monde académique &quot; .
Target-CR 3: - to strengthen the centres of excellence with public / private investments and encourage their links with enterprises and with the academic world .
-----------------------------
NMT Model 3: - granted a instruments to UNK stocks with public improvement and , and any of their relations with businesses and the household recorded &quot; .
Copy Prob 3: [33mand[0m [33mand[0m [33mand[0m [33mand[0m [33mand[0m [33mand[0m [33mand[0m [33mand[0m
Copy Gate 3: [36mand[0m [32mand[0m [32mand[0m [32mand[0m [32mand[0m [32mand[0m [36mand[0m [36mand[0m

=============================
Target-TM 4: ( E ) they do not carry out any of the activities referred to in Article 20 ( 3 ) .
Source-TM 4: E ) qu &apos; elles n &apos; accomplissent pas d &apos; activités à l &apos; article 20 paragraphe 3 .
Source-CR 4: E ) de plus , aucune orientation précise n &apos; a été fournie aux autorités compétentes sur la manière d &apos; exercer la supervision des systèmes de contrôle .
Target-CR 4: ( E ) furthermore there are no clear guidelines to the Competent Authorities regarding how to carry out the supervision of inspection systems .
-----------------------------
NMT Model 4: ( E ) no later than one of the Commission has been involvement to the competent authorities in order to exercise UNK of the control described .
Copy Prob 4: 
Copy Gate 4: 

Epoch  0 Update  241 Cost  116.412124634 G 14.8076839447 execute: elapsed 2.2023 secs.
Epoch  0 Update  242 Cost  98.2081756592 G 12.2818622589 execute: elapsed 1.8998 secs.
Epoch  0 Update  243 Cost  81.5441818237 G 10.8131065369 execute: elapsed 1.7150 secs.
Epoch  0 Update  244 Cost  62.2607269287 G 8.49199485779 execute: elapsed 1.4693 secs.
Epoch  0 Update  245 Cost  47.6346740723 G 6.70239162445 execute: elapsed 1.3371 secs.
Epoch  0 Update  246 Cost  44.5536346436 G 6.32273674011 execute: elapsed 0.9724 secs.
Epoch  0 Update  247 Cost  35.2084655762 G 5.448325634 execute: elapsed 0.5422 secs.
Epoch  0 Update  248 Cost  31.5604400635 G 4.32426166534 execute: elapsed 0.5053 secs.
Epoch  0 Update  249 Cost  29.1648788452 G 3.47831773758 execute: elapsed 0.4536 secs.
Epoch  0 Update  250 Cost  165.400817871 G 18.9531650543 execute: elapsed 2.4433 secs.
