{'baseline_xy': '/root/disk/scratch/model-tmnmt/baseline_fren.npz',
 'baseline_yx': '/root/disk/scratch/model-tmnmt/baseline_enfr.bs64.npz',
 'batch_size': 32,
 'beamsize': 5,
 'bleuFreq': 5000,
 'build_gate': True,
 'check_bleu': True,
 'clip_c': 1.0,
 'cov_dim': 10,
 'd_maxlen': 200,
 'datasets': ['/root/workspace/TMNMT/.dataset/tm2.fren/train.fr.top5.shuf.tok',
              '/root/workspace/TMNMT/.dataset/tm2.fren/train.en.top5.shuf.tok',
              '/root/workspace/TMNMT/.dataset/tm2.fren/train.fr.top5.matched.shuf.tok',
              '/root/workspace/TMNMT/.dataset/tm2.fren/train.en.top5.matched.shuf.tok'],
 'decay_c': 0.0,
 'decoder': 'gru_cond',
 'diagonal': True,
 'dictionaries': ['/root/workspace/TMNMT/.dataset/tm2.fren/train.fr.top5.shuf.tok.pkl',
                  '/root/workspace/TMNMT/.dataset/tm2.fren/train.en.top5.shuf.tok.pkl',
                  '/root/workspace/TMNMT/.dataset/tm2.fren/train.fr.top5.shuf.tok.pkl',
                  '/root/workspace/TMNMT/.dataset/tm2.fren/train.en.top5.shuf.tok.pkl'],
 'dim': 1024,
 'dim_word': 512,
 'encoder': 'gru',
 'gate_lambda': 0.1,
 'gate_loss': False,
 'lrate': 0.0001,
 'maxlen': 50,
 'name': 'TM2.basic.v2',
 'nn_coverage': False,
 'normalize': True,
 'only_train_g': False,
 'optimizer': 'adam',
 'overwrite': False,
 'patience': 1000,
 'reload_': True,
 'sampleFreq': 20,
 'saveFreq': 250,
 'saveto': '/root/disk/scratch/model-tmnmt/TM2.basic.v2_fren.ss.32-50.npz',
 'stochastic': False,
 'tm_source': '/root/workspace/TMNMT/.dataset/tm2.fren/devset.fren.fr.matched.tok',
 'tm_target': '/root/workspace/TMNMT/.dataset/tm2.fren/devset.fren.en.matched.tok',
 'trans_from': '/root/workspace/TMNMT/.dataset/tm2.fren/devset.fren.fr.tok',
 'trans_ref': '/root/workspace/TMNMT/.dataset/tm2.fren/devset.fren.en.tok',
 'trans_to': '/root/workspace/TMNMT/.translate/TM2.basic.v2.dev.translate',
 'use_coverage': True,
 'use_dropout': False,
 'use_pretrain': False,
 'validFreq': 250,
 'valid_batch_size': 32,
 'valid_datasets': ['/root/workspace/TMNMT/.dataset/tm2.fren/devset.fr.tok',
                    '/root/workspace/TMNMT/.dataset/tm2.fren/devset.en.tok',
                    '/root/workspace/TMNMT/.dataset/tm2.fren/devset.fr.matched.tok',
                    '/root/workspace/TMNMT/.dataset/tm2.fren/devset.en.matched.tok'],
 'voc_sizes': [20000, 20000, 20000, 20000]}
Building model: X -> Y & Y -> X model
Done.
load the pretrained NMT-models...
loading ...
xy_Wemb 
xy_Wemb_dec xy_encoder_W xy_encoder_b xy_encoder_U xy_encoder_Wx 
xy_encoder_bx xy_encoder_Ux xy_encoder_r_W xy_encoder_r_b xy_encoder_r_U 
xy_encoder_r_Wx xy_encoder_r_bx xy_encoder_r_Ux xy_ff_state_W xy_ff_state_b 
xy_decoder_W xy_decoder_b xy_decoder_U xy_decoder_Wx xy_decoder_Ux 
xy_decoder_bx xy_decoder_U_nl xy_decoder_b_nl xy_decoder_Ux_nl xy_decoder_bx_nl 
xy_decoder_Wc xy_decoder_Wcx xy_decoder_W_comb_att xy_decoder_Wc_att xy_decoder_b_att 
xy_decoder_U_att xy_decoder_c_tt xy_ff_logit_lstm_W xy_ff_logit_lstm_b xy_ff_logit_prev_W 
xy_ff_logit_prev_b xy_ff_logit_ctx_W xy_ff_logit_ctx_b xy_ff_logit_W xy_ff_logit_b 
Done.
Start a new model
build forward-attention models (2 models simultaneously)...
Build f_critic... Done
build mapping (bi-linear model)!
use diagonal matrix
use linguistic coverage
